2024-07-09 13:54:47 [error] : passport isAuth  : true
2024-07-09 14:25:58 [error] : PASSPORT localVerify Error :  Cannot read properties of undefined (reading 'user_pwd')
2024-07-09 14:25:58 [error] : >> 
2024-07-09 14:29:52 [error] : passport isAuth  : true
2024-07-09 14:30:29 [error] : TypeError: source.on is not a function
2024-07-09 14:30:29 [error] : sendSMSFromTemplate 실패 :  TypeError: source.on is not a function
2024-07-09 14:30:47 [error] : {
   "fieldCount": 0,
   "affectedRows": 1,
   "insertId": 0,
   "info": "Rows matched: 1  Changed: 1  Warnings: 0",
   "serverStatus": 3,
   "warningStatus": 0,
   "changedRows": 1
}
2024-07-09 14:37:22 [error] : passport isAuth  : true
2024-07-09 14:50:35 [error] : passport isAuth  : true
2024-07-09 14:53:17 [error] : passport isAuth  : true
2024-07-09 14:58:14 [error] : TypeError: source.on is not a function
2024-07-09 14:58:14 [error] : sendSMSFromTemplate 실패 :  TypeError: source.on is not a function
2024-07-09 15:20:40 [error] : passport isAuth  : true
2024-07-09 15:31:13 [error] : jwt expired
2024-07-09 15:31:26 [error] : passport isAuth  : false
2024-07-09 15:31:30 [error] : passport isAuth  : true
2024-07-09 15:46:04 [error] : TypeError: source.on is not a function
2024-07-09 15:46:04 [error] : sendSMSFromTemplate 실패 :  TypeError: source.on is not a function
2024-07-09 15:46:52 [error] : {
   "fieldCount": 0,
   "affectedRows": 1,
   "insertId": 0,
   "info": "Rows matched: 1  Changed: 1  Warnings: 0",
   "serverStatus": 3,
   "warningStatus": 0,
   "changedRows": 1
}
2024-07-09 15:47:59 [error] : TypeError: source.on is not a function
2024-07-09 15:47:59 [error] : sendSMSFromTemplate 실패 :  TypeError: source.on is not a function
2024-07-09 15:48:16 [error] : {
   "fieldCount": 0,
   "affectedRows": 1,
   "insertId": 0,
   "info": "Rows matched: 1  Changed: 1  Warnings: 0",
   "serverStatus": 3,
   "warningStatus": 0,
   "changedRows": 1
}
2024-07-09 16:53:57 [error] : jwt expired
2024-07-09 16:54:07 [error] : passport isAuth  : true
2024-07-09 17:24:36 [error] : jwt expired
2024-07-09 17:24:49 [error] : passport isAuth  : true
2024-07-09 17:25:40 [error] : passport isAuth  : true
2024-07-09 17:26:03 [error] : TypeError: source.on is not a function
2024-07-09 17:26:03 [error] : sendSMSFromTemplate 실패 :  TypeError: source.on is not a function
2024-07-09 17:27:07 [error] : passport isAuth  : false
2024-07-09 17:27:18 [error] : passport isAuth  : true
2024-07-09 17:28:57 [error] : TypeError: source.on is not a function
2024-07-09 17:28:57 [error] : sendSMSFromTemplate 실패 :  TypeError: source.on is not a function
2024-07-09 17:29:12 [error] : {
   "fieldCount": 0,
   "affectedRows": 1,
   "insertId": 0,
   "info": "Rows matched: 1  Changed: 1  Warnings: 0",
   "serverStatus": 3,
   "warningStatus": 0,
   "changedRows": 1
}
