2024-08-05 17:04:17 [error] : >> 
2024-08-05 17:04:17 [error] : >> 
2024-08-05 17:04:43 [error] : PASSPORT localVerify Error :  Access denied for user 'lockton'@'210.91.70.141' (using password: YES)
2024-08-05 17:04:43 [error] : >> 
2024-08-05 17:05:10 [error] : passport isAuth  : true
2024-08-05 17:05:33 [error] : PASSPORT localVerify Error :  Cannot read properties of undefined (reading 'user_pwd')
2024-08-05 17:05:33 [error] : >> 
2024-08-05 17:05:40 [error] : passport isAuth  : true
2024-08-05 17:06:00 [error] : passport isAuth  : true
2024-08-05 17:13:17 [error] : passport isAuth  : true
2024-08-05 17:13:17 [error] : 존재하지 않는 유저
2024-08-05 17:13:17 [error] : >> 
2024-08-05 17:13:19 [error] : passport isAuth  : true
2024-08-05 17:13:19 [error] : 존재하지 않는 유저
2024-08-05 17:13:19 [error] : >> 
2024-08-05 17:13:20 [error] : passport isAuth  : true
2024-08-05 17:13:20 [error] : 존재하지 않는 유저
2024-08-05 17:13:20 [error] : >> 
2024-08-05 17:13:59 [error] : passport isAuth  : true
2024-08-05 17:50:26 [error] : passport isAuth  : true
2024-08-05 17:51:12 [error] : passport isAuth  : true
2024-08-05 18:21:16 [error] : passport isAuth  : true
2024-08-05 18:21:16 [error] : 존재하지 않는 유저
2024-08-05 18:21:16 [error] : >> 
