<<<<<<< HEAD
2024-02-01 21:03:03 [error] : PASSPORT localVerify Error :  Cannot read properties of undefined (reading 'user_pwd')
2024-02-01 21:03:03 [error] : >> 
2024-02-01 21:03:04 [error] : PASSPORT localVerify Error :  Cannot read properties of undefined (reading 'user_pwd')
2024-02-01 21:03:04 [error] : >> 
2024-02-01 21:03:05 [error] : PASSPORT localVerify Error :  Cannot read properties of undefined (reading 'user_pwd')
2024-02-01 21:03:05 [error] : >> 
2024-02-01 21:03:05 [error] : PASSPORT localVerify Error :  Cannot read properties of undefined (reading 'user_pwd')
2024-02-01 21:03:05 [error] : >> 
2024-02-01 21:03:06 [error] : PASSPORT localVerify Error :  Cannot read properties of undefined (reading 'user_pwd')
2024-02-01 21:03:06 [error] : >> 
2024-02-01 21:07:28 [error] : PASSPORT localVerify Error :  Cannot read properties of undefined (reading 'user_pwd')
2024-02-01 21:07:28 [error] : >> 
2024-02-01 21:07:29 [error] : PASSPORT localVerify Error :  Cannot read properties of undefined (reading 'user_pwd')
2024-02-01 21:07:29 [error] : >> 
2024-02-01 21:07:29 [error] : PASSPORT localVerify Error :  Cannot read properties of undefined (reading 'user_pwd')
2024-02-01 21:07:29 [error] : >> 
2024-02-01 21:07:30 [error] : PASSPORT localVerify Error :  Cannot read properties of undefined (reading 'user_pwd')
2024-02-01 21:07:30 [error] : >> 
2024-02-01 21:07:30 [error] : PASSPORT localVerify Error :  Cannot read properties of undefined (reading 'user_pwd')
2024-02-01 21:07:30 [error] : >> 
2024-02-01 21:07:30 [error] : PASSPORT localVerify Error :  Cannot read properties of undefined (reading 'user_pwd')
2024-02-01 21:07:30 [error] : >> 
2024-02-01 21:07:30 [error] : PASSPORT localVerify Error :  Cannot read properties of undefined (reading 'user_pwd')
2024-02-01 21:07:30 [error] : >> 
2024-02-01 21:07:31 [error] : PASSPORT localVerify Error :  Cannot read properties of undefined (reading 'user_pwd')
2024-02-01 21:07:31 [error] : >> 
2024-02-01 21:07:31 [error] : PASSPORT localVerify Error :  Cannot read properties of undefined (reading 'user_pwd')
2024-02-01 21:07:31 [error] : >> 
2024-02-01 21:35:11 [error] : PASSPORT localVerify Error :  Cannot read properties of undefined (reading 'user_pwd')
2024-02-01 21:35:11 [error] : >> 
2024-02-01 21:35:12 [error] : PASSPORT localVerify Error :  Cannot read properties of undefined (reading 'user_pwd')
2024-02-01 21:35:12 [error] : >> 
2024-02-01 21:35:12 [error] : PASSPORT localVerify Error :  Cannot read properties of undefined (reading 'user_pwd')
2024-02-01 21:35:12 [error] : >> 
2024-02-01 21:35:12 [error] : PASSPORT localVerify Error :  Cannot read properties of undefined (reading 'user_pwd')
2024-02-01 21:35:12 [error] : >> 
2024-02-01 21:35:13 [error] : PASSPORT localVerify Error :  Cannot read properties of undefined (reading 'user_pwd')
2024-02-01 21:35:13 [error] : >> 
2024-02-01 21:35:13 [error] : PASSPORT localVerify Error :  Cannot read properties of undefined (reading 'user_pwd')
2024-02-01 21:35:13 [error] : >> 
2024-02-01 21:35:30 [error] : passport isAuth  : true
=======
2024-02-01 11:10:26 [error] : passport isAuth  : true
2024-02-01 11:48:13 [error] : passport isAuth  : true
2024-02-01 14:18:38 [error] : passport isAuth  : true
2024-02-01 14:55:28 [error] : passport isAuth  : true
2024-02-01 20:49:44 [error] : passport isAuth  : true
2024-02-01 20:58:50 [error] : passport isAuth  : true
>>>>>>> 4d0c35f4f5d06ca6b41f2889b8ec61d920b16779
