2023-12-28 06:18:11 [debug] : {
   "method": "raw",
   "sql": "\n      /* UserMapper.SELECT_USER_HP_AUTH_USER_UUID_IND */  \n      SELECT user_cd\n      FROM tcom0110a\n      WHERE user_id = ?\n            AND business_cd = ?\n  ",
   "bindings": [
      "137-12-50450",
      "CAA"
   ],
   "options": {},
   "__knexQueryUid": "I2RuQYlZeSGixoniCT-fG"
}
2023-12-28 06:18:11 [debug] : [
   {
      "user_cd": "JNT"
   }
]
2023-12-28 06:18:11 [debug] : JNT
2023-12-28 06:18:11 [info] : ::1 - - [27/Dec/2023:21:18:11 +0000] "POST /user/userCd HTTP/1.1" 200 55 "http://localhost:4000/" "Mozilla/5.0 (Windows NT 10.0; Win64; x64) AppleWebKit/537.36 (KHTML, like Gecko) Chrome/120.0.0.0 Safari/537.36"

2023-12-28 06:18:11 [debug] : ---------------------------------S query
2023-12-28 06:18:11 [debug] : SQL : SELECT business_cd, user_uuid, user_id, user_pwd, user_nm, user_cd, user_birth, user_regno, corp_cnno, status_cd, login_fail_cnt, login_block_yn FROM TCOM0110A WHERE business_cd = 'CAA' and user_cd = 'JNT' and user_id = '137-12-50450' and (status_cd not in ('90') || status_cd is null)
2023-12-28 06:18:11 [debug] : ROWS : 
2023-12-28 06:18:11 [debug] : 1---------------------------------E query


2023-12-28 06:18:11 [error] : passport isAuth  : true
2023-12-28 06:18:11 [debug] : ---------------------------------S query
2023-12-28 06:18:11 [debug] : SQL : UPDATE TCOM0110A SET login_fail_cnt = 0
                                            , login_block_yn = 'N'
                         WHERE business_cd = 'CAA' and user_cd = 'JNT' and user_id = '137-12-50450' and (status_cd not in ('90') || status_cd is null)
2023-12-28 06:18:11 [debug] : ROWS : 
2023-12-28 06:18:11 [debug] : 1---------------------------------E query


2023-12-28 06:18:11 [debug] : {
   "business_cd": "CAA",
   "user_uuid": "9ca19528882b476fad8edfc734c112b0",
   "user_id": "137-12-50450",
   "user_pwd": "$2a$10$EGJ5cC78Y.6PBgN9McsKVuWGOtT3YQ2k98hY5tgGIAM.kW/FeJXtq",
   "user_nm": "덕원합동관세사무소",
   "user_cd": "JNT",
   "user_birth": null,
   "user_regno": null,
   "corp_cnno": "137-12-50450",
   "status_cd": "30",
   "login_fail_cnt": 0,
   "login_block_yn": "N"
}
2023-12-28 06:18:11 [debug] : {
   "method": "raw",
   "sql": "\n      /* TTAX0030AMapper.UPDATE_INSURANCE_MAPPING_WITH_LOGIN_INFO */  \n      UPDATE ttax0030a\n      SET\n          user_id = ?,\n          user_uuid = ?,\n          updated_at = NOW(),\n          updated_id = ?,\n          updated_ip = ?\n      WHERE\n          business_cd = ?\n          AND user_cd = ?\n          AND (\n              (\n                  'IND' = ?\n                  AND user_nm = ?\n                  AND user_birth = ?\n                  AND user_regno = ?\n              )\n              OR (\n                  'COR' = ?\n                  AND corp_cnno = ?\n              )\n          )\n    ",
   "bindings": [
      "137-12-50450",
      "9ca19528882b476fad8edfc734c112b0",
      "137-12-50450",
      "",
      "CAA",
      "JNT",
      "JNT",
      "덕원합동관세사무소",
      null,
      null,
      "JNT",
      "137-12-50450"
   ],
   "options": {},
   "__knexQueryUid": "aoMRhM47swCRt3Kg8aLiU"
}
2023-12-28 06:18:11 [info] : ::1 - - [27/Dec/2023:21:18:11 +0000] "POST /auth/signin HTTP/1.1" 200 579 "http://localhost:4000/" "Mozilla/5.0 (Windows NT 10.0; Win64; x64) AppleWebKit/537.36 (KHTML, like Gecko) Chrome/120.0.0.0 Safari/537.36"

2023-12-28 06:18:11 [debug] : ---------------------------------S query
2023-12-28 06:18:11 [debug] : SQL : SELECT business_cd, board_id, board_no, title, content, DATE_FORMAT(created_at, "%Y-%m-%d") as created_at, false as open_popup  FROM TCOM0050A WHERE business_cd = 'CAA' AND board_id = "notice" AND del_yn = "N" and popup_yn = "Y" ORDER BY board_no DESC
2023-12-28 06:18:11 [debug] : ROWS : 
2023-12-28 06:18:11 [debug] : 1---------------------------------E query


2023-12-28 06:18:11 [info] : ::1 - - [27/Dec/2023:21:18:11 +0000] "POST /board/popup HTTP/1.1" 200 1741 "http://localhost:4000/" "Mozilla/5.0 (Windows NT 10.0; Win64; x64) AppleWebKit/537.36 (KHTML, like Gecko) Chrome/120.0.0.0 Safari/537.36"

2023-12-28 06:18:11 [debug] : ---------------------------------S query
2023-12-28 06:18:11 [debug] : SQL : SELECT * from tcom0110a where user_uuid = '9ca19528882b476fad8edfc734c112b0'
2023-12-28 06:18:11 [debug] : ROWS : 
2023-12-28 06:18:11 [debug] : 1---------------------------------E query


2023-12-28 06:18:11 [debug] : ---------------------------------S query
2023-12-28 06:18:11 [debug] : SQL : SELECT insurance_uuid, user_uuid, insurance_no, user_nm, user_cd 
                   , insr_year, insr_st_dt, insr_cncls_dt
                   , insr_tot_amt, status_cd, cbr_cnt, cbr_data, cons_data
                   , FN_GET_CODENM('COM030', status_cd) AS status_nm
                     FROM TCAA0030A
                    WHERE user_nm = '덕원합동관세사무소' and corp_cnno = '137-12-50450'
                    order by insr_year desc
2023-12-28 06:18:11 [debug] : ROWS : 
2023-12-28 06:18:11 [debug] : 1---------------------------------E query


2023-12-28 06:18:11 [debug] : ---------------------------------S query
2023-12-28 06:18:11 [debug] : SQL : 
      select
          CASE
            WHEN COUNT(a.insurance_uuid) >= 1 THEN 'N'
            ELSE 'Y'
          END AS data
      from
        tcaa0030a a
      where
        (a.user_uuid = '9ca19528882b476fad8edfc734c112b0'
        OR (JSON_CONTAINS(JSON_EXTRACT(a.cbr_data, '$[*].cbr_nm'), JSON_ARRAY('덕원합동관세사무소'))
                   AND JSON_CONTAINS(JSON_EXTRACT(a.cbr_data, '$[*].cbr_brdt'), JSON_ARRAY(''))
                   AND JSON_CONTAINS(JSON_EXTRACT(a.cbr_data, '$[*].cbr_regno'), JSON_ARRAY(''))))
        and a.status_cd not in ('20', '40') -- 해지, 기간종료
        and a.insr_year in (
            select
              max(C.base_year)
            from
              TCOM0030A C,
              tcom0110a D
            where
              C.user_cd = D.user_cd
              and C.business_cd = D.business_cd
              and C.use_yn = 'Y'
              and D.user_uuid = '9ca19528882b476fad8edfc734c112b0'
            order by
              C.base_year desc,
              C.ver desc
           
        )
    
2023-12-28 06:18:11 [debug] : ROWS : 
2023-12-28 06:18:11 [debug] : 1---------------------------------E query


2023-12-28 06:18:11 [debug] : ---------------------------------S query
2023-12-28 06:18:11 [debug] : SQL : 
      select
        A.insurance_uuid as data, A.insr_year
      from
        tcaa0031a A,
        tcom0110a B
      where
        A.business_cd = B.business_cd
        and (
                (A.user_cd = 'IND' AND A.USER_NM = B.USER_NM and A.user_birth = B.user_birth and a.user_regno  = b.user_regno)
             or ((A.user_cd = 'JNT' or A.user_cd = 'COR') AND A.corp_cnno = B.corp_cnno )
             or ((A.user_cd = 'JNT' or A.user_cd = 'COR') AND JSON_CONTAINS(JSON_EXTRACT(a.cbr_data, '$[*].cbr_nm'), JSON_ARRAY(B.USER_NM))
             AND JSON_CONTAINS(JSON_EXTRACT(A.cbr_data, '$[*].cbr_brdt'), JSON_ARRAY(B.user_birth))
             AND JSON_CONTAINS(JSON_EXTRACT(A.cbr_data, '$[*].cbr_regno'), JSON_ARRAY(b.user_regno)))
            )
        and B.user_uuid = '9ca19528882b476fad8edfc734c112b0'
        and a.insr_year in (
            select
              max(C.base_year)
            from
              TCOM0030A C,
              tcom0110a D
            where
              C.user_cd = D.user_cd
              and C.business_cd = D.business_cd
              and C.use_yn = 'Y'
              and D.user_uuid = '9ca19528882b476fad8edfc734c112b0'
            order by
              C.base_year desc,
              C.ver desc
           
        ) limit 1;
    
2023-12-28 06:18:11 [debug] : ROWS : 
2023-12-28 06:18:11 [debug] : 1---------------------------------E query


2023-12-28 06:18:11 [info] : ::1 - - [27/Dec/2023:21:18:11 +0000] "POST /CAA/CAA0030A HTTP/1.1" 200 2142 "http://localhost:4000/" "Mozilla/5.0 (Windows NT 10.0; Win64; x64) AppleWebKit/537.36 (KHTML, like Gecko) Chrome/120.0.0.0 Safari/537.36"

2023-12-28 06:18:16 [debug] : ---------------------------------S query
2023-12-28 06:18:16 [debug] : SQL : select base_year, ver, user_cd, business_cd, insr_st_dt, insr_cncls_dt, days, insurance_nm, contents, insurance_no 
        from TCOM0030A 
        where user_cd = 'JNT' and business_cd = 'CAA' and use_yn = 'Y' 
        order by base_year desc, ver desc limit 1
2023-12-28 06:18:16 [debug] : ROWS : 
2023-12-28 06:18:16 [debug] : 1---------------------------------E query


2023-12-28 06:18:16 [info] : ::1 - - [27/Dec/2023:21:18:16 +0000] "POST /CAA/CAA0030A/rate HTTP/1.1" 200 3839 "http://localhost:4000/" "Mozilla/5.0 (Windows NT 10.0; Win64; x64) AppleWebKit/537.36 (KHTML, like Gecko) Chrome/120.0.0.0 Safari/537.36"

2023-12-28 06:18:16 [debug] : {
   "insurance_uuid": "ab2b9bc1578a41de95b3dfcf5cae38b1"
}
2023-12-28 06:18:16 [debug] : ---------------------------------S query
2023-12-28 06:18:16 [debug] : SQL : SELECT 
                      insurance_uuid, user_uuid, insurance_no, business_cd, user_cd, user_id, user_nm, user_birth,
                      user_regno, corp_type, corp_nm, corp_bnno, corp_cnno, corp_telno, corp_faxno,
                      corp_cust_nm, corp_cust_hpno, corp_cust_email, corp_post, corp_addr, corp_addr_dtl, corp_region_cd, 
                      insr_year, insr_reg_dt, insr_st_dt, insr_cncls_dt, insr_retr_yn, insr_retr_dt,
                      insr_pblc_brdn_rt, insr_clm_lt_amt, insr_year_clm_lt_amt, insr_psnl_brdn_amt,
                      insr_sale_rt, insr_pcnt_sale_rt,insr_base_amt, insr_amt, insr_tot_amt, cbr_cnt,
                      cbr_data, cons_join_yn, cons_data, spct_join_yn, spct_data, active_yn, agr10_yn,
                      agr20_yn, agr30_yn, agr31_yn, agr32_yn, agr33_yn, agr34_yn, agr40_yn, agr41_yn,
                      agr50_yn, status_cd, rmk, change_rmk, change_dt, created_id, created_ip, updated_id, updated_ip
                      , FN_GET_CODENM('COM030', status_cd) AS status_nm
                      , FN_GET_CODENM('ACC001', corp_region_cd) AS corp_region_nm
                    FROM TCAA0030A
                    WHERE insurance_uuid = 'ab2b9bc1578a41de95b3dfcf5cae38b1'
                    order by insurance_uuid
2023-12-28 06:18:16 [debug] : ROWS : 
2023-12-28 06:18:16 [debug] : 1---------------------------------E query


2023-12-28 06:18:16 [info] : ::1 - - [27/Dec/2023:21:18:16 +0000] "POST /CAA/CAA0030A/get HTTP/1.1" 200 2348 "http://localhost:4000/" "Mozilla/5.0 (Windows NT 10.0; Win64; x64) AppleWebKit/537.36 (KHTML, like Gecko) Chrome/120.0.0.0 Safari/537.36"

2023-12-28 06:19:03 [debug] : ---------------------------------S query
2023-12-28 06:19:03 [debug] : SQL : SELECT business_cd, board_id, board_no, title, content, DATE_FORMAT(created_at, "%Y-%m-%d") as created_at, false as open_popup  FROM TCOM0050A WHERE business_cd = 'CAA' AND board_id = "notice" AND del_yn = "N" and popup_yn = "Y" ORDER BY board_no DESC
2023-12-28 06:19:03 [debug] : ROWS : 
2023-12-28 06:19:03 [debug] : 1---------------------------------E query


2023-12-28 06:19:03 [info] : ::1 - - [27/Dec/2023:21:19:03 +0000] "POST /board/popup HTTP/1.1" 200 1741 "http://localhost:4000/" "Mozilla/5.0 (Windows NT 10.0; Win64; x64) AppleWebKit/537.36 (KHTML, like Gecko) Chrome/120.0.0.0 Safari/537.36"

2023-12-28 06:19:03 [debug] : ---------------------------------S query
2023-12-28 06:19:03 [debug] : SQL : SELECT * from tcom0110a where user_uuid = '9ca19528882b476fad8edfc734c112b0'
2023-12-28 06:19:03 [debug] : ROWS : 
2023-12-28 06:19:03 [debug] : 1---------------------------------E query


2023-12-28 06:19:03 [debug] : ---------------------------------S query
2023-12-28 06:19:03 [debug] : SQL : SELECT insurance_uuid, user_uuid, insurance_no, user_nm, user_cd 
                   , insr_year, insr_st_dt, insr_cncls_dt
                   , insr_tot_amt, status_cd, cbr_cnt, cbr_data, cons_data
                   , FN_GET_CODENM('COM030', status_cd) AS status_nm
                     FROM TCAA0030A
                    WHERE user_nm = '덕원합동관세사무소' and corp_cnno = '137-12-50450'
                    order by insr_year desc
2023-12-28 06:19:03 [debug] : ROWS : 
2023-12-28 06:19:03 [debug] : 1---------------------------------E query


2023-12-28 06:19:03 [debug] : ---------------------------------S query
2023-12-28 06:19:03 [debug] : SQL : 
      select
          CASE
            WHEN COUNT(a.insurance_uuid) >= 1 THEN 'N'
            ELSE 'Y'
          END AS data
      from
        tcaa0030a a
      where
        (a.user_uuid = '9ca19528882b476fad8edfc734c112b0'
        OR (JSON_CONTAINS(JSON_EXTRACT(a.cbr_data, '$[*].cbr_nm'), JSON_ARRAY('덕원합동관세사무소'))
                   AND JSON_CONTAINS(JSON_EXTRACT(a.cbr_data, '$[*].cbr_brdt'), JSON_ARRAY(''))
                   AND JSON_CONTAINS(JSON_EXTRACT(a.cbr_data, '$[*].cbr_regno'), JSON_ARRAY(''))))
        and a.status_cd not in ('20', '40') -- 해지, 기간종료
        and a.insr_year in (
            select
              max(C.base_year)
            from
              TCOM0030A C,
              tcom0110a D
            where
              C.user_cd = D.user_cd
              and C.business_cd = D.business_cd
              and C.use_yn = 'Y'
              and D.user_uuid = '9ca19528882b476fad8edfc734c112b0'
            order by
              C.base_year desc,
              C.ver desc
           
        )
    
2023-12-28 06:19:03 [debug] : ROWS : 
2023-12-28 06:19:03 [debug] : 1---------------------------------E query


2023-12-28 06:19:03 [debug] : ---------------------------------S query
2023-12-28 06:19:03 [debug] : SQL : 
      select
        A.insurance_uuid as data, A.insr_year
      from
        tcaa0031a A,
        tcom0110a B
      where
        A.business_cd = B.business_cd
        and (
                (A.user_cd = 'IND' AND A.USER_NM = B.USER_NM and A.user_birth = B.user_birth and a.user_regno  = b.user_regno)
             or ((A.user_cd = 'JNT' or A.user_cd = 'COR') AND A.corp_cnno = B.corp_cnno )
             or ((A.user_cd = 'JNT' or A.user_cd = 'COR') AND JSON_CONTAINS(JSON_EXTRACT(a.cbr_data, '$[*].cbr_nm'), JSON_ARRAY(B.USER_NM))
             AND JSON_CONTAINS(JSON_EXTRACT(A.cbr_data, '$[*].cbr_brdt'), JSON_ARRAY(B.user_birth))
             AND JSON_CONTAINS(JSON_EXTRACT(A.cbr_data, '$[*].cbr_regno'), JSON_ARRAY(b.user_regno)))
            )
        and B.user_uuid = '9ca19528882b476fad8edfc734c112b0'
        and a.insr_year in (
            select
              max(C.base_year)
            from
              TCOM0030A C,
              tcom0110a D
            where
              C.user_cd = D.user_cd
              and C.business_cd = D.business_cd
              and C.use_yn = 'Y'
              and D.user_uuid = '9ca19528882b476fad8edfc734c112b0'
            order by
              C.base_year desc,
              C.ver desc
           
        ) limit 1;
    
2023-12-28 06:19:03 [debug] : ROWS : 
2023-12-28 06:19:03 [debug] : 1---------------------------------E query


2023-12-28 06:19:03 [info] : ::1 - - [27/Dec/2023:21:19:03 +0000] "POST /CAA/CAA0030A HTTP/1.1" 200 2142 "http://localhost:4000/" "Mozilla/5.0 (Windows NT 10.0; Win64; x64) AppleWebKit/537.36 (KHTML, like Gecko) Chrome/120.0.0.0 Safari/537.36"

2023-12-28 06:19:07 [debug] : ---------------------------------S query
2023-12-28 06:19:07 [debug] : SQL : select base_year, ver, user_cd, business_cd, insr_st_dt, insr_cncls_dt, days, insurance_nm, contents, insurance_no 
        from TCOM0030A 
        where user_cd = 'JNT' and business_cd = 'CAA' and use_yn = 'Y' 
        order by base_year desc, ver desc limit 1
2023-12-28 06:19:07 [debug] : ROWS : 
2023-12-28 06:19:07 [debug] : 1---------------------------------E query


2023-12-28 06:19:07 [info] : ::1 - - [27/Dec/2023:21:19:07 +0000] "POST /CAA/CAA0030A/rate HTTP/1.1" 200 3839 "http://localhost:4000/" "Mozilla/5.0 (Windows NT 10.0; Win64; x64) AppleWebKit/537.36 (KHTML, like Gecko) Chrome/120.0.0.0 Safari/537.36"

2023-12-28 06:19:07 [debug] : {
   "insurance_uuid": "ab2b9bc1578a41de95b3dfcf5cae38b1"
}
2023-12-28 06:19:07 [debug] : ---------------------------------S query
2023-12-28 06:19:07 [debug] : SQL : SELECT 
                      insurance_uuid, user_uuid, insurance_no, business_cd, user_cd, user_id, user_nm, user_birth,
                      user_regno, corp_type, corp_nm, corp_bnno, corp_cnno, corp_telno, corp_faxno,
                      corp_cust_nm, corp_cust_hpno, corp_cust_email, corp_post, corp_addr, corp_addr_dtl, corp_region_cd, 
                      insr_year, insr_reg_dt, insr_st_dt, insr_cncls_dt, insr_retr_yn, insr_retr_dt,
                      insr_pblc_brdn_rt, insr_clm_lt_amt, insr_year_clm_lt_amt, insr_psnl_brdn_amt,
                      insr_sale_rt, insr_pcnt_sale_rt,insr_base_amt, insr_amt, insr_tot_amt, cbr_cnt,
                      cbr_data, cons_join_yn, cons_data, spct_join_yn, spct_data, active_yn, agr10_yn,
                      agr20_yn, agr30_yn, agr31_yn, agr32_yn, agr33_yn, agr34_yn, agr40_yn, agr41_yn,
                      agr50_yn, status_cd, rmk, change_rmk, change_dt, created_id, created_ip, updated_id, updated_ip
                      , FN_GET_CODENM('COM030', status_cd) AS status_nm
                      , FN_GET_CODENM('ACC001', corp_region_cd) AS corp_region_nm
                    FROM TCAA0030A
                    WHERE insurance_uuid = 'ab2b9bc1578a41de95b3dfcf5cae38b1'
                    order by insurance_uuid
2023-12-28 06:19:07 [debug] : ROWS : 
2023-12-28 06:19:07 [debug] : 1---------------------------------E query


2023-12-28 06:19:07 [info] : ::1 - - [27/Dec/2023:21:19:07 +0000] "POST /CAA/CAA0030A/get HTTP/1.1" 200 2348 "http://localhost:4000/" "Mozilla/5.0 (Windows NT 10.0; Win64; x64) AppleWebKit/537.36 (KHTML, like Gecko) Chrome/120.0.0.0 Safari/537.36"

2023-12-28 06:19:17 [debug] : ---------------------------------S query
2023-12-28 06:19:17 [debug] : SQL : SELECT business_cd, board_id, board_no, title, content, DATE_FORMAT(created_at, "%Y-%m-%d") as created_at, false as open_popup  FROM TCOM0050A WHERE business_cd = 'CAA' AND board_id = "notice" AND del_yn = "N" and popup_yn = "Y" ORDER BY board_no DESC
2023-12-28 06:19:17 [debug] : ROWS : 
2023-12-28 06:19:17 [debug] : 1---------------------------------E query


2023-12-28 06:19:17 [info] : ::1 - - [27/Dec/2023:21:19:17 +0000] "POST /board/popup HTTP/1.1" 200 1741 "http://localhost:4000/" "Mozilla/5.0 (Windows NT 10.0; Win64; x64) AppleWebKit/537.36 (KHTML, like Gecko) Chrome/120.0.0.0 Safari/537.36"

2023-12-28 06:19:17 [debug] : ---------------------------------S query
2023-12-28 06:19:17 [debug] : SQL : SELECT * from tcom0110a where user_uuid = '9ca19528882b476fad8edfc734c112b0'
2023-12-28 06:19:17 [debug] : ROWS : 
2023-12-28 06:19:17 [debug] : 1---------------------------------E query


2023-12-28 06:19:17 [debug] : ---------------------------------S query
2023-12-28 06:19:17 [debug] : SQL : SELECT insurance_uuid, user_uuid, insurance_no, user_nm, user_cd 
                   , insr_year, insr_st_dt, insr_cncls_dt
                   , insr_tot_amt, status_cd, cbr_cnt, cbr_data, cons_data
                   , FN_GET_CODENM('COM030', status_cd) AS status_nm
                     FROM TCAA0030A
                    WHERE user_nm = '덕원합동관세사무소' and corp_cnno = '137-12-50450'
                    order by insr_year desc
2023-12-28 06:19:17 [debug] : ROWS : 
2023-12-28 06:19:17 [debug] : 1---------------------------------E query


2023-12-28 06:19:17 [debug] : ---------------------------------S query
2023-12-28 06:19:17 [debug] : SQL : 
      select
          CASE
            WHEN COUNT(a.insurance_uuid) >= 1 THEN 'N'
            ELSE 'Y'
          END AS data
      from
        tcaa0030a a
      where
        (a.user_uuid = '9ca19528882b476fad8edfc734c112b0'
        OR (JSON_CONTAINS(JSON_EXTRACT(a.cbr_data, '$[*].cbr_nm'), JSON_ARRAY('덕원합동관세사무소'))
                   AND JSON_CONTAINS(JSON_EXTRACT(a.cbr_data, '$[*].cbr_brdt'), JSON_ARRAY(''))
                   AND JSON_CONTAINS(JSON_EXTRACT(a.cbr_data, '$[*].cbr_regno'), JSON_ARRAY(''))))
        and a.status_cd not in ('20', '40') -- 해지, 기간종료
        and a.insr_year in (
            select
              max(C.base_year)
            from
              TCOM0030A C,
              tcom0110a D
            where
              C.user_cd = D.user_cd
              and C.business_cd = D.business_cd
              and C.use_yn = 'Y'
              and D.user_uuid = '9ca19528882b476fad8edfc734c112b0'
            order by
              C.base_year desc,
              C.ver desc
           
        )
    
2023-12-28 06:19:17 [debug] : ROWS : 
2023-12-28 06:19:17 [debug] : 1---------------------------------E query


2023-12-28 06:19:17 [debug] : ---------------------------------S query
2023-12-28 06:19:17 [debug] : SQL : 
      select
        A.insurance_uuid as data, A.insr_year
      from
        tcaa0031a A,
        tcom0110a B
      where
        A.business_cd = B.business_cd
        and (
                (A.user_cd = 'IND' AND A.USER_NM = B.USER_NM and A.user_birth = B.user_birth and a.user_regno  = b.user_regno)
             or ((A.user_cd = 'JNT' or A.user_cd = 'COR') AND A.corp_cnno = B.corp_cnno )
             or ((A.user_cd = 'JNT' or A.user_cd = 'COR') AND JSON_CONTAINS(JSON_EXTRACT(a.cbr_data, '$[*].cbr_nm'), JSON_ARRAY(B.USER_NM))
             AND JSON_CONTAINS(JSON_EXTRACT(A.cbr_data, '$[*].cbr_brdt'), JSON_ARRAY(B.user_birth))
             AND JSON_CONTAINS(JSON_EXTRACT(A.cbr_data, '$[*].cbr_regno'), JSON_ARRAY(b.user_regno)))
            )
        and B.user_uuid = '9ca19528882b476fad8edfc734c112b0'
        and a.insr_year in (
            select
              max(C.base_year)
            from
              TCOM0030A C,
              tcom0110a D
            where
              C.user_cd = D.user_cd
              and C.business_cd = D.business_cd
              and C.use_yn = 'Y'
              and D.user_uuid = '9ca19528882b476fad8edfc734c112b0'
            order by
              C.base_year desc,
              C.ver desc
           
        ) limit 1;
    
2023-12-28 06:19:17 [debug] : ROWS : 
2023-12-28 06:19:17 [debug] : 1---------------------------------E query


2023-12-28 06:19:17 [info] : ::1 - - [27/Dec/2023:21:19:17 +0000] "POST /CAA/CAA0030A HTTP/1.1" 200 2142 "http://localhost:4000/" "Mozilla/5.0 (Windows NT 10.0; Win64; x64) AppleWebKit/537.36 (KHTML, like Gecko) Chrome/120.0.0.0 Safari/537.36"

2023-12-28 06:19:24 [debug] : ---------------------------------S query
2023-12-28 06:19:24 [debug] : SQL : select base_year, ver, user_cd, business_cd, insr_st_dt, insr_cncls_dt, days, insurance_nm, contents, insurance_no 
        from TCOM0030A 
        where user_cd = 'JNT' and business_cd = 'CAA' and use_yn = 'Y' 
        order by base_year desc, ver desc limit 1
2023-12-28 06:19:24 [debug] : ROWS : 
2023-12-28 06:19:24 [debug] : 1---------------------------------E query


2023-12-28 06:19:24 [info] : ::1 - - [27/Dec/2023:21:19:24 +0000] "POST /CAA/CAA0030A/rate HTTP/1.1" 200 3839 "http://localhost:4000/" "Mozilla/5.0 (Windows NT 10.0; Win64; x64) AppleWebKit/537.36 (KHTML, like Gecko) Chrome/120.0.0.0 Safari/537.36"

2023-12-28 06:19:24 [debug] : {
   "insurance_uuid": "ab2b9bc1578a41de95b3dfcf5cae38b1"
}
2023-12-28 06:19:24 [debug] : ---------------------------------S query
2023-12-28 06:19:24 [debug] : SQL : SELECT 
                      insurance_uuid, user_uuid, insurance_no, business_cd, user_cd, user_id, user_nm, user_birth,
                      user_regno, corp_type, corp_nm, corp_bnno, corp_cnno, corp_telno, corp_faxno,
                      corp_cust_nm, corp_cust_hpno, corp_cust_email, corp_post, corp_addr, corp_addr_dtl, corp_region_cd, 
                      insr_year, insr_reg_dt, insr_st_dt, insr_cncls_dt, insr_retr_yn, insr_retr_dt,
                      insr_pblc_brdn_rt, insr_clm_lt_amt, insr_year_clm_lt_amt, insr_psnl_brdn_amt,
                      insr_sale_rt, insr_pcnt_sale_rt,insr_base_amt, insr_amt, insr_tot_amt, cbr_cnt,
                      cbr_data, cons_join_yn, cons_data, spct_join_yn, spct_data, active_yn, agr10_yn,
                      agr20_yn, agr30_yn, agr31_yn, agr32_yn, agr33_yn, agr34_yn, agr40_yn, agr41_yn,
                      agr50_yn, status_cd, rmk, change_rmk, change_dt, created_id, created_ip, updated_id, updated_ip
                      , FN_GET_CODENM('COM030', status_cd) AS status_nm
                      , FN_GET_CODENM('ACC001', corp_region_cd) AS corp_region_nm
                    FROM TCAA0030A
                    WHERE insurance_uuid = 'ab2b9bc1578a41de95b3dfcf5cae38b1'
                    order by insurance_uuid
2023-12-28 06:19:24 [debug] : ROWS : 
2023-12-28 06:19:24 [debug] : 1---------------------------------E query


2023-12-28 06:19:24 [info] : ::1 - - [27/Dec/2023:21:19:24 +0000] "POST /CAA/CAA0030A/get HTTP/1.1" 200 2348 "http://localhost:4000/" "Mozilla/5.0 (Windows NT 10.0; Win64; x64) AppleWebKit/537.36 (KHTML, like Gecko) Chrome/120.0.0.0 Safari/537.36"

2023-12-28 06:20:59 [debug] : ---------------------------------S query
2023-12-28 06:20:59 [debug] : SQL : select base_year, ver, user_cd, business_cd, insr_st_dt, insr_cncls_dt, days, insurance_nm, contents, insurance_no 
        from TCOM0030A 
        where user_cd = 'JNT' and business_cd = 'CAA' and use_yn = 'Y' 
        order by base_year desc, ver desc limit 1
2023-12-28 06:20:59 [debug] : ROWS : 
2023-12-28 06:20:59 [debug] : 1---------------------------------E query


2023-12-28 06:20:59 [info] : ::1 - - [27/Dec/2023:21:20:59 +0000] "POST /CAA/CAA0030A/rate HTTP/1.1" 200 3839 "http://localhost:4000/" "Mozilla/5.0 (Windows NT 10.0; Win64; x64) AppleWebKit/537.36 (KHTML, like Gecko) Chrome/120.0.0.0 Safari/537.36"

2023-12-28 06:20:59 [debug] : {
   "insurance_uuid": "ab2b9bc1578a41de95b3dfcf5cae38b1"
}
2023-12-28 06:20:59 [debug] : ---------------------------------S query
2023-12-28 06:20:59 [debug] : SQL : SELECT 
                      insurance_uuid, user_uuid, insurance_no, business_cd, user_cd, user_id, user_nm, user_birth,
                      user_regno, corp_type, corp_nm, corp_bnno, corp_cnno, corp_telno, corp_faxno,
                      corp_cust_nm, corp_cust_hpno, corp_cust_email, corp_post, corp_addr, corp_addr_dtl, corp_region_cd, 
                      insr_year, insr_reg_dt, insr_st_dt, insr_cncls_dt, insr_retr_yn, insr_retr_dt,
                      insr_pblc_brdn_rt, insr_clm_lt_amt, insr_year_clm_lt_amt, insr_psnl_brdn_amt,
                      insr_sale_rt, insr_pcnt_sale_rt,insr_base_amt, insr_amt, insr_tot_amt, cbr_cnt,
                      cbr_data, cons_join_yn, cons_data, spct_join_yn, spct_data, active_yn, agr10_yn,
                      agr20_yn, agr30_yn, agr31_yn, agr32_yn, agr33_yn, agr34_yn, agr40_yn, agr41_yn,
                      agr50_yn, status_cd, rmk, change_rmk, change_dt, created_id, created_ip, updated_id, updated_ip
                      , FN_GET_CODENM('COM030', status_cd) AS status_nm
                      , FN_GET_CODENM('ACC001', corp_region_cd) AS corp_region_nm
                    FROM TCAA0030A
                    WHERE insurance_uuid = 'ab2b9bc1578a41de95b3dfcf5cae38b1'
                    order by insurance_uuid
2023-12-28 06:20:59 [debug] : ROWS : 
2023-12-28 06:20:59 [debug] : 1---------------------------------E query


2023-12-28 06:20:59 [info] : ::1 - - [27/Dec/2023:21:20:59 +0000] "POST /CAA/CAA0030A/get HTTP/1.1" 200 2348 "http://localhost:4000/" "Mozilla/5.0 (Windows NT 10.0; Win64; x64) AppleWebKit/537.36 (KHTML, like Gecko) Chrome/120.0.0.0 Safari/537.36"

2023-12-28 06:21:58 [debug] : ---------------------------------S query
2023-12-28 06:21:58 [debug] : SQL : select base_year, ver, user_cd, business_cd, insr_st_dt, insr_cncls_dt, days, insurance_nm, contents, insurance_no 
        from TCOM0030A 
        where user_cd = 'JNT' and business_cd = 'CAA' and use_yn = 'Y' 
        order by base_year desc, ver desc limit 1
2023-12-28 06:21:58 [debug] : ROWS : 
2023-12-28 06:21:58 [debug] : 1---------------------------------E query


2023-12-28 06:21:58 [info] : ::1 - - [27/Dec/2023:21:21:58 +0000] "POST /CAA/CAA0030A/rate HTTP/1.1" 200 3839 "http://localhost:4000/" "Mozilla/5.0 (Windows NT 10.0; Win64; x64) AppleWebKit/537.36 (KHTML, like Gecko) Chrome/120.0.0.0 Safari/537.36"

2023-12-28 06:21:58 [debug] : {
   "insurance_uuid": "ab2b9bc1578a41de95b3dfcf5cae38b1"
}
2023-12-28 06:21:58 [debug] : ---------------------------------S query
2023-12-28 06:21:58 [debug] : SQL : SELECT 
                      insurance_uuid, user_uuid, insurance_no, business_cd, user_cd, user_id, user_nm, user_birth,
                      user_regno, corp_type, corp_nm, corp_bnno, corp_cnno, corp_telno, corp_faxno,
                      corp_cust_nm, corp_cust_hpno, corp_cust_email, corp_post, corp_addr, corp_addr_dtl, corp_region_cd, 
                      insr_year, insr_reg_dt, insr_st_dt, insr_cncls_dt, insr_retr_yn, insr_retr_dt,
                      insr_pblc_brdn_rt, insr_clm_lt_amt, insr_year_clm_lt_amt, insr_psnl_brdn_amt,
                      insr_sale_rt, insr_pcnt_sale_rt,insr_base_amt, insr_amt, insr_tot_amt, cbr_cnt,
                      cbr_data, cons_join_yn, cons_data, spct_join_yn, spct_data, active_yn, agr10_yn,
                      agr20_yn, agr30_yn, agr31_yn, agr32_yn, agr33_yn, agr34_yn, agr40_yn, agr41_yn,
                      agr50_yn, status_cd, rmk, change_rmk, change_dt, created_id, created_ip, updated_id, updated_ip
                      , FN_GET_CODENM('COM030', status_cd) AS status_nm
                      , FN_GET_CODENM('ACC001', corp_region_cd) AS corp_region_nm
                    FROM TCAA0030A
                    WHERE insurance_uuid = 'ab2b9bc1578a41de95b3dfcf5cae38b1'
                    order by insurance_uuid
2023-12-28 06:21:58 [debug] : ROWS : 
2023-12-28 06:21:58 [debug] : 1---------------------------------E query


2023-12-28 06:21:58 [info] : ::1 - - [27/Dec/2023:21:21:58 +0000] "POST /CAA/CAA0030A/get HTTP/1.1" 200 2348 "http://localhost:4000/" "Mozilla/5.0 (Windows NT 10.0; Win64; x64) AppleWebKit/537.36 (KHTML, like Gecko) Chrome/120.0.0.0 Safari/537.36"

2023-12-28 06:23:42 [debug] : ---------------------------------S query
2023-12-28 06:23:42 [debug] : SQL : SELECT business_cd, board_id, board_no, title, content, DATE_FORMAT(created_at, "%Y-%m-%d") as created_at, false as open_popup  FROM TCOM0050A WHERE business_cd = 'CAA' AND board_id = "notice" AND del_yn = "N" and popup_yn = "Y" ORDER BY board_no DESC
2023-12-28 06:23:42 [debug] : ROWS : 
2023-12-28 06:23:42 [debug] : 1---------------------------------E query


2023-12-28 06:23:42 [info] : ::1 - - [27/Dec/2023:21:23:42 +0000] "POST /board/popup HTTP/1.1" 200 1741 "http://localhost:4000/" "Mozilla/5.0 (Windows NT 10.0; Win64; x64) AppleWebKit/537.36 (KHTML, like Gecko) Chrome/120.0.0.0 Safari/537.36"

2023-12-28 06:23:42 [debug] : ---------------------------------S query
2023-12-28 06:23:42 [debug] : SQL : SELECT * from tcom0110a where user_uuid = '9ca19528882b476fad8edfc734c112b0'
2023-12-28 06:23:42 [debug] : ROWS : 
2023-12-28 06:23:42 [debug] : 1---------------------------------E query


2023-12-28 06:23:42 [debug] : ---------------------------------S query
2023-12-28 06:23:42 [debug] : SQL : SELECT insurance_uuid, user_uuid, insurance_no, user_nm, user_cd 
                   , insr_year, insr_st_dt, insr_cncls_dt
                   , insr_tot_amt, status_cd, cbr_cnt, cbr_data, cons_data
                   , FN_GET_CODENM('COM030', status_cd) AS status_nm
                     FROM TCAA0030A
                    WHERE user_nm = '덕원합동관세사무소' and corp_cnno = '137-12-50450'
                    order by insr_year desc
2023-12-28 06:23:42 [debug] : ROWS : 
2023-12-28 06:23:42 [debug] : 1---------------------------------E query


2023-12-28 06:23:42 [debug] : ---------------------------------S query
2023-12-28 06:23:42 [debug] : SQL : 
      select
          CASE
            WHEN COUNT(a.insurance_uuid) >= 1 THEN 'N'
            ELSE 'Y'
          END AS data
      from
        tcaa0030a a
      where
        (a.user_uuid = '9ca19528882b476fad8edfc734c112b0'
        OR (JSON_CONTAINS(JSON_EXTRACT(a.cbr_data, '$[*].cbr_nm'), JSON_ARRAY('덕원합동관세사무소'))
                   AND JSON_CONTAINS(JSON_EXTRACT(a.cbr_data, '$[*].cbr_brdt'), JSON_ARRAY(''))
                   AND JSON_CONTAINS(JSON_EXTRACT(a.cbr_data, '$[*].cbr_regno'), JSON_ARRAY(''))))
        and a.status_cd not in ('20', '40') -- 해지, 기간종료
        and a.insr_year in (
            select
              max(C.base_year)
            from
              TCOM0030A C,
              tcom0110a D
            where
              C.user_cd = D.user_cd
              and C.business_cd = D.business_cd
              and C.use_yn = 'Y'
              and D.user_uuid = '9ca19528882b476fad8edfc734c112b0'
            order by
              C.base_year desc,
              C.ver desc
           
        )
    
2023-12-28 06:23:42 [debug] : ROWS : 
2023-12-28 06:23:42 [debug] : 1---------------------------------E query


2023-12-28 06:23:42 [debug] : ---------------------------------S query
2023-12-28 06:23:42 [debug] : SQL : 
      select
        A.insurance_uuid as data, A.insr_year
      from
        tcaa0031a A,
        tcom0110a B
      where
        A.business_cd = B.business_cd
        and (
                (A.user_cd = 'IND' AND A.USER_NM = B.USER_NM and A.user_birth = B.user_birth and a.user_regno  = b.user_regno)
             or ((A.user_cd = 'JNT' or A.user_cd = 'COR') AND A.corp_cnno = B.corp_cnno )
             or ((A.user_cd = 'JNT' or A.user_cd = 'COR') AND JSON_CONTAINS(JSON_EXTRACT(a.cbr_data, '$[*].cbr_nm'), JSON_ARRAY(B.USER_NM))
             AND JSON_CONTAINS(JSON_EXTRACT(A.cbr_data, '$[*].cbr_brdt'), JSON_ARRAY(B.user_birth))
             AND JSON_CONTAINS(JSON_EXTRACT(A.cbr_data, '$[*].cbr_regno'), JSON_ARRAY(b.user_regno)))
            )
        and B.user_uuid = '9ca19528882b476fad8edfc734c112b0'
        and a.insr_year in (
            select
              max(C.base_year)
            from
              TCOM0030A C,
              tcom0110a D
            where
              C.user_cd = D.user_cd
              and C.business_cd = D.business_cd
              and C.use_yn = 'Y'
              and D.user_uuid = '9ca19528882b476fad8edfc734c112b0'
            order by
              C.base_year desc,
              C.ver desc
           
        ) limit 1;
    
2023-12-28 06:23:42 [debug] : ROWS : 
2023-12-28 06:23:42 [debug] : 1---------------------------------E query


2023-12-28 06:23:42 [info] : ::1 - - [27/Dec/2023:21:23:42 +0000] "POST /CAA/CAA0030A HTTP/1.1" 200 2142 "http://localhost:4000/" "Mozilla/5.0 (Windows NT 10.0; Win64; x64) AppleWebKit/537.36 (KHTML, like Gecko) Chrome/120.0.0.0 Safari/537.36"

2023-12-28 06:23:45 [debug] : ---------------------------------S query
2023-12-28 06:23:45 [debug] : SQL : select base_year, ver, user_cd, business_cd, insr_st_dt, insr_cncls_dt, days, insurance_nm, contents, insurance_no 
        from TCOM0030A 
        where user_cd = 'JNT' and business_cd = 'CAA' and use_yn = 'Y' 
        order by base_year desc, ver desc limit 1
2023-12-28 06:23:45 [debug] : ROWS : 
2023-12-28 06:23:45 [debug] : 1---------------------------------E query


2023-12-28 06:23:45 [info] : ::1 - - [27/Dec/2023:21:23:45 +0000] "POST /CAA/CAA0030A/rate HTTP/1.1" 200 3839 "http://localhost:4000/" "Mozilla/5.0 (Windows NT 10.0; Win64; x64) AppleWebKit/537.36 (KHTML, like Gecko) Chrome/120.0.0.0 Safari/537.36"

2023-12-28 06:23:45 [debug] : {
   "insurance_uuid": "ab2b9bc1578a41de95b3dfcf5cae38b1"
}
2023-12-28 06:23:45 [debug] : ---------------------------------S query
2023-12-28 06:23:45 [debug] : SQL : SELECT 
                      insurance_uuid, user_uuid, insurance_no, business_cd, user_cd, user_id, user_nm, user_birth,
                      user_regno, corp_type, corp_nm, corp_bnno, corp_cnno, corp_telno, corp_faxno,
                      corp_cust_nm, corp_cust_hpno, corp_cust_email, corp_post, corp_addr, corp_addr_dtl, corp_region_cd, 
                      insr_year, insr_reg_dt, insr_st_dt, insr_cncls_dt, insr_retr_yn, insr_retr_dt,
                      insr_pblc_brdn_rt, insr_clm_lt_amt, insr_year_clm_lt_amt, insr_psnl_brdn_amt,
                      insr_sale_rt, insr_pcnt_sale_rt,insr_base_amt, insr_amt, insr_tot_amt, cbr_cnt,
                      cbr_data, cons_join_yn, cons_data, spct_join_yn, spct_data, active_yn, agr10_yn,
                      agr20_yn, agr30_yn, agr31_yn, agr32_yn, agr33_yn, agr34_yn, agr40_yn, agr41_yn,
                      agr50_yn, status_cd, rmk, change_rmk, change_dt, created_id, created_ip, updated_id, updated_ip
                      , FN_GET_CODENM('COM030', status_cd) AS status_nm
                      , FN_GET_CODENM('ACC001', corp_region_cd) AS corp_region_nm
                    FROM TCAA0030A
                    WHERE insurance_uuid = 'ab2b9bc1578a41de95b3dfcf5cae38b1'
                    order by insurance_uuid
2023-12-28 06:23:45 [debug] : ROWS : 
2023-12-28 06:23:45 [debug] : 1---------------------------------E query


2023-12-28 06:23:45 [info] : ::1 - - [27/Dec/2023:21:23:45 +0000] "POST /CAA/CAA0030A/get HTTP/1.1" 200 2348 "http://localhost:4000/" "Mozilla/5.0 (Windows NT 10.0; Win64; x64) AppleWebKit/537.36 (KHTML, like Gecko) Chrome/120.0.0.0 Safari/537.36"

2023-12-28 06:24:04 [debug] : ---------------------------------S query
2023-12-28 06:24:04 [debug] : SQL : SELECT business_cd, board_id, board_no, title, content, DATE_FORMAT(created_at, "%Y-%m-%d") as created_at, false as open_popup  FROM TCOM0050A WHERE business_cd = 'CAA' AND board_id = "notice" AND del_yn = "N" and popup_yn = "Y" ORDER BY board_no DESC
2023-12-28 06:24:04 [debug] : ROWS : 
2023-12-28 06:24:04 [debug] : 1---------------------------------E query


2023-12-28 06:24:04 [info] : ::1 - - [27/Dec/2023:21:24:04 +0000] "POST /board/popup HTTP/1.1" 200 1741 "http://localhost:4000/" "Mozilla/5.0 (Windows NT 10.0; Win64; x64) AppleWebKit/537.36 (KHTML, like Gecko) Chrome/120.0.0.0 Safari/537.36"

2023-12-28 06:24:04 [debug] : ---------------------------------S query
2023-12-28 06:24:04 [debug] : SQL : SELECT * from tcom0110a where user_uuid = '9ca19528882b476fad8edfc734c112b0'
2023-12-28 06:24:04 [debug] : ROWS : 
2023-12-28 06:24:04 [debug] : 1---------------------------------E query


2023-12-28 06:24:04 [debug] : ---------------------------------S query
2023-12-28 06:24:04 [debug] : SQL : SELECT insurance_uuid, user_uuid, insurance_no, user_nm, user_cd 
                   , insr_year, insr_st_dt, insr_cncls_dt
                   , insr_tot_amt, status_cd, cbr_cnt, cbr_data, cons_data
                   , FN_GET_CODENM('COM030', status_cd) AS status_nm
                     FROM TCAA0030A
                    WHERE user_nm = '덕원합동관세사무소' and corp_cnno = '137-12-50450'
                    order by insr_year desc
2023-12-28 06:24:04 [debug] : ROWS : 
2023-12-28 06:24:04 [debug] : 1---------------------------------E query


2023-12-28 06:24:04 [debug] : ---------------------------------S query
2023-12-28 06:24:04 [debug] : SQL : 
      select
          CASE
            WHEN COUNT(a.insurance_uuid) >= 1 THEN 'N'
            ELSE 'Y'
          END AS data
      from
        tcaa0030a a
      where
        (a.user_uuid = '9ca19528882b476fad8edfc734c112b0'
        OR (JSON_CONTAINS(JSON_EXTRACT(a.cbr_data, '$[*].cbr_nm'), JSON_ARRAY('덕원합동관세사무소'))
                   AND JSON_CONTAINS(JSON_EXTRACT(a.cbr_data, '$[*].cbr_brdt'), JSON_ARRAY(''))
                   AND JSON_CONTAINS(JSON_EXTRACT(a.cbr_data, '$[*].cbr_regno'), JSON_ARRAY(''))))
        and a.status_cd not in ('20', '40') -- 해지, 기간종료
        and a.insr_year in (
            select
              max(C.base_year)
            from
              TCOM0030A C,
              tcom0110a D
            where
              C.user_cd = D.user_cd
              and C.business_cd = D.business_cd
              and C.use_yn = 'Y'
              and D.user_uuid = '9ca19528882b476fad8edfc734c112b0'
            order by
              C.base_year desc,
              C.ver desc
           
        )
    
2023-12-28 06:24:04 [debug] : ROWS : 
2023-12-28 06:24:04 [debug] : 1---------------------------------E query


2023-12-28 06:24:04 [debug] : ---------------------------------S query
2023-12-28 06:24:04 [debug] : SQL : 
      select
        A.insurance_uuid as data, A.insr_year
      from
        tcaa0031a A,
        tcom0110a B
      where
        A.business_cd = B.business_cd
        and (
                (A.user_cd = 'IND' AND A.USER_NM = B.USER_NM and A.user_birth = B.user_birth and a.user_regno  = b.user_regno)
             or ((A.user_cd = 'JNT' or A.user_cd = 'COR') AND A.corp_cnno = B.corp_cnno )
             or ((A.user_cd = 'JNT' or A.user_cd = 'COR') AND JSON_CONTAINS(JSON_EXTRACT(a.cbr_data, '$[*].cbr_nm'), JSON_ARRAY(B.USER_NM))
             AND JSON_CONTAINS(JSON_EXTRACT(A.cbr_data, '$[*].cbr_brdt'), JSON_ARRAY(B.user_birth))
             AND JSON_CONTAINS(JSON_EXTRACT(A.cbr_data, '$[*].cbr_regno'), JSON_ARRAY(b.user_regno)))
            )
        and B.user_uuid = '9ca19528882b476fad8edfc734c112b0'
        and a.insr_year in (
            select
              max(C.base_year)
            from
              TCOM0030A C,
              tcom0110a D
            where
              C.user_cd = D.user_cd
              and C.business_cd = D.business_cd
              and C.use_yn = 'Y'
              and D.user_uuid = '9ca19528882b476fad8edfc734c112b0'
            order by
              C.base_year desc,
              C.ver desc
           
        ) limit 1;
    
2023-12-28 06:24:04 [debug] : ROWS : 
2023-12-28 06:24:04 [debug] : 1---------------------------------E query


2023-12-28 06:24:04 [info] : ::1 - - [27/Dec/2023:21:24:04 +0000] "POST /CAA/CAA0030A HTTP/1.1" 200 2142 "http://localhost:4000/" "Mozilla/5.0 (Windows NT 10.0; Win64; x64) AppleWebKit/537.36 (KHTML, like Gecko) Chrome/120.0.0.0 Safari/537.36"

2023-12-28 06:24:07 [debug] : ---------------------------------S query
2023-12-28 06:24:07 [debug] : SQL : select base_year, ver, user_cd, business_cd, insr_st_dt, insr_cncls_dt, days, insurance_nm, contents, insurance_no 
        from TCOM0030A 
        where user_cd = 'JNT' and business_cd = 'CAA' and use_yn = 'Y' 
        order by base_year desc, ver desc limit 1
2023-12-28 06:24:07 [debug] : ROWS : 
2023-12-28 06:24:07 [debug] : 1---------------------------------E query


2023-12-28 06:24:07 [info] : ::1 - - [27/Dec/2023:21:24:07 +0000] "POST /CAA/CAA0030A/rate HTTP/1.1" 200 3839 "http://localhost:4000/" "Mozilla/5.0 (Windows NT 10.0; Win64; x64) AppleWebKit/537.36 (KHTML, like Gecko) Chrome/120.0.0.0 Safari/537.36"

2023-12-28 06:24:07 [debug] : {
   "insurance_uuid": "ab2b9bc1578a41de95b3dfcf5cae38b1"
}
2023-12-28 06:24:07 [debug] : ---------------------------------S query
2023-12-28 06:24:07 [debug] : SQL : SELECT 
                      insurance_uuid, user_uuid, insurance_no, business_cd, user_cd, user_id, user_nm, user_birth,
                      user_regno, corp_type, corp_nm, corp_bnno, corp_cnno, corp_telno, corp_faxno,
                      corp_cust_nm, corp_cust_hpno, corp_cust_email, corp_post, corp_addr, corp_addr_dtl, corp_region_cd, 
                      insr_year, insr_reg_dt, insr_st_dt, insr_cncls_dt, insr_retr_yn, insr_retr_dt,
                      insr_pblc_brdn_rt, insr_clm_lt_amt, insr_year_clm_lt_amt, insr_psnl_brdn_amt,
                      insr_sale_rt, insr_pcnt_sale_rt,insr_base_amt, insr_amt, insr_tot_amt, cbr_cnt,
                      cbr_data, cons_join_yn, cons_data, spct_join_yn, spct_data, active_yn, agr10_yn,
                      agr20_yn, agr30_yn, agr31_yn, agr32_yn, agr33_yn, agr34_yn, agr40_yn, agr41_yn,
                      agr50_yn, status_cd, rmk, change_rmk, change_dt, created_id, created_ip, updated_id, updated_ip
                      , FN_GET_CODENM('COM030', status_cd) AS status_nm
                      , FN_GET_CODENM('ACC001', corp_region_cd) AS corp_region_nm
                    FROM TCAA0030A
                    WHERE insurance_uuid = 'ab2b9bc1578a41de95b3dfcf5cae38b1'
                    order by insurance_uuid
2023-12-28 06:24:07 [debug] : ROWS : 
2023-12-28 06:24:07 [debug] : 1---------------------------------E query


2023-12-28 06:24:07 [info] : ::1 - - [27/Dec/2023:21:24:07 +0000] "POST /CAA/CAA0030A/get HTTP/1.1" 200 2348 "http://localhost:4000/" "Mozilla/5.0 (Windows NT 10.0; Win64; x64) AppleWebKit/537.36 (KHTML, like Gecko) Chrome/120.0.0.0 Safari/537.36"

2023-12-28 06:24:49 [debug] : ---------------------------------S query
2023-12-28 06:24:49 [debug] : SQL : SELECT business_cd, board_id, board_no, title, content, DATE_FORMAT(created_at, "%Y-%m-%d") as created_at, false as open_popup  FROM TCOM0050A WHERE business_cd = 'CAA' AND board_id = "notice" AND del_yn = "N" and popup_yn = "Y" ORDER BY board_no DESC
2023-12-28 06:24:49 [debug] : ROWS : 
2023-12-28 06:24:49 [debug] : 1---------------------------------E query


2023-12-28 06:24:49 [info] : ::1 - - [27/Dec/2023:21:24:49 +0000] "POST /board/popup HTTP/1.1" 200 1741 "http://localhost:4000/" "Mozilla/5.0 (Windows NT 10.0; Win64; x64) AppleWebKit/537.36 (KHTML, like Gecko) Chrome/120.0.0.0 Safari/537.36"

2023-12-28 06:24:49 [debug] : ---------------------------------S query
2023-12-28 06:24:49 [debug] : SQL : SELECT * from tcom0110a where user_uuid = '9ca19528882b476fad8edfc734c112b0'
2023-12-28 06:24:49 [debug] : ROWS : 
2023-12-28 06:24:49 [debug] : 1---------------------------------E query


2023-12-28 06:24:49 [debug] : ---------------------------------S query
2023-12-28 06:24:49 [debug] : SQL : SELECT insurance_uuid, user_uuid, insurance_no, user_nm, user_cd 
                   , insr_year, insr_st_dt, insr_cncls_dt
                   , insr_tot_amt, status_cd, cbr_cnt, cbr_data, cons_data
                   , FN_GET_CODENM('COM030', status_cd) AS status_nm
                     FROM TCAA0030A
                    WHERE user_nm = '덕원합동관세사무소' and corp_cnno = '137-12-50450'
                    order by insr_year desc
2023-12-28 06:24:49 [debug] : ROWS : 
2023-12-28 06:24:49 [debug] : 1---------------------------------E query


2023-12-28 06:24:49 [debug] : ---------------------------------S query
2023-12-28 06:24:49 [debug] : SQL : 
      select
          CASE
            WHEN COUNT(a.insurance_uuid) >= 1 THEN 'N'
            ELSE 'Y'
          END AS data
      from
        tcaa0030a a
      where
        (a.user_uuid = '9ca19528882b476fad8edfc734c112b0'
        OR (JSON_CONTAINS(JSON_EXTRACT(a.cbr_data, '$[*].cbr_nm'), JSON_ARRAY('덕원합동관세사무소'))
                   AND JSON_CONTAINS(JSON_EXTRACT(a.cbr_data, '$[*].cbr_brdt'), JSON_ARRAY(''))
                   AND JSON_CONTAINS(JSON_EXTRACT(a.cbr_data, '$[*].cbr_regno'), JSON_ARRAY(''))))
        and a.status_cd not in ('20', '40') -- 해지, 기간종료
        and a.insr_year in (
            select
              max(C.base_year)
            from
              TCOM0030A C,
              tcom0110a D
            where
              C.user_cd = D.user_cd
              and C.business_cd = D.business_cd
              and C.use_yn = 'Y'
              and D.user_uuid = '9ca19528882b476fad8edfc734c112b0'
            order by
              C.base_year desc,
              C.ver desc
           
        )
    
2023-12-28 06:24:49 [debug] : ROWS : 
2023-12-28 06:24:49 [debug] : 1---------------------------------E query


2023-12-28 06:24:49 [debug] : ---------------------------------S query
2023-12-28 06:24:49 [debug] : SQL : 
      select
        A.insurance_uuid as data, A.insr_year
      from
        tcaa0031a A,
        tcom0110a B
      where
        A.business_cd = B.business_cd
        and (
                (A.user_cd = 'IND' AND A.USER_NM = B.USER_NM and A.user_birth = B.user_birth and a.user_regno  = b.user_regno)
             or ((A.user_cd = 'JNT' or A.user_cd = 'COR') AND A.corp_cnno = B.corp_cnno )
             or ((A.user_cd = 'JNT' or A.user_cd = 'COR') AND JSON_CONTAINS(JSON_EXTRACT(a.cbr_data, '$[*].cbr_nm'), JSON_ARRAY(B.USER_NM))
             AND JSON_CONTAINS(JSON_EXTRACT(A.cbr_data, '$[*].cbr_brdt'), JSON_ARRAY(B.user_birth))
             AND JSON_CONTAINS(JSON_EXTRACT(A.cbr_data, '$[*].cbr_regno'), JSON_ARRAY(b.user_regno)))
            )
        and B.user_uuid = '9ca19528882b476fad8edfc734c112b0'
        and a.insr_year in (
            select
              max(C.base_year)
            from
              TCOM0030A C,
              tcom0110a D
            where
              C.user_cd = D.user_cd
              and C.business_cd = D.business_cd
              and C.use_yn = 'Y'
              and D.user_uuid = '9ca19528882b476fad8edfc734c112b0'
            order by
              C.base_year desc,
              C.ver desc
           
        ) limit 1;
    
2023-12-28 06:24:49 [debug] : ROWS : 
2023-12-28 06:24:49 [debug] : 1---------------------------------E query


2023-12-28 06:24:49 [info] : ::1 - - [27/Dec/2023:21:24:49 +0000] "POST /CAA/CAA0030A HTTP/1.1" 200 2142 "http://localhost:4000/" "Mozilla/5.0 (Windows NT 10.0; Win64; x64) AppleWebKit/537.36 (KHTML, like Gecko) Chrome/120.0.0.0 Safari/537.36"

2023-12-28 06:44:04 [debug] : ---------------------------------S query
2023-12-28 06:44:04 [debug] : SQL : SELECT grp_cd, dtl_cd as value, dtl_nm as title, description as rmk FROM TCOM0011A
2023-12-28 06:44:04 [debug] : ROWS : 
2023-12-28 06:44:04 [debug] : 1---------------------------------E query


2023-12-28 06:44:04 [info] : ::1 - - [27/Dec/2023:21:44:04 +0000] "POST /COMMON/code/all HTTP/1.1" 200 9008 "http://localhost:4000/" "Mozilla/5.0 (Windows NT 10.0; Win64; x64) AppleWebKit/537.36 (KHTML, like Gecko) Chrome/120.0.0.0 Safari/537.36"

2023-12-28 06:44:04 [debug] : ---------------------------------S query
2023-12-28 06:44:04 [debug] : SQL : SELECT grp_cd, dtl_cd as value, dtl_nm as title, description as rmk FROM TCOM0011A
2023-12-28 06:44:04 [debug] : ROWS : 
2023-12-28 06:44:04 [debug] : 1---------------------------------E query


2023-12-28 06:44:04 [info] : ::1 - - [27/Dec/2023:21:44:04 +0000] "POST /COMMON/code/all HTTP/1.1" 200 9008 "http://localhost:4000/" "Mozilla/5.0 (Windows NT 10.0; Win64; x64) AppleWebKit/537.36 (KHTML, like Gecko) Chrome/120.0.0.0 Safari/537.36"

2023-12-28 06:47:12 [debug] : [
   null,
   null,
   "문상현",
   "010-8448-8757",
   "720531"
]
2023-12-28 06:47:12 [debug] : ---------------------------------S query
2023-12-28 06:47:12 [debug] : SQL : select user_id FROM TCOM0110A where business_cd = NULL and user_cd = NULL and user_nm = '문상현' and user_hpno = '010-8448-8757' and user_birth = '720531'
2023-12-28 06:47:12 [debug] : ROWS : 
2023-12-28 06:47:12 [debug] : 1---------------------------------E query


2023-12-28 06:47:12 [debug] : null
2023-12-28 06:47:12 [info] : ::1 - - [27/Dec/2023:21:47:12 +0000] "GET /auth/import/user/imp_321598748079 HTTP/1.1" 200 614 "http://localhost:4000/" "Mozilla/5.0 (Windows NT 10.0; Win64; x64) AppleWebKit/537.36 (KHTML, like Gecko) Chrome/120.0.0.0 Safari/537.36"

2023-12-28 06:48:26 [debug] : ---------------------------------S query
2023-12-28 06:48:26 [debug] : SQL : select * FROM TCOM0111A where business_cd = 'TAX' and reg_no = '99999' and nm = '문상현'
2023-12-28 06:48:26 [debug] : ROWS : 
2023-12-28 06:48:26 [debug] : 1---------------------------------E query


2023-12-28 06:48:26 [debug] : [
   "TAX",
   "문상현",
   "720531",
   "99999"
]
2023-12-28 06:48:26 [debug] : ---------------------------------S query
2023-12-28 06:48:26 [debug] : SQL : select user_id FROM TCOM0110A where business_cd = 'TAX' and user_nm = '문상현' and user_birth = '720531' and user_regno = '99999'
2023-12-28 06:48:26 [debug] : ROWS : 
2023-12-28 06:48:26 [debug] : 1---------------------------------E query


2023-12-28 06:48:26 [info] : ::1 - - [27/Dec/2023:21:48:26 +0000] "POST /user/isVerifyUserRegNo HTTP/1.1" 200 43 "http://localhost:4000/" "Mozilla/5.0 (Windows NT 10.0; Win64; x64) AppleWebKit/537.36 (KHTML, like Gecko) Chrome/120.0.0.0 Safari/537.36"

2023-12-28 06:48:36 [debug] : ---------------------------------S query
2023-12-28 06:48:36 [debug] : SQL : select * FROM TCOM0111A where business_cd = 'TAX' and reg_no = '99999' and nm = '문상현'
2023-12-28 06:48:36 [debug] : ROWS : 
2023-12-28 06:48:36 [debug] : 1---------------------------------E query


2023-12-28 06:48:36 [debug] : [
   "TAX",
   "문상현",
   "720531",
   "99999"
]
2023-12-28 06:48:36 [debug] : ---------------------------------S query
2023-12-28 06:48:36 [debug] : SQL : select user_id FROM TCOM0110A where business_cd = 'TAX' and user_nm = '문상현' and user_birth = '720531' and user_regno = '99999'
2023-12-28 06:48:36 [debug] : ROWS : 
2023-12-28 06:48:36 [debug] : 1---------------------------------E query


2023-12-28 06:48:36 [info] : ::1 - - [27/Dec/2023:21:48:36 +0000] "POST /user/isVerifyUserRegNo HTTP/1.1" 200 43 "http://localhost:4000/" "Mozilla/5.0 (Windows NT 10.0; Win64; x64) AppleWebKit/537.36 (KHTML, like Gecko) Chrome/120.0.0.0 Safari/537.36"

2023-12-28 06:49:07 [debug] : ---------------------------------S query
2023-12-28 06:49:07 [debug] : SQL : select * FROM TCOM0111A where business_cd = 'TAX' and reg_no = '999999' and nm = '문상현'
2023-12-28 06:49:07 [debug] : ROWS : 
2023-12-28 06:49:07 [debug] : 1---------------------------------E query


2023-12-28 06:49:07 [debug] : [
   "TAX",
   "문상현",
   "720531",
   "999999"
]
2023-12-28 06:49:07 [debug] : ---------------------------------S query
2023-12-28 06:49:07 [debug] : SQL : select user_id FROM TCOM0110A where business_cd = 'TAX' and user_nm = '문상현' and user_birth = '720531' and user_regno = '999999'
2023-12-28 06:49:07 [debug] : ROWS : 
2023-12-28 06:49:07 [debug] : 1---------------------------------E query


2023-12-28 06:49:07 [info] : ::1 - - [27/Dec/2023:21:49:07 +0000] "POST /user/isVerifyUserRegNo HTTP/1.1" 200 43 "http://localhost:4000/" "Mozilla/5.0 (Windows NT 10.0; Win64; x64) AppleWebKit/537.36 (KHTML, like Gecko) Chrome/120.0.0.0 Safari/537.36"

2023-12-28 06:53:12 [debug] : ---------------------------------S query
2023-12-28 06:53:12 [debug] : SQL : select * FROM TCOM0111A where business_cd = 'TAX' and reg_no = '123123' and nm = '문상현'
2023-12-28 06:53:12 [debug] : ROWS : 
2023-12-28 06:53:12 [debug] : 1---------------------------------E query


2023-12-28 06:53:12 [debug] : [
   "TAX",
   "문상현",
   "720531",
   "123123"
]
2023-12-28 06:53:12 [debug] : ---------------------------------S query
2023-12-28 06:53:12 [debug] : SQL : select user_id FROM TCOM0110A where business_cd = 'TAX' and user_nm = '문상현' and user_birth = '720531' and user_regno = '123123'
2023-12-28 06:53:12 [debug] : ROWS : 
2023-12-28 06:53:12 [debug] : 1---------------------------------E query


2023-12-28 06:53:12 [info] : ::1 - - [27/Dec/2023:21:53:12 +0000] "POST /user/isVerifyUserRegNo HTTP/1.1" 200 42 "http://localhost:4000/" "Mozilla/5.0 (Windows NT 10.0; Win64; x64) AppleWebKit/537.36 (KHTML, like Gecko) Chrome/120.0.0.0 Safari/537.36"

2023-12-28 06:53:25 [debug] : ---------------------------------S query
2023-12-28 06:53:25 [debug] : SQL : SELECT user_email FROM TCOM0110A WHERE  business_cd = 'TAX' and user_cd = 'IND' and user_email = 'getdream@jmssoft.co.kr' 
2023-12-28 06:53:25 [debug] : ROWS : 
2023-12-28 06:53:25 [debug] : 1---------------------------------E query


2023-12-28 06:53:25 [info] : ::1 - - [27/Dec/2023:21:53:25 +0000] "POST /user/isVerifyUserEMail HTTP/1.1" 200 72 "http://localhost:4000/" "Mozilla/5.0 (Windows NT 10.0; Win64; x64) AppleWebKit/537.36 (KHTML, like Gecko) Chrome/120.0.0.0 Safari/537.36"

2023-12-28 06:53:47 [debug] : ---------------------------------S query
2023-12-28 06:53:47 [debug] : SQL : SELECT user_email FROM TCOM0110A WHERE  business_cd = 'TAX' and user_cd = 'IND' and user_email = 'getdream01@gmail.com' 
2023-12-28 06:53:47 [debug] : ROWS : 
2023-12-28 06:53:47 [debug] : 1---------------------------------E query


2023-12-28 06:53:47 [info] : ::1 - - [27/Dec/2023:21:53:47 +0000] "POST /user/isVerifyUserEMail HTTP/1.1" 200 66 "http://localhost:4000/" "Mozilla/5.0 (Windows NT 10.0; Win64; x64) AppleWebKit/537.36 (KHTML, like Gecko) Chrome/120.0.0.0 Safari/537.36"

2023-12-28 06:55:14 [debug] : [
   "TAX",
   "IND",
   "getdream72"
]
2023-12-28 06:55:14 [debug] : ---------------------------------S query
2023-12-28 06:55:14 [debug] : SQL : select user_id FROM TCOM0110A where business_cd = 'TAX' and user_cd = 'IND' and user_id = 'getdream72'
2023-12-28 06:55:14 [debug] : ROWS : 
2023-12-28 06:55:14 [debug] : 1---------------------------------E query


2023-12-28 06:55:14 [info] : ::1 - - [27/Dec/2023:21:55:14 +0000] "POST /user/isVerifyUserId HTTP/1.1" 200 66 "http://localhost:4000/" "Mozilla/5.0 (Windows NT 10.0; Win64; x64) AppleWebKit/537.36 (KHTML, like Gecko) Chrome/120.0.0.0 Safari/537.36"

2023-12-28 09:28:20 [debug] : ---------------------------------S query
2023-12-28 09:28:20 [debug] : SQL : SELECT business_cd, user_uuid, user_id, user_pwd, user_nm, user_cd, user_birth, user_regno, corp_cnno, status_cd, login_fail_cnt, login_block_yn FROM TCOM0110A WHERE business_cd = 'ADM' and user_cd = 'IND' and user_id = 'Lkgf03g' and (status_cd not in ('90') || status_cd is null)
2023-12-28 09:28:20 [debug] : ROWS : 
2023-12-28 09:28:20 [debug] : 1---------------------------------E query


2023-12-28 09:28:20 [error] : passport isAuth  : true
2023-12-28 09:28:20 [debug] : ---------------------------------S query
2023-12-28 09:28:20 [debug] : SQL : UPDATE TCOM0110A SET login_fail_cnt = 0
                                            , login_block_yn = 'N'
                         WHERE business_cd = 'ADM' and user_cd = 'IND' and user_id = 'Lkgf03g' and (status_cd not in ('90') || status_cd is null)
2023-12-28 09:28:20 [debug] : ROWS : 
2023-12-28 09:28:20 [debug] : 1---------------------------------E query


2023-12-28 09:28:20 [debug] : {
   "business_cd": "ADM",
   "user_uuid": "8cd7e11d53a441169f638f18b0aac029",
   "user_id": "Lkgf03g",
   "user_pwd": "$2a$10$RYqhgOTL.klk2Do7wakTDeWk6waGw7fmOFw9ZpCFIt1ljuC30PvQu",
   "user_nm": "윤자영",
   "user_cd": "IND",
   "user_birth": "",
   "user_regno": "",
   "corp_cnno": "",
   "status_cd": "30",
   "login_fail_cnt": 0,
   "login_block_yn": "N"
}
2023-12-28 09:28:20 [info] : ::1 - - [28/Dec/2023:00:28:20 +0000] "POST /auth/signin HTTP/1.1" 200 556 "http://localhost:4000/" "Mozilla/5.0 (Windows NT 10.0; Win64; x64) AppleWebKit/537.36 (KHTML, like Gecko) Chrome/120.0.0.0 Safari/537.36"

2023-12-28 09:28:28 [debug] : ---------------------------------S query
2023-12-28 09:28:28 [debug] : SQL : SELECT grp_cd, dtl_cd as value, dtl_nm as title, description as rmk FROM TCOM0011A
2023-12-28 09:28:28 [debug] : ROWS : 
2023-12-28 09:28:28 [debug] : 1---------------------------------E query


2023-12-28 09:28:28 [info] : ::1 - - [28/Dec/2023:00:28:28 +0000] "POST /COMMON/code/all HTTP/1.1" 200 9008 "http://localhost:4000/" "Mozilla/5.0 (Windows NT 10.0; Win64; x64) AppleWebKit/537.36 (KHTML, like Gecko) Chrome/120.0.0.0 Safari/537.36"

2023-12-28 09:28:28 [debug] : ---------------------------------S query
2023-12-28 09:28:28 [debug] : SQL : SELECT grp_cd, dtl_cd as value, dtl_nm as title, description as rmk FROM TCOM0011A
2023-12-28 09:28:28 [debug] : ROWS : 
2023-12-28 09:28:28 [debug] : 1---------------------------------E query


2023-12-28 09:28:28 [info] : ::1 - - [28/Dec/2023:00:28:28 +0000] "POST /COMMON/code/all HTTP/1.1" 200 9008 "http://localhost:4000/" "Mozilla/5.0 (Windows NT 10.0; Win64; x64) AppleWebKit/537.36 (KHTML, like Gecko) Chrome/120.0.0.0 Safari/537.36"

2023-12-28 09:28:28 [debug] : ---------------------------------S query
2023-12-28 09:28:28 [debug] : SQL : SELECT grp_cd, dtl_cd as value, dtl_nm as title, description as rmk FROM TCOM0011A
2023-12-28 09:28:28 [debug] : ROWS : 
2023-12-28 09:28:28 [debug] : 1---------------------------------E query


2023-12-28 09:28:28 [info] : ::1 - - [28/Dec/2023:00:28:28 +0000] "POST /COMMON/code/all HTTP/1.1" 200 9008 "http://localhost:4000/" "Mozilla/5.0 (Windows NT 10.0; Win64; x64) AppleWebKit/537.36 (KHTML, like Gecko) Chrome/120.0.0.0 Safari/537.36"

2023-12-28 09:28:28 [debug] : ---------------------------------S query
2023-12-28 09:28:28 [debug] : SQL : SELECT grp_cd, dtl_cd as value, dtl_nm as title, description as rmk FROM TCOM0011A
2023-12-28 09:28:28 [debug] : ROWS : 
2023-12-28 09:28:28 [debug] : 1---------------------------------E query


2023-12-28 09:28:28 [info] : ::1 - - [28/Dec/2023:00:28:28 +0000] "POST /COMMON/code/all HTTP/1.1" 200 9008 "http://localhost:4000/" "Mozilla/5.0 (Windows NT 10.0; Win64; x64) AppleWebKit/537.36 (KHTML, like Gecko) Chrome/120.0.0.0 Safari/537.36"

2023-12-28 09:28:28 [debug] : ---------------------------------S query
2023-12-28 09:28:28 [debug] : SQL : SELECT grp_cd, dtl_cd as value, dtl_nm as title, description as rmk FROM TCOM0011A
2023-12-28 09:28:28 [debug] : ROWS : 
2023-12-28 09:28:28 [debug] : 1---------------------------------E query


2023-12-28 09:28:28 [info] : ::1 - - [28/Dec/2023:00:28:28 +0000] "POST /COMMON/code/all HTTP/1.1" 200 9008 "http://localhost:4000/" "Mozilla/5.0 (Windows NT 10.0; Win64; x64) AppleWebKit/537.36 (KHTML, like Gecko) Chrome/120.0.0.0 Safari/537.36"

2023-12-28 09:28:28 [debug] : ---------------------------------S query
2023-12-28 09:28:28 [debug] : SQL : SELECT grp_cd, dtl_cd as value, dtl_nm as title, description as rmk FROM TCOM0011A
2023-12-28 09:28:28 [debug] : ROWS : 
2023-12-28 09:28:28 [debug] : 1---------------------------------E query


2023-12-28 09:28:28 [info] : ::1 - - [28/Dec/2023:00:28:28 +0000] "POST /COMMON/code/all HTTP/1.1" 200 9008 "http://localhost:4000/" "Mozilla/5.0 (Windows NT 10.0; Win64; x64) AppleWebKit/537.36 (KHTML, like Gecko) Chrome/120.0.0.0 Safari/537.36"

2023-12-28 09:28:28 [debug] : ---------------------------------S query
2023-12-28 09:28:28 [debug] : SQL : SELECT grp_cd, dtl_cd as value, dtl_nm as title, description as rmk FROM TCOM0011A
2023-12-28 09:28:28 [debug] : ROWS : 
2023-12-28 09:28:28 [debug] : 1---------------------------------E query


2023-12-28 09:28:28 [info] : ::1 - - [28/Dec/2023:00:28:28 +0000] "POST /COMMON/code/all HTTP/1.1" 200 9008 "http://localhost:4000/" "Mozilla/5.0 (Windows NT 10.0; Win64; x64) AppleWebKit/537.36 (KHTML, like Gecko) Chrome/120.0.0.0 Safari/537.36"

2023-12-28 09:28:28 [debug] : ---------------------------------S query
2023-12-28 09:28:28 [debug] : SQL : SELECT grp_cd, dtl_cd as value, dtl_nm as title, description as rmk FROM TCOM0011A
2023-12-28 09:28:28 [debug] : ROWS : 
2023-12-28 09:28:28 [debug] : 1---------------------------------E query


2023-12-28 09:28:28 [info] : ::1 - - [28/Dec/2023:00:28:28 +0000] "POST /COMMON/code/all HTTP/1.1" 200 9008 "http://localhost:4000/" "Mozilla/5.0 (Windows NT 10.0; Win64; x64) AppleWebKit/537.36 (KHTML, like Gecko) Chrome/120.0.0.0 Safari/537.36"

2023-12-28 09:28:28 [debug] : ---------------------------------S query
2023-12-28 09:28:28 [debug] : SQL : SELECT grp_cd, dtl_cd as value, dtl_nm as title, description as rmk FROM TCOM0011A
2023-12-28 09:28:28 [debug] : ROWS : 
2023-12-28 09:28:28 [debug] : 1---------------------------------E query


2023-12-28 09:28:28 [info] : ::1 - - [28/Dec/2023:00:28:28 +0000] "POST /COMMON/code/all HTTP/1.1" 200 9008 "http://localhost:4000/" "Mozilla/5.0 (Windows NT 10.0; Win64; x64) AppleWebKit/537.36 (KHTML, like Gecko) Chrome/120.0.0.0 Safari/537.36"

2023-12-28 09:28:28 [debug] : ---------------------------------S query
2023-12-28 09:28:28 [debug] : SQL : SELECT grp_cd, dtl_cd as value, dtl_nm as title, description as rmk FROM TCOM0011A
2023-12-28 09:28:28 [debug] : ROWS : 
2023-12-28 09:28:28 [debug] : 1---------------------------------E query


2023-12-28 09:28:28 [info] : ::1 - - [28/Dec/2023:00:28:28 +0000] "POST /COMMON/code/all HTTP/1.1" 200 9008 "http://localhost:4000/" "Mozilla/5.0 (Windows NT 10.0; Win64; x64) AppleWebKit/537.36 (KHTML, like Gecko) Chrome/120.0.0.0 Safari/537.36"

2023-12-28 09:28:28 [debug] : ---------------------------------S query
2023-12-28 09:28:28 [debug] : SQL : SELECT grp_cd, dtl_cd as value, dtl_nm as title, description as rmk FROM TCOM0011A
2023-12-28 09:28:28 [debug] : ROWS : 
2023-12-28 09:28:28 [debug] : 1---------------------------------E query


2023-12-28 09:28:28 [info] : ::1 - - [28/Dec/2023:00:28:28 +0000] "POST /COMMON/code/all HTTP/1.1" 200 9008 "http://localhost:4000/" "Mozilla/5.0 (Windows NT 10.0; Win64; x64) AppleWebKit/537.36 (KHTML, like Gecko) Chrome/120.0.0.0 Safari/537.36"

2023-12-28 09:28:28 [debug] : {
   "method": "raw",
   "sql": "\n      /* AdminMapper.SELECT_STOCK_START_DT_LIST */    \n      select date_format(start_dt, '%Y-%m-%d') as start_dt\n           , business_cd\n        from tcom0112a\n       where use_yn = 'Y';\n      ",
   "bindings": [],
   "options": {},
   "__knexQueryUid": "NCIpgT3aV5xlQStcxA74F"
}
2023-12-28 09:28:28 [info] : ::1 - - [28/Dec/2023:00:28:28 +0000] "POST /ADM/COM/getStockStartDtInfo HTTP/1.1" 200 163 "http://localhost:4000/" "Mozilla/5.0 (Windows NT 10.0; Win64; x64) AppleWebKit/537.36 (KHTML, like Gecko) Chrome/120.0.0.0 Safari/537.36"

2023-12-28 09:28:28 [debug] : ---------------------------------S query
2023-12-28 09:28:28 [debug] : SQL : SELECT grp_cd, dtl_cd as value, dtl_nm as title, description as rmk FROM TCOM0011A
2023-12-28 09:28:28 [debug] : ROWS : 
2023-12-28 09:28:28 [debug] : 1---------------------------------E query


2023-12-28 09:28:28 [info] : ::1 - - [28/Dec/2023:00:28:28 +0000] "POST /COMMON/code/all HTTP/1.1" 200 9008 "http://localhost:4000/" "Mozilla/5.0 (Windows NT 10.0; Win64; x64) AppleWebKit/537.36 (KHTML, like Gecko) Chrome/120.0.0.0 Safari/537.36"

2023-12-28 09:28:28 [debug] : ---------------------------------S query
2023-12-28 09:28:28 [debug] : SQL : SELECT grp_cd, dtl_cd as value, dtl_nm as title, description as rmk FROM TCOM0011A
2023-12-28 09:28:28 [debug] : ROWS : 
2023-12-28 09:28:28 [debug] : 1---------------------------------E query


2023-12-28 09:28:28 [info] : ::1 - - [28/Dec/2023:00:28:28 +0000] "POST /COMMON/code/all HTTP/1.1" 200 9008 "http://localhost:4000/" "Mozilla/5.0 (Windows NT 10.0; Win64; x64) AppleWebKit/537.36 (KHTML, like Gecko) Chrome/120.0.0.0 Safari/537.36"

2023-12-28 09:28:28 [debug] : ---------------------------------S query
2023-12-28 09:28:28 [debug] : SQL : SELECT grp_cd, dtl_cd as value, dtl_nm as title, description as rmk FROM TCOM0011A
2023-12-28 09:28:28 [debug] : ROWS : 
2023-12-28 09:28:28 [debug] : 1---------------------------------E query


2023-12-28 09:28:28 [info] : ::1 - - [28/Dec/2023:00:28:28 +0000] "POST /COMMON/code/all HTTP/1.1" 200 9008 "http://localhost:4000/" "Mozilla/5.0 (Windows NT 10.0; Win64; x64) AppleWebKit/537.36 (KHTML, like Gecko) Chrome/120.0.0.0 Safari/537.36"

2023-12-28 09:28:28 [debug] : ---------------------------------S query
2023-12-28 09:28:28 [debug] : SQL : SELECT grp_cd, dtl_cd as value, dtl_nm as title, description as rmk FROM TCOM0011A
2023-12-28 09:28:28 [debug] : ROWS : 
2023-12-28 09:28:28 [debug] : 1---------------------------------E query


2023-12-28 09:28:28 [info] : ::1 - - [28/Dec/2023:00:28:28 +0000] "POST /COMMON/code/all HTTP/1.1" 200 9008 "http://localhost:4000/" "Mozilla/5.0 (Windows NT 10.0; Win64; x64) AppleWebKit/537.36 (KHTML, like Gecko) Chrome/120.0.0.0 Safari/537.36"

2023-12-28 09:28:28 [debug] : ---------------------------------S query
2023-12-28 09:28:28 [debug] : SQL : SELECT grp_cd, dtl_cd as value, dtl_nm as title, description as rmk FROM TCOM0011A
2023-12-28 09:28:28 [debug] : ROWS : 
2023-12-28 09:28:28 [debug] : 1---------------------------------E query


2023-12-28 09:28:28 [info] : ::1 - - [28/Dec/2023:00:28:28 +0000] "POST /COMMON/code/all HTTP/1.1" 200 9008 "http://localhost:4000/" "Mozilla/5.0 (Windows NT 10.0; Win64; x64) AppleWebKit/537.36 (KHTML, like Gecko) Chrome/120.0.0.0 Safari/537.36"

2023-12-28 09:28:28 [debug] : ---------------------------------S query
2023-12-28 09:28:28 [debug] : SQL : SELECT grp_cd, dtl_cd as value, dtl_nm as title, description as rmk FROM TCOM0011A
2023-12-28 09:28:28 [debug] : ROWS : 
2023-12-28 09:28:28 [debug] : 1---------------------------------E query


2023-12-28 09:28:28 [info] : ::1 - - [28/Dec/2023:00:28:28 +0000] "POST /COMMON/code/all HTTP/1.1" 200 9008 "http://localhost:4000/" "Mozilla/5.0 (Windows NT 10.0; Win64; x64) AppleWebKit/537.36 (KHTML, like Gecko) Chrome/120.0.0.0 Safari/537.36"

2023-12-28 09:28:28 [debug] : {
   "method": "raw",
   "sql": "\n      /* AdminMapper.SELECT_STOCK_START_DT_LIST */    \n      select date_format(start_dt, '%Y-%m-%d') as start_dt\n           , business_cd\n        from tcom0112a\n       where use_yn = 'Y';\n      ",
   "bindings": [],
   "options": {},
   "__knexQueryUid": "A78L1qJ8MCMw1o6Qfid8-"
}
2023-12-28 09:28:28 [info] : ::1 - - [28/Dec/2023:00:28:28 +0000] "POST /ADM/COM/getStockStartDtInfo HTTP/1.1" 200 163 "http://localhost:4000/" "Mozilla/5.0 (Windows NT 10.0; Win64; x64) AppleWebKit/537.36 (KHTML, like Gecko) Chrome/120.0.0.0 Safari/537.36"

2023-12-28 09:28:29 [info] : ::1 - - [28/Dec/2023:00:28:29 +0000] "POST /ADM/PAT/gets HTTP/1.1" 500 1646 "http://localhost:4000/" "Mozilla/5.0 (Windows NT 10.0; Win64; x64) AppleWebKit/537.36 (KHTML, like Gecko) Chrome/120.0.0.0 Safari/537.36"

2023-12-28 09:29:13 [info] : Server off
