2023-12-29 12:07:43 [info] : Server on port 3000 | run
2023-12-29 12:07:48 [info] : Server off
2023-12-29 12:10:43 [info] : Server on port 3000 | run
2023-12-29 12:27:42 [debug] : ---------------------------------S query
2023-12-29 12:27:42 [debug] : SQL : SELECT business_cd, user_uuid, user_id, user_pwd, user_nm, user_cd, user_birth, user_regno, corp_cnno, status_cd, login_fail_cnt, login_block_yn FROM TCOM0110A WHERE business_cd = 'ADM' and user_cd = 'IND' and user_id = 'shyoon' and (status_cd not in ('90') || status_cd is null)
2023-12-29 12:27:42 [debug] : ROWS : 
2023-12-29 12:27:42 [debug] : 1---------------------------------E query


2023-12-29 12:27:42 [error] : passport isAuth  : true
2023-12-29 12:27:42 [debug] : ---------------------------------S query
2023-12-29 12:27:42 [debug] : SQL : UPDATE TCOM0110A SET login_fail_cnt = 0
                                            , login_block_yn = 'N'
                         WHERE business_cd = 'ADM' and user_cd = 'IND' and user_id = 'shyoon' and (status_cd not in ('90') || status_cd is null)
2023-12-29 12:27:42 [debug] : ROWS : 
2023-12-29 12:27:42 [debug] : 1---------------------------------E query


2023-12-29 12:27:42 [debug] : {
   "business_cd": "ADM",
   "user_uuid": "8cd7e11d53a441169f638f18b0aac111",
   "user_id": "shyoon",
   "user_pwd": "$2y$10$6EMaW47BSZ.5HY4hNJIFuO74ClobOxIsX7yy79Uu/DzEi/mhdgKtO",
   "user_nm": "윤수현",
   "user_cd": "IND",
   "user_birth": null,
   "user_regno": null,
   "corp_cnno": null,
   "status_cd": "30",
   "login_fail_cnt": 0,
   "login_block_yn": "N"
}
2023-12-29 12:27:42 [info] : ::1 - - [29/Dec/2023:03:27:42 +0000] "POST /auth/signin HTTP/1.1" 200 555 "http://localhost:4000/" "Mozilla/5.0 (Windows NT 10.0; Win64; x64) AppleWebKit/537.36 (KHTML, like Gecko) Chrome/120.0.0.0 Safari/537.36"

2023-12-29 12:27:46 [debug] : ---------------------------------S query
2023-12-29 12:27:46 [debug] : SQL : SELECT grp_cd, dtl_cd as value, dtl_nm as title, description as rmk FROM TCOM0011A
2023-12-29 12:27:46 [debug] : ROWS : 
2023-12-29 12:27:46 [debug] : 1---------------------------------E query


2023-12-29 12:27:46 [info] : ::1 - - [29/Dec/2023:03:27:46 +0000] "POST /COMMON/code/all HTTP/1.1" 200 9008 "http://localhost:4000/" "Mozilla/5.0 (Windows NT 10.0; Win64; x64) AppleWebKit/537.36 (KHTML, like Gecko) Chrome/120.0.0.0 Safari/537.36"

2023-12-29 12:27:46 [debug] : ---------------------------------S query
2023-12-29 12:27:46 [debug] : SQL : SELECT grp_cd, dtl_cd as value, dtl_nm as title, description as rmk FROM TCOM0011A
2023-12-29 12:27:46 [debug] : ROWS : 
2023-12-29 12:27:46 [debug] : 1---------------------------------E query


2023-12-29 12:27:46 [info] : ::1 - - [29/Dec/2023:03:27:46 +0000] "POST /COMMON/code/all HTTP/1.1" 200 9008 "http://localhost:4000/" "Mozilla/5.0 (Windows NT 10.0; Win64; x64) AppleWebKit/537.36 (KHTML, like Gecko) Chrome/120.0.0.0 Safari/537.36"

2023-12-29 12:27:46 [debug] : ---------------------------------S query
2023-12-29 12:27:46 [debug] : SQL : SELECT grp_cd, dtl_cd as value, dtl_nm as title, description as rmk FROM TCOM0011A
2023-12-29 12:27:46 [debug] : ROWS : 
2023-12-29 12:27:46 [debug] : 1---------------------------------E query


2023-12-29 12:27:46 [info] : ::1 - - [29/Dec/2023:03:27:46 +0000] "POST /COMMON/code/all HTTP/1.1" 200 9008 "http://localhost:4000/" "Mozilla/5.0 (Windows NT 10.0; Win64; x64) AppleWebKit/537.36 (KHTML, like Gecko) Chrome/120.0.0.0 Safari/537.36"

2023-12-29 12:27:46 [debug] : ---------------------------------S query
2023-12-29 12:27:46 [debug] : SQL : SELECT grp_cd, dtl_cd as value, dtl_nm as title, description as rmk FROM TCOM0011A
2023-12-29 12:27:46 [debug] : ROWS : 
2023-12-29 12:27:46 [debug] : 1---------------------------------E query


2023-12-29 12:27:46 [info] : ::1 - - [29/Dec/2023:03:27:46 +0000] "POST /COMMON/code/all HTTP/1.1" 200 9008 "http://localhost:4000/" "Mozilla/5.0 (Windows NT 10.0; Win64; x64) AppleWebKit/537.36 (KHTML, like Gecko) Chrome/120.0.0.0 Safari/537.36"

2023-12-29 12:27:46 [debug] : ---------------------------------S query
2023-12-29 12:27:46 [debug] : SQL : SELECT grp_cd, dtl_cd as value, dtl_nm as title, description as rmk FROM TCOM0011A
2023-12-29 12:27:46 [debug] : ROWS : 
2023-12-29 12:27:46 [debug] : 1---------------------------------E query


2023-12-29 12:27:46 [info] : ::1 - - [29/Dec/2023:03:27:46 +0000] "POST /COMMON/code/all HTTP/1.1" 200 9008 "http://localhost:4000/" "Mozilla/5.0 (Windows NT 10.0; Win64; x64) AppleWebKit/537.36 (KHTML, like Gecko) Chrome/120.0.0.0 Safari/537.36"

2023-12-29 12:27:46 [debug] : ---------------------------------S query
2023-12-29 12:27:46 [debug] : SQL : SELECT grp_cd, dtl_cd as value, dtl_nm as title, description as rmk FROM TCOM0011A
2023-12-29 12:27:46 [debug] : ROWS : 
2023-12-29 12:27:46 [debug] : 1---------------------------------E query


2023-12-29 12:27:46 [info] : ::1 - - [29/Dec/2023:03:27:46 +0000] "POST /COMMON/code/all HTTP/1.1" 200 9008 "http://localhost:4000/" "Mozilla/5.0 (Windows NT 10.0; Win64; x64) AppleWebKit/537.36 (KHTML, like Gecko) Chrome/120.0.0.0 Safari/537.36"

2023-12-29 12:27:46 [debug] : ---------------------------------S query
2023-12-29 12:27:46 [debug] : SQL : SELECT grp_cd, dtl_cd as value, dtl_nm as title, description as rmk FROM TCOM0011A
2023-12-29 12:27:46 [debug] : ROWS : 
2023-12-29 12:27:46 [debug] : 1---------------------------------E query


2023-12-29 12:27:46 [info] : ::1 - - [29/Dec/2023:03:27:46 +0000] "POST /COMMON/code/all HTTP/1.1" 200 9008 "http://localhost:4000/" "Mozilla/5.0 (Windows NT 10.0; Win64; x64) AppleWebKit/537.36 (KHTML, like Gecko) Chrome/120.0.0.0 Safari/537.36"

2023-12-29 12:27:46 [debug] : ---------------------------------S query
2023-12-29 12:27:46 [debug] : SQL : SELECT grp_cd, dtl_cd as value, dtl_nm as title, description as rmk FROM TCOM0011A
2023-12-29 12:27:46 [debug] : ROWS : 
2023-12-29 12:27:46 [debug] : 1---------------------------------E query


2023-12-29 12:27:46 [info] : ::1 - - [29/Dec/2023:03:27:46 +0000] "POST /COMMON/code/all HTTP/1.1" 200 9008 "http://localhost:4000/" "Mozilla/5.0 (Windows NT 10.0; Win64; x64) AppleWebKit/537.36 (KHTML, like Gecko) Chrome/120.0.0.0 Safari/537.36"

2023-12-29 12:27:46 [debug] : ---------------------------------S query
2023-12-29 12:27:46 [debug] : SQL : SELECT grp_cd, dtl_cd as value, dtl_nm as title, description as rmk FROM TCOM0011A
2023-12-29 12:27:46 [debug] : ROWS : 
2023-12-29 12:27:46 [debug] : 1---------------------------------E query


2023-12-29 12:27:46 [info] : ::1 - - [29/Dec/2023:03:27:46 +0000] "POST /COMMON/code/all HTTP/1.1" 200 9008 "http://localhost:4000/" "Mozilla/5.0 (Windows NT 10.0; Win64; x64) AppleWebKit/537.36 (KHTML, like Gecko) Chrome/120.0.0.0 Safari/537.36"

2023-12-29 12:27:46 [debug] : ---------------------------------S query
2023-12-29 12:27:46 [debug] : SQL : SELECT grp_cd, dtl_cd as value, dtl_nm as title, description as rmk FROM TCOM0011A
2023-12-29 12:27:46 [debug] : ROWS : 
2023-12-29 12:27:46 [debug] : 1---------------------------------E query


2023-12-29 12:27:46 [info] : ::1 - - [29/Dec/2023:03:27:46 +0000] "POST /COMMON/code/all HTTP/1.1" 200 9008 "http://localhost:4000/" "Mozilla/5.0 (Windows NT 10.0; Win64; x64) AppleWebKit/537.36 (KHTML, like Gecko) Chrome/120.0.0.0 Safari/537.36"

2023-12-29 12:27:46 [debug] : ---------------------------------S query
2023-12-29 12:27:46 [debug] : SQL : SELECT grp_cd, dtl_cd as value, dtl_nm as title, description as rmk FROM TCOM0011A
2023-12-29 12:27:46 [debug] : ROWS : 
2023-12-29 12:27:46 [debug] : 1---------------------------------E query


2023-12-29 12:27:46 [info] : ::1 - - [29/Dec/2023:03:27:46 +0000] "POST /COMMON/code/all HTTP/1.1" 200 9008 "http://localhost:4000/" "Mozilla/5.0 (Windows NT 10.0; Win64; x64) AppleWebKit/537.36 (KHTML, like Gecko) Chrome/120.0.0.0 Safari/537.36"

2023-12-29 12:27:46 [debug] : {
   "method": "raw",
   "sql": "\n      /* AdminMapper.SELECT_STOCK_START_DT_LIST */    \n      select date_format(start_dt, '%Y-%m-%d') as start_dt\n           , business_cd\n        from tcom0112a\n       where use_yn = 'Y';\n      ",
   "bindings": [],
   "options": {},
   "__knexQueryUid": "5EsCCo6xhVlqHj2a6fKSw"
}
2023-12-29 12:27:46 [info] : ::1 - - [29/Dec/2023:03:27:46 +0000] "POST /ADM/COM/getStockStartDtInfo HTTP/1.1" 200 163 "http://localhost:4000/" "Mozilla/5.0 (Windows NT 10.0; Win64; x64) AppleWebKit/537.36 (KHTML, like Gecko) Chrome/120.0.0.0 Safari/537.36"

2023-12-29 12:27:47 [debug] : ---------------------------------S query
2023-12-29 12:27:47 [debug] : SQL : SELECT grp_cd, dtl_cd as value, dtl_nm as title, description as rmk FROM TCOM0011A
2023-12-29 12:27:47 [debug] : ROWS : 
2023-12-29 12:27:47 [debug] : 1---------------------------------E query


2023-12-29 12:27:47 [info] : ::1 - - [29/Dec/2023:03:27:47 +0000] "POST /COMMON/code/all HTTP/1.1" 200 9008 "http://localhost:4000/" "Mozilla/5.0 (Windows NT 10.0; Win64; x64) AppleWebKit/537.36 (KHTML, like Gecko) Chrome/120.0.0.0 Safari/537.36"

2023-12-29 12:27:47 [debug] : ---------------------------------S query
2023-12-29 12:27:47 [debug] : SQL : SELECT grp_cd, dtl_cd as value, dtl_nm as title, description as rmk FROM TCOM0011A
2023-12-29 12:27:47 [debug] : ROWS : 
2023-12-29 12:27:47 [debug] : 1---------------------------------E query


2023-12-29 12:27:47 [info] : ::1 - - [29/Dec/2023:03:27:47 +0000] "POST /COMMON/code/all HTTP/1.1" 200 9008 "http://localhost:4000/" "Mozilla/5.0 (Windows NT 10.0; Win64; x64) AppleWebKit/537.36 (KHTML, like Gecko) Chrome/120.0.0.0 Safari/537.36"

2023-12-29 12:27:47 [debug] : ---------------------------------S query
2023-12-29 12:27:47 [debug] : SQL : SELECT grp_cd, dtl_cd as value, dtl_nm as title, description as rmk FROM TCOM0011A
2023-12-29 12:27:47 [debug] : ROWS : 
2023-12-29 12:27:47 [debug] : 1---------------------------------E query


2023-12-29 12:27:47 [info] : ::1 - - [29/Dec/2023:03:27:47 +0000] "POST /COMMON/code/all HTTP/1.1" 200 9008 "http://localhost:4000/" "Mozilla/5.0 (Windows NT 10.0; Win64; x64) AppleWebKit/537.36 (KHTML, like Gecko) Chrome/120.0.0.0 Safari/537.36"

2023-12-29 12:27:47 [debug] : ---------------------------------S query
2023-12-29 12:27:47 [debug] : SQL : SELECT grp_cd, dtl_cd as value, dtl_nm as title, description as rmk FROM TCOM0011A
2023-12-29 12:27:47 [debug] : ROWS : 
2023-12-29 12:27:47 [debug] : 1---------------------------------E query


2023-12-29 12:27:47 [info] : ::1 - - [29/Dec/2023:03:27:47 +0000] "POST /COMMON/code/all HTTP/1.1" 200 9008 "http://localhost:4000/" "Mozilla/5.0 (Windows NT 10.0; Win64; x64) AppleWebKit/537.36 (KHTML, like Gecko) Chrome/120.0.0.0 Safari/537.36"

2023-12-29 12:27:47 [debug] : ---------------------------------S query
2023-12-29 12:27:47 [debug] : SQL : SELECT grp_cd, dtl_cd as value, dtl_nm as title, description as rmk FROM TCOM0011A
2023-12-29 12:27:47 [debug] : ROWS : 
2023-12-29 12:27:47 [debug] : 1---------------------------------E query


2023-12-29 12:27:47 [info] : ::1 - - [29/Dec/2023:03:27:47 +0000] "POST /COMMON/code/all HTTP/1.1" 200 9008 "http://localhost:4000/" "Mozilla/5.0 (Windows NT 10.0; Win64; x64) AppleWebKit/537.36 (KHTML, like Gecko) Chrome/120.0.0.0 Safari/537.36"

2023-12-29 12:27:47 [debug] : ---------------------------------S query
2023-12-29 12:27:47 [debug] : SQL : SELECT grp_cd, dtl_cd as value, dtl_nm as title, description as rmk FROM TCOM0011A
2023-12-29 12:27:47 [debug] : ROWS : 
2023-12-29 12:27:47 [debug] : 1---------------------------------E query


2023-12-29 12:27:47 [info] : ::1 - - [29/Dec/2023:03:27:47 +0000] "POST /COMMON/code/all HTTP/1.1" 200 9008 "http://localhost:4000/" "Mozilla/5.0 (Windows NT 10.0; Win64; x64) AppleWebKit/537.36 (KHTML, like Gecko) Chrome/120.0.0.0 Safari/537.36"

2023-12-29 12:27:47 [debug] : {
   "method": "raw",
   "sql": "\n      /* AdminMapper.SELECT_STOCK_START_DT_LIST */    \n      select date_format(start_dt, '%Y-%m-%d') as start_dt\n           , business_cd\n        from tcom0112a\n       where use_yn = 'Y';\n      ",
   "bindings": [],
   "options": {},
   "__knexQueryUid": "sh4M2Z-bX17yMekapZEPP"
}
2023-12-29 12:27:47 [info] : ::1 - - [29/Dec/2023:03:27:47 +0000] "POST /ADM/COM/getStockStartDtInfo HTTP/1.1" 200 163 "http://localhost:4000/" "Mozilla/5.0 (Windows NT 10.0; Win64; x64) AppleWebKit/537.36 (KHTML, like Gecko) Chrome/120.0.0.0 Safari/537.36"

2023-12-29 12:27:54 [info] : {
   "business_cd": "PAT",
   "insr_year": "2024",
   "status_cd": "%",
   "user_cd": "JNT",
   "user_nm": ""
}
2023-12-29 12:27:54 [debug] : ---------------------------------S query
2023-12-29 12:27:54 [debug] : SQL : SELECT A.insurance_uuid
    , A.business_cd
    , A.user_cd
    , A.user_uuid
    , A.user_nm
    , A.user_id
    , A.user_regno
    , A.corp_cnno
    , A.insr_year
    , A.insr_st_dt
    , A.insr_cncls_dt
    , A.insr_tot_amt
    , A.insr_tot_paid_amt
    , A.insr_tot_unpaid_amt
    , A.status_cd
    , B.insurance_no
    , B.insr_st_dt as base_insr_st_dt
    , B.insr_cncls_dt as base_insr_cncls_dt
    , FN_GET_CODENM('COM002', A.user_cd) AS user_cd_nm
    , FN_GET_CODENM('COM030', A.status_cd) AS status_nm
    , FN_GET_CODENM('ADV001', A.corp_region_cd) AS corp_region_nm
    FROM TPAT0030A A
    LEFT JOIN TCOM0030A B
  ON A.insr_year = B.base_year 
  AND A.user_cd = B.user_cd 
  AND A.business_cd = B.business_cd
  WHERE  A.business_cd =  'PAT'
  AND ('JNT' = '%' or A.user_cd = 'JNT')
  AND ('2024' = '%' or A.insr_year = '2024')
  AND ('%' = '%' or A.status_cd = '%')
  AND ((A.user_nm like CONCAT('%', '', '%')) OR a.cbr_data like CONCAT('%', '', '%') )
  ORDER  BY A.created_at DESC 
  
2023-12-29 12:27:54 [debug] : ROWS : 
2023-12-29 12:27:54 [debug] : 1---------------------------------E query


2023-12-29 12:27:54 [info] : ::1 - - [29/Dec/2023:03:27:54 +0000] "POST /ADM/PAT/gets HTTP/1.1" 200 13843 "http://localhost:4000/" "Mozilla/5.0 (Windows NT 10.0; Win64; x64) AppleWebKit/537.36 (KHTML, like Gecko) Chrome/120.0.0.0 Safari/537.36"

2023-12-29 12:27:59 [debug] : ---------------------------------S query
2023-12-29 12:27:59 [debug] : SQL : SELECT grp_cd, dtl_cd as value, dtl_nm as title, description as rmk FROM TCOM0011A
2023-12-29 12:27:59 [debug] : ROWS : 
2023-12-29 12:27:59 [debug] : 1---------------------------------E query


2023-12-29 12:27:59 [info] : ::1 - - [29/Dec/2023:03:27:59 +0000] "POST /COMMON/code/all HTTP/1.1" 200 9008 "http://localhost:4000/" "Mozilla/5.0 (Windows NT 10.0; Win64; x64) AppleWebKit/537.36 (KHTML, like Gecko) Chrome/120.0.0.0 Safari/537.36"

2023-12-29 12:27:59 [debug] : ---------------------------------S query
2023-12-29 12:27:59 [debug] : SQL : SELECT grp_cd, dtl_cd as value, dtl_nm as title, description as rmk FROM TCOM0011A
2023-12-29 12:27:59 [debug] : ROWS : 
2023-12-29 12:27:59 [debug] : 1---------------------------------E query


2023-12-29 12:27:59 [info] : ::1 - - [29/Dec/2023:03:27:59 +0000] "POST /COMMON/code/all HTTP/1.1" 200 9008 "http://localhost:4000/" "Mozilla/5.0 (Windows NT 10.0; Win64; x64) AppleWebKit/537.36 (KHTML, like Gecko) Chrome/120.0.0.0 Safari/537.36"

2023-12-29 12:28:00 [debug] : ---------------------------------S query
2023-12-29 12:28:00 [debug] : SQL : SELECT grp_cd, dtl_cd as value, dtl_nm as title, description as rmk FROM TCOM0011A
2023-12-29 12:28:00 [debug] : ROWS : 
2023-12-29 12:28:00 [debug] : 1---------------------------------E query


2023-12-29 12:28:00 [info] : ::1 - - [29/Dec/2023:03:28:00 +0000] "POST /COMMON/code/all HTTP/1.1" 200 9008 "http://localhost:4000/" "Mozilla/5.0 (Windows NT 10.0; Win64; x64) AppleWebKit/537.36 (KHTML, like Gecko) Chrome/120.0.0.0 Safari/537.36"

2023-12-29 12:28:00 [debug] : ---------------------------------S query
2023-12-29 12:28:00 [debug] : SQL : SELECT grp_cd, dtl_cd as value, dtl_nm as title, description as rmk FROM TCOM0011A
2023-12-29 12:28:00 [debug] : ROWS : 
2023-12-29 12:28:00 [debug] : 1---------------------------------E query


2023-12-29 12:28:00 [info] : ::1 - - [29/Dec/2023:03:28:00 +0000] "POST /COMMON/code/all HTTP/1.1" 200 9008 "http://localhost:4000/" "Mozilla/5.0 (Windows NT 10.0; Win64; x64) AppleWebKit/537.36 (KHTML, like Gecko) Chrome/120.0.0.0 Safari/537.36"

2023-12-29 12:28:00 [debug] : ---------------------------------S query
2023-12-29 12:28:00 [debug] : SQL : SELECT grp_cd, dtl_cd as value, dtl_nm as title, description as rmk FROM TCOM0011A
2023-12-29 12:28:00 [debug] : ROWS : 
2023-12-29 12:28:00 [debug] : 1---------------------------------E query


2023-12-29 12:28:00 [info] : ::1 - - [29/Dec/2023:03:28:00 +0000] "POST /COMMON/code/all HTTP/1.1" 200 9008 "http://localhost:4000/" "Mozilla/5.0 (Windows NT 10.0; Win64; x64) AppleWebKit/537.36 (KHTML, like Gecko) Chrome/120.0.0.0 Safari/537.36"

2023-12-29 12:28:00 [debug] : ---------------------------------S query
2023-12-29 12:28:00 [debug] : SQL : SELECT grp_cd, dtl_cd as value, dtl_nm as title, description as rmk FROM TCOM0011A
2023-12-29 12:28:00 [debug] : ROWS : 
2023-12-29 12:28:00 [debug] : 1---------------------------------E query


2023-12-29 12:28:00 [info] : ::1 - - [29/Dec/2023:03:28:00 +0000] "POST /COMMON/code/all HTTP/1.1" 200 9008 "http://localhost:4000/" "Mozilla/5.0 (Windows NT 10.0; Win64; x64) AppleWebKit/537.36 (KHTML, like Gecko) Chrome/120.0.0.0 Safari/537.36"

2023-12-29 12:28:00 [debug] : ---------------------------------S query
2023-12-29 12:28:00 [debug] : SQL : SELECT grp_cd, dtl_cd as value, dtl_nm as title, description as rmk FROM TCOM0011A
2023-12-29 12:28:00 [debug] : ROWS : 
2023-12-29 12:28:00 [debug] : 1---------------------------------E query


2023-12-29 12:28:00 [info] : ::1 - - [29/Dec/2023:03:28:00 +0000] "POST /COMMON/code/all HTTP/1.1" 200 9008 "http://localhost:4000/" "Mozilla/5.0 (Windows NT 10.0; Win64; x64) AppleWebKit/537.36 (KHTML, like Gecko) Chrome/120.0.0.0 Safari/537.36"

2023-12-29 12:28:00 [debug] : ---------------------------------S query
2023-12-29 12:28:00 [debug] : SQL : SELECT grp_cd, dtl_cd as value, dtl_nm as title, description as rmk FROM TCOM0011A
2023-12-29 12:28:00 [debug] : ROWS : 
2023-12-29 12:28:00 [debug] : 1---------------------------------E query


2023-12-29 12:28:00 [info] : ::1 - - [29/Dec/2023:03:28:00 +0000] "POST /COMMON/code/all HTTP/1.1" 200 9008 "http://localhost:4000/" "Mozilla/5.0 (Windows NT 10.0; Win64; x64) AppleWebKit/537.36 (KHTML, like Gecko) Chrome/120.0.0.0 Safari/537.36"

2023-12-29 12:28:00 [debug] : ---------------------------------S query
2023-12-29 12:28:00 [debug] : SQL : SELECT grp_cd, dtl_cd as value, dtl_nm as title, description as rmk FROM TCOM0011A
2023-12-29 12:28:00 [debug] : ROWS : 
2023-12-29 12:28:00 [debug] : 1---------------------------------E query


2023-12-29 12:28:00 [info] : ::1 - - [29/Dec/2023:03:28:00 +0000] "POST /COMMON/code/all HTTP/1.1" 200 9008 "http://localhost:4000/" "Mozilla/5.0 (Windows NT 10.0; Win64; x64) AppleWebKit/537.36 (KHTML, like Gecko) Chrome/120.0.0.0 Safari/537.36"

2023-12-29 12:28:00 [debug] : ---------------------------------S query
2023-12-29 12:28:00 [debug] : SQL : SELECT grp_cd, dtl_cd as value, dtl_nm as title, description as rmk FROM TCOM0011A
2023-12-29 12:28:00 [debug] : ROWS : 
2023-12-29 12:28:00 [debug] : 1---------------------------------E query


2023-12-29 12:28:00 [info] : ::1 - - [29/Dec/2023:03:28:00 +0000] "POST /COMMON/code/all HTTP/1.1" 200 9008 "http://localhost:4000/" "Mozilla/5.0 (Windows NT 10.0; Win64; x64) AppleWebKit/537.36 (KHTML, like Gecko) Chrome/120.0.0.0 Safari/537.36"

2023-12-29 12:28:07 [info] : {
   "business_cd": "PAT",
   "insr_year": "2024",
   "user_cd": "JNT",
   "status_cd": "%",
   "user_nm": ""
}
2023-12-29 12:28:07 [debug] : ---------------------------------S query
2023-12-29 12:28:07 [debug] : SQL : 
      SELECT A.insurance_uuid
            , A.business_cd
            , A.user_cd
            , A.user_uuid
            , A.user_nm
            , A.user_id
            , A.user_regno
            , A.corp_cnno
            , A.insr_year
            , A.insr_st_dt
            , A.insr_cncls_dt
            , A.insr_tot_amt
            , A.insr_tot_paid_amt
            , A.insr_tot_unpaid_amt
            , A.status_cd
            , A.trx_data
            , B.insurance_no
            , B.insr_st_dt as base_insr_st_dt
            , B.insr_cncls_dt as base_insr_cncls_dt
            , FN_GET_CODENM('COM002', A.user_cd) AS user_cd_nm
            , FN_GET_CODENM('COM030', A.status_cd) AS status_nm
            , FN_GET_CODENM('ADV001', A.corp_region_cd) AS corp_region_nm
            FROM   TPAT0030A A
      			LEFT JOIN TCOM0030A B
		    ON A.insr_year = B.base_year 
		    AND A.user_cd = B.user_cd 
		    AND A.business_cd = B.business_cd
        WHERE  A.business_cd = 'PAT'
         AND ('JNT' = '%' or A.user_cd = 'JNT')
         AND ('2024' = '%' or A.insr_year = '2024')
         AND ('%' = '%' or A.status_cd = '%')
         AND ((A.user_nm like CONCAT('%', '', '%')) OR a.cbr_data like CONCAT('%', '', '%') )
      ORDER  BY A.created_at DESC 
    
2023-12-29 12:28:07 [debug] : ROWS : 
2023-12-29 12:28:07 [debug] : 1---------------------------------E query


2023-12-29 12:28:07 [info] : ::1 - - [29/Dec/2023:03:28:07 +0000] "POST /ADM/PAT/TRX/get HTTP/1.1" 200 14288 "http://localhost:4000/" "Mozilla/5.0 (Windows NT 10.0; Win64; x64) AppleWebKit/537.36 (KHTML, like Gecko) Chrome/120.0.0.0 Safari/537.36"

2023-12-29 12:28:10 [debug] : ---------------------------------S query
2023-12-29 12:28:10 [debug] : SQL : 
      SELECT A.insurance_uuid
            ,A.user_uuid
            ,A.business_cd
            ,A.user_cd
            ,A.user_id
            ,A.user_nm
            ,A.user_birth
            ,A.user_regno
            ,A.corp_type
            ,A.corp_nm
            ,A.corp_ceo_nm
            ,A.corp_bnno
            ,A.corp_cnno
            ,A.corp_telno
            ,A.corp_faxno
            ,A.corp_cust_nm
            ,A.corp_cust_hpno
            ,A.corp_cust_email
            ,A.corp_post
            ,A.corp_addr
            ,A.corp_addr_dtl
            ,A.corp_region_cd
            ,A.insr_year
            ,A.insr_reg_dt
            ,A.insr_st_dt
            ,A.insr_cncls_dt
            ,A.insr_retr_yn
            ,A.insr_retr_dt
            ,A.insr_take_amt
            ,A.insr_take_sec
            ,A.insr_clm_lt_amt
            ,A.insr_year_clm_lt_amt
            ,A.insr_psnl_brdn_amt
            ,A.insr_program_yn
            ,A.insr_program
            ,A.insr_service
            ,A.insr_sale_year
            ,A.insr_sale_rt
            ,A.insr_pcnt_sale_rt
            ,A.insr_base_amt
            ,A.insr_amt
            ,A.insr_tot_amt
            ,A.insr_tot_paid_amt
            ,A.insr_tot_unpaid_amt
            ,A.spct_join_yn
            ,A.spct_data
            ,A.cbr_data
            ,A.cbr_cnt
            ,A.trx_data
            ,A.active_yn
            ,A.agr10_yn
            ,A.agr20_yn
            ,A.agr30_yn
            ,A.agr31_yn
            ,A.agr32_yn
            ,A.agr33_yn
            ,A.agr34_yn
            ,A.agr40_yn
            ,A.agr41_yn
            ,A.agr50_yn
            ,A.status_cd
            ,A.rmk
            ,A.change_rmk
            ,A.change_dt
            ,FN_GET_CODENM('COM030', A.status_cd) AS status_nm
            ,FN_GET_CODENM('ADV001', A.corp_region_cd) AS corp_region_nm
            ,B.insr_st_dt as base_insr_st_dt
            ,B.insr_cncls_dt as base_insr_cncls_dt
            ,B.insurance_no
      FROM   TPAT0030A A    
      			LEFT JOIN TCOM0030A B
		    ON A.insr_year = B.base_year 
		    AND A.user_cd = B.user_cd 
		    AND A.business_cd = B.business_cd
      WHERE  A.business_cd = 'PAT'
         AND A.user_cd = 'JNT'
         AND (A.insr_year like CONCAT('%', '2024', '%'))
         AND ('%' = '%' or A.status_cd = '%')
         AND (A.user_nm like CONCAT('%', '', '%'))
      ORDER  BY A.created_at DESC 
    
2023-12-29 12:28:10 [debug] : ROWS : 
2023-12-29 12:28:10 [debug] : 1---------------------------------E query


2023-12-29 12:28:10 [info] : ::1 - - [29/Dec/2023:03:28:10 +0000] "POST /ADM/PAT/EXCEL/get HTTP/1.1" 200 62469 "http://localhost:4000/" "Mozilla/5.0 (Windows NT 10.0; Win64; x64) AppleWebKit/537.36 (KHTML, like Gecko) Chrome/120.0.0.0 Safari/537.36"

2023-12-29 16:51:00 [debug] : ---------------------------------S query
2023-12-29 16:51:00 [debug] : SQL : SELECT business_cd, user_uuid, user_id, user_pwd, user_nm, user_cd, user_birth, user_regno, corp_cnno, status_cd, login_fail_cnt, login_block_yn FROM TCOM0110A WHERE business_cd = 'ADM' and user_cd = 'IND' and user_id = 'shyoon' and (status_cd not in ('90') || status_cd is null)
2023-12-29 16:51:00 [debug] : ROWS : 
2023-12-29 16:51:00 [debug] : 1---------------------------------E query


2023-12-29 16:51:00 [error] : passport isAuth  : true
2023-12-29 16:51:00 [debug] : ---------------------------------S query
2023-12-29 16:51:00 [debug] : SQL : UPDATE TCOM0110A SET login_fail_cnt = 0
                                            , login_block_yn = 'N'
                         WHERE business_cd = 'ADM' and user_cd = 'IND' and user_id = 'shyoon' and (status_cd not in ('90') || status_cd is null)
2023-12-29 16:51:00 [debug] : ROWS : 
2023-12-29 16:51:00 [debug] : 1---------------------------------E query


2023-12-29 16:51:00 [debug] : {
   "business_cd": "ADM",
   "user_uuid": "8cd7e11d53a441169f638f18b0aac111",
   "user_id": "shyoon",
   "user_pwd": "$2y$10$6EMaW47BSZ.5HY4hNJIFuO74ClobOxIsX7yy79Uu/DzEi/mhdgKtO",
   "user_nm": "윤수현",
   "user_cd": "IND",
   "user_birth": null,
   "user_regno": null,
   "corp_cnno": null,
   "status_cd": "30",
   "login_fail_cnt": 0,
   "login_block_yn": "N"
}
2023-12-29 16:51:00 [info] : ::1 - - [29/Dec/2023:07:51:00 +0000] "POST /auth/signin HTTP/1.1" 200 555 "http://localhost:4000/" "Mozilla/5.0 (Windows NT 10.0; Win64; x64) AppleWebKit/537.36 (KHTML, like Gecko) Chrome/120.0.0.0 Safari/537.36"

2023-12-29 16:51:45 [debug] : ---------------------------------S query
2023-12-29 16:51:45 [debug] : SQL : SELECT grp_cd, dtl_cd as value, dtl_nm as title, description as rmk FROM TCOM0011A
2023-12-29 16:51:45 [debug] : ROWS : 
2023-12-29 16:51:45 [debug] : 1---------------------------------E query


2023-12-29 16:51:45 [info] : ::1 - - [29/Dec/2023:07:51:45 +0000] "POST /COMMON/code/all HTTP/1.1" 200 9008 "http://localhost:4000/" "Mozilla/5.0 (Windows NT 10.0; Win64; x64) AppleWebKit/537.36 (KHTML, like Gecko) Chrome/120.0.0.0 Safari/537.36"

2023-12-29 16:51:45 [debug] : ---------------------------------S query
2023-12-29 16:51:45 [debug] : SQL : SELECT grp_cd, dtl_cd as value, dtl_nm as title, description as rmk FROM TCOM0011A
2023-12-29 16:51:45 [debug] : ROWS : 
2023-12-29 16:51:45 [debug] : 1---------------------------------E query


2023-12-29 16:51:45 [info] : ::1 - - [29/Dec/2023:07:51:45 +0000] "POST /COMMON/code/all HTTP/1.1" 200 9008 "http://localhost:4000/" "Mozilla/5.0 (Windows NT 10.0; Win64; x64) AppleWebKit/537.36 (KHTML, like Gecko) Chrome/120.0.0.0 Safari/537.36"

2023-12-29 16:51:45 [debug] : ---------------------------------S query
2023-12-29 16:51:45 [debug] : SQL : SELECT grp_cd, dtl_cd as value, dtl_nm as title, description as rmk FROM TCOM0011A
2023-12-29 16:51:45 [debug] : ROWS : 
2023-12-29 16:51:45 [debug] : 1---------------------------------E query


2023-12-29 16:51:45 [info] : ::1 - - [29/Dec/2023:07:51:45 +0000] "POST /COMMON/code/all HTTP/1.1" 200 9008 "http://localhost:4000/" "Mozilla/5.0 (Windows NT 10.0; Win64; x64) AppleWebKit/537.36 (KHTML, like Gecko) Chrome/120.0.0.0 Safari/537.36"

2023-12-29 16:51:45 [debug] : ---------------------------------S query
2023-12-29 16:51:45 [debug] : SQL : SELECT grp_cd, dtl_cd as value, dtl_nm as title, description as rmk FROM TCOM0011A
2023-12-29 16:51:45 [debug] : ROWS : 
2023-12-29 16:51:45 [debug] : 1---------------------------------E query


2023-12-29 16:51:45 [info] : ::1 - - [29/Dec/2023:07:51:45 +0000] "POST /COMMON/code/all HTTP/1.1" 200 9008 "http://localhost:4000/" "Mozilla/5.0 (Windows NT 10.0; Win64; x64) AppleWebKit/537.36 (KHTML, like Gecko) Chrome/120.0.0.0 Safari/537.36"

2023-12-29 16:51:45 [debug] : ---------------------------------S query
2023-12-29 16:51:45 [debug] : SQL : SELECT grp_cd, dtl_cd as value, dtl_nm as title, description as rmk FROM TCOM0011A
2023-12-29 16:51:45 [debug] : ROWS : 
2023-12-29 16:51:45 [debug] : 1---------------------------------E query


2023-12-29 16:51:45 [info] : ::1 - - [29/Dec/2023:07:51:45 +0000] "POST /COMMON/code/all HTTP/1.1" 200 9008 "http://localhost:4000/" "Mozilla/5.0 (Windows NT 10.0; Win64; x64) AppleWebKit/537.36 (KHTML, like Gecko) Chrome/120.0.0.0 Safari/537.36"

2023-12-29 16:51:45 [debug] : ---------------------------------S query
2023-12-29 16:51:45 [debug] : SQL : SELECT grp_cd, dtl_cd as value, dtl_nm as title, description as rmk FROM TCOM0011A
2023-12-29 16:51:45 [debug] : ROWS : 
2023-12-29 16:51:45 [debug] : 1---------------------------------E query


2023-12-29 16:51:45 [info] : ::1 - - [29/Dec/2023:07:51:45 +0000] "POST /COMMON/code/all HTTP/1.1" 200 9008 "http://localhost:4000/" "Mozilla/5.0 (Windows NT 10.0; Win64; x64) AppleWebKit/537.36 (KHTML, like Gecko) Chrome/120.0.0.0 Safari/537.36"

2023-12-29 16:51:45 [debug] : ---------------------------------S query
2023-12-29 16:51:45 [debug] : SQL : SELECT grp_cd, dtl_cd as value, dtl_nm as title, description as rmk FROM TCOM0011A
2023-12-29 16:51:45 [debug] : ROWS : 
2023-12-29 16:51:45 [debug] : 1---------------------------------E query


2023-12-29 16:51:45 [info] : ::1 - - [29/Dec/2023:07:51:45 +0000] "POST /COMMON/code/all HTTP/1.1" 200 9008 "http://localhost:4000/" "Mozilla/5.0 (Windows NT 10.0; Win64; x64) AppleWebKit/537.36 (KHTML, like Gecko) Chrome/120.0.0.0 Safari/537.36"

2023-12-29 16:51:45 [debug] : ---------------------------------S query
2023-12-29 16:51:45 [debug] : SQL : SELECT grp_cd, dtl_cd as value, dtl_nm as title, description as rmk FROM TCOM0011A
2023-12-29 16:51:45 [debug] : ROWS : 
2023-12-29 16:51:45 [debug] : 1---------------------------------E query


2023-12-29 16:51:45 [info] : ::1 - - [29/Dec/2023:07:51:45 +0000] "POST /COMMON/code/all HTTP/1.1" 200 9008 "http://localhost:4000/" "Mozilla/5.0 (Windows NT 10.0; Win64; x64) AppleWebKit/537.36 (KHTML, like Gecko) Chrome/120.0.0.0 Safari/537.36"

2023-12-29 16:51:45 [debug] : ---------------------------------S query
2023-12-29 16:51:45 [debug] : SQL : SELECT grp_cd, dtl_cd as value, dtl_nm as title, description as rmk FROM TCOM0011A
2023-12-29 16:51:45 [debug] : ROWS : 
2023-12-29 16:51:45 [debug] : 1---------------------------------E query


2023-12-29 16:51:45 [info] : ::1 - - [29/Dec/2023:07:51:45 +0000] "POST /COMMON/code/all HTTP/1.1" 200 9008 "http://localhost:4000/" "Mozilla/5.0 (Windows NT 10.0; Win64; x64) AppleWebKit/537.36 (KHTML, like Gecko) Chrome/120.0.0.0 Safari/537.36"

2023-12-29 16:51:45 [debug] : ---------------------------------S query
2023-12-29 16:51:45 [debug] : SQL : SELECT grp_cd, dtl_cd as value, dtl_nm as title, description as rmk FROM TCOM0011A
2023-12-29 16:51:45 [debug] : ROWS : 
2023-12-29 16:51:45 [debug] : 1---------------------------------E query


2023-12-29 16:51:45 [info] : ::1 - - [29/Dec/2023:07:51:45 +0000] "POST /COMMON/code/all HTTP/1.1" 200 9008 "http://localhost:4000/" "Mozilla/5.0 (Windows NT 10.0; Win64; x64) AppleWebKit/537.36 (KHTML, like Gecko) Chrome/120.0.0.0 Safari/537.36"

2023-12-29 16:51:45 [debug] : ---------------------------------S query
2023-12-29 16:51:45 [debug] : SQL : SELECT grp_cd, dtl_cd as value, dtl_nm as title, description as rmk FROM TCOM0011A
2023-12-29 16:51:45 [debug] : ROWS : 
2023-12-29 16:51:45 [debug] : 1---------------------------------E query


2023-12-29 16:51:45 [info] : ::1 - - [29/Dec/2023:07:51:45 +0000] "POST /COMMON/code/all HTTP/1.1" 200 9008 "http://localhost:4000/" "Mozilla/5.0 (Windows NT 10.0; Win64; x64) AppleWebKit/537.36 (KHTML, like Gecko) Chrome/120.0.0.0 Safari/537.36"

2023-12-29 16:51:45 [debug] : ---------------------------------S query
2023-12-29 16:51:45 [debug] : SQL : SELECT grp_cd, dtl_cd as value, dtl_nm as title, description as rmk FROM TCOM0011A
2023-12-29 16:51:45 [debug] : ROWS : 
2023-12-29 16:51:45 [debug] : 1---------------------------------E query


2023-12-29 16:51:45 [info] : ::1 - - [29/Dec/2023:07:51:45 +0000] "POST /COMMON/code/all HTTP/1.1" 200 9008 "http://localhost:4000/" "Mozilla/5.0 (Windows NT 10.0; Win64; x64) AppleWebKit/537.36 (KHTML, like Gecko) Chrome/120.0.0.0 Safari/537.36"

2023-12-29 16:51:45 [debug] : ---------------------------------S query
2023-12-29 16:51:45 [debug] : SQL : SELECT grp_cd, dtl_cd as value, dtl_nm as title, description as rmk FROM TCOM0011A
2023-12-29 16:51:45 [debug] : ROWS : 
2023-12-29 16:51:45 [debug] : 1---------------------------------E query


2023-12-29 16:51:45 [info] : ::1 - - [29/Dec/2023:07:51:45 +0000] "POST /COMMON/code/all HTTP/1.1" 200 9008 "http://localhost:4000/" "Mozilla/5.0 (Windows NT 10.0; Win64; x64) AppleWebKit/537.36 (KHTML, like Gecko) Chrome/120.0.0.0 Safari/537.36"

2023-12-29 16:51:45 [debug] : ---------------------------------S query
2023-12-29 16:51:45 [debug] : SQL : SELECT grp_cd, dtl_cd as value, dtl_nm as title, description as rmk FROM TCOM0011A
2023-12-29 16:51:45 [debug] : ROWS : 
2023-12-29 16:51:45 [debug] : 1---------------------------------E query


2023-12-29 16:51:45 [info] : ::1 - - [29/Dec/2023:07:51:45 +0000] "POST /COMMON/code/all HTTP/1.1" 200 9008 "http://localhost:4000/" "Mozilla/5.0 (Windows NT 10.0; Win64; x64) AppleWebKit/537.36 (KHTML, like Gecko) Chrome/120.0.0.0 Safari/537.36"

2023-12-29 16:51:45 [debug] : ---------------------------------S query
2023-12-29 16:51:45 [debug] : SQL : SELECT grp_cd, dtl_cd as value, dtl_nm as title, description as rmk FROM TCOM0011A
2023-12-29 16:51:45 [debug] : ROWS : 
2023-12-29 16:51:45 [debug] : 1---------------------------------E query


2023-12-29 16:51:45 [info] : ::1 - - [29/Dec/2023:07:51:45 +0000] "POST /COMMON/code/all HTTP/1.1" 200 9008 "http://localhost:4000/" "Mozilla/5.0 (Windows NT 10.0; Win64; x64) AppleWebKit/537.36 (KHTML, like Gecko) Chrome/120.0.0.0 Safari/537.36"

2023-12-29 16:51:45 [debug] : ---------------------------------S query
2023-12-29 16:51:45 [debug] : SQL : SELECT grp_cd, dtl_cd as value, dtl_nm as title, description as rmk FROM TCOM0011A
2023-12-29 16:51:45 [debug] : ROWS : 
2023-12-29 16:51:45 [debug] : 1---------------------------------E query


2023-12-29 16:51:45 [info] : ::1 - - [29/Dec/2023:07:51:45 +0000] "POST /COMMON/code/all HTTP/1.1" 200 9008 "http://localhost:4000/" "Mozilla/5.0 (Windows NT 10.0; Win64; x64) AppleWebKit/537.36 (KHTML, like Gecko) Chrome/120.0.0.0 Safari/537.36"

2023-12-29 16:51:45 [debug] : ---------------------------------S query
2023-12-29 16:51:45 [debug] : SQL : SELECT grp_cd, dtl_cd as value, dtl_nm as title, description as rmk FROM TCOM0011A
2023-12-29 16:51:45 [debug] : ROWS : 
2023-12-29 16:51:45 [debug] : 1---------------------------------E query


2023-12-29 16:51:45 [info] : ::1 - - [29/Dec/2023:07:51:45 +0000] "POST /COMMON/code/all HTTP/1.1" 200 9008 "http://localhost:4000/" "Mozilla/5.0 (Windows NT 10.0; Win64; x64) AppleWebKit/537.36 (KHTML, like Gecko) Chrome/120.0.0.0 Safari/537.36"

2023-12-29 16:51:45 [debug] : ---------------------------------S query
2023-12-29 16:51:45 [debug] : SQL : SELECT grp_cd, dtl_cd as value, dtl_nm as title, description as rmk FROM TCOM0011A
2023-12-29 16:51:45 [debug] : ROWS : 
2023-12-29 16:51:45 [debug] : 1---------------------------------E query


2023-12-29 16:51:45 [info] : ::1 - - [29/Dec/2023:07:51:45 +0000] "POST /COMMON/code/all HTTP/1.1" 200 9008 "http://localhost:4000/" "Mozilla/5.0 (Windows NT 10.0; Win64; x64) AppleWebKit/537.36 (KHTML, like Gecko) Chrome/120.0.0.0 Safari/537.36"

2023-12-29 16:51:45 [debug] : ---------------------------------S query
2023-12-29 16:51:45 [debug] : SQL : SELECT grp_cd, dtl_cd as value, dtl_nm as title, description as rmk FROM TCOM0011A
2023-12-29 16:51:45 [debug] : ROWS : 
2023-12-29 16:51:45 [debug] : 1---------------------------------E query


2023-12-29 16:51:45 [info] : ::1 - - [29/Dec/2023:07:51:45 +0000] "POST /COMMON/code/all HTTP/1.1" 200 9008 "http://localhost:4000/" "Mozilla/5.0 (Windows NT 10.0; Win64; x64) AppleWebKit/537.36 (KHTML, like Gecko) Chrome/120.0.0.0 Safari/537.36"

2023-12-29 16:51:45 [debug] : ---------------------------------S query
2023-12-29 16:51:45 [debug] : SQL : SELECT grp_cd, dtl_cd as value, dtl_nm as title, description as rmk FROM TCOM0011A
2023-12-29 16:51:45 [debug] : ROWS : 
2023-12-29 16:51:45 [debug] : 1---------------------------------E query


2023-12-29 16:51:45 [info] : ::1 - - [29/Dec/2023:07:51:45 +0000] "POST /COMMON/code/all HTTP/1.1" 200 9008 "http://localhost:4000/" "Mozilla/5.0 (Windows NT 10.0; Win64; x64) AppleWebKit/537.36 (KHTML, like Gecko) Chrome/120.0.0.0 Safari/537.36"

2023-12-29 16:51:45 [debug] : ---------------------------------S query
2023-12-29 16:51:45 [debug] : SQL : SELECT grp_cd, dtl_cd as value, dtl_nm as title, description as rmk FROM TCOM0011A
2023-12-29 16:51:45 [debug] : ROWS : 
2023-12-29 16:51:45 [debug] : 1---------------------------------E query


2023-12-29 16:51:45 [info] : ::1 - - [29/Dec/2023:07:51:45 +0000] "POST /COMMON/code/all HTTP/1.1" 200 9008 "http://localhost:4000/" "Mozilla/5.0 (Windows NT 10.0; Win64; x64) AppleWebKit/537.36 (KHTML, like Gecko) Chrome/120.0.0.0 Safari/537.36"

2023-12-29 16:51:45 [debug] : ---------------------------------S query
2023-12-29 16:51:45 [debug] : SQL : SELECT grp_cd, dtl_cd as value, dtl_nm as title, description as rmk FROM TCOM0011A
2023-12-29 16:51:45 [debug] : ROWS : 
2023-12-29 16:51:45 [debug] : 1---------------------------------E query


2023-12-29 16:51:45 [info] : ::1 - - [29/Dec/2023:07:51:45 +0000] "POST /COMMON/code/all HTTP/1.1" 200 9008 "http://localhost:4000/" "Mozilla/5.0 (Windows NT 10.0; Win64; x64) AppleWebKit/537.36 (KHTML, like Gecko) Chrome/120.0.0.0 Safari/537.36"

2023-12-29 16:51:45 [debug] : ---------------------------------S query
2023-12-29 16:51:45 [debug] : SQL : SELECT grp_cd, dtl_cd as value, dtl_nm as title, description as rmk FROM TCOM0011A
2023-12-29 16:51:45 [debug] : ROWS : 
2023-12-29 16:51:45 [debug] : 1---------------------------------E query


2023-12-29 16:51:45 [info] : ::1 - - [29/Dec/2023:07:51:45 +0000] "POST /COMMON/code/all HTTP/1.1" 200 9008 "http://localhost:4000/" "Mozilla/5.0 (Windows NT 10.0; Win64; x64) AppleWebKit/537.36 (KHTML, like Gecko) Chrome/120.0.0.0 Safari/537.36"

2023-12-29 16:51:45 [debug] : ---------------------------------S query
2023-12-29 16:51:45 [debug] : SQL : SELECT grp_cd, dtl_cd as value, dtl_nm as title, description as rmk FROM TCOM0011A
2023-12-29 16:51:45 [debug] : ROWS : 
2023-12-29 16:51:45 [debug] : 1---------------------------------E query


2023-12-29 16:51:45 [info] : ::1 - - [29/Dec/2023:07:51:45 +0000] "POST /COMMON/code/all HTTP/1.1" 200 9008 "http://localhost:4000/" "Mozilla/5.0 (Windows NT 10.0; Win64; x64) AppleWebKit/537.36 (KHTML, like Gecko) Chrome/120.0.0.0 Safari/537.36"

2023-12-29 16:51:45 [debug] : ---------------------------------S query
2023-12-29 16:51:45 [debug] : SQL : SELECT grp_cd, dtl_cd as value, dtl_nm as title, description as rmk FROM TCOM0011A
2023-12-29 16:51:45 [debug] : ROWS : 
2023-12-29 16:51:45 [debug] : 1---------------------------------E query


2023-12-29 16:51:45 [info] : ::1 - - [29/Dec/2023:07:51:45 +0000] "POST /COMMON/code/all HTTP/1.1" 200 9008 "http://localhost:4000/" "Mozilla/5.0 (Windows NT 10.0; Win64; x64) AppleWebKit/537.36 (KHTML, like Gecko) Chrome/120.0.0.0 Safari/537.36"

2023-12-29 16:51:46 [debug] : ---------------------------------S query
2023-12-29 16:51:46 [debug] : SQL : SELECT grp_cd, dtl_cd as value, dtl_nm as title, description as rmk FROM TCOM0011A
2023-12-29 16:51:46 [debug] : ROWS : 
2023-12-29 16:51:46 [debug] : 1---------------------------------E query


2023-12-29 16:51:46 [info] : ::1 - - [29/Dec/2023:07:51:46 +0000] "POST /COMMON/code/all HTTP/1.1" 200 9008 "http://localhost:4000/" "Mozilla/5.0 (Windows NT 10.0; Win64; x64) AppleWebKit/537.36 (KHTML, like Gecko) Chrome/120.0.0.0 Safari/537.36"

2023-12-29 16:51:46 [debug] : ---------------------------------S query
2023-12-29 16:51:46 [debug] : SQL : SELECT grp_cd, dtl_cd as value, dtl_nm as title, description as rmk FROM TCOM0011A
2023-12-29 16:51:46 [debug] : ROWS : 
2023-12-29 16:51:46 [debug] : 1---------------------------------E query


2023-12-29 16:51:46 [info] : ::1 - - [29/Dec/2023:07:51:46 +0000] "POST /COMMON/code/all HTTP/1.1" 200 9008 "http://localhost:4000/" "Mozilla/5.0 (Windows NT 10.0; Win64; x64) AppleWebKit/537.36 (KHTML, like Gecko) Chrome/120.0.0.0 Safari/537.36"

2023-12-29 16:51:46 [debug] : ---------------------------------S query
2023-12-29 16:51:46 [debug] : SQL : SELECT grp_cd, dtl_cd as value, dtl_nm as title, description as rmk FROM TCOM0011A
2023-12-29 16:51:46 [debug] : ROWS : 
2023-12-29 16:51:46 [debug] : 1---------------------------------E query


2023-12-29 16:51:46 [info] : ::1 - - [29/Dec/2023:07:51:46 +0000] "POST /COMMON/code/all HTTP/1.1" 200 9008 "http://localhost:4000/" "Mozilla/5.0 (Windows NT 10.0; Win64; x64) AppleWebKit/537.36 (KHTML, like Gecko) Chrome/120.0.0.0 Safari/537.36"

2023-12-29 16:51:46 [debug] : ---------------------------------S query
2023-12-29 16:51:46 [debug] : SQL : SELECT grp_cd, dtl_cd as value, dtl_nm as title, description as rmk FROM TCOM0011A
2023-12-29 16:51:46 [debug] : ROWS : 
2023-12-29 16:51:46 [debug] : 1---------------------------------E query


2023-12-29 16:51:46 [info] : ::1 - - [29/Dec/2023:07:51:46 +0000] "POST /COMMON/code/all HTTP/1.1" 200 9008 "http://localhost:4000/" "Mozilla/5.0 (Windows NT 10.0; Win64; x64) AppleWebKit/537.36 (KHTML, like Gecko) Chrome/120.0.0.0 Safari/537.36"

2023-12-29 16:51:46 [debug] : ---------------------------------S query
2023-12-29 16:51:46 [debug] : SQL : SELECT grp_cd, dtl_cd as value, dtl_nm as title, description as rmk FROM TCOM0011A
2023-12-29 16:51:46 [debug] : ROWS : 
2023-12-29 16:51:46 [debug] : 1---------------------------------E query


2023-12-29 16:51:46 [info] : ::1 - - [29/Dec/2023:07:51:46 +0000] "POST /COMMON/code/all HTTP/1.1" 200 9008 "http://localhost:4000/" "Mozilla/5.0 (Windows NT 10.0; Win64; x64) AppleWebKit/537.36 (KHTML, like Gecko) Chrome/120.0.0.0 Safari/537.36"

2023-12-29 16:52:22 [debug] : ---------------------------------S query
2023-12-29 16:52:22 [debug] : SQL : 
      SELECT A.insurance_uuid
            ,A.user_uuid
            ,A.business_cd
            ,A.user_cd
            ,A.user_id
            ,A.user_nm
            ,A.user_birth
            ,A.user_regno
            ,A.corp_type
            ,A.corp_nm
            ,A.corp_ceo_nm
            ,A.corp_bnno
            ,A.corp_cnno
            ,A.corp_telno
            ,A.corp_faxno
            ,A.corp_cust_nm
            ,A.corp_cust_hpno
            ,A.corp_cust_email
            ,A.corp_post
            ,A.corp_addr
            ,A.corp_addr_dtl
            ,A.corp_region_cd
            ,A.insr_year
            ,A.insr_reg_dt
            ,A.insr_st_dt
            ,A.insr_cncls_dt
            ,A.insr_retr_yn
            ,A.insr_retr_dt
            ,A.insr_pblc_brdn_rt
            ,A.insr_clm_lt_amt
            ,A.insr_year_clm_lt_amt
            ,A.insr_psnl_brdn_amt
            ,A.insr_sale_year
            ,A.insr_sale_rt
            ,A.insr_pcnt_sale_rt
            ,A.insr_base_amt
            ,A.insr_amt
            ,A.insr_tot_amt
            ,A.insr_tot_paid_amt
            ,A.insr_tot_unpaid_amt
            ,A.cons_join_yn
            ,A.cons_data
            ,A.spct_join_yn
            ,A.spct_data
            ,A.cbr_data
            ,A.cbr_cnt
            ,A.trx_data
            ,A.active_yn
            ,A.agr10_yn
            ,A.agr20_yn
            ,A.agr30_yn
            ,A.agr31_yn
            ,A.agr32_yn
            ,A.agr33_yn
            ,A.agr34_yn
            ,A.agr40_yn
            ,A.agr41_yn
            ,A.agr50_yn
            ,A.status_cd
            ,A.rmk
            ,A.change_rmk
            ,A.change_dt
            ,FN_GET_CODENM('COM030', A.status_cd) AS status_nm
            ,FN_GET_CODENM('TAX001', A.corp_region_cd) AS corp_region_nm
            ,B.insr_st_dt as base_insr_st_dt
            ,B.insr_cncls_dt as base_insr_cncls_dt
            ,B.insurance_no
      FROM   TCAA0030A A
      			LEFT JOIN TCOM0030A B
		    ON A.insr_year = B.base_year 
		    AND A.user_cd = B.user_cd 
		    AND A.business_cd = B.business_cd
      WHERE  A.business_cd = 'CAA'
         AND A.user_cd = 'COR'
         AND (A.insr_year like CONCAT('%', '%', '%'))
         AND ('%' = '%' or A.status_cd = '%')
         AND (A.user_nm like CONCAT('%', '', '%'))
      ORDER  BY A.created_at DESC 
    
2023-12-29 16:52:22 [debug] : ROWS : 
2023-12-29 16:52:23 [debug] : 1---------------------------------E query


2023-12-29 16:52:23 [info] : ::1 - - [29/Dec/2023:07:52:23 +0000] "POST /ADM/CAA/EXCEL/get HTTP/1.1" 200 926949 "http://localhost:4000/" "Mozilla/5.0 (Windows NT 10.0; Win64; x64) AppleWebKit/537.36 (KHTML, like Gecko) Chrome/120.0.0.0 Safari/537.36"

