2024-08-22 12:47:34 [info] : Server on port 3000 | run
2024-08-22 12:48:29 [info] : headers>>>>>>[object Object]
2024-08-22 12:48:29 [info] : realIp>>>>>>undefined
2024-08-22 12:48:29 [info] : x-forwarded-for>>>>>>>undefined
2024-08-22 12:48:30 [error] : passport isAuth  : true
2024-08-22 12:48:30 [error] : 존재하지 않는 유저
2024-08-22 12:48:30 [error] : >> 
2024-08-22 12:48:30 [info] : ::1 - - [22/Aug/2024:03:48:30 +0000] "POST /auth/signin HTTP/1.1" 500 56 "http://localhost:4000/" "Mozilla/5.0 (Windows NT 10.0; Win64; x64) AppleWebKit/537.36 (KHTML, like Gecko) Chrome/127.0.0.0 Safari/537.36"

2024-08-22 12:48:52 [info] : headers>>>>>>[object Object]
2024-08-22 12:48:52 [info] : realIp>>>>>>undefined
2024-08-22 12:48:52 [info] : x-forwarded-for>>>>>>>undefined
2024-08-22 12:48:52 [error] : passport isAuth  : true
2024-08-22 12:48:52 [info] : ::1 - - [22/Aug/2024:03:48:52 +0000] "POST /auth/signin HTTP/1.1" 200 555 "http://localhost:4000/" "Mozilla/5.0 (Windows NT 10.0; Win64; x64) AppleWebKit/537.36 (KHTML, like Gecko) Chrome/127.0.0.0 Safari/537.36"

2024-08-22 12:49:20 [info] : ::1 - - [22/Aug/2024:03:49:20 +0000] "POST /COMMON/code/all HTTP/1.1" 200 13001 "http://localhost:4000/" "Mozilla/5.0 (Windows NT 10.0; Win64; x64) AppleWebKit/537.36 (KHTML, like Gecko) Chrome/127.0.0.0 Safari/537.36"

2024-08-22 12:49:20 [info] : ::1 - - [22/Aug/2024:03:49:20 +0000] "POST /COMMON/code/all HTTP/1.1" 200 13001 "http://localhost:4000/" "Mozilla/5.0 (Windows NT 10.0; Win64; x64) AppleWebKit/537.36 (KHTML, like Gecko) Chrome/127.0.0.0 Safari/537.36"

2024-08-22 12:49:20 [info] : ::1 - - [22/Aug/2024:03:49:20 +0000] "POST /ADM/COM/getStockStartDtInfo HTTP/1.1" 200 163 "http://localhost:4000/" "Mozilla/5.0 (Windows NT 10.0; Win64; x64) AppleWebKit/537.36 (KHTML, like Gecko) Chrome/127.0.0.0 Safari/537.36"

2024-08-22 12:49:20 [info] : ::1 - - [22/Aug/2024:03:49:20 +0000] "POST /ADM/COM/getStockStartDtInfo HTTP/1.1" 200 163 "http://localhost:4000/" "Mozilla/5.0 (Windows NT 10.0; Win64; x64) AppleWebKit/537.36 (KHTML, like Gecko) Chrome/127.0.0.0 Safari/537.36"

2024-08-22 12:49:23 [info] : {
   "business_cd": "LAW",
   "insr_year": "%",
   "status_cd": "%",
   "user_cd": "%",
   "user_nm": ""
}
2024-08-22 12:49:24 [info] : ::1 - - [22/Aug/2024:03:49:24 +0000] "POST /ADM/LAW/gets HTTP/1.1" 200 1426877 "http://localhost:4000/" "Mozilla/5.0 (Windows NT 10.0; Win64; x64) AppleWebKit/537.36 (KHTML, like Gecko) Chrome/127.0.0.0 Safari/537.36"

2024-08-22 12:49:30 [info] : {
   "insurance_uuid": "914aaa53e33c4cfea23304fabcadfaaf"
}
2024-08-22 12:49:30 [info] : ::1 - - [22/Aug/2024:03:49:30 +0000] "POST /ADM/LAW/get HTTP/1.1" 200 2084 "http://localhost:4000/" "Mozilla/5.0 (Windows NT 10.0; Win64; x64) AppleWebKit/537.36 (KHTML, like Gecko) Chrome/127.0.0.0 Safari/537.36"

2024-08-22 12:49:30 [info] : {
   "user_cd": "IND",
   "business_cd": "LAW"
}
2024-08-22 12:49:31 [info] : ::1 - - [22/Aug/2024:03:49:31 +0000] "POST /ADM/LAW/rate HTTP/1.1" 200 3136 "http://localhost:4000/" "Mozilla/5.0 (Windows NT 10.0; Win64; x64) AppleWebKit/537.36 (KHTML, like Gecko) Chrome/127.0.0.0 Safari/537.36"

2024-08-22 12:49:31 [info] : {
   "insurance_uuid": "ce4abf22e2c047cea8d1f1289dec32b4"
}
2024-08-22 12:49:31 [info] : ::1 - - [22/Aug/2024:03:49:31 +0000] "POST /ADM/LAW/get HTTP/1.1" 200 2136 "http://localhost:4000/" "Mozilla/5.0 (Windows NT 10.0; Win64; x64) AppleWebKit/537.36 (KHTML, like Gecko) Chrome/127.0.0.0 Safari/537.36"

2024-08-22 12:49:31 [info] : {
   "user_cd": "IND",
   "business_cd": "LAW"
}
2024-08-22 12:49:31 [info] : ::1 - - [22/Aug/2024:03:49:31 +0000] "POST /ADM/LAW/rate HTTP/1.1" 200 3136 "http://localhost:4000/" "Mozilla/5.0 (Windows NT 10.0; Win64; x64) AppleWebKit/537.36 (KHTML, like Gecko) Chrome/127.0.0.0 Safari/537.36"

2024-08-22 12:49:36 [info] : 8cd7e11d53a441169f638f18b0aac030
2024-08-22 12:49:36 [info] : [
   {
      "mode": "U",
      "index": 0,
      "renewal": "",
      "table_name": "",
      "insurance_uuid": "ce4abf22e2c047cea8d1f1289dec32b4",
      "insurance_seq": 0,
      "insurance_no": "120242628491",
      "user_uuid": "017dd01518c24fafa219d84e1e0b2820",
      "user_id": "bob6477",
      "user_cd": "IND",
      "user_nm": "김동환",
      "user_birth": "620916",
      "user_regno": "12005",
      "user_hpno": "",
      "user_email": "",
      "corp_type": "",
      "corp_region_cd": "061",
      "corp_region_nm": "전라북도",
      "corp_nm": "법무사김동환사무소",
      "corp_ceo_nm": "",
      "corp_bnno": "",
      "corp_bnno1": "",
      "corp_bnno2": "",
      "corp_bnno3": "",
      "corp_cnno": "649-17-01909",
      "corp_cnno1": "",
      "corp_cnno2": "",
      "corp_cnno3": "",
      "corp_telno": "063-211-6477",
      "corp_telno1": "063",
      "corp_telno2": "211",
      "corp_telno3": "6477",
      "corp_faxno": "063-211-6478",
      "corp_faxno1": "063",
      "corp_faxno2": "211",
      "corp_faxno3": "6478",
      "corp_cust_nm": "김동환",
      "corp_cust_hpno": "010-4654-6477",
      "corp_cust_hpno1": "",
      "corp_cust_hpno2": "",
      "corp_cust_hpno3": "",
      "corp_cust_email": "pine6477@naver.com",
      "corp_post": "54868",
      "corp_addr": "전북특별자치도 전주시 덕진구 만성중앙로 54-30",
      "corp_addr_dtl": "204호(만성동)",
      "base_insr_st_dt": "2024-08-02",
      "base_insr_cncls_dt": "2025-08-02",
      "insr_year": "2024",
      "insr_reg_dt": "2024-08-19",
      "insr_st_dt": "2024-08-19",
      "insr_cncls_dt": "2025-08-02",
      "insr_retr_yn": "Y",
      "insr_retr_dt": "2024-01-08",
      "insr_pblc_brdn_rt": "",
      "insr_take_amt": 135555555,
      "insr_take_sec": "3|2억원이하",
      "insr_clm_lt_amt": "1억원",
      "insr_year_clm_lt_amt": "5억원",
      "org_insr_year_clm_lt_amt": "5억원",
      "insr_psnl_brdn_amt": "3000000|3백만원",
      "insr_program_yn": "N",
      "insr_program": "",
      "insr_service": "",
      "insr_sale_year": 1,
      "insr_sale_rt": "-5",
      "insr_relief": 0,
      "insr_pcnt_sale_rt": "0",
      "insr_base_amt": "254000",
      "insr_amt": "230060",
      "insr_premium_amt": 0,
      "insr_tot_amt": "230060",
      "insr_tot_unpaid_amt": "230060",
      "insr_tot_paid_amt": "0",
      "limited_collateral": "",
      "cbr_cnt": 0,
      "cbr_data": [],
      "cons_join_yn": "",
      "cons_data": {
         "insr_st_dt": "",
         "insr_cncls_dt": "",
         "insr_pblc_brdn_rt": "",
         "insr_year_clm_lt_amt": "",
         "insr_clm_lt_amt": "",
         "insr_psnl_brdn_amt": "",
         "insr_retr_yn": "",
         "insr_retr_dt": "",
         "insr_sale_rt": 0,
         "insr_base_amt": 0,
         "insr_amt": 0,
         "cbr_cnt": 0,
         "cbr_data": []
      },
      "spct_join_yn": "N",
      "spct_data": {
         "cbr_cnt": 0,
         "cbr_data": [],
         "insr_amt": 0,
         "insr_st_dt": "2024-08-19",
         "insr_retr_dt": "2024-08-19",
         "insr_retr_yn": "",
         "insr_sale_rt": 0,
         "insr_base_amt": 0,
         "insr_cncls_dt": "2025-08-02",
         "insr_clm_lt_amt": "",
         "insr_psnl_brdn_amt": "",
         "insr_year_clm_lt_amt": ""
      },
      "active_yn": "",
      "agr10_yn": "Y",
      "agr20_yn": "Y",
      "agr30_yn": "Y",
      "agr31_yn": "Y",
      "agr32_yn": "Y",
      "agr33_yn": "Y",
      "agr34_yn": "Y",
      "agr40_yn": "Y",
      "agr41_yn": "Y",
      "agr50_yn": "Y",
      "trx_data": [],
      "complete_dt": "",
      "status_cd": "10",
      "status_nm": "신청중",
      "rmk": "",
      "change_dt": "",
      "change_rmk": "",
      "erp_st_dt": null,
      "erp_cncls_dt": null,
      "erp_amt": null,
      "erp_dt": null,
      "created_id": "",
      "created_ip": "",
      "updated_id": "",
      "updated_ip": "",
      "renewal_cd": "",
      "renewal_cd_nm": "",
      "business_cd": "LAW"
   }
]
2024-08-22 12:49:36 [info] : ::1 - - [22/Aug/2024:03:49:36 +0000] "POST /ADM/LAW/set HTTP/1.1" 200 28 "http://localhost:4000/" "Mozilla/5.0 (Windows NT 10.0; Win64; x64) AppleWebKit/537.36 (KHTML, like Gecko) Chrome/127.0.0.0 Safari/537.36"

2024-08-22 12:49:36 [info] : {
   "insurance_uuid": "ce4abf22e2c047cea8d1f1289dec32b4"
}
2024-08-22 12:49:36 [info] : ::1 - - [22/Aug/2024:03:49:36 +0000] "POST /ADM/LAW/get HTTP/1.1" 200 2128 "http://localhost:4000/" "Mozilla/5.0 (Windows NT 10.0; Win64; x64) AppleWebKit/537.36 (KHTML, like Gecko) Chrome/127.0.0.0 Safari/537.36"

2024-08-22 12:49:37 [info] : {
   "user_cd": "IND",
   "business_cd": "LAW"
}
2024-08-22 12:49:37 [info] : ::1 - - [22/Aug/2024:03:49:37 +0000] "POST /ADM/LAW/rate HTTP/1.1" 200 3136 "http://localhost:4000/" "Mozilla/5.0 (Windows NT 10.0; Win64; x64) AppleWebKit/537.36 (KHTML, like Gecko) Chrome/127.0.0.0 Safari/537.36"

2024-08-22 12:49:40 [info] : {
   "insurance_uuid": "90962af20af94026bdad9566b5b56f15"
}
2024-08-22 12:49:40 [info] : ::1 - - [22/Aug/2024:03:49:40 +0000] "POST /ADM/LAW/get HTTP/1.1" 200 2220 "http://localhost:4000/" "Mozilla/5.0 (Windows NT 10.0; Win64; x64) AppleWebKit/537.36 (KHTML, like Gecko) Chrome/127.0.0.0 Safari/537.36"

2024-08-22 12:49:40 [info] : {
   "user_cd": "IND",
   "business_cd": "LAW"
}
2024-08-22 12:49:40 [info] : ::1 - - [22/Aug/2024:03:49:40 +0000] "POST /ADM/LAW/rate HTTP/1.1" 200 3136 "http://localhost:4000/" "Mozilla/5.0 (Windows NT 10.0; Win64; x64) AppleWebKit/537.36 (KHTML, like Gecko) Chrome/127.0.0.0 Safari/537.36"

2024-08-22 12:49:40 [info] : {
   "insurance_uuid": "ce4abf22e2c047cea8d1f1289dec32b4"
}
2024-08-22 12:49:40 [info] : ::1 - - [22/Aug/2024:03:49:40 +0000] "POST /ADM/LAW/get HTTP/1.1" 200 2128 "http://localhost:4000/" "Mozilla/5.0 (Windows NT 10.0; Win64; x64) AppleWebKit/537.36 (KHTML, like Gecko) Chrome/127.0.0.0 Safari/537.36"

2024-08-22 12:49:40 [info] : {
   "user_cd": "IND",
   "business_cd": "LAW"
}
2024-08-22 12:49:40 [info] : ::1 - - [22/Aug/2024:03:49:40 +0000] "POST /ADM/LAW/rate HTTP/1.1" 200 3136 "http://localhost:4000/" "Mozilla/5.0 (Windows NT 10.0; Win64; x64) AppleWebKit/537.36 (KHTML, like Gecko) Chrome/127.0.0.0 Safari/537.36"

