2024-02-13 12:00:17 [info] : Server on port 3000 | run
2024-02-13 12:24:45 [info] : ::1 - - [13/Feb/2024:03:24:45 +0000] "GET / HTTP/1.1" 200 31 "-" "Mozilla/5.0 (Windows NT 10.0; Win64; x64) AppleWebKit/537.36 (KHTML, like Gecko) Chrome/121.0.0.0 Safari/537.36"

2024-02-13 12:24:46 [info] : ::1 - - [13/Feb/2024:03:24:46 +0000] "GET /favicon.ico HTTP/1.1" 500 1674 "-" "Mozilla/5.0 (Windows NT 10.0; Win64; x64) AppleWebKit/537.36 (KHTML, like Gecko) Chrome/121.0.0.0 Safari/537.36"

2024-02-13 12:25:29 [debug] : ---------------------------------S query
2024-02-13 12:25:29 [debug] : SQL : SELECT business_cd, user_uuid, user_id, user_pwd, user_nm, user_cd, user_birth, user_regno, corp_cnno, status_cd, login_fail_cnt, login_block_yn FROM TCOM0110A WHERE business_cd = 'TAX' and user_cd = 'IND' and user_id = 'Lkgf03g' and (status_cd not in ('90') || status_cd is null)
2024-02-13 12:25:29 [debug] : ROWS : 
2024-02-13 12:25:29 [debug] : 1---------------------------------E query


2024-02-13 12:25:29 [error] : PASSPORT localVerify Error :  Cannot read property 'user_pwd' of undefined
2024-02-13 12:25:29 [error] : >> 
2024-02-13 12:25:29 [info] : ::1 - - [13/Feb/2024:03:25:29 +0000] "POST /auth/signin HTTP/1.1" 500 74 "http://localhost:4000/" "Mozilla/5.0 (Windows NT 10.0; Win64; x64) AppleWebKit/537.36 (KHTML, like Gecko) Chrome/121.0.0.0 Safari/537.36"

2024-02-13 12:25:35 [debug] : ---------------------------------S query
2024-02-13 12:25:35 [debug] : SQL : SELECT business_cd, user_uuid, user_id, user_pwd, user_nm, user_cd, user_birth, user_regno, corp_cnno, status_cd, login_fail_cnt, login_block_yn FROM TCOM0110A WHERE business_cd = 'TAX' and user_cd = 'IND' and user_id = 'kirakira42' and (status_cd not in ('90') || status_cd is null)
2024-02-13 12:25:35 [debug] : ROWS : 
2024-02-13 12:25:35 [debug] : 1---------------------------------E query


2024-02-13 12:25:36 [error] : passport isAuth  : true
2024-02-13 12:25:36 [debug] : ---------------------------------S query
2024-02-13 12:25:36 [debug] : SQL : UPDATE TCOM0110A SET login_fail_cnt = 0
                                            , login_block_yn = 'N'
                         WHERE business_cd = 'TAX' and user_cd = 'IND' and user_id = 'kirakira42' and (status_cd not in ('90') || status_cd is null)
2024-02-13 12:25:36 [debug] : ROWS : 
2024-02-13 12:25:36 [debug] : 1---------------------------------E query


2024-02-13 12:25:36 [debug] : {
   "business_cd": "TAX",
   "user_uuid": "c1a24f01793a487e8882f5a4d76ec8e7",
   "user_id": "kirakira42",
   "user_pwd": "$2a$10$3tTclxpEzAROW7YMur4lMOIkTaKeqNJ/5lW6A37WRYVpSHdjka8Pu",
   "user_nm": "윤자영",
   "user_cd": "IND",
   "user_birth": "830402",
   "user_regno": "333333",
   "corp_cnno": "190-23-01655",
   "status_cd": "30",
   "login_fail_cnt": 0,
   "login_block_yn": "N"
}
2024-02-13 12:25:36 [info] : ::1 - - [13/Feb/2024:03:25:36 +0000] "POST /auth/signin HTTP/1.1" 200 559 "http://localhost:4000/" "Mozilla/5.0 (Windows NT 10.0; Win64; x64) AppleWebKit/537.36 (KHTML, like Gecko) Chrome/121.0.0.0 Safari/537.36"

2024-02-13 12:25:36 [debug] : {
   "method": "raw",
   "sql": "\n      /* TTAX0030AMapper.UPDATE_INSURANCE_MAPPING_WITH_LOGIN_INFO */  \n      UPDATE ttax0030a\n      SET\n          user_id = ?,\n          user_uuid = ?,\n          updated_at = NOW(),\n          updated_id = ?,\n          updated_ip = ?\n      WHERE\n          business_cd = ?\n          AND user_cd = ?\n          AND (\n              (\n                  'IND' = ?\n                  AND user_nm = ?\n                  AND user_birth = ?\n                  AND user_regno = ?\n              )\n              OR (\n                  'COR' = ?\n                  AND corp_cnno = ?\n              )\n          )\n    ",
   "bindings": [
      "kirakira42",
      "c1a24f01793a487e8882f5a4d76ec8e7",
      "kirakira42",
      "",
      "TAX",
      "IND",
      "IND",
      "윤자영",
      "830402",
      "333333",
      "IND",
      "190-23-01655"
   ],
   "options": {},
   "__knexQueryUid": "wsRptHNwvApz5wXVJ968p"
}
2024-02-13 12:25:36 [debug] : {
   "method": "raw",
   "sql": "\n      /* TTAX0030AMapper.INSURANCE_LIST */  \n      SELECT A.insurance_uuid\n            , A.user_uuid\n            , A.user_nm\n            , A.insr_year\n            , A.insr_st_dt\n            , A.insr_cncls_dt\n            , A.insr_tot_amt\n            , A.status_cd\n            , B.insurance_no\n            , FN_GET_CODENM('COM030', status_cd) AS status_nm\n        FROM   TTAX0030A A\n      \t\t\tLEFT JOIN TCOM0030A B\n\t\t    ON A.insr_year = B.base_year \n\t\t    AND A.user_cd = B.user_cd \n\t\t    AND A.business_cd = B.business_cd\n      WHERE  A.user_uuid = ?\n             and A.status_cd not in ('40') -- 이력 제외\n      ORDER  BY A.created_at DESC \n    ",
   "bindings": [
      "c1a24f01793a487e8882f5a4d76ec8e7"
   ],
   "options": {},
   "__knexQueryUid": "6nqj_Vbnty5wKuPG0Rx0z"
}
2024-02-13 12:25:36 [debug] : ---------------------------------S query
2024-02-13 12:25:36 [debug] : SQL : SELECT business_cd, board_id, board_no, title, content, DATE_FORMAT(created_at, "%Y-%m-%d") as created_at, false as open_popup  FROM TCOM0050A WHERE business_cd = 'TAX' AND board_id = "notice" AND del_yn = "N" and popup_yn = "Y" ORDER BY board_no DESC
2024-02-13 12:25:36 [debug] : ROWS : 
2024-02-13 12:25:36 [debug] : 1---------------------------------E query


2024-02-13 12:25:36 [info] : ::1 - - [13/Feb/2024:03:25:36 +0000] "POST /board/popup HTTP/1.1" 200 1688 "http://localhost:4000/" "Mozilla/5.0 (Windows NT 10.0; Win64; x64) AppleWebKit/537.36 (KHTML, like Gecko) Chrome/121.0.0.0 Safari/537.36"

2024-02-13 12:25:36 [debug] : {
   "method": "raw",
   "sql": "\n      /* TTAX0030AMapper.INSURANCE_UUID_YN */  \n      select\n          CASE\n            WHEN COUNT(a.insurance_uuid) >= 1 THEN 'N'\n            ELSE 'Y'\n          END AS data\n      from\n        ttax0030a a\n      where\n        a.user_uuid = ?\n        and a.status_cd not in ('20', '40') -- 해지, 기간종료\n        and a.insr_year in (\n            select\n              max(C.base_year)\n            from\n              TCOM0030A C,\n              tcom0110a D\n            where\n              C.user_cd = D.user_cd\n              and C.business_cd = D.business_cd\n              and C.use_yn = 'Y'\n              and D.user_uuid = ?\n            order by\n              C.base_year desc,\n              C.ver desc\n        )\n    ",
   "bindings": [
      "c1a24f01793a487e8882f5a4d76ec8e7",
      "c1a24f01793a487e8882f5a4d76ec8e7"
   ],
   "options": {},
   "__knexQueryUid": "NmZ_yeglfrDBkPxiaHHWx"
}
2024-02-13 12:25:36 [debug] : {
   "method": "raw",
   "sql": "\n    /* TTAX0030AMapper.RENEWAL_INSURANCE_UUID */\n\n    SELECT MAX(A.insurance_uuid) as data\n      FROM ttax0031a A\n      JOIN tcom0110a B\n        ON A.business_cd = B.business_cd\n        AND A.user_cd = B.USER_CD\n        AND (\n          (A.user_cd = 'IND' AND A.USER_NM = B.USER_NM AND A.user_birth = B.user_birth AND a.user_regno  = b.user_regno)\n          OR (A.user_cd = 'COR' AND A.corp_cnno = B.corp_cnno)\n        )\n        AND B.user_uuid = ?\n        AND a.insr_year IN (\n          SELECT MAX(C.base_year)\n          FROM TCOM0030A C\n          JOIN tcom0110a D\n            ON C.user_cd = D.user_cd\n            AND C.business_cd = D.business_cd\n            AND C.use_yn = 'Y'\n            AND D.user_uuid = ?\n          ORDER BY C.base_year DESC, C.ver DESC\n        )\n    ",
   "bindings": [
      "c1a24f01793a487e8882f5a4d76ec8e7",
      "c1a24f01793a487e8882f5a4d76ec8e7"
   ],
   "options": {},
   "__knexQueryUid": "L21NhdQrQH8R92y9RIPtI"
}
2024-02-13 12:25:36 [info] : ::1 - - [13/Feb/2024:03:25:36 +0000] "POST /TAX/TAX0030A HTTP/1.1" 200 675 "http://localhost:4000/" "Mozilla/5.0 (Windows NT 10.0; Win64; x64) AppleWebKit/537.36 (KHTML, like Gecko) Chrome/121.0.0.0 Safari/537.36"

2024-02-13 15:47:52 [info] : Server on port 3000 | run
2024-02-13 17:41:02 [info] : Server off
