2024-12-24 11:04:00 [info] : ::1 - - [24/Dec/2024:02:04:00 +0000] "GET /auth/import/imp_091813840957 HTTP/1.1" 200 610 "http://localhost:4000/" "Mozilla/5.0 (Windows NT 10.0; Win64; x64) AppleWebKit/537.36 (KHTML, like Gecko) Chrome/131.0.0.0 Safari/537.36"

2024-12-24 11:04:00 [info] : ::1 - - [24/Dec/2024:02:04:00 +0000] "POST /user/isVerifyUserUUID HTTP/1.1" 200 43 "http://localhost:4000/" "Mozilla/5.0 (Windows NT 10.0; Win64; x64) AppleWebKit/537.36 (KHTML, like Gecko) Chrome/131.0.0.0 Safari/537.36"

2024-12-24 11:08:24 [info] : ::1 - - [24/Dec/2024:02:08:24 +0000] "GET /auth/import/imp_512082715425 HTTP/1.1" 200 610 "http://localhost:4000/" "Mozilla/5.0 (Windows NT 10.0; Win64; x64) AppleWebKit/537.36 (KHTML, like Gecko) Chrome/131.0.0.0 Safari/537.36"

2024-12-24 11:08:24 [info] : ::1 - - [24/Dec/2024:02:08:24 +0000] "POST /user/isVerifyUserUUID HTTP/1.1" 200 43 "http://localhost:4000/" "Mozilla/5.0 (Windows NT 10.0; Win64; x64) AppleWebKit/537.36 (KHTML, like Gecko) Chrome/131.0.0.0 Safari/537.36"

2024-12-24 11:09:23 [info] : Server off
2024-12-24 11:09:34 [info] : Server on port 3000 | run
2024-12-24 11:12:15 [info] : ::1 - - [24/Dec/2024:02:12:15 +0000] "GET /auth/import/imp_407239508436 HTTP/1.1" 200 610 "http://localhost:4000/" "Mozilla/5.0 (Windows NT 10.0; Win64; x64) AppleWebKit/537.36 (KHTML, like Gecko) Chrome/131.0.0.0 Safari/537.36"

2024-12-24 11:12:15 [info] : ::1 - - [24/Dec/2024:02:12:15 +0000] "POST /user/isVerifyUserUUID HTTP/1.1" 200 43 "http://localhost:4000/" "Mozilla/5.0 (Windows NT 10.0; Win64; x64) AppleWebKit/537.36 (KHTML, like Gecko) Chrome/131.0.0.0 Safari/537.36"

2024-12-24 11:57:30 [info] : Server off
2024-12-24 11:57:32 [info] : Server on port 3000 | run
2024-12-24 13:06:08 [info] : Server off
2024-12-24 17:04:25 [info] : Server on port 3000 | run
2024-12-24 17:04:27 [info] : ::1 - - [24/Dec/2024:08:04:27 +0000] "POST /auth/signin HTTP/1.1" 200 609 "http://localhost:4000/" "Mozilla/5.0 (Windows NT 10.0; Win64; x64) AppleWebKit/537.36 (KHTML, like Gecko) Chrome/131.0.0.0 Safari/537.36"

2024-12-24 17:04:28 [info] : ::1 - - [24/Dec/2024:08:04:28 +0000] "POST /board/popup HTTP/1.1" 200 36 "http://localhost:4000/" "Mozilla/5.0 (Windows NT 10.0; Win64; x64) AppleWebKit/537.36 (KHTML, like Gecko) Chrome/131.0.0.0 Safari/537.36"

2024-12-24 17:04:28 [info] : ::1 - - [24/Dec/2024:08:04:28 +0000] "POST /PAT/PAT0030A HTTP/1.1" 200 1080 "http://localhost:4000/" "Mozilla/5.0 (Windows NT 10.0; Win64; x64) AppleWebKit/537.36 (KHTML, like Gecko) Chrome/131.0.0.0 Safari/537.36"

2024-12-24 17:04:30 [info] : ::1 - - [24/Dec/2024:08:04:30 +0000] "POST /COMMON/code/all HTTP/1.1" 200 13917 "http://localhost:4000/" "Mozilla/5.0 (Windows NT 10.0; Win64; x64) AppleWebKit/537.36 (KHTML, like Gecko) Chrome/131.0.0.0 Safari/537.36"

2024-12-24 17:04:30 [info] : ::1 - - [24/Dec/2024:08:04:30 +0000] "POST /PAT/PAT0030A/rate HTTP/1.1" 200 4144 "http://localhost:4000/" "Mozilla/5.0 (Windows NT 10.0; Win64; x64) AppleWebKit/537.36 (KHTML, like Gecko) Chrome/131.0.0.0 Safari/537.36"

2024-12-24 17:04:30 [info] : ::1 - - [24/Dec/2024:08:04:30 +0000] "POST /PAT/PAT0030A/get HTTP/1.1" 200 2427 "http://localhost:4000/" "Mozilla/5.0 (Windows NT 10.0; Win64; x64) AppleWebKit/537.36 (KHTML, like Gecko) Chrome/131.0.0.0 Safari/537.36"

2024-12-24 17:06:04 [error] : 존재하지 않는 유저
2024-12-24 17:06:04 [error] : >> 
2024-12-24 17:06:04 [info] : ::1 - - [24/Dec/2024:08:06:04 +0000] "POST /auth/signin HTTP/1.1" 500 56 "http://localhost:4000/" "Mozilla/5.0 (Windows NT 10.0; Win64; x64) AppleWebKit/537.36 (KHTML, like Gecko) Chrome/131.0.0.0 Safari/537.36"

2024-12-24 17:06:05 [error] : 존재하지 않는 유저
2024-12-24 17:06:05 [error] : >> 
2024-12-24 17:06:05 [info] : ::1 - - [24/Dec/2024:08:06:05 +0000] "POST /auth/signin HTTP/1.1" 500 56 "http://localhost:4000/" "Mozilla/5.0 (Windows NT 10.0; Win64; x64) AppleWebKit/537.36 (KHTML, like Gecko) Chrome/131.0.0.0 Safari/537.36"

2024-12-24 17:06:20 [info] : ::1 - - [24/Dec/2024:08:06:20 +0000] "POST /auth/signin HTTP/1.1" 200 586 "http://localhost:4000/" "Mozilla/5.0 (Windows NT 10.0; Win64; x64) AppleWebKit/537.36 (KHTML, like Gecko) Chrome/131.0.0.0 Safari/537.36"

2024-12-24 17:06:26 [info] : ::1 - - [24/Dec/2024:08:06:26 +0000] "POST /COMMON/code/all HTTP/1.1" 200 13917 "http://localhost:4000/" "Mozilla/5.0 (Windows NT 10.0; Win64; x64) AppleWebKit/537.36 (KHTML, like Gecko) Chrome/131.0.0.0 Safari/537.36"

2024-12-24 17:06:27 [info] : ::1 - - [24/Dec/2024:08:06:27 +0000] "POST /COMMON/code/all HTTP/1.1" 200 13917 "http://localhost:4000/" "Mozilla/5.0 (Windows NT 10.0; Win64; x64) AppleWebKit/537.36 (KHTML, like Gecko) Chrome/131.0.0.0 Safari/537.36"

2024-12-24 17:06:27 [info] : ::1 - - [24/Dec/2024:08:06:27 +0000] "POST /ADM/COM/getStockStartDtInfo HTTP/1.1" 200 163 "http://localhost:4000/" "Mozilla/5.0 (Windows NT 10.0; Win64; x64) AppleWebKit/537.36 (KHTML, like Gecko) Chrome/131.0.0.0 Safari/537.36"

2024-12-24 17:06:27 [info] : ::1 - - [24/Dec/2024:08:06:27 +0000] "POST /ADM/COM/getStockStartDtInfo HTTP/1.1" 200 163 "http://localhost:4000/" "Mozilla/5.0 (Windows NT 10.0; Win64; x64) AppleWebKit/537.36 (KHTML, like Gecko) Chrome/131.0.0.0 Safari/537.36"

2024-12-24 17:06:34 [info] : {
   "business_cd": "PAT",
   "insr_year": "%",
   "status_cd": "%",
   "user_cd": "%",
   "user_nm": "록톤"
}
2024-12-24 17:06:34 [info] : ::1 - - [24/Dec/2024:08:06:34 +0000] "POST /ADM/PAT/gets HTTP/1.1" 200 1713 "http://localhost:4000/" "Mozilla/5.0 (Windows NT 10.0; Win64; x64) AppleWebKit/537.36 (KHTML, like Gecko) Chrome/131.0.0.0 Safari/537.36"

2024-12-24 17:06:37 [info] : {
   "insurance_uuid": "32f7d07b6b1a410db9622bfaa97e860c"
}
2024-12-24 17:06:37 [info] : ::1 - - [24/Dec/2024:08:06:37 +0000] "POST /ADM/PAT/get HTTP/1.1" 200 2762 "http://localhost:4000/" "Mozilla/5.0 (Windows NT 10.0; Win64; x64) AppleWebKit/537.36 (KHTML, like Gecko) Chrome/131.0.0.0 Safari/537.36"

2024-12-24 17:06:37 [info] : {
   "user_cd": "JNT",
   "business_cd": "PAT"
}
2024-12-24 17:06:37 [info] : ::1 - - [24/Dec/2024:08:06:37 +0000] "POST /ADM/PAT/rate HTTP/1.1" 200 4144 "http://localhost:4000/" "Mozilla/5.0 (Windows NT 10.0; Win64; x64) AppleWebKit/537.36 (KHTML, like Gecko) Chrome/131.0.0.0 Safari/537.36"

2024-12-24 17:06:42 [info] : 8b3a01f1080f4e8aa2343515a219daf8
2024-12-24 17:06:42 [info] : [
   {
      "mode": "U",
      "index": 0,
      "renewal": "",
      "table_name": "",
      "insurance_uuid": "32f7d07b6b1a410db9622bfaa97e860c",
      "insurance_seq": 0,
      "insurance_no": "12410193190000",
      "user_uuid": "390b0d5d95484b198b1164732df14baa",
      "user_id": "888-88-88888",
      "user_cd": "JNT",
      "user_nm": "특허법률사무소 록톤",
      "user_birth": "0",
      "user_regno": "0",
      "user_hpno": "",
      "user_email": "",
      "corp_type": "",
      "corp_region_cd": "",
      "corp_region_nm": null,
      "corp_nm": "",
      "corp_ceo_nm": null,
      "corp_bnno": "",
      "corp_bnno1": "",
      "corp_bnno2": "",
      "corp_bnno3": "",
      "corp_cnno": "888-88-88888",
      "corp_cnno1": "",
      "corp_cnno2": "",
      "corp_cnno3": "",
      "corp_telno": "",
      "corp_telno1": "",
      "corp_telno2": "",
      "corp_telno3": "",
      "corp_faxno": "",
      "corp_faxno1": "",
      "corp_faxno2": "",
      "corp_faxno3": "",
      "corp_cust_nm": "",
      "corp_cust_hpno": "",
      "corp_cust_hpno1": "",
      "corp_cust_hpno2": "",
      "corp_cust_hpno3": "",
      "corp_cust_email": "",
      "corp_post": "04520",
      "corp_addr": "서울 중구 세종대로 136",
      "corp_addr_dtl": "13층",
      "base_insr_st_dt": "2024-01-01",
      "base_insr_cncls_dt": "2025-01-01",
      "insr_year": "2024",
      "insr_reg_dt": "2024-12-23",
      "insr_st_dt": "2024-12-23",
      "insr_cncls_dt": "2025-01-01",
      "insr_retr_yn": "",
      "insr_retr_dt": "",
      "insr_pblc_brdn_rt": "",
      "insr_take_amt": "0",
      "insr_take_sec": "",
      "insr_clm_lt_amt": "3억원",
      "insr_year_clm_lt_amt": "6억원",
      "org_insr_year_clm_lt_amt": "",
      "insr_psnl_brdn_amt": "10000000|1천만원",
      "insr_program_yn": "Y",
      "insr_program": "이지피앤피",
      "insr_service": "",
      "insr_sale_year": 0,
      "insr_sale_rt": "0",
      "insr_relief": 0,
      "insr_pcnt_sale_rt": "0",
      "insr_base_amt": "1000000",
      "insr_amt": "1000000",
      "insr_premium_amt": null,
      "insr_tot_amt": "1000000",
      "insr_tot_unpaid_amt": "1000000",
      "insr_tot_paid_amt": "0",
      "insr_income_filename": null,
      "limited_collateral": "",
      "cbr_cnt": 0,
      "cbr_data": [
         {
            "cbr_nm": "주승현",
            "isCheck": false,
            "cbr_brdt": "170224",
            "cbr_type": "",
            "insr_amt": "500000",
            "cbr_regno": "12345",
            "status_cd": "80",
            "cbr_reg_dt": "",
            "insr_st_dt": "2024-12-23",
            "insr_relief": 0,
            "insr_retr_dt": "2012-01-01",
            "insr_retr_yn": "",
            "insr_sale_rt": "-7",
            "insr_base_amt": 0,
            "insr_cncls_dt": "2025-01-01",
            "insr_sale_year": "12"
         },
         {
            "cbr_nm": "윤보라",
            "isCheck": false,
            "cbr_brdt": "810522",
            "cbr_type": "",
            "insr_amt": "500000",
            "cbr_regno": "54321",
            "status_cd": "80",
            "cbr_reg_dt": "",
            "insr_st_dt": "2024-12-23",
            "insr_relief": 0,
            "insr_retr_dt": "2011-01-01",
            "insr_retr_yn": "",
            "insr_sale_rt": "-7",
            "insr_base_amt": 0,
            "insr_cncls_dt": "2025-01-01",
            "insr_sale_year": "13"
         }
      ],
      "cons_join_yn": "",
      "cons_data": {
         "insr_st_dt": "",
         "insr_cncls_dt": "",
         "insr_pblc_brdn_rt": "",
         "insr_year_clm_lt_amt": "",
         "insr_clm_lt_amt": "",
         "insr_psnl_brdn_amt": "",
         "insr_retr_yn": "",
         "insr_retr_dt": "",
         "insr_sale_rt": 0,
         "insr_base_amt": 0,
         "insr_amt": 0,
         "cbr_cnt": 0,
         "cbr_data": []
      },
      "spct_join_yn": "",
      "spct_data": {
         "cbr_cnt": 0,
         "cbr_data": [],
         "insr_amt": 0,
         "insr_st_dt": "",
         "insr_retr_dt": "",
         "insr_retr_yn": "",
         "insr_sale_rt": 0,
         "insr_base_amt": 0,
         "insr_cncls_dt": "",
         "insr_clm_lt_amt": "",
         "insr_psnl_brdn_amt": "",
         "insr_year_clm_lt_amt": ""
      },
      "active_yn": "N",
      "agr10_yn": "N",
      "agr20_yn": "N",
      "agr30_yn": "N",
      "agr31_yn": "N",
      "agr32_yn": "N",
      "agr33_yn": "N",
      "agr34_yn": "N",
      "agr40_yn": "N",
      "agr41_yn": "N",
      "agr50_yn": "N",
      "trx_data": [],
      "complete_dt": "",
      "status_cd": "10",
      "status_nm": "정상",
      "rmk": "",
      "change_dt": "",
      "change_rmk": "",
      "erp_st_dt": "",
      "erp_cncls_dt": "",
      "erp_amt": "0",
      "erp_dt": "",
      "created_id": "",
      "created_ip": "",
      "updated_id": "",
      "updated_ip": "",
      "renewal_cd": "",
      "renewal_cd_nm": "",
      "login_at": "",
      "last_login": 0,
      "business_cd": "PAT",
      "erp_rmk": null,
      "created_at": "2024-12-23T09:32:04.000Z",
      "updated_at": "2024-12-24T01:18:53.000Z"
   }
]
2024-12-24 17:06:42 [info] : ::1 - - [24/Dec/2024:08:06:42 +0000] "POST /ADM/PAT/set HTTP/1.1" 200 28 "http://localhost:4000/" "Mozilla/5.0 (Windows NT 10.0; Win64; x64) AppleWebKit/537.36 (KHTML, like Gecko) Chrome/131.0.0.0 Safari/537.36"

2024-12-24 17:06:42 [info] : {
   "insurance_uuid": "32f7d07b6b1a410db9622bfaa97e860c"
}
2024-12-24 17:06:42 [info] : ::1 - - [24/Dec/2024:08:06:42 +0000] "POST /ADM/PAT/get HTTP/1.1" 200 2765 "http://localhost:4000/" "Mozilla/5.0 (Windows NT 10.0; Win64; x64) AppleWebKit/537.36 (KHTML, like Gecko) Chrome/131.0.0.0 Safari/537.36"

2024-12-24 17:06:42 [info] : {
   "user_cd": "JNT",
   "business_cd": "PAT"
}
2024-12-24 17:06:42 [info] : ::1 - - [24/Dec/2024:08:06:42 +0000] "POST /ADM/PAT/rate HTTP/1.1" 200 4144 "http://localhost:4000/" "Mozilla/5.0 (Windows NT 10.0; Win64; x64) AppleWebKit/537.36 (KHTML, like Gecko) Chrome/131.0.0.0 Safari/537.36"

2024-12-24 17:06:50 [info] : ::1 - - [24/Dec/2024:08:06:50 +0000] "POST /PAT/PAT0030A/rate HTTP/1.1" 200 4144 "http://localhost:4000/" "Mozilla/5.0 (Windows NT 10.0; Win64; x64) AppleWebKit/537.36 (KHTML, like Gecko) Chrome/131.0.0.0 Safari/537.36"

2024-12-24 17:06:50 [info] : ::1 - - [24/Dec/2024:08:06:50 +0000] "POST /PAT/PAT0030A/get HTTP/1.1" 200 2430 "http://localhost:4000/" "Mozilla/5.0 (Windows NT 10.0; Win64; x64) AppleWebKit/537.36 (KHTML, like Gecko) Chrome/131.0.0.0 Safari/537.36"

2024-12-24 17:06:53 [info] : ::1 - - [24/Dec/2024:08:06:53 +0000] "POST /board/popup HTTP/1.1" 200 36 "http://localhost:4000/" "Mozilla/5.0 (Windows NT 10.0; Win64; x64) AppleWebKit/537.36 (KHTML, like Gecko) Chrome/131.0.0.0 Safari/537.36"

2024-12-24 17:06:53 [info] : ::1 - - [24/Dec/2024:08:06:53 +0000] "POST /PAT/PAT0030A HTTP/1.1" 200 1083 "http://localhost:4000/" "Mozilla/5.0 (Windows NT 10.0; Win64; x64) AppleWebKit/537.36 (KHTML, like Gecko) Chrome/131.0.0.0 Safari/537.36"

2024-12-24 17:07:00 [info] : ::1 - - [24/Dec/2024:08:07:00 +0000] "POST /PAT/PAT0030A/rate HTTP/1.1" 200 4144 "http://localhost:4000/" "Mozilla/5.0 (Windows NT 10.0; Win64; x64) AppleWebKit/537.36 (KHTML, like Gecko) Chrome/131.0.0.0 Safari/537.36"

2024-12-24 17:07:00 [info] : ::1 - - [24/Dec/2024:08:07:00 +0000] "POST /PAT/PAT0030A/get HTTP/1.1" 200 2430 "http://localhost:4000/" "Mozilla/5.0 (Windows NT 10.0; Win64; x64) AppleWebKit/537.36 (KHTML, like Gecko) Chrome/131.0.0.0 Safari/537.36"

2024-12-24 17:07:00 [info] : ::1 - - [24/Dec/2024:08:07:00 +0000] "POST /user/select HTTP/1.1" 200 887 "http://localhost:4000/" "Mozilla/5.0 (Windows NT 10.0; Win64; x64) AppleWebKit/537.36 (KHTML, like Gecko) Chrome/131.0.0.0 Safari/537.36"

2024-12-24 17:14:23 [info] : ::1 - - [24/Dec/2024:08:14:23 +0000] "POST /COMMON/code/all HTTP/1.1" 200 13917 "http://localhost:4000/" "Mozilla/5.0 (Windows NT 10.0; Win64; x64) AppleWebKit/537.36 (KHTML, like Gecko) Chrome/131.0.0.0 Safari/537.36"

2024-12-24 17:14:23 [info] : ::1 - - [24/Dec/2024:08:14:23 +0000] "POST /PAT/PAT0030A/rate HTTP/1.1" 200 4144 "http://localhost:4000/" "Mozilla/5.0 (Windows NT 10.0; Win64; x64) AppleWebKit/537.36 (KHTML, like Gecko) Chrome/131.0.0.0 Safari/537.36"

2024-12-24 17:14:23 [info] : ::1 - - [24/Dec/2024:08:14:23 +0000] "POST /PAT/PAT0030A/get HTTP/1.1" 200 2430 "http://localhost:4000/" "Mozilla/5.0 (Windows NT 10.0; Win64; x64) AppleWebKit/537.36 (KHTML, like Gecko) Chrome/131.0.0.0 Safari/537.36"

2024-12-24 17:14:23 [info] : ::1 - - [24/Dec/2024:08:14:23 +0000] "POST /user/select HTTP/1.1" 200 887 "http://localhost:4000/" "Mozilla/5.0 (Windows NT 10.0; Win64; x64) AppleWebKit/537.36 (KHTML, like Gecko) Chrome/131.0.0.0 Safari/537.36"

2024-12-24 17:15:29 [info] : ::1 - - [24/Dec/2024:08:15:29 +0000] "POST /COMMON/code/all HTTP/1.1" 200 13917 "http://localhost:4000/" "Mozilla/5.0 (Windows NT 10.0; Win64; x64) AppleWebKit/537.36 (KHTML, like Gecko) Chrome/131.0.0.0 Safari/537.36"

2024-12-24 17:15:29 [info] : ::1 - - [24/Dec/2024:08:15:29 +0000] "POST /PAT/PAT0030A/rate HTTP/1.1" 200 4144 "http://localhost:4000/" "Mozilla/5.0 (Windows NT 10.0; Win64; x64) AppleWebKit/537.36 (KHTML, like Gecko) Chrome/131.0.0.0 Safari/537.36"

2024-12-24 17:15:29 [info] : ::1 - - [24/Dec/2024:08:15:29 +0000] "POST /PAT/PAT0030A/get HTTP/1.1" 200 2430 "http://localhost:4000/" "Mozilla/5.0 (Windows NT 10.0; Win64; x64) AppleWebKit/537.36 (KHTML, like Gecko) Chrome/131.0.0.0 Safari/537.36"

2024-12-24 17:15:29 [info] : ::1 - - [24/Dec/2024:08:15:29 +0000] "POST /user/select HTTP/1.1" 200 887 "http://localhost:4000/" "Mozilla/5.0 (Windows NT 10.0; Win64; x64) AppleWebKit/537.36 (KHTML, like Gecko) Chrome/131.0.0.0 Safari/537.36"

2024-12-24 17:15:50 [info] : ::1 - - [24/Dec/2024:08:15:50 +0000] "POST /board/popup HTTP/1.1" 200 36 "http://localhost:4000/" "Mozilla/5.0 (Windows NT 10.0; Win64; x64) AppleWebKit/537.36 (KHTML, like Gecko) Chrome/131.0.0.0 Safari/537.36"

2024-12-24 17:15:50 [info] : ::1 - - [24/Dec/2024:08:15:50 +0000] "POST /PAT/PAT0030A HTTP/1.1" 200 1083 "http://localhost:4000/" "Mozilla/5.0 (Windows NT 10.0; Win64; x64) AppleWebKit/537.36 (KHTML, like Gecko) Chrome/131.0.0.0 Safari/537.36"

2024-12-24 17:15:56 [info] : ::1 - - [24/Dec/2024:08:15:56 +0000] "POST /PAT/PAT0030A/rate HTTP/1.1" 200 4144 "http://localhost:4000/" "Mozilla/5.0 (Windows NT 10.0; Win64; x64) AppleWebKit/537.36 (KHTML, like Gecko) Chrome/131.0.0.0 Safari/537.36"

2024-12-24 17:15:56 [info] : ::1 - - [24/Dec/2024:08:15:56 +0000] "POST /PAT/PAT0030A/get HTTP/1.1" 200 2430 "http://localhost:4000/" "Mozilla/5.0 (Windows NT 10.0; Win64; x64) AppleWebKit/537.36 (KHTML, like Gecko) Chrome/131.0.0.0 Safari/537.36"

2024-12-24 17:15:56 [info] : ::1 - - [24/Dec/2024:08:15:56 +0000] "POST /user/select HTTP/1.1" 200 887 "http://localhost:4000/" "Mozilla/5.0 (Windows NT 10.0; Win64; x64) AppleWebKit/537.36 (KHTML, like Gecko) Chrome/131.0.0.0 Safari/537.36"

2024-12-24 17:17:28 [info] : ::1 - - [24/Dec/2024:08:17:28 +0000] "POST /COMMON/code/all HTTP/1.1" 200 13917 "http://localhost:4000/" "Mozilla/5.0 (Windows NT 10.0; Win64; x64) AppleWebKit/537.36 (KHTML, like Gecko) Chrome/131.0.0.0 Safari/537.36"

2024-12-24 17:17:28 [info] : ::1 - - [24/Dec/2024:08:17:28 +0000] "POST /PAT/PAT0030A/rate HTTP/1.1" 200 4144 "http://localhost:4000/" "Mozilla/5.0 (Windows NT 10.0; Win64; x64) AppleWebKit/537.36 (KHTML, like Gecko) Chrome/131.0.0.0 Safari/537.36"

2024-12-24 17:17:28 [info] : ::1 - - [24/Dec/2024:08:17:28 +0000] "POST /PAT/PAT0030A/get HTTP/1.1" 200 2430 "http://localhost:4000/" "Mozilla/5.0 (Windows NT 10.0; Win64; x64) AppleWebKit/537.36 (KHTML, like Gecko) Chrome/131.0.0.0 Safari/537.36"

2024-12-24 17:17:28 [info] : ::1 - - [24/Dec/2024:08:17:28 +0000] "POST /user/select HTTP/1.1" 200 887 "http://localhost:4000/" "Mozilla/5.0 (Windows NT 10.0; Win64; x64) AppleWebKit/537.36 (KHTML, like Gecko) Chrome/131.0.0.0 Safari/537.36"

2024-12-24 17:18:07 [info] : ::1 - - [24/Dec/2024:08:18:07 +0000] "POST /PAT/PAT0030A/getSaleRtNDupInfo HTTP/1.1" 200 62 "http://localhost:4000/" "Mozilla/5.0 (Windows NT 10.0; Win64; x64) AppleWebKit/537.36 (KHTML, like Gecko) Chrome/131.0.0.0 Safari/537.36"

2024-12-24 17:18:30 [info] : ::1 - - [24/Dec/2024:08:18:30 +0000] "POST /COMMON/code/all HTTP/1.1" 200 13917 "http://localhost:4000/" "Mozilla/5.0 (Windows NT 10.0; Win64; x64) AppleWebKit/537.36 (KHTML, like Gecko) Chrome/131.0.0.0 Safari/537.36"

2024-12-24 17:18:30 [info] : ::1 - - [24/Dec/2024:08:18:30 +0000] "POST /PAT/PAT0030A/rate HTTP/1.1" 200 4144 "http://localhost:4000/" "Mozilla/5.0 (Windows NT 10.0; Win64; x64) AppleWebKit/537.36 (KHTML, like Gecko) Chrome/131.0.0.0 Safari/537.36"

2024-12-24 17:18:30 [info] : ::1 - - [24/Dec/2024:08:18:30 +0000] "POST /PAT/PAT0030A/get HTTP/1.1" 200 2430 "http://localhost:4000/" "Mozilla/5.0 (Windows NT 10.0; Win64; x64) AppleWebKit/537.36 (KHTML, like Gecko) Chrome/131.0.0.0 Safari/537.36"

2024-12-24 17:18:30 [info] : ::1 - - [24/Dec/2024:08:18:30 +0000] "POST /user/select HTTP/1.1" 200 887 "http://localhost:4000/" "Mozilla/5.0 (Windows NT 10.0; Win64; x64) AppleWebKit/537.36 (KHTML, like Gecko) Chrome/131.0.0.0 Safari/537.36"

2024-12-24 17:18:41 [info] : ::1 - - [24/Dec/2024:08:18:41 +0000] "POST /PAT/PAT0030A/getSaleRtNDupInfo HTTP/1.1" 200 62 "http://localhost:4000/" "Mozilla/5.0 (Windows NT 10.0; Win64; x64) AppleWebKit/537.36 (KHTML, like Gecko) Chrome/131.0.0.0 Safari/537.36"

2024-12-24 17:39:40 [info] : ::1 - - [24/Dec/2024:08:39:40 +0000] "POST /COMMON/code/all HTTP/1.1" 200 13917 "http://localhost:4000/" "Mozilla/5.0 (Windows NT 10.0; Win64; x64) AppleWebKit/537.36 (KHTML, like Gecko) Chrome/131.0.0.0 Safari/537.36"

2024-12-24 17:39:40 [error] : jwt expired
2024-12-24 17:39:40 [info] : ::1 - - [24/Dec/2024:08:39:40 +0000] "POST /PAT/PAT0030A/rate HTTP/1.1" 401 49 "http://localhost:4000/" "Mozilla/5.0 (Windows NT 10.0; Win64; x64) AppleWebKit/537.36 (KHTML, like Gecko) Chrome/131.0.0.0 Safari/537.36"

2024-12-24 17:40:03 [info] : ::1 - - [24/Dec/2024:08:40:03 +0000] "POST /auth/signin HTTP/1.1" 200 609 "http://localhost:4000/" "Mozilla/5.0 (Windows NT 10.0; Win64; x64) AppleWebKit/537.36 (KHTML, like Gecko) Chrome/131.0.0.0 Safari/537.36"

2024-12-24 17:40:03 [info] : ::1 - - [24/Dec/2024:08:40:03 +0000] "POST /board/popup HTTP/1.1" 200 36 "http://localhost:4000/" "Mozilla/5.0 (Windows NT 10.0; Win64; x64) AppleWebKit/537.36 (KHTML, like Gecko) Chrome/131.0.0.0 Safari/537.36"

2024-12-24 17:40:03 [info] : ::1 - - [24/Dec/2024:08:40:03 +0000] "POST /PAT/PAT0030A HTTP/1.1" 200 1083 "http://localhost:4000/" "Mozilla/5.0 (Windows NT 10.0; Win64; x64) AppleWebKit/537.36 (KHTML, like Gecko) Chrome/131.0.0.0 Safari/537.36"

2024-12-24 17:40:05 [info] : ::1 - - [24/Dec/2024:08:40:05 +0000] "POST /COMMON/code/all HTTP/1.1" 200 13917 "http://localhost:4000/" "Mozilla/5.0 (Windows NT 10.0; Win64; x64) AppleWebKit/537.36 (KHTML, like Gecko) Chrome/131.0.0.0 Safari/537.36"

2024-12-24 17:40:05 [info] : ::1 - - [24/Dec/2024:08:40:05 +0000] "POST /PAT/PAT0030A/rate HTTP/1.1" 200 4144 "http://localhost:4000/" "Mozilla/5.0 (Windows NT 10.0; Win64; x64) AppleWebKit/537.36 (KHTML, like Gecko) Chrome/131.0.0.0 Safari/537.36"

2024-12-24 17:40:05 [info] : ::1 - - [24/Dec/2024:08:40:05 +0000] "POST /PAT/PAT0030A/get HTTP/1.1" 200 2430 "http://localhost:4000/" "Mozilla/5.0 (Windows NT 10.0; Win64; x64) AppleWebKit/537.36 (KHTML, like Gecko) Chrome/131.0.0.0 Safari/537.36"

2024-12-24 17:40:05 [info] : ::1 - - [24/Dec/2024:08:40:05 +0000] "POST /user/select HTTP/1.1" 200 887 "http://localhost:4000/" "Mozilla/5.0 (Windows NT 10.0; Win64; x64) AppleWebKit/537.36 (KHTML, like Gecko) Chrome/131.0.0.0 Safari/537.36"

2024-12-24 17:44:47 [info] : ::1 - - [24/Dec/2024:08:44:47 +0000] "POST /COMMON/code/all HTTP/1.1" 200 13917 "http://localhost:4000/" "Mozilla/5.0 (Windows NT 10.0; Win64; x64) AppleWebKit/537.36 (KHTML, like Gecko) Chrome/131.0.0.0 Safari/537.36"

2024-12-24 17:44:47 [info] : ::1 - - [24/Dec/2024:08:44:47 +0000] "POST /PAT/PAT0030A/rate HTTP/1.1" 200 4144 "http://localhost:4000/" "Mozilla/5.0 (Windows NT 10.0; Win64; x64) AppleWebKit/537.36 (KHTML, like Gecko) Chrome/131.0.0.0 Safari/537.36"

2024-12-24 17:44:47 [info] : ::1 - - [24/Dec/2024:08:44:47 +0000] "POST /PAT/PAT0030A/get HTTP/1.1" 200 2430 "http://localhost:4000/" "Mozilla/5.0 (Windows NT 10.0; Win64; x64) AppleWebKit/537.36 (KHTML, like Gecko) Chrome/131.0.0.0 Safari/537.36"

2024-12-24 17:44:47 [info] : ::1 - - [24/Dec/2024:08:44:47 +0000] "POST /user/select HTTP/1.1" 200 887 "http://localhost:4000/" "Mozilla/5.0 (Windows NT 10.0; Win64; x64) AppleWebKit/537.36 (KHTML, like Gecko) Chrome/131.0.0.0 Safari/537.36"

2024-12-24 18:44:23 [info] : Server off
