2024-07-26 09:50:59 [debug] : ---------------------------------S query
2024-07-26 09:50:59 [debug] : SQL : SELECT business_cd, user_uuid, user_id, user_pwd, user_nm, user_cd, user_birth, user_regno, corp_cnno, status_cd, login_fail_cnt, login_block_yn FROM TCOM0110A WHERE business_cd = 'TAX' and user_cd = 'IND' and user_id = 'kirakira42' and (status_cd not in ('90') || status_cd is null)
2024-07-26 09:50:59 [debug] : ROWS : 
2024-07-26 09:50:59 [debug] : 1---------------------------------E query


2024-07-26 09:50:59 [error] : passport isAuth  : true
2024-07-26 09:50:59 [debug] : ---------------------------------S query
2024-07-26 09:50:59 [debug] : SQL : UPDATE TCOM0110A SET login_fail_cnt = 0
                                            , login_block_yn = 'N'
                         WHERE business_cd = 'TAX' and user_cd = 'IND' and user_id = 'kirakira42' and (status_cd not in ('90') || status_cd is null)
2024-07-26 09:50:59 [debug] : ROWS : 
2024-07-26 09:50:59 [debug] : 1---------------------------------E query


2024-07-26 09:50:59 [debug] : {
   "business_cd": "TAX",
   "user_uuid": "c1a24f01793a487e8882f5a4d76ec8e7",
   "user_id": "kirakira42",
   "user_pwd": "$2a$10$7w/UzhB6S/xhaiHALUPnROuxOSQ456C0ZLRUbbFhrCZNij.dpP3IG",
   "user_nm": "윤자영",
   "user_cd": "IND",
   "user_birth": "830402",
   "user_regno": "333333",
   "corp_cnno": "190-23-01655",
   "status_cd": "30",
   "login_fail_cnt": 0,
   "login_block_yn": "N"
}
2024-07-26 09:50:59 [info] : ::1 - - [26/Jul/2024:00:50:59 +0000] "POST /auth/signin HTTP/1.1" 200 559 "http://localhost:4000/" "Mozilla/5.0 (Windows NT 10.0; Win64; x64) AppleWebKit/537.36 (KHTML, like Gecko) Chrome/126.0.0.0 Safari/537.36"

2024-07-26 09:50:59 [debug] : {
   "method": "raw",
   "sql": "\n      /* TTAX0030AMapper.UPDATE_INSURANCE_MAPPING_WITH_LOGIN_INFO */  \n      UPDATE ttax0030a\n      SET\n          user_id = ?,\n          user_uuid = ?,\n          updated_at = NOW(),\n          updated_id = ?,\n          updated_ip = ?\n      WHERE\n          business_cd = ?\n          AND user_cd = ?\n          AND (\n              (\n                  'IND' = ?\n                  AND user_nm = ?\n                  AND user_birth = ?\n                  AND user_regno = ?\n              )\n              OR (\n                  'COR' = ?\n                  AND corp_cnno = ?\n              )\n          )\n    ",
   "bindings": [
      "kirakira42",
      "c1a24f01793a487e8882f5a4d76ec8e7",
      "kirakira42",
      "",
      "TAX",
      "IND",
      "IND",
      "윤자영",
      "830402",
      "333333",
      "IND",
      "190-23-01655"
   ],
   "options": {},
   "__knexQueryUid": "tcTfrhPDD9--yM8F7LTrF"
}
2024-07-26 09:50:59 [debug] : ---------------------------------S query
2024-07-26 09:50:59 [debug] : SQL : SELECT business_cd, board_id, board_no, title, content, DATE_FORMAT(created_at, "%Y-%m-%d") as created_at, false as open_popup  FROM TCOM0050A WHERE business_cd = 'TAX' AND board_id = "notice" AND del_yn = "N" and popup_yn = "Y" ORDER BY board_no DESC
2024-07-26 09:50:59 [debug] : ROWS : 
2024-07-26 09:50:59 [debug] : 1---------------------------------E query


2024-07-26 09:50:59 [info] : ::1 - - [26/Jul/2024:00:50:59 +0000] "POST /board/popup HTTP/1.1" 200 1804 "http://localhost:4000/" "Mozilla/5.0 (Windows NT 10.0; Win64; x64) AppleWebKit/537.36 (KHTML, like Gecko) Chrome/126.0.0.0 Safari/537.36"

2024-07-26 09:50:59 [debug] : ---------------------------------S query
2024-07-26 09:50:59 [debug] : SQL : SELECT * from tcom0110a where user_uuid = 'c1a24f01793a487e8882f5a4d76ec8e7'
2024-07-26 09:50:59 [debug] : ROWS : 
2024-07-26 09:50:59 [debug] : 1---------------------------------E query


2024-07-26 09:50:59 [debug] : ---------------------------------S query
2024-07-26 09:50:59 [debug] : SQL : SELECT insurance_uuid, user_uuid, insurance_no, user_nm, user_cd 
                  , insr_year, insr_st_dt, insr_cncls_dt
                  , insr_tot_amt, status_cd, cbr_cnt, cbr_data
                  , FN_GET_CODENM('COM030', status_cd) AS status_nm
                    FROM TTAX0030A
                   WHERE (user_nm = '윤자영' and user_birth = '830402' and user_regno = '333333')
                   OR (JSON_CONTAINS(JSON_EXTRACT(cbr_data, '$[*].cbr_nm'), JSON_ARRAY('윤자영'))
                   AND JSON_CONTAINS(JSON_EXTRACT(cbr_data, '$[*].cbr_brdt'), JSON_ARRAY('830402'))
                   AND JSON_CONTAINS(JSON_EXTRACT(cbr_data, '$[*].cbr_regno'), JSON_ARRAY('333333')))
                   order by created_at desc
2024-07-26 09:50:59 [debug] : ROWS : 
2024-07-26 09:50:59 [debug] : 1---------------------------------E query


2024-07-26 09:50:59 [debug] : ---------------------------------S query
2024-07-26 09:50:59 [debug] : SQL : 
      select
          CASE
            WHEN COUNT(a.insurance_uuid) >= 1 THEN 'N'
            ELSE 'Y'
          END AS data
      from
        TTAX0030A a
      where
        a.user_uuid = 'c1a24f01793a487e8882f5a4d76ec8e7'
        and a.status_cd not in ('20', '40') -- 해지, 기간종료
        and a.insr_year in (
            select
              max(C.base_year)
            from
              TCOM0030A C,
              tcom0110a D
            where C.user_cd = D.user_cd
              and C.business_cd = D.business_cd
              and C.use_yn = 'Y'
              and D.user_uuid = 'c1a24f01793a487e8882f5a4d76ec8e7'
            order by
              C.base_year desc,
              C.ver desc
        )
    
2024-07-26 09:50:59 [debug] : ROWS : 
2024-07-26 09:50:59 [debug] : 1---------------------------------E query


2024-07-26 09:50:59 [debug] : ---------------------------------S query
2024-07-26 09:50:59 [debug] : SQL : 
      select
        A.insurance_uuid as data, A.insr_year
      from
        TTAX0031A  A
      join tcom0030a ta
        on A.business_cd = ta.business_cd
        and A.user_cd = ta.USER_CD
        and a.insr_year = ta.base_year
        and now() between CONCAT (ta.rn_st_dt,' 00:00:00') and CONCAT(ta.rn_en_dt,' 23:59:59')
      JOIN tcom0110a B
        ON A.business_cd = B.business_cd
        and ((A.user_cd = 'IND' AND A.USER_NM = B.USER_NM and A.user_birth = B.user_birth and a.user_regno  = b.user_regno)
             or ((A.user_cd = 'JNT' or A.user_cd = 'COR') AND A.corp_cnno = B.corp_cnno )
             or ((A.user_cd = 'JNT' or A.user_cd = 'COR') AND JSON_CONTAINS(JSON_EXTRACT(a.cbr_data, '$[*].cbr_nm'), JSON_ARRAY(B.USER_NM))
             AND JSON_CONTAINS(JSON_EXTRACT(A.cbr_data, '$[*].cbr_brdt'), JSON_ARRAY(B.user_birth))
             AND JSON_CONTAINS(JSON_EXTRACT(A.cbr_data, '$[*].cbr_regno'), JSON_ARRAY(b.user_regno)))
            )
        and B.user_uuid = 'c1a24f01793a487e8882f5a4d76ec8e7'
        and a.insr_year in (
            select
              max(C.base_year)
            from
              TCOM0030A C,
              tcom0110a D
            where
              C.user_cd = D.user_cd
              and C.business_cd = D.business_cd
              and C.use_yn = 'Y'
              and D.user_uuid = 'c1a24f01793a487e8882f5a4d76ec8e7'
            order by
              C.base_year desc,
              C.ver desc
           
        ) limit 1;
    
2024-07-26 09:50:59 [debug] : ROWS : 
2024-07-26 09:50:59 [debug] : 1---------------------------------E query


2024-07-26 09:50:59 [info] : ::1 - - [26/Jul/2024:00:50:59 +0000] "POST /TAX/TAX0030A HTTP/1.1" 200 2933 "http://localhost:4000/" "Mozilla/5.0 (Windows NT 10.0; Win64; x64) AppleWebKit/537.36 (KHTML, like Gecko) Chrome/126.0.0.0 Safari/537.36"

2024-07-26 09:53:03 [info] : Server off
2024-07-26 09:53:14 [info] : Server on port 3000 | run
2024-07-26 09:53:18 [info] : ::1 - - [26/Jul/2024:00:53:18 +0000] "POST /board/popup HTTP/1.1" 200 1804 "http://localhost:4000/" "Mozilla/5.0 (Windows NT 10.0; Win64; x64) AppleWebKit/537.36 (KHTML, like Gecko) Chrome/126.0.0.0 Safari/537.36"

2024-07-26 09:53:18 [info] : ::1 - - [26/Jul/2024:00:53:18 +0000] "POST /TAX/TAX0030A HTTP/1.1" 200 2734 "http://localhost:4000/" "Mozilla/5.0 (Windows NT 10.0; Win64; x64) AppleWebKit/537.36 (KHTML, like Gecko) Chrome/126.0.0.0 Safari/537.36"

2024-07-26 11:41:02 [error] : jwt expired
2024-07-26 11:41:02 [info] : ::1 - - [26/Jul/2024:02:41:02 +0000] "POST /TAX/TAX0030A HTTP/1.1" 401 49 "http://localhost:4000/" "Mozilla/5.0 (Windows NT 10.0; Win64; x64) AppleWebKit/537.36 (KHTML, like Gecko) Chrome/126.0.0.0 Safari/537.36"

2024-07-26 11:41:02 [info] : ::1 - - [26/Jul/2024:02:41:02 +0000] "POST /board/popup HTTP/1.1" 200 1804 "http://localhost:4000/" "Mozilla/5.0 (Windows NT 10.0; Win64; x64) AppleWebKit/537.36 (KHTML, like Gecko) Chrome/126.0.0.0 Safari/537.36"

2024-07-26 11:41:07 [error] : passport isAuth  : true
2024-07-26 11:41:07 [info] : ::1 - - [26/Jul/2024:02:41:07 +0000] "POST /auth/signin HTTP/1.1" 200 559 "http://localhost:4000/" "Mozilla/5.0 (Windows NT 10.0; Win64; x64) AppleWebKit/537.36 (KHTML, like Gecko) Chrome/126.0.0.0 Safari/537.36"

2024-07-26 11:41:07 [info] : ::1 - - [26/Jul/2024:02:41:07 +0000] "POST /board/popup HTTP/1.1" 200 1804 "http://localhost:4000/" "Mozilla/5.0 (Windows NT 10.0; Win64; x64) AppleWebKit/537.36 (KHTML, like Gecko) Chrome/126.0.0.0 Safari/537.36"

2024-07-26 11:41:07 [info] : ::1 - - [26/Jul/2024:02:41:07 +0000] "POST /TAX/TAX0030A HTTP/1.1" 200 2734 "http://localhost:4000/" "Mozilla/5.0 (Windows NT 10.0; Win64; x64) AppleWebKit/537.36 (KHTML, like Gecko) Chrome/126.0.0.0 Safari/537.36"

2024-07-26 13:31:47 [info] : Server off
2024-07-26 13:31:48 [info] : Server off
2024-07-26 13:31:48 [info] : Server off
2024-07-26 13:31:49 [info] : Server off
2024-07-26 13:31:50 [info] : Server off
2024-07-26 13:31:50 [info] : Server off
2024-07-26 13:31:50 [info] : Server off
2024-07-26 13:31:50 [info] : Server off
2024-07-26 13:31:51 [info] : Server off
2024-07-26 13:31:51 [info] : Server off
2024-07-26 13:31:51 [info] : Server off
2024-07-26 13:31:56 [info] : Server off
2024-07-26 13:31:57 [info] : Server off
2024-07-26 13:31:57 [info] : Server off
2024-07-26 13:31:59 [info] : Server off
2024-07-26 13:32:02 [info] : Server on port 3000 | run
2024-07-26 13:35:42 [info] : Server off
2024-07-26 13:35:44 [info] : Server on port 3000 | run
2024-07-26 13:37:12 [error] : passport isAuth  : false
2024-07-26 13:37:12 [info] : ::1 - - [26/Jul/2024:04:37:12 +0000] "POST /auth/signin HTTP/1.1" 401 - "http://localhost:4000/" "Mozilla/5.0 (Windows NT 10.0; Win64; x64) AppleWebKit/537.36 (KHTML, like Gecko) Chrome/126.0.0.0 Safari/537.36"

2024-07-26 13:37:13 [error] : passport isAuth  : false
2024-07-26 13:37:13 [info] : ::1 - - [26/Jul/2024:04:37:13 +0000] "POST /auth/signin HTTP/1.1" 401 - "http://localhost:4000/" "Mozilla/5.0 (Windows NT 10.0; Win64; x64) AppleWebKit/537.36 (KHTML, like Gecko) Chrome/126.0.0.0 Safari/537.36"

2024-07-26 13:37:14 [error] : passport isAuth  : false
2024-07-26 13:37:14 [info] : ::1 - - [26/Jul/2024:04:37:14 +0000] "POST /auth/signin HTTP/1.1" 401 - "http://localhost:4000/" "Mozilla/5.0 (Windows NT 10.0; Win64; x64) AppleWebKit/537.36 (KHTML, like Gecko) Chrome/126.0.0.0 Safari/537.36"

2024-07-26 13:37:15 [error] : passport isAuth  : false
2024-07-26 13:37:15 [info] : ::1 - - [26/Jul/2024:04:37:15 +0000] "POST /auth/signin HTTP/1.1" 401 - "http://localhost:4000/" "Mozilla/5.0 (Windows NT 10.0; Win64; x64) AppleWebKit/537.36 (KHTML, like Gecko) Chrome/126.0.0.0 Safari/537.36"

2024-07-26 13:37:15 [error] : passport isAuth  : false
2024-07-26 13:37:15 [info] : ::1 - - [26/Jul/2024:04:37:15 +0000] "POST /auth/signin HTTP/1.1" 401 - "http://localhost:4000/" "Mozilla/5.0 (Windows NT 10.0; Win64; x64) AppleWebKit/537.36 (KHTML, like Gecko) Chrome/126.0.0.0 Safari/537.36"

2024-07-26 13:37:19 [error] : passport isAuth  : true
2024-07-26 13:37:19 [info] : ::1 - - [26/Jul/2024:04:37:19 +0000] "POST /auth/signin HTTP/1.1" 200 559 "http://localhost:4000/" "Mozilla/5.0 (Windows NT 10.0; Win64; x64) AppleWebKit/537.36 (KHTML, like Gecko) Chrome/126.0.0.0 Safari/537.36"

2024-07-26 13:37:19 [info] : ::1 - - [26/Jul/2024:04:37:19 +0000] "POST /board/popup HTTP/1.1" 200 1804 "http://localhost:4000/" "Mozilla/5.0 (Windows NT 10.0; Win64; x64) AppleWebKit/537.36 (KHTML, like Gecko) Chrome/126.0.0.0 Safari/537.36"

2024-07-26 13:37:20 [info] : ::1 - - [26/Jul/2024:04:37:20 +0000] "POST /TAX/TAX0030A HTTP/1.1" 200 2734 "http://localhost:4000/" "Mozilla/5.0 (Windows NT 10.0; Win64; x64) AppleWebKit/537.36 (KHTML, like Gecko) Chrome/126.0.0.0 Safari/537.36"

2024-07-26 14:16:37 [error] : jwt expired
2024-07-26 14:16:37 [info] : ::1 - - [26/Jul/2024:05:16:37 +0000] "POST /TAX/TAX0030A HTTP/1.1" 401 49 "http://localhost:4000/" "Mozilla/5.0 (Windows NT 10.0; Win64; x64) AppleWebKit/537.36 (KHTML, like Gecko) Chrome/126.0.0.0 Safari/537.36"

2024-07-26 14:16:37 [info] : ::1 - - [26/Jul/2024:05:16:37 +0000] "POST /board/popup HTTP/1.1" 200 1804 "http://localhost:4000/" "Mozilla/5.0 (Windows NT 10.0; Win64; x64) AppleWebKit/537.36 (KHTML, like Gecko) Chrome/126.0.0.0 Safari/537.36"

2024-07-26 15:08:14 [error] : PASSPORT localVerify Error :  Cannot read properties of undefined (reading 'user_pwd')
2024-07-26 15:08:14 [error] : >> 
2024-07-26 15:08:14 [info] : ::1 - - [26/Jul/2024:06:08:14 +0000] "POST /auth/signin HTTP/1.1" 500 86 "http://localhost:4000/" "Mozilla/5.0 (Windows NT 10.0; Win64; x64) AppleWebKit/537.36 (KHTML, like Gecko) Chrome/126.0.0.0 Safari/537.36"

2024-07-26 15:08:25 [error] : PASSPORT localVerify Error :  Cannot read properties of undefined (reading 'user_pwd')
2024-07-26 15:08:25 [error] : >> 
2024-07-26 15:08:25 [info] : ::1 - - [26/Jul/2024:06:08:25 +0000] "POST /auth/signin HTTP/1.1" 500 86 "http://localhost:4000/" "Mozilla/5.0 (Windows NT 10.0; Win64; x64) AppleWebKit/537.36 (KHTML, like Gecko) Chrome/126.0.0.0 Safari/537.36"

2024-07-26 15:08:42 [error] : passport isAuth  : false
2024-07-26 15:08:42 [info] : ::1 - - [26/Jul/2024:06:08:42 +0000] "POST /auth/signin HTTP/1.1" 401 - "http://localhost:4000/" "Mozilla/5.0 (Windows NT 10.0; Win64; x64) AppleWebKit/537.36 (KHTML, like Gecko) Chrome/126.0.0.0 Safari/537.36"

2024-07-26 15:08:44 [error] : passport isAuth  : false
2024-07-26 15:08:44 [info] : ::1 - - [26/Jul/2024:06:08:44 +0000] "POST /auth/signin HTTP/1.1" 401 - "http://localhost:4000/" "Mozilla/5.0 (Windows NT 10.0; Win64; x64) AppleWebKit/537.36 (KHTML, like Gecko) Chrome/126.0.0.0 Safari/537.36"

2024-07-26 15:11:11 [error] : passport isAuth  : true
2024-07-26 15:11:11 [info] : ::1 - - [26/Jul/2024:06:11:11 +0000] "POST /auth/signin HTTP/1.1" 200 555 "http://localhost:4000/" "Mozilla/5.0 (Windows NT 10.0; Win64; x64) AppleWebKit/537.36 (KHTML, like Gecko) Chrome/126.0.0.0 Safari/537.36"

2024-07-26 15:11:11 [info] : ::1 - - [26/Jul/2024:06:11:11 +0000] "POST /board/popup HTTP/1.1" 200 36 "http://localhost:4000/" "Mozilla/5.0 (Windows NT 10.0; Win64; x64) AppleWebKit/537.36 (KHTML, like Gecko) Chrome/126.0.0.0 Safari/537.36"

2024-07-26 15:11:11 [info] : ::1 - - [26/Jul/2024:06:11:11 +0000] "POST /LAW/LAW0030A HTTP/1.1" 200 486 "http://localhost:4000/" "Mozilla/5.0 (Windows NT 10.0; Win64; x64) AppleWebKit/537.36 (KHTML, like Gecko) Chrome/126.0.0.0 Safari/537.36"

2024-07-26 15:11:14 [info] : ::1 - - [26/Jul/2024:06:11:14 +0000] "POST /COMMON/code/all HTTP/1.1" 200 11456 "http://localhost:4000/" "Mozilla/5.0 (Windows NT 10.0; Win64; x64) AppleWebKit/537.36 (KHTML, like Gecko) Chrome/126.0.0.0 Safari/537.36"

2024-07-26 15:11:14 [info] : ::1 - - [26/Jul/2024:06:11:14 +0000] "POST /LAW/LAW0030A/rate HTTP/1.1" 200 3136 "http://localhost:4000/" "Mozilla/5.0 (Windows NT 10.0; Win64; x64) AppleWebKit/537.36 (KHTML, like Gecko) Chrome/126.0.0.0 Safari/537.36"

2024-07-26 15:11:14 [info] : ::1 - - [26/Jul/2024:06:11:14 +0000] "POST /LAW/LAW0030A/get HTTP/1.1" 200 1726 "http://localhost:4000/" "Mozilla/5.0 (Windows NT 10.0; Win64; x64) AppleWebKit/537.36 (KHTML, like Gecko) Chrome/126.0.0.0 Safari/537.36"

2024-07-26 15:11:14 [info] : ::1 - - [26/Jul/2024:06:11:14 +0000] "POST /user/select HTTP/1.1" 200 883 "http://localhost:4000/" "Mozilla/5.0 (Windows NT 10.0; Win64; x64) AppleWebKit/537.36 (KHTML, like Gecko) Chrome/126.0.0.0 Safari/537.36"

2024-07-26 15:11:14 [info] : ::1 - - [26/Jul/2024:06:11:14 +0000] "POST /LAW/LAW0030A/getSaleRtNDupInfo HTTP/1.1" 200 362 "http://localhost:4000/" "Mozilla/5.0 (Windows NT 10.0; Win64; x64) AppleWebKit/537.36 (KHTML, like Gecko) Chrome/126.0.0.0 Safari/537.36"

2024-07-26 15:12:26 [error] : TypeError: source.on is not a function
2024-07-26 15:12:26 [error] : sendSMSFromTemplate 실패 :  TypeError: source.on is not a function
2024-07-26 15:12:26 [info] : ::1 - - [26/Jul/2024:06:12:26 +0000] "POST /LAW/LAW0030A/set HTTP/1.1" 201 28 "http://localhost:4000/" "Mozilla/5.0 (Windows NT 10.0; Win64; x64) AppleWebKit/537.36 (KHTML, like Gecko) Chrome/126.0.0.0 Safari/537.36"

2024-07-26 15:32:04 [info] : ::1 - - [26/Jul/2024:06:32:04 +0000] "POST /board/popup HTTP/1.1" 200 36 "http://localhost:4000/" "Mozilla/5.0 (Windows NT 10.0; Win64; x64) AppleWebKit/537.36 (KHTML, like Gecko) Chrome/126.0.0.0 Safari/537.36"

2024-07-26 15:32:04 [info] : ::1 - - [26/Jul/2024:06:32:04 +0000] "POST /LAW/LAW0030A HTTP/1.1" 200 486 "http://localhost:4000/" "Mozilla/5.0 (Windows NT 10.0; Win64; x64) AppleWebKit/537.36 (KHTML, like Gecko) Chrome/126.0.0.0 Safari/537.36"

2024-07-26 15:32:06 [info] : ::1 - - [26/Jul/2024:06:32:06 +0000] "POST /COMMON/code/all HTTP/1.1" 200 11456 "http://localhost:4000/" "Mozilla/5.0 (Windows NT 10.0; Win64; x64) AppleWebKit/537.36 (KHTML, like Gecko) Chrome/126.0.0.0 Safari/537.36"

2024-07-26 15:32:06 [info] : ::1 - - [26/Jul/2024:06:32:06 +0000] "POST /LAW/LAW0030A/rate HTTP/1.1" 200 3136 "http://localhost:4000/" "Mozilla/5.0 (Windows NT 10.0; Win64; x64) AppleWebKit/537.36 (KHTML, like Gecko) Chrome/126.0.0.0 Safari/537.36"

2024-07-26 15:32:06 [info] : ::1 - - [26/Jul/2024:06:32:06 +0000] "POST /LAW/LAW0030A/get HTTP/1.1" 200 1726 "http://localhost:4000/" "Mozilla/5.0 (Windows NT 10.0; Win64; x64) AppleWebKit/537.36 (KHTML, like Gecko) Chrome/126.0.0.0 Safari/537.36"

2024-07-26 15:32:06 [info] : ::1 - - [26/Jul/2024:06:32:06 +0000] "POST /user/select HTTP/1.1" 200 883 "http://localhost:4000/" "Mozilla/5.0 (Windows NT 10.0; Win64; x64) AppleWebKit/537.36 (KHTML, like Gecko) Chrome/126.0.0.0 Safari/537.36"

2024-07-26 15:32:06 [info] : ::1 - - [26/Jul/2024:06:32:06 +0000] "POST /LAW/LAW0030A/getSaleRtNDupInfo HTTP/1.1" 200 362 "http://localhost:4000/" "Mozilla/5.0 (Windows NT 10.0; Win64; x64) AppleWebKit/537.36 (KHTML, like Gecko) Chrome/126.0.0.0 Safari/537.36"

2024-07-26 15:35:17 [error] : TypeError: source.on is not a function
2024-07-26 15:35:17 [error] : sendSMSFromTemplate 실패 :  TypeError: source.on is not a function
2024-07-26 15:35:18 [info] : ::1 - - [26/Jul/2024:06:35:18 +0000] "POST /LAW/LAW0030A/set HTTP/1.1" 201 28 "http://localhost:4000/" "Mozilla/5.0 (Windows NT 10.0; Win64; x64) AppleWebKit/537.36 (KHTML, like Gecko) Chrome/126.0.0.0 Safari/537.36"

2024-07-26 15:35:57 [info] : ::1 - - [26/Jul/2024:06:35:57 +0000] "POST /board/popup HTTP/1.1" 200 36 "http://localhost:4000/" "Mozilla/5.0 (Windows NT 10.0; Win64; x64) AppleWebKit/537.36 (KHTML, like Gecko) Chrome/126.0.0.0 Safari/537.36"

2024-07-26 15:35:57 [info] : ::1 - - [26/Jul/2024:06:35:57 +0000] "POST /LAW/LAW0030A HTTP/1.1" 200 880 "http://localhost:4000/" "Mozilla/5.0 (Windows NT 10.0; Win64; x64) AppleWebKit/537.36 (KHTML, like Gecko) Chrome/126.0.0.0 Safari/537.36"

2024-07-26 15:36:02 [info] : ::1 - - [26/Jul/2024:06:36:02 +0000] "POST /COMMON/code/all HTTP/1.1" 200 11456 "http://localhost:4000/" "Mozilla/5.0 (Windows NT 10.0; Win64; x64) AppleWebKit/537.36 (KHTML, like Gecko) Chrome/126.0.0.0 Safari/537.36"

2024-07-26 15:36:02 [info] : ::1 - - [26/Jul/2024:06:36:02 +0000] "POST /LAW/LAW0030A/rate HTTP/1.1" 200 3136 "http://localhost:4000/" "Mozilla/5.0 (Windows NT 10.0; Win64; x64) AppleWebKit/537.36 (KHTML, like Gecko) Chrome/126.0.0.0 Safari/537.36"

2024-07-26 15:36:02 [info] : ::1 - - [26/Jul/2024:06:36:02 +0000] "POST /LAW/LAW0030A/get HTTP/1.1" 200 1856 "http://localhost:4000/" "Mozilla/5.0 (Windows NT 10.0; Win64; x64) AppleWebKit/537.36 (KHTML, like Gecko) Chrome/126.0.0.0 Safari/537.36"

2024-07-26 15:36:02 [info] : ::1 - - [26/Jul/2024:06:36:02 +0000] "POST /user/select HTTP/1.1" 200 883 "http://localhost:4000/" "Mozilla/5.0 (Windows NT 10.0; Win64; x64) AppleWebKit/537.36 (KHTML, like Gecko) Chrome/126.0.0.0 Safari/537.36"

2024-07-26 15:37:42 [info] : ::1 - - [26/Jul/2024:06:37:42 +0000] "POST /LAW/LAW0030A/set/:1d792e0bdf1b47e5a871c110959cb6c4 HTTP/1.1" 201 16 "http://localhost:4000/" "Mozilla/5.0 (Windows NT 10.0; Win64; x64) AppleWebKit/537.36 (KHTML, like Gecko) Chrome/126.0.0.0 Safari/537.36"

2024-07-26 15:46:19 [error] : passport isAuth  : true
2024-07-26 15:46:19 [info] : ::1 - - [26/Jul/2024:06:46:19 +0000] "POST /auth/signin HTTP/1.1" 200 556 "http://localhost:4000/" "Mozilla/5.0 (Windows NT 10.0; Win64; x64) AppleWebKit/537.36 (KHTML, like Gecko) Chrome/126.0.0.0 Safari/537.36"

2024-07-26 15:46:19 [info] : ::1 - - [26/Jul/2024:06:46:19 +0000] "POST /board/popup HTTP/1.1" 200 1645 "http://localhost:4000/" "Mozilla/5.0 (Windows NT 10.0; Win64; x64) AppleWebKit/537.36 (KHTML, like Gecko) Chrome/126.0.0.0 Safari/537.36"

2024-07-26 15:46:19 [info] : ::1 - - [26/Jul/2024:06:46:19 +0000] "POST /TAX/TAX0030A HTTP/1.1" 200 896 "http://localhost:4000/" "Mozilla/5.0 (Windows NT 10.0; Win64; x64) AppleWebKit/537.36 (KHTML, like Gecko) Chrome/126.0.0.0 Safari/537.36"

2024-07-26 16:00:15 [error] : passport isAuth  : true
2024-07-26 16:00:16 [info] : ::1 - - [26/Jul/2024:07:00:16 +0000] "POST /auth/signin HTTP/1.1" 200 556 "http://localhost:4000/" "Mozilla/5.0 (Windows NT 10.0; Win64; x64) AppleWebKit/537.36 (KHTML, like Gecko) Chrome/126.0.0.0 Safari/537.36"

2024-07-26 16:00:16 [info] : ::1 - - [26/Jul/2024:07:00:16 +0000] "POST /board/popup HTTP/1.1" 200 1645 "http://localhost:4000/" "Mozilla/5.0 (Windows NT 10.0; Win64; x64) AppleWebKit/537.36 (KHTML, like Gecko) Chrome/126.0.0.0 Safari/537.36"

2024-07-26 16:00:16 [info] : ::1 - - [26/Jul/2024:07:00:16 +0000] "POST /TAX/TAX0030A HTTP/1.1" 200 896 "http://localhost:4000/" "Mozilla/5.0 (Windows NT 10.0; Win64; x64) AppleWebKit/537.36 (KHTML, like Gecko) Chrome/126.0.0.0 Safari/537.36"

2024-07-26 16:03:08 [info] : ::1 - - [26/Jul/2024:07:03:08 +0000] "POST /board/popup HTTP/1.1" 200 1645 "http://localhost:4000/" "Mozilla/5.0 (Windows NT 10.0; Win64; x64) AppleWebKit/537.36 (KHTML, like Gecko) Chrome/126.0.0.0 Safari/537.36"

2024-07-26 16:03:08 [info] : ::1 - - [26/Jul/2024:07:03:08 +0000] "POST /TAX/TAX0030A HTTP/1.1" 200 896 "http://localhost:4000/" "Mozilla/5.0 (Windows NT 10.0; Win64; x64) AppleWebKit/537.36 (KHTML, like Gecko) Chrome/126.0.0.0 Safari/537.36"

2024-07-26 16:26:19 [info] : ::1 - - [26/Jul/2024:07:26:19 +0000] "POST /board/popup HTTP/1.1" 200 1645 "http://localhost:4000/" "Mozilla/5.0 (Windows NT 10.0; Win64; x64) AppleWebKit/537.36 (KHTML, like Gecko) Chrome/126.0.0.0 Safari/537.36"

2024-07-26 16:26:19 [info] : ::1 - - [26/Jul/2024:07:26:19 +0000] "POST /TAX/TAX0030A HTTP/1.1" 200 896 "http://localhost:4000/" "Mozilla/5.0 (Windows NT 10.0; Win64; x64) AppleWebKit/537.36 (KHTML, like Gecko) Chrome/126.0.0.0 Safari/537.36"

2024-07-26 16:27:33 [info] : ::1 - - [26/Jul/2024:07:27:33 +0000] "POST /board/popup HTTP/1.1" 200 1645 "http://localhost:4000/" "Mozilla/5.0 (Windows NT 10.0; Win64; x64) AppleWebKit/537.36 (KHTML, like Gecko) Chrome/126.0.0.0 Safari/537.36"

2024-07-26 16:27:33 [info] : ::1 - - [26/Jul/2024:07:27:33 +0000] "POST /TAX/TAX0030A HTTP/1.1" 200 896 "http://localhost:4000/" "Mozilla/5.0 (Windows NT 10.0; Win64; x64) AppleWebKit/537.36 (KHTML, like Gecko) Chrome/126.0.0.0 Safari/537.36"

2024-07-26 16:29:57 [info] : Server off
