2024-02-26 13:08:44 [debug] : ---------------------------------S query
2024-02-26 13:08:44 [debug] : SQL : SELECT business_cd, user_uuid, user_id, user_pwd, user_nm, user_cd, user_birth, user_regno, corp_cnno, status_cd, login_fail_cnt, login_block_yn FROM TCOM0110A WHERE business_cd = 'ADM' and user_cd = 'IND' and user_id = 'Lkgf03g' and (status_cd not in ('90') || status_cd is null)
2024-02-26 13:08:44 [debug] : ROWS : 
2024-02-26 13:08:44 [debug] : 1---------------------------------E query


2024-02-26 13:08:44 [error] : passport isAuth  : true
2024-02-26 13:08:44 [debug] : ---------------------------------S query
2024-02-26 13:08:44 [debug] : SQL : UPDATE TCOM0110A SET login_fail_cnt = 0
                                            , login_block_yn = 'N'
                         WHERE business_cd = 'ADM' and user_cd = 'IND' and user_id = 'Lkgf03g' and (status_cd not in ('90') || status_cd is null)
2024-02-26 13:08:44 [debug] : ROWS : 
2024-02-26 13:08:44 [debug] : 1---------------------------------E query


2024-02-26 13:08:44 [debug] : {
   "business_cd": "ADM",
   "user_uuid": "8cd7e11d53a441169f638f18b0aac029",
   "user_id": "Lkgf03g",
   "user_pwd": "$2a$10$RYqhgOTL.klk2Do7wakTDeWk6waGw7fmOFw9ZpCFIt1ljuC30PvQu",
   "user_nm": "윤자영",
   "user_cd": "IND",
   "user_birth": "",
   "user_regno": "",
   "corp_cnno": "",
   "status_cd": "30",
   "login_fail_cnt": 0,
   "login_block_yn": "N"
}
2024-02-26 13:08:44 [info] : ::1 - - [26/Feb/2024:04:08:44 +0000] "POST /auth/signin HTTP/1.1" 200 556 "http://localhost:5000/admin/login" "Mozilla/5.0 (Windows NT 10.0; Win64; x64) AppleWebKit/537.36 (KHTML, like Gecko) Chrome/121.0.0.0 Safari/537.36"

2024-02-26 13:36:25 [info] : ::1 - - [26/Feb/2024:04:36:25 +0000] "POST /auth/refresh HTTP/1.1" 200 466 "http://localhost:5000/admin/mng/content" "Mozilla/5.0 (Windows NT 10.0; Win64; x64) AppleWebKit/537.36 (KHTML, like Gecko) Chrome/121.0.0.0 Safari/537.36"

2024-02-26 13:37:18 [debug] : {
   "method": "raw",
   "sql": "\n      /* AdminMapper.INSURANCE_LIST */  \n      SELECT A.insurance_uuid\n            , A.business_cd\n            , A.user_cd\n            , A.user_uuid\n            , A.user_nm\n            , A.user_id\n            , A.user_regno\n            , A.corp_cnno\n            , A.insr_year\n            , A.insr_st_dt\n            , A.insr_cncls_dt\n            , A.insr_tot_amt\n            , A.insr_tot_paid_amt\n            , A.insr_tot_unpaid_amt\n            , A.status_cd\n            , B.insurance_no\n            , B.insr_st_dt as base_insr_st_dt\n            , B.insr_cncls_dt as base_insr_cncls_dt\n            , FN_GET_CODENM('COM002', A.user_cd) AS user_cd_nm\n            , FN_GET_CODENM('COM030', A.status_cd) AS status_nm\n            , FN_GET_CODENM('TAX001', A.corp_region_cd) AS corp_region_nm\n            FROM   TTAX0030A A\n      \t\t\tLEFT JOIN TCOM0030A B\n\t\t    ON A.insr_year = B.base_year \n\t\t    AND A.user_cd = B.user_cd \n\t\t    AND A.business_cd = B.business_cd\n      WHERE  A.business_cd =  :business_cd\n         AND (:user_cd = '%' or A.user_cd = :user_cd)\n         AND (:insr_year = '%' or A.insr_year = :insr_year)\n         AND (:status_cd = '%' or A.status_cd = :status_cd)\n         AND ((A.user_nm like CONCAT('%', :user_nm, '%')) OR a.cbr_data like CONCAT('%', :user_nm, '%') )\n        \n      ORDER  BY A.created_at DESC \n    ",
   "bindings": [],
   "options": {},
   "__knexQueryUid": "XogfOGVbCUUftXKJUtyil"
}
2024-02-26 13:37:18 [error] : >> 
2024-02-26 13:37:18 [info] : ::1 - - [26/Feb/2024:04:37:18 +0000] "POST /ADM/TAX/gets HTTP/1.1" 500 1635 "http://localhost:5000/admin/mng/content" "Mozilla/5.0 (Windows NT 10.0; Win64; x64) AppleWebKit/537.36 (KHTML, like Gecko) Chrome/121.0.0.0 Safari/537.36"

2024-02-26 14:03:28 [info] : ::1 - - [26/Feb/2024:05:03:28 +0000] "POST /auth/refresh HTTP/1.1" 200 466 "http://localhost:5000/admin/mng/content" "Mozilla/5.0 (Windows NT 10.0; Win64; x64) AppleWebKit/537.36 (KHTML, like Gecko) Chrome/121.0.0.0 Safari/537.36"

2024-02-26 14:33:28 [debug] : ---------------------------------S query
2024-02-26 14:33:28 [debug] : SQL : SELECT grp_cd, dtl_cd as value, dtl_nm as title, description as rmk FROM TCOM0011A
2024-02-26 14:33:28 [debug] : ROWS : 
2024-02-26 14:33:28 [debug] : 1---------------------------------E query


2024-02-26 14:33:28 [info] : ::1 - - [26/Feb/2024:05:33:28 +0000] "POST /COMMON/code/all HTTP/1.1" 200 11024 "http://localhost:5000/admin/login" "Mozilla/5.0 (Windows NT 10.0; Win64; x64) AppleWebKit/537.36 (KHTML, like Gecko) Chrome/121.0.0.0 Safari/537.36"

2024-02-26 14:54:37 [debug] : ---------------------------------S query
2024-02-26 14:54:37 [debug] : SQL : SELECT business_cd, user_uuid, user_id, user_pwd, user_nm, user_cd, user_birth, user_regno, corp_cnno, status_cd, login_fail_cnt, login_block_yn FROM TCOM0110A WHERE business_cd = 'ADM' and user_cd = 'IND' and user_id = 'Lkgf03g' and (status_cd not in ('90') || status_cd is null)
2024-02-26 14:54:37 [debug] : ROWS : 
2024-02-26 14:54:37 [debug] : 1---------------------------------E query


2024-02-26 14:54:37 [error] : passport isAuth  : true
2024-02-26 14:54:37 [debug] : ---------------------------------S query
2024-02-26 14:54:37 [debug] : SQL : UPDATE TCOM0110A SET login_fail_cnt = 0
                                            , login_block_yn = 'N'
                         WHERE business_cd = 'ADM' and user_cd = 'IND' and user_id = 'Lkgf03g' and (status_cd not in ('90') || status_cd is null)
2024-02-26 14:54:37 [debug] : ROWS : 
2024-02-26 14:54:37 [debug] : 1---------------------------------E query


2024-02-26 14:54:37 [debug] : {
   "business_cd": "ADM",
   "user_uuid": "8cd7e11d53a441169f638f18b0aac029",
   "user_id": "Lkgf03g",
   "user_pwd": "$2a$10$RYqhgOTL.klk2Do7wakTDeWk6waGw7fmOFw9ZpCFIt1ljuC30PvQu",
   "user_nm": "윤자영",
   "user_cd": "IND",
   "user_birth": "",
   "user_regno": "",
   "corp_cnno": "",
   "status_cd": "30",
   "login_fail_cnt": 0,
   "login_block_yn": "N"
}
2024-02-26 14:54:37 [info] : ::1 - - [26/Feb/2024:05:54:37 +0000] "POST /auth/signin HTTP/1.1" 200 556 "http://localhost:5000/admin/login" "Mozilla/5.0 (Windows NT 10.0; Win64; x64) AppleWebKit/537.36 (KHTML, like Gecko) Chrome/121.0.0.0 Safari/537.36"

2024-02-26 15:24:37 [debug] : ---------------------------------S query
2024-02-26 15:24:37 [debug] : SQL : SELECT grp_cd, dtl_cd as value, dtl_nm as title, description as rmk FROM TCOM0011A
2024-02-26 15:24:37 [debug] : ROWS : 
2024-02-26 15:24:37 [debug] : 1---------------------------------E query


2024-02-26 15:24:37 [info] : ::1 - - [26/Feb/2024:06:24:37 +0000] "POST /COMMON/code/all HTTP/1.1" 200 11024 "http://localhost:5000/admin/login" "Mozilla/5.0 (Windows NT 10.0; Win64; x64) AppleWebKit/537.36 (KHTML, like Gecko) Chrome/121.0.0.0 Safari/537.36"

2024-02-26 15:27:12 [debug] : ---------------------------------S query
2024-02-26 15:27:12 [debug] : SQL : SELECT business_cd, user_uuid, user_id, user_pwd, user_nm, user_cd, user_birth, user_regno, corp_cnno, status_cd, login_fail_cnt, login_block_yn FROM TCOM0110A WHERE business_cd = 'ADM' and user_cd = 'IND' and user_id = 'Lkgf03g' and (status_cd not in ('90') || status_cd is null)
2024-02-26 15:27:12 [debug] : ROWS : 
2024-02-26 15:27:12 [debug] : 1---------------------------------E query


2024-02-26 15:27:12 [error] : passport isAuth  : true
2024-02-26 15:27:12 [debug] : ---------------------------------S query
2024-02-26 15:27:12 [debug] : SQL : UPDATE TCOM0110A SET login_fail_cnt = 0
                                            , login_block_yn = 'N'
                         WHERE business_cd = 'ADM' and user_cd = 'IND' and user_id = 'Lkgf03g' and (status_cd not in ('90') || status_cd is null)
2024-02-26 15:27:12 [debug] : ROWS : 
2024-02-26 15:27:12 [debug] : 1---------------------------------E query


2024-02-26 15:27:12 [debug] : {
   "business_cd": "ADM",
   "user_uuid": "8cd7e11d53a441169f638f18b0aac029",
   "user_id": "Lkgf03g",
   "user_pwd": "$2a$10$RYqhgOTL.klk2Do7wakTDeWk6waGw7fmOFw9ZpCFIt1ljuC30PvQu",
   "user_nm": "윤자영",
   "user_cd": "IND",
   "user_birth": "",
   "user_regno": "",
   "corp_cnno": "",
   "status_cd": "30",
   "login_fail_cnt": 0,
   "login_block_yn": "N"
}
2024-02-26 15:27:12 [info] : ::1 - - [26/Feb/2024:06:27:12 +0000] "POST /auth/signin HTTP/1.1" 200 556 "http://localhost:5000/admin/login" "Mozilla/5.0 (Windows NT 10.0; Win64; x64) AppleWebKit/537.36 (KHTML, like Gecko) Chrome/121.0.0.0 Safari/537.36"

2024-02-26 15:57:12 [debug] : ---------------------------------S query
2024-02-26 15:57:12 [debug] : SQL : SELECT grp_cd, dtl_cd as value, dtl_nm as title, description as rmk FROM TCOM0011A
2024-02-26 15:57:12 [debug] : ROWS : 
2024-02-26 15:57:12 [debug] : 1---------------------------------E query


2024-02-26 15:57:12 [info] : ::1 - - [26/Feb/2024:06:57:12 +0000] "POST /COMMON/code/all HTTP/1.1" 200 11024 "http://localhost:5000/admin/login" "Mozilla/5.0 (Windows NT 10.0; Win64; x64) AppleWebKit/537.36 (KHTML, like Gecko) Chrome/121.0.0.0 Safari/537.36"

