2024-07-09 12:06:27 [debug] : ---------------------------------S query
2024-07-09 12:06:27 [debug] : SQL : SELECT business_cd, user_uuid, user_id, user_pwd, user_nm, user_cd, user_birth, user_regno, corp_cnno, status_cd, login_fail_cnt, login_block_yn FROM TCOM0110A WHERE business_cd = 'ADM' and user_cd = 'IND' and user_id = 'kirakira14' and (status_cd not in ('90') || status_cd is null)
2024-07-09 12:06:27 [debug] : ROWS : 
2024-07-09 12:06:27 [debug] : 1---------------------------------E query


2024-07-09 12:06:27 [error] : PASSPORT localVerify Error :  Cannot read properties of undefined (reading 'user_pwd')
2024-07-09 12:06:27 [error] : >> 
2024-07-09 12:06:27 [info] : ::1 - - [09/Jul/2024:03:06:27 +0000] "POST /auth/signin HTTP/1.1" 500 86 "http://localhost:4000/" "Mozilla/5.0 (Windows NT 10.0; Win64; x64) AppleWebKit/537.36 (KHTML, like Gecko) Chrome/126.0.0.0 Safari/537.36"

2024-07-09 12:58:16 [info] : Server off
2024-07-09 12:58:24 [info] : Server on port 3000 | run
2024-07-09 13:15:39 [debug] : ---------------------------------S query
2024-07-09 13:15:39 [debug] : SQL : SELECT grp_cd, dtl_cd as value, dtl_nm as title, description as rmk FROM TCOM0011A
2024-07-09 13:15:39 [debug] : ROWS : 
2024-07-09 13:15:39 [debug] : 1---------------------------------E query


2024-07-09 13:15:39 [info] : ::1 - - [09/Jul/2024:04:15:39 +0000] "POST /COMMON/code/all HTTP/1.1" 200 11281 "http://localhost:4000/" "Mozilla/5.0 (Windows NT 10.0; Win64; x64) AppleWebKit/537.36 (KHTML, like Gecko) Chrome/126.0.0.0 Safari/537.36"

2024-07-09 13:17:45 [debug] : [
   null,
   null,
   "문상현",
   "010-8448-8757",
   "720531"
]
2024-07-09 13:17:45 [debug] : ---------------------------------S query
2024-07-09 13:17:45 [debug] : SQL : select user_id FROM TCOM0110A where business_cd = NULL and user_cd = NULL and user_nm = '문상현' and user_hpno = '010-8448-8757' and user_birth = '720531'
2024-07-09 13:17:45 [debug] : ROWS : 
2024-07-09 13:17:45 [debug] : 1---------------------------------E query


2024-07-09 13:17:45 [debug] : null
2024-07-09 13:17:45 [info] : ::1 - - [09/Jul/2024:04:17:45 +0000] "GET /auth/import/user/imp_699551286623 HTTP/1.1" 200 614 "http://localhost:4000/" "Mozilla/5.0 (Windows NT 10.0; Win64; x64) AppleWebKit/537.36 (KHTML, like Gecko) Chrome/126.0.0.0 Safari/537.36"

2024-07-09 13:18:07 [debug] : ---------------------------------S query
2024-07-09 13:18:07 [debug] : SQL : select * FROM TCOM0111A where business_cd = 'ACC' and reg_no = '888888' and nm = '문상현'
2024-07-09 13:18:07 [debug] : ROWS : 
2024-07-09 13:18:07 [debug] : 1---------------------------------E query


2024-07-09 13:18:07 [debug] : [
   "ACC",
   "문상현",
   "720531",
   "888888"
]
2024-07-09 13:18:07 [debug] : ---------------------------------S query
2024-07-09 13:18:07 [debug] : SQL : select user_id FROM TCOM0110A where business_cd = 'ACC' and user_nm = '문상현' and user_birth = '720531' and user_regno = '888888'
2024-07-09 13:18:07 [debug] : ROWS : 
2024-07-09 13:18:07 [debug] : 1---------------------------------E query


2024-07-09 13:18:07 [info] : ::1 - - [09/Jul/2024:04:18:07 +0000] "POST /user/isVerifyUserRegNo HTTP/1.1" 200 43 "http://localhost:4000/" "Mozilla/5.0 (Windows NT 10.0; Win64; x64) AppleWebKit/537.36 (KHTML, like Gecko) Chrome/126.0.0.0 Safari/537.36"

2024-07-09 13:21:22 [debug] : [
   "ACC",
   "IND",
   "kirakira14"
]
2024-07-09 13:21:22 [debug] : ---------------------------------S query
2024-07-09 13:21:22 [debug] : SQL : select user_id FROM TCOM0110A where business_cd = 'ACC' and user_cd = 'IND' and user_id = 'kirakira14'
2024-07-09 13:21:22 [debug] : ROWS : 
2024-07-09 13:21:22 [debug] : 1---------------------------------E query


2024-07-09 13:21:22 [info] : ::1 - - [09/Jul/2024:04:21:22 +0000] "POST /user/isVerifyUserId HTTP/1.1" 200 66 "http://localhost:4000/" "Mozilla/5.0 (Windows NT 10.0; Win64; x64) AppleWebKit/537.36 (KHTML, like Gecko) Chrome/126.0.0.0 Safari/537.36"

2024-07-09 13:22:07 [debug] : ---------------------------------S query
2024-07-09 13:22:07 [debug] : SQL : SELECT user_email FROM TCOM0110A WHERE  business_cd = 'ACC' and user_cd = 'IND' and user_email = 'getdream01@gmail.com' 
2024-07-09 13:22:07 [debug] : ROWS : 
2024-07-09 13:22:07 [debug] : 1---------------------------------E query


2024-07-09 13:22:07 [info] : ::1 - - [09/Jul/2024:04:22:07 +0000] "POST /user/isVerifyUserEMail HTTP/1.1" 200 66 "http://localhost:4000/" "Mozilla/5.0 (Windows NT 10.0; Win64; x64) AppleWebKit/537.36 (KHTML, like Gecko) Chrome/126.0.0.0 Safari/537.36"

2024-07-09 13:22:16 [debug] : ---------------------------------S query
2024-07-09 13:22:16 [debug] : SQL : select * FROM TCOM0111A where business_cd = 'ACC' and reg_no = '888888' and nm = '문상현'
2024-07-09 13:22:16 [debug] : ROWS : 
2024-07-09 13:22:16 [debug] : 1---------------------------------E query


2024-07-09 13:22:16 [debug] : [
   "ACC",
   "문상현",
   "720531",
   "888888"
]
2024-07-09 13:22:16 [debug] : ---------------------------------S query
2024-07-09 13:22:16 [debug] : SQL : select user_id FROM TCOM0110A where business_cd = 'ACC' and user_nm = '문상현' and user_birth = '720531' and user_regno = '888888'
2024-07-09 13:22:16 [debug] : ROWS : 
2024-07-09 13:22:16 [debug] : 1---------------------------------E query


2024-07-09 13:22:16 [info] : ::1 - - [09/Jul/2024:04:22:16 +0000] "POST /user/isVerifyUserRegNo HTTP/1.1" 200 42 "http://localhost:4000/" "Mozilla/5.0 (Windows NT 10.0; Win64; x64) AppleWebKit/537.36 (KHTML, like Gecko) Chrome/126.0.0.0 Safari/537.36"

2024-07-09 13:22:18 [debug] : userController params 
2024-07-09 13:22:19 [debug] : {
   "type": "",
   "business_cd": "ACC",
   "user_cd": "IND",
   "user_uuid": "",
   "user_nm": "문상현",
   "user_birth": "720531",
   "user_id": "kirakira14",
   "is_user_id": true,
   "user_pwd": "!@ansalstjr72",
   "user_pwd_chk": "!@ansalstjr72",
   "new_user_pwd": "",
   "new_user_pwd_chk": "",
   "user_regno": "888888",
   "is_user_regno": true,
   "user_hpno": "010-8448-8757",
   "user_hpno_new": "",
   "is_user_hpno": false,
   "user_email": "getdream01@gmail.com",
   "user_email_new": "",
   "is_user_email": true,
   "corp_type": "",
   "corp_nm": "제이에스",
   "corp_ceo_nm": "",
   "corp_bnno": "",
   "corp_cnno": "110-21-34567",
   "corp_telno": "",
   "corp_telno1": "031",
   "corp_telno2": "1111",
   "corp_telno3": "2222",
   "corp_faxno": "",
   "corp_faxno1": "031",
   "corp_faxno2": "2222",
   "corp_faxno3": "2222",
   "corp_cust_nm": "문상현",
   "corp_cust_hpno": "",
   "corp_cust_email": "",
   "corp_region_cd": "",
   "corp_region_nm": "",
   "is_corp_cust_email": false,
   "corp_post": "13486",
   "corp_addr": "경기 성남시 분당구 판교로 253",
   "corp_addr_dtl": "804-1",
   "recv_email_yn": "",
   "agr1_yn": "Y",
   "agr2_yn": "Y",
   "agr3_yn": "Y",
   "agr4_yn": "",
   "active_yn": "",
   "agr_all_yn": "Y",
   "status_cd": "30",
   "business_cd_nm": "",
   "status_cd_nm": "",
   "user_cd_nm": "",
   "corp_region_cd_nm": "",
   "created_at": "",
   "login_fail_cnt": 0,
   "login_block_yn": "",
   "user_pwd_chg_at": "",
   "created_ip": "",
   "created_id": "",
   "updated_ip": "",
   "updated_id": "",
   "auth_code": ""
}
2024-07-09 13:22:19 [debug] : 2---------------------------------S query
2024-07-09 13:22:19 [debug] : SQL : 
2024-07-09 13:22:19 [debug] : ROWS : 
2024-07-09 13:22:19 [debug] : 2---------------------------------E query


2024-07-09 13:22:19 [debug] : {
   "fieldCount": 0,
   "affectedRows": 1,
   "insertId": 0,
   "info": "",
   "serverStatus": 3,
   "warningStatus": 0
}
2024-07-09 13:22:19 [debug] : {
   "method": "raw",
   "sql": "\n      /* UserMapper.SELECT_USER_UUID */  \n      SELECT user_uuid\n       FROM tcom0110a\n      WHERE user_id = ?\n      AND business_cd = ?\n  ",
   "bindings": [
      "kirakira14",
      "ACC"
   ],
   "options": {},
   "__knexQueryUid": "zkTID2DG1ryXLojKyrHgF"
}
2024-07-09 13:22:19 [error] : >> 
2024-07-09 13:22:19 [info] : ::1 - - [09/Jul/2024:04:22:19 +0000] "POST /user/insert HTTP/1.1" 500 75 "http://localhost:4000/" "Mozilla/5.0 (Windows NT 10.0; Win64; x64) AppleWebKit/537.36 (KHTML, like Gecko) Chrome/126.0.0.0 Safari/537.36"

2024-07-09 13:23:49 [info] : Server off
2024-07-09 13:23:51 [info] : Server on port 3000 | run
2024-07-09 13:23:56 [debug] : userController params 
2024-07-09 13:23:56 [debug] : {
   "type": "",
   "business_cd": "ACC",
   "user_cd": "IND",
   "user_uuid": "",
   "user_nm": "문상현",
   "user_birth": "720531",
   "user_id": "kirakira14",
   "is_user_id": true,
   "user_pwd": "!@ansalstjr72",
   "user_pwd_chk": "!@ansalstjr72",
   "new_user_pwd": "",
   "new_user_pwd_chk": "",
   "user_regno": "888888",
   "is_user_regno": true,
   "user_hpno": "010-8448-8757",
   "user_hpno_new": "",
   "is_user_hpno": false,
   "user_email": "getdream01@gmail.com",
   "user_email_new": "",
   "is_user_email": true,
   "corp_type": "",
   "corp_nm": "제이에스",
   "corp_ceo_nm": "",
   "corp_bnno": "",
   "corp_cnno": "110-21-34567",
   "corp_telno": "",
   "corp_telno1": "031",
   "corp_telno2": "1111",
   "corp_telno3": "2222",
   "corp_faxno": "",
   "corp_faxno1": "031",
   "corp_faxno2": "2222",
   "corp_faxno3": "2222",
   "corp_cust_nm": "문상현",
   "corp_cust_hpno": "",
   "corp_cust_email": "",
   "corp_region_cd": "",
   "corp_region_nm": "",
   "is_corp_cust_email": false,
   "corp_post": "13486",
   "corp_addr": "경기 성남시 분당구 판교로 253",
   "corp_addr_dtl": "804-1",
   "recv_email_yn": "",
   "agr1_yn": "Y",
   "agr2_yn": "Y",
   "agr3_yn": "Y",
   "agr4_yn": "",
   "active_yn": "",
   "agr_all_yn": "Y",
   "status_cd": "30",
   "business_cd_nm": "",
   "status_cd_nm": "",
   "user_cd_nm": "",
   "corp_region_cd_nm": "",
   "created_at": "",
   "login_fail_cnt": 0,
   "login_block_yn": "",
   "user_pwd_chg_at": "",
   "created_ip": "",
   "created_id": "",
   "updated_ip": "",
   "updated_id": "",
   "auth_code": ""
}
2024-07-09 13:28:19 [info] : Server on port 3000 | run
2024-07-09 13:28:46 [debug] : [
   null,
   null,
   "문상현",
   "010-8448-8757",
   "720531"
]
2024-07-09 13:28:46 [debug] : ---------------------------------S query
2024-07-09 13:28:46 [debug] : SQL : select user_id FROM TCOM0110A where business_cd = NULL and user_cd = NULL and user_nm = '문상현' and user_hpno = '010-8448-8757' and user_birth = '720531'
2024-07-09 13:28:46 [debug] : ROWS : 
2024-07-09 13:28:46 [debug] : 1---------------------------------E query


2024-07-09 13:28:46 [debug] : null
2024-07-09 13:28:46 [info] : ::1 - - [09/Jul/2024:04:28:46 +0000] "GET /auth/import/user/imp_082305106673 HTTP/1.1" 200 614 "http://localhost:4000/" "Mozilla/5.0 (Windows NT 10.0; Win64; x64) AppleWebKit/537.36 (KHTML, like Gecko) Chrome/126.0.0.0 Safari/537.36"

2024-07-09 13:28:58 [debug] : ---------------------------------S query
2024-07-09 13:28:58 [debug] : SQL : select * FROM TCOM0111A where business_cd = 'ACC' and reg_no = '888888' and nm = '문상현'
2024-07-09 13:28:58 [debug] : ROWS : 
2024-07-09 13:28:58 [debug] : 1---------------------------------E query


2024-07-09 13:28:58 [debug] : [
   "ACC",
   "문상현",
   "720531",
   "888888"
]
2024-07-09 13:28:58 [debug] : ---------------------------------S query
2024-07-09 13:28:58 [debug] : SQL : select user_id FROM TCOM0110A where business_cd = 'ACC' and user_nm = '문상현' and user_birth = '720531' and user_regno = '888888'
2024-07-09 13:28:58 [debug] : ROWS : 
2024-07-09 13:28:58 [debug] : 1---------------------------------E query


2024-07-09 13:28:58 [info] : ::1 - - [09/Jul/2024:04:28:58 +0000] "POST /user/isVerifyUserRegNo HTTP/1.1" 200 42 "http://localhost:4000/" "Mozilla/5.0 (Windows NT 10.0; Win64; x64) AppleWebKit/537.36 (KHTML, like Gecko) Chrome/126.0.0.0 Safari/537.36"

2024-07-09 13:29:16 [debug] : ---------------------------------S query
2024-07-09 13:29:16 [debug] : SQL : SELECT user_email FROM TCOM0110A WHERE  business_cd = 'ACC' and user_cd = 'IND' and user_email = 'getdream01@gmail.com' 
2024-07-09 13:29:16 [debug] : ROWS : 
2024-07-09 13:29:16 [debug] : 1---------------------------------E query


2024-07-09 13:29:16 [info] : ::1 - - [09/Jul/2024:04:29:16 +0000] "POST /user/isVerifyUserEMail HTTP/1.1" 200 66 "http://localhost:4000/" "Mozilla/5.0 (Windows NT 10.0; Win64; x64) AppleWebKit/537.36 (KHTML, like Gecko) Chrome/126.0.0.0 Safari/537.36"

2024-07-09 13:29:17 [debug] : [
   "ACC",
   "IND",
   "kirakira14"
]
2024-07-09 13:29:17 [debug] : ---------------------------------S query
2024-07-09 13:29:17 [debug] : SQL : select user_id FROM TCOM0110A where business_cd = 'ACC' and user_cd = 'IND' and user_id = 'kirakira14'
2024-07-09 13:29:17 [debug] : ROWS : 
2024-07-09 13:29:17 [debug] : 1---------------------------------E query


2024-07-09 13:29:17 [info] : ::1 - - [09/Jul/2024:04:29:17 +0000] "POST /user/isVerifyUserId HTTP/1.1" 200 66 "http://localhost:4000/" "Mozilla/5.0 (Windows NT 10.0; Win64; x64) AppleWebKit/537.36 (KHTML, like Gecko) Chrome/126.0.0.0 Safari/537.36"

2024-07-09 13:30:12 [debug] : userController params 
2024-07-09 13:30:12 [debug] : {
   "type": "",
   "business_cd": "ACC",
   "user_cd": "IND",
   "user_uuid": "",
   "user_nm": "문상현",
   "user_birth": "720531",
   "user_id": "kirakira14",
   "is_user_id": true,
   "user_pwd": "!@ansalstjr72",
   "user_pwd_chk": "!@ansalstjr72",
   "new_user_pwd": "",
   "new_user_pwd_chk": "",
   "user_regno": "888888",
   "is_user_regno": true,
   "user_hpno": "010-8448-8757",
   "user_hpno_new": "",
   "is_user_hpno": false,
   "user_email": "getdream01@gmail.com",
   "user_email_new": "",
   "is_user_email": true,
   "corp_type": "",
   "corp_nm": "제이에",
   "corp_ceo_nm": "",
   "corp_bnno": "",
   "corp_cnno": "110-21-34567",
   "corp_telno": "",
   "corp_telno1": "031",
   "corp_telno2": "1111",
   "corp_telno3": "1111",
   "corp_faxno": "",
   "corp_faxno1": "031",
   "corp_faxno2": "2222",
   "corp_faxno3": "2222",
   "corp_cust_nm": "문상현",
   "corp_cust_hpno": "",
   "corp_cust_email": "",
   "corp_region_cd": "",
   "corp_region_nm": "",
   "is_corp_cust_email": false,
   "corp_post": "13486",
   "corp_addr": "경기 성남시 분당구 판교로 253",
   "corp_addr_dtl": "804-1",
   "recv_email_yn": "",
   "agr1_yn": "Y",
   "agr2_yn": "Y",
   "agr3_yn": "Y",
   "agr4_yn": "",
   "active_yn": "",
   "agr_all_yn": "Y",
   "status_cd": "30",
   "business_cd_nm": "",
   "status_cd_nm": "",
   "user_cd_nm": "",
   "corp_region_cd_nm": "",
   "created_at": "",
   "login_fail_cnt": 0,
   "login_block_yn": "",
   "user_pwd_chg_at": "",
   "created_ip": "",
   "created_id": "",
   "updated_ip": "",
   "updated_id": "",
   "auth_code": ""
}
2024-07-09 13:30:12 [debug] : 2---------------------------------S query
2024-07-09 13:30:12 [debug] : SQL : 
2024-07-09 13:30:12 [debug] : ROWS : 
2024-07-09 13:30:12 [debug] : 2---------------------------------E query


2024-07-09 13:30:12 [debug] : {
   "fieldCount": 0,
   "affectedRows": 1,
   "insertId": 0,
   "info": "",
   "serverStatus": 3,
   "warningStatus": 0
}
2024-07-09 13:30:12 [debug] : {
   "method": "raw",
   "sql": "\n      /* UserMapper.SELECT_USER_UUID */  \n      SELECT user_uuid\n       FROM tcom0110a\n      WHERE user_id = ?\n      AND business_cd = ?\n  ",
   "bindings": [
      "kirakira14",
      "ACC"
   ],
   "options": {},
   "__knexQueryUid": "rchU59Kl-4WZqsyhzHm4g"
}
2024-07-09 13:30:12 [debug] : ---------------------------------S query
2024-07-09 13:30:12 [debug] : SQL : update ttax0030a set user_uuid = '083edb9c344d4b1bb62d4a687e61b7c1' where user_regno = '888888' and corp_cnno = '110-21-34567' 
2024-07-09 13:30:12 [debug] : ROWS : 
2024-07-09 13:30:12 [debug] : 1---------------------------------E query


2024-07-09 13:30:12 [debug] : ---------------------------------S query
2024-07-09 13:30:12 [debug] : SQL : update ttax0031a set user_uuid = '083edb9c344d4b1bb62d4a687e61b7c1' where user_regno = '888888' and corp_cnno = '110-21-34567' and business_cd = 'ACC' 
2024-07-09 13:30:12 [debug] : ROWS : 
2024-07-09 13:30:12 [debug] : 1---------------------------------E query


2024-07-09 13:30:12 [info] : ::1 - - [09/Jul/2024:04:30:12 +0000] "POST /user/insert HTTP/1.1" 201 42 "http://localhost:4000/" "Mozilla/5.0 (Windows NT 10.0; Win64; x64) AppleWebKit/537.36 (KHTML, like Gecko) Chrome/126.0.0.0 Safari/537.36"

2024-07-09 13:30:12 [debug] : ---------------------------------S query
2024-07-09 13:30:12 [debug] : SQL : SELECT * FROM TCOM0020A where t_id = 'CM0100'
2024-07-09 13:30:12 [debug] : ROWS : 
2024-07-09 13:30:12 [debug] : 1---------------------------------E query


2024-07-09 13:30:12 [debug] : TemplateControllers sendTemplete result : 
2024-07-09 13:30:12 [debug] : TemplateControllers sendTemplete params : 
2024-07-09 13:37:22 [debug] : ---------------------------------S query
2024-07-09 13:37:22 [debug] : SQL : SELECT grp_cd, dtl_cd as value, dtl_nm as title, description as rmk FROM TCOM0011A
2024-07-09 13:37:22 [debug] : ROWS : 
2024-07-09 13:37:22 [debug] : 1---------------------------------E query


2024-07-09 13:37:22 [info] : ::1 - - [09/Jul/2024:04:37:22 +0000] "POST /COMMON/code/all HTTP/1.1" 200 11281 "http://localhost:4000/" "Mozilla/5.0 (Windows NT 10.0; Win64; x64) AppleWebKit/537.36 (KHTML, like Gecko) Chrome/126.0.0.0 Safari/537.36"

2024-07-09 13:38:03 [debug] : [
   null,
   null,
   "문상현",
   "010-8448-8757",
   "720531"
]
2024-07-09 13:38:03 [debug] : ---------------------------------S query
2024-07-09 13:38:03 [debug] : SQL : select user_id FROM TCOM0110A where business_cd = NULL and user_cd = NULL and user_nm = '문상현' and user_hpno = '010-8448-8757' and user_birth = '720531'
2024-07-09 13:38:03 [debug] : ROWS : 
2024-07-09 13:38:03 [debug] : 1---------------------------------E query


2024-07-09 13:38:03 [debug] : null
2024-07-09 13:38:03 [info] : ::1 - - [09/Jul/2024:04:38:03 +0000] "GET /auth/import/user/imp_431849245431 HTTP/1.1" 200 614 "http://localhost:4000/" "Mozilla/5.0 (Windows NT 10.0; Win64; x64) AppleWebKit/537.36 (KHTML, like Gecko) Chrome/126.0.0.0 Safari/537.36"

2024-07-09 13:38:13 [debug] : ---------------------------------S query
2024-07-09 13:38:13 [debug] : SQL : select * FROM TCOM0111A where business_cd = 'TAX' and reg_no = '6302' and nm = '문상현'
2024-07-09 13:38:13 [debug] : ROWS : 
2024-07-09 13:38:13 [debug] : 1---------------------------------E query


2024-07-09 13:38:13 [debug] : [
   "TAX",
   "문상현",
   "720531",
   "6302"
]
2024-07-09 13:38:13 [debug] : ---------------------------------S query
2024-07-09 13:38:13 [debug] : SQL : select user_id FROM TCOM0110A where business_cd = 'TAX' and user_nm = '문상현' and user_birth = '720531' and user_regno = '6302'
2024-07-09 13:38:13 [debug] : ROWS : 
2024-07-09 13:38:13 [debug] : 1---------------------------------E query


2024-07-09 13:38:13 [info] : ::1 - - [09/Jul/2024:04:38:13 +0000] "POST /user/isVerifyUserRegNo HTTP/1.1" 200 43 "http://localhost:4000/" "Mozilla/5.0 (Windows NT 10.0; Win64; x64) AppleWebKit/537.36 (KHTML, like Gecko) Chrome/126.0.0.0 Safari/537.36"

2024-07-09 13:38:15 [debug] : ---------------------------------S query
2024-07-09 13:38:15 [debug] : SQL : select * FROM TCOM0111A where business_cd = 'TAX' and reg_no = '6302' and nm = '문상현'
2024-07-09 13:38:15 [debug] : ROWS : 
2024-07-09 13:38:15 [debug] : 1---------------------------------E query


2024-07-09 13:38:15 [debug] : [
   "TAX",
   "문상현",
   "720531",
   "6302"
]
2024-07-09 13:38:15 [debug] : ---------------------------------S query
2024-07-09 13:38:15 [debug] : SQL : select user_id FROM TCOM0110A where business_cd = 'TAX' and user_nm = '문상현' and user_birth = '720531' and user_regno = '6302'
2024-07-09 13:38:15 [debug] : ROWS : 
2024-07-09 13:38:15 [debug] : 1---------------------------------E query


2024-07-09 13:38:15 [info] : ::1 - - [09/Jul/2024:04:38:15 +0000] "POST /user/isVerifyUserRegNo HTTP/1.1" 200 43 "http://localhost:4000/" "Mozilla/5.0 (Windows NT 10.0; Win64; x64) AppleWebKit/537.36 (KHTML, like Gecko) Chrome/126.0.0.0 Safari/537.36"

2024-07-09 13:38:33 [debug] : ---------------------------------S query
2024-07-09 13:38:33 [debug] : SQL : select * FROM TCOM0111A where business_cd = 'TAX' and reg_no = '6302' and nm = '문상현'
2024-07-09 13:38:33 [debug] : ROWS : 
2024-07-09 13:38:33 [debug] : 1---------------------------------E query


2024-07-09 13:38:33 [debug] : [
   "TAX",
   "문상현",
   "720531",
   "6302"
]
2024-07-09 13:38:33 [debug] : ---------------------------------S query
2024-07-09 13:38:33 [debug] : SQL : select user_id FROM TCOM0110A where business_cd = 'TAX' and user_nm = '문상현' and user_birth = '720531' and user_regno = '6302'
2024-07-09 13:38:33 [debug] : ROWS : 
2024-07-09 13:38:33 [debug] : 1---------------------------------E query


2024-07-09 13:38:33 [info] : ::1 - - [09/Jul/2024:04:38:33 +0000] "POST /user/isVerifyUserRegNo HTTP/1.1" 200 43 "http://localhost:4000/" "Mozilla/5.0 (Windows NT 10.0; Win64; x64) AppleWebKit/537.36 (KHTML, like Gecko) Chrome/126.0.0.0 Safari/537.36"

2024-07-09 13:39:15 [debug] : ---------------------------------S query
2024-07-09 13:39:15 [debug] : SQL : select * FROM TCOM0111A where business_cd = 'TAX' and reg_no = '6302' and nm = '문상현'
2024-07-09 13:39:15 [debug] : ROWS : 
2024-07-09 13:39:15 [debug] : 1---------------------------------E query


2024-07-09 13:39:15 [debug] : [
   "TAX",
   "문상현",
   "720531",
   "6302"
]
2024-07-09 13:39:15 [debug] : ---------------------------------S query
2024-07-09 13:39:15 [debug] : SQL : select user_id FROM TCOM0110A where business_cd = 'TAX' and user_nm = '문상현' and user_birth = '720531' and user_regno = '6302'
2024-07-09 13:39:15 [debug] : ROWS : 
2024-07-09 13:39:15 [debug] : 1---------------------------------E query


2024-07-09 13:39:15 [info] : ::1 - - [09/Jul/2024:04:39:15 +0000] "POST /user/isVerifyUserRegNo HTTP/1.1" 200 42 "http://localhost:4000/" "Mozilla/5.0 (Windows NT 10.0; Win64; x64) AppleWebKit/537.36 (KHTML, like Gecko) Chrome/126.0.0.0 Safari/537.36"

2024-07-09 13:39:22 [debug] : ---------------------------------S query
2024-07-09 13:39:22 [debug] : SQL : SELECT user_email FROM TCOM0110A WHERE  business_cd = 'TAX' and user_cd = 'IND' and user_email = 'getdream01@gmail.com' 
2024-07-09 13:39:22 [debug] : ROWS : 
2024-07-09 13:39:22 [debug] : 1---------------------------------E query


2024-07-09 13:39:22 [info] : ::1 - - [09/Jul/2024:04:39:22 +0000] "POST /user/isVerifyUserEMail HTTP/1.1" 200 66 "http://localhost:4000/" "Mozilla/5.0 (Windows NT 10.0; Win64; x64) AppleWebKit/537.36 (KHTML, like Gecko) Chrome/126.0.0.0 Safari/537.36"

2024-07-09 13:40:22 [debug] : [
   "TAX",
   "IND",
   "getdream03"
]
2024-07-09 13:40:22 [debug] : ---------------------------------S query
2024-07-09 13:40:22 [debug] : SQL : select user_id FROM TCOM0110A where business_cd = 'TAX' and user_cd = 'IND' and user_id = 'getdream03'
2024-07-09 13:40:22 [debug] : ROWS : 
2024-07-09 13:40:22 [debug] : 1---------------------------------E query


2024-07-09 13:40:22 [info] : ::1 - - [09/Jul/2024:04:40:22 +0000] "POST /user/isVerifyUserId HTTP/1.1" 200 66 "http://localhost:4000/" "Mozilla/5.0 (Windows NT 10.0; Win64; x64) AppleWebKit/537.36 (KHTML, like Gecko) Chrome/126.0.0.0 Safari/537.36"

2024-07-09 13:43:18 [debug] : userController params 
2024-07-09 13:43:18 [debug] : {
   "type": "",
   "business_cd": "TAX",
   "user_cd": "IND",
   "user_uuid": "",
   "user_nm": "문상현",
   "user_birth": "720531",
   "user_id": "getdream03",
   "is_user_id": true,
   "user_pwd": "!@ansalstjr72",
   "user_pwd_chk": "!@ansalstjr72",
   "new_user_pwd": "",
   "new_user_pwd_chk": "",
   "user_regno": "6302",
   "is_user_regno": true,
   "user_hpno": "010-8448-8757",
   "user_hpno_new": "",
   "is_user_hpno": false,
   "user_email": "getdream01@gmail.com",
   "user_email_new": "",
   "is_user_email": true,
   "corp_type": "",
   "corp_nm": "임성빈세무회게사무소",
   "corp_ceo_nm": "",
   "corp_bnno": "",
   "corp_cnno": "306-03-36877",
   "corp_telno": "",
   "corp_telno1": "042",
   "corp_telno2": "253",
   "corp_telno3": "3421",
   "corp_faxno": "",
   "corp_faxno1": "042",
   "corp_faxno2": "253",
   "corp_faxno3": "3423",
   "corp_cust_nm": "이헌택",
   "corp_cust_hpno": "",
   "corp_cust_email": "",
   "corp_region_cd": "070",
   "corp_region_nm": "",
   "is_corp_cust_email": false,
   "corp_post": "34836",
   "corp_addr": "대전 중구 선화로 118",
   "corp_addr_dtl": "2층",
   "recv_email_yn": "",
   "agr1_yn": "Y",
   "agr2_yn": "Y",
   "agr3_yn": "Y",
   "agr4_yn": "",
   "active_yn": "",
   "agr_all_yn": "Y",
   "status_cd": "30",
   "business_cd_nm": "",
   "status_cd_nm": "",
   "user_cd_nm": "",
   "corp_region_cd_nm": "",
   "created_at": "",
   "login_fail_cnt": 0,
   "login_block_yn": "",
   "user_pwd_chg_at": "",
   "created_ip": "",
   "created_id": "",
   "updated_ip": "",
   "updated_id": "",
   "auth_code": ""
}
2024-07-09 13:43:18 [debug] : 2---------------------------------S query
2024-07-09 13:43:18 [debug] : SQL : 
2024-07-09 13:43:18 [debug] : ROWS : 
2024-07-09 13:43:18 [debug] : 2---------------------------------E query


2024-07-09 13:43:18 [debug] : {
   "fieldCount": 0,
   "affectedRows": 1,
   "insertId": 0,
   "info": "",
   "serverStatus": 3,
   "warningStatus": 0
}
2024-07-09 13:43:18 [debug] : {
   "method": "raw",
   "sql": "\n      /* UserMapper.SELECT_USER_UUID */  \n      SELECT user_uuid\n       FROM tcom0110a\n      WHERE user_id = ?\n      AND business_cd = ?\n  ",
   "bindings": [
      "getdream03",
      "TAX"
   ],
   "options": {},
   "__knexQueryUid": "wyV-PCAetkoUpgwxbFzgs"
}
2024-07-09 13:43:19 [debug] : ---------------------------------S query
2024-07-09 13:43:19 [debug] : SQL : update ttax0030a set user_uuid = 'cd2b4d52afb64967a9283ddc37cbeb4c' where user_regno = '6302' and corp_cnno = '306-03-36877' 
2024-07-09 13:43:19 [debug] : ROWS : 
2024-07-09 13:43:19 [debug] : 1---------------------------------E query


2024-07-09 13:43:19 [debug] : ---------------------------------S query
2024-07-09 13:43:19 [debug] : SQL : update ttax0031a set user_uuid = 'cd2b4d52afb64967a9283ddc37cbeb4c' where user_regno = '6302' and corp_cnno = '306-03-36877' and business_cd = 'TAX' 
2024-07-09 13:43:19 [debug] : ROWS : 
2024-07-09 13:43:19 [debug] : 1---------------------------------E query


2024-07-09 13:43:19 [info] : ::1 - - [09/Jul/2024:04:43:19 +0000] "POST /user/insert HTTP/1.1" 201 42 "http://localhost:4000/" "Mozilla/5.0 (Windows NT 10.0; Win64; x64) AppleWebKit/537.36 (KHTML, like Gecko) Chrome/126.0.0.0 Safari/537.36"

2024-07-09 13:43:19 [debug] : ---------------------------------S query
2024-07-09 13:43:19 [debug] : SQL : SELECT * FROM TCOM0020A where t_id = 'CM0100'
2024-07-09 13:43:19 [debug] : ROWS : 
2024-07-09 13:43:19 [debug] : 1---------------------------------E query


2024-07-09 13:43:19 [debug] : TemplateControllers sendTemplete result : 
2024-07-09 13:43:19 [debug] : TemplateControllers sendTemplete params : 
2024-07-09 14:43:33 [debug] : ---------------------------------S query
2024-07-09 14:43:33 [debug] : SQL : SELECT business_cd, user_uuid, user_id, user_pwd, user_nm, user_cd, user_birth, user_regno, corp_cnno, status_cd, login_fail_cnt, login_block_yn FROM TCOM0110A WHERE business_cd = 'ADM' and user_cd = 'IND' and user_id = 'getdream' and (status_cd not in ('90') || status_cd is null)
2024-07-09 14:43:33 [debug] : ROWS : 
2024-07-09 14:43:33 [debug] : 1---------------------------------E query


2024-07-09 14:43:33 [error] : passport isAuth  : true
2024-07-09 14:43:33 [debug] : ---------------------------------S query
2024-07-09 14:43:33 [debug] : SQL : UPDATE TCOM0110A SET login_fail_cnt = 0
                                            , login_block_yn = 'N'
                         WHERE business_cd = 'ADM' and user_cd = 'IND' and user_id = 'getdream' and (status_cd not in ('90') || status_cd is null)
2024-07-09 14:43:33 [debug] : ROWS : 
2024-07-09 14:43:33 [debug] : 1---------------------------------E query


2024-07-09 14:43:33 [debug] : {
   "business_cd": "ADM",
   "user_uuid": "8b3a01f1080f4e8aa2343515a219daf8",
   "user_id": "getdream",
   "user_pwd": "$2a$10$Fc8a0xf8WyHAFpdwN4jORukxIcGgLQJcxcrWRd7X.UxjrMlgIGII6",
   "user_nm": "문상현",
   "user_cd": "IND",
   "user_birth": null,
   "user_regno": null,
   "corp_cnno": null,
   "status_cd": "30",
   "login_fail_cnt": 0,
   "login_block_yn": "N"
}
2024-07-09 14:43:33 [info] : ::1 - - [09/Jul/2024:05:43:33 +0000] "POST /auth/signin HTTP/1.1" 200 557 "http://localhost:4000/" "Mozilla/5.0 (Windows NT 10.0; Win64; x64) AppleWebKit/537.36 (KHTML, like Gecko) Chrome/126.0.0.0 Safari/537.36"

2024-07-09 14:43:38 [debug] : ---------------------------------S query
2024-07-09 14:43:38 [debug] : SQL : SELECT grp_cd, dtl_cd as value, dtl_nm as title, description as rmk FROM TCOM0011A
2024-07-09 14:43:38 [debug] : ROWS : 
2024-07-09 14:43:38 [debug] : 1---------------------------------E query


2024-07-09 14:43:38 [info] : ::1 - - [09/Jul/2024:05:43:38 +0000] "POST /COMMON/code/all HTTP/1.1" 200 11281 "http://localhost:4000/" "Mozilla/5.0 (Windows NT 10.0; Win64; x64) AppleWebKit/537.36 (KHTML, like Gecko) Chrome/126.0.0.0 Safari/537.36"

2024-07-09 14:43:44 [debug] : {
   "method": "raw",
   "sql": "\n      /* AdminMapper.SELECT_INSURANCE_TRX_DATA_LIST */  \n      SELECT A.insurance_uuid\n            , A.business_cd\n            , A.user_cd\n            , A.user_uuid\n            , A.user_nm\n            , A.user_id\n            , A.user_regno\n            , A.corp_cnno\n            , A.insr_year\n            , A.insr_st_dt\n            , A.insr_cncls_dt\n            , A.insr_tot_amt\n            , A.insr_tot_paid_amt\n            , A.insr_tot_unpaid_amt\n            , A.status_cd\n            , A.trx_data\n            , B.insurance_no\n            , B.insr_st_dt as base_insr_st_dt\n            , B.insr_cncls_dt as base_insr_cncls_dt\n            , FN_GET_CODENM('COM002', A.user_cd) AS user_cd_nm\n            , FN_GET_CODENM('COM030', A.status_cd) AS status_nm\n            , FN_GET_CODENM('TAX001', A.corp_region_cd) AS corp_region_nm\n            FROM   TTAX0030A A\n      \t\t\tLEFT JOIN TCOM0030A B\n\t\t    ON A.insr_year = B.base_year \n\t\t    AND A.user_cd = B.user_cd \n\t\t    AND A.business_cd = B.business_cd\n        WHERE  A.business_cd =  ?\n         AND (? = '%' or A.user_cd = ?)\n         AND (? = '%' or A.insr_year = ?)\n         AND (? = '%' or A.status_cd = ?)\n         AND ((A.user_nm like CONCAT('%', ?, '%')) OR a.cbr_data like CONCAT('%', ?, '%') )\n      ORDER  BY A.created_at DESC \n    ",
   "bindings": [
      "ACC",
      "IND",
      "IND",
      "2023",
      "2023",
      "%",
      "%",
      "",
      ""
   ],
   "options": {},
   "__knexQueryUid": "wrBwdculbgP3esTUNHO2x"
}
2024-07-09 14:43:45 [info] : ::1 - - [09/Jul/2024:05:43:45 +0000] "POST /ADM/TAX/TRX/get HTTP/1.1" 200 1262552 "http://localhost:4000/" "Mozilla/5.0 (Windows NT 10.0; Win64; x64) AppleWebKit/537.36 (KHTML, like Gecko) Chrome/126.0.0.0 Safari/537.36"

2024-07-09 14:43:55 [debug] : {
   "method": "raw",
   "sql": "\n      /* AdminMapper.INSURANCE_EXCEL_LIST */    \n      SELECT A.insurance_uuid\n            ,A.insurance_seq\n            ,A.user_uuid\n            ,A.business_cd\n            ,A.user_cd\n            ,A.user_id\n            ,A.user_nm\n            ,A.user_birth\n            ,A.user_regno\n            ,A.corp_type\n            ,A.corp_nm\n            ,A.corp_ceo_nm\n            ,A.corp_bnno\n            ,A.corp_cnno\n            ,A.corp_telno\n            ,A.corp_faxno\n            ,A.corp_cust_nm\n            ,A.corp_cust_hpno\n            ,A.corp_cust_email\n            ,A.corp_post\n            ,A.corp_addr\n            ,A.corp_addr_dtl\n            ,A.corp_region_cd\n            ,A.insr_year\n            ,A.insr_reg_dt\n            ,A.insr_st_dt\n            ,A.insr_cncls_dt\n            ,A.insr_retr_yn\n            ,A.insr_retr_dt\n            ,A.insr_pblc_brdn_rt\n            ,A.insr_clm_lt_amt\n            ,A.insr_year_clm_lt_amt\n            ,A.insr_psnl_brdn_amt\n            ,A.insr_sale_year\n            ,A.insr_sale_rt\n            ,A.insr_pcnt_sale_rt\n            ,A.insr_base_amt\n            ,A.insr_amt\n            ,A.insr_tot_amt\n            ,A.insr_tot_paid_amt\n            ,A.insr_tot_unpaid_amt\n            ,A.cons_join_yn\n            ,A.cons_data\n            ,A.spct_join_yn\n            ,A.spct_data\n            ,A.cbr_data\n            ,A.cbr_cnt\n            ,A.trx_data\n            ,A.active_yn\n            ,A.agr10_yn\n            ,A.agr20_yn\n            ,A.agr30_yn\n            ,A.agr31_yn\n            ,A.agr32_yn\n            ,A.agr33_yn\n            ,A.agr34_yn\n            ,A.agr40_yn\n            ,A.agr41_yn\n            ,A.agr50_yn\n            ,A.status_cd\n            ,A.rmk\n            ,A.change_rmk\n            ,A.change_dt\n            ,FN_GET_CODENM('COM030', A.status_cd) AS status_nm\n            ,FN_GET_CODENM('TAX001', A.corp_region_cd) AS corp_region_nm\n            ,B.insr_st_dt as base_insr_st_dt\n            ,B.insr_cncls_dt as base_insr_cncls_dt\n            ,B.insurance_no\n      FROM   TTAX0030A A\n      \t\t\tLEFT JOIN TCOM0030A B\n\t\t    ON A.insr_year = B.base_year \n\t\t    AND A.user_cd = B.user_cd \n\t\t    AND A.business_cd = B.business_cd\n      WHERE  A.business_cd = ?\n         AND A.user_cd = ?\n         AND (A.insr_year like CONCAT('%', ?, '%'))\n         AND (? = '%' or A.status_cd = ?)\n         AND (A.user_nm like CONCAT('%', ?, '%'))\n      ORDER  BY A.created_at DESC \n    ",
   "bindings": [
      "ACC",
      "IND",
      "2023",
      "%",
      "%",
      ""
   ],
   "options": {},
   "__knexQueryUid": "QMIca4NXFMPeDQXgU2GDa"
}
2024-07-09 14:43:56 [info] : ::1 - - [09/Jul/2024:05:43:56 +0000] "POST /ADM/TAX/EXCEL/get HTTP/1.1" 200 3977192 "http://localhost:4000/" "Mozilla/5.0 (Windows NT 10.0; Win64; x64) AppleWebKit/537.36 (KHTML, like Gecko) Chrome/126.0.0.0 Safari/537.36"

