2024-05-23 11:41:58 [debug] : ---------------------------------S query
2024-05-23 11:41:58 [debug] : SQL : SELECT business_cd, user_uuid, user_id, user_pwd, user_nm, user_cd, user_birth, user_regno, corp_cnno, status_cd, login_fail_cnt, login_block_yn FROM TCOM0110A WHERE business_cd = 'ADM' and user_cd = 'IND' and user_id = 'shyoon' and (status_cd not in ('90') || status_cd is null)
2024-05-23 11:41:58 [debug] : ROWS : 
2024-05-23 11:41:58 [debug] : 1---------------------------------E query


2024-05-23 11:41:58 [error] : passport isAuth  : true
2024-05-23 11:41:58 [debug] : ---------------------------------S query
2024-05-23 11:41:58 [debug] : SQL : UPDATE TCOM0110A SET login_fail_cnt = 0
                                            , login_block_yn = 'N'
                         WHERE business_cd = 'ADM' and user_cd = 'IND' and user_id = 'shyoon' and (status_cd not in ('90') || status_cd is null)
2024-05-23 11:41:58 [debug] : ROWS : 
2024-05-23 11:41:58 [debug] : 1---------------------------------E query


2024-05-23 11:41:58 [debug] : {
   "business_cd": "ADM",
   "user_uuid": "8cd7e11d53a441169f638f18b0aac030",
   "user_id": "shyoon",
   "user_pwd": "$2y$10$7T05VfasZaCOTkCziK5JoekC.9UQ433IsW3KiDay0Wm2a3wHx/rQi",
   "user_nm": "윤수현",
   "user_cd": "IND",
   "user_birth": null,
   "user_regno": null,
   "corp_cnno": null,
   "status_cd": "30",
   "login_fail_cnt": 0,
   "login_block_yn": "N"
}
2024-05-23 11:41:58 [info] : ::1 - - [23/May/2024:02:41:58 +0000] "POST /auth/signin HTTP/1.1" 200 555 "http://localhost:4000/" "Mozilla/5.0 (Windows NT 10.0; Win64; x64) AppleWebKit/537.36 (KHTML, like Gecko) Chrome/124.0.0.0 Safari/537.36"

2024-05-23 11:42:08 [debug] : ---------------------------------S query
2024-05-23 11:42:08 [debug] : SQL : SELECT grp_cd, dtl_cd as value, dtl_nm as title, description as rmk FROM TCOM0011A
2024-05-23 11:42:08 [debug] : ROWS : 
2024-05-23 11:42:08 [debug] : 1---------------------------------E query


2024-05-23 11:42:08 [info] : ::1 - - [23/May/2024:02:42:08 +0000] "POST /COMMON/code/all HTTP/1.1" 200 11341 "http://localhost:4000/" "Mozilla/5.0 (Windows NT 10.0; Win64; x64) AppleWebKit/537.36 (KHTML, like Gecko) Chrome/124.0.0.0 Safari/537.36"

2024-05-23 11:42:08 [debug] : ---------------------------------S query
2024-05-23 11:42:08 [debug] : SQL : SELECT grp_cd, dtl_cd as value, dtl_nm as title, description as rmk FROM TCOM0011A
2024-05-23 11:42:08 [debug] : ROWS : 
2024-05-23 11:42:08 [debug] : 1---------------------------------E query


2024-05-23 11:42:08 [info] : ::1 - - [23/May/2024:02:42:08 +0000] "POST /COMMON/code/all HTTP/1.1" 200 11341 "http://localhost:4000/" "Mozilla/5.0 (Windows NT 10.0; Win64; x64) AppleWebKit/537.36 (KHTML, like Gecko) Chrome/124.0.0.0 Safari/537.36"

2024-05-23 11:42:08 [debug] : {
   "method": "raw",
   "sql": "\n      /* AdminMapper.SELECT_STOCK_START_DT_LIST */    \n      select date_format(start_dt, '%Y-%m-%d') as start_dt\n           , business_cd\n        from tcom0112a\n       where use_yn = 'Y';\n      ",
   "bindings": [],
   "options": {},
   "__knexQueryUid": "sfgn8cRPaef1_5KM53BZj"
}
2024-05-23 11:42:08 [info] : ::1 - - [23/May/2024:02:42:08 +0000] "POST /ADM/COM/getStockStartDtInfo HTTP/1.1" 200 163 "http://localhost:4000/" "Mozilla/5.0 (Windows NT 10.0; Win64; x64) AppleWebKit/537.36 (KHTML, like Gecko) Chrome/124.0.0.0 Safari/537.36"

2024-05-23 11:42:08 [debug] : {
   "method": "raw",
   "sql": "\n      /* AdminMapper.SELECT_STOCK_START_DT_LIST */    \n      select date_format(start_dt, '%Y-%m-%d') as start_dt\n           , business_cd\n        from tcom0112a\n       where use_yn = 'Y';\n      ",
   "bindings": [],
   "options": {},
   "__knexQueryUid": "1xAzwADIYZQl3jA2KflxC"
}
2024-05-23 11:42:08 [info] : ::1 - - [23/May/2024:02:42:08 +0000] "POST /ADM/COM/getStockStartDtInfo HTTP/1.1" 200 163 "http://localhost:4000/" "Mozilla/5.0 (Windows NT 10.0; Win64; x64) AppleWebKit/537.36 (KHTML, like Gecko) Chrome/124.0.0.0 Safari/537.36"

2024-05-23 11:42:08 [debug] : {
   "method": "raw",
   "sql": "\n      /* AdminMapper.SELECT_STOCK_START_DT_LIST */    \n      select date_format(start_dt, '%Y-%m-%d') as start_dt\n           , business_cd\n        from tcom0112a\n       where use_yn = 'Y';\n      ",
   "bindings": [],
   "options": {},
   "__knexQueryUid": "K9oSJ9hyMZf1uh3ld4u1i"
}
2024-05-23 11:42:08 [info] : ::1 - - [23/May/2024:02:42:08 +0000] "POST /ADM/COM/getStockStartDtInfo HTTP/1.1" 200 163 "http://localhost:4000/" "Mozilla/5.0 (Windows NT 10.0; Win64; x64) AppleWebKit/537.36 (KHTML, like Gecko) Chrome/124.0.0.0 Safari/537.36"

2024-05-23 11:42:08 [debug] : {
   "method": "raw",
   "sql": "\n      /* AdminMapper.SELECT_STOCK_START_DT_LIST */    \n      select date_format(start_dt, '%Y-%m-%d') as start_dt\n           , business_cd\n        from tcom0112a\n       where use_yn = 'Y';\n      ",
   "bindings": [],
   "options": {},
   "__knexQueryUid": "WX5Lio8PFccgKTKMKtQKq"
}
2024-05-23 11:42:08 [debug] : {
   "method": "raw",
   "sql": "\n      /* AdminMapper.SELECT_STOCK_START_DT_LIST */    \n      select date_format(start_dt, '%Y-%m-%d') as start_dt\n           , business_cd\n        from tcom0112a\n       where use_yn = 'Y';\n      ",
   "bindings": [],
   "options": {},
   "__knexQueryUid": "-j1nFDMq5crvTQqcjnIbE"
}
2024-05-23 11:42:08 [info] : ::1 - - [23/May/2024:02:42:08 +0000] "POST /ADM/COM/getStockStartDtInfo HTTP/1.1" 200 163 "http://localhost:4000/" "Mozilla/5.0 (Windows NT 10.0; Win64; x64) AppleWebKit/537.36 (KHTML, like Gecko) Chrome/124.0.0.0 Safari/537.36"

2024-05-23 11:42:08 [info] : ::1 - - [23/May/2024:02:42:08 +0000] "POST /ADM/COM/getStockStartDtInfo HTTP/1.1" 200 163 "http://localhost:4000/" "Mozilla/5.0 (Windows NT 10.0; Win64; x64) AppleWebKit/537.36 (KHTML, like Gecko) Chrome/124.0.0.0 Safari/537.36"

2024-05-23 11:42:08 [debug] : {
   "method": "raw",
   "sql": "\n      /* AdminMapper.SELECT_STOCK_START_DT_LIST */    \n      select date_format(start_dt, '%Y-%m-%d') as start_dt\n           , business_cd\n        from tcom0112a\n       where use_yn = 'Y';\n      ",
   "bindings": [],
   "options": {},
   "__knexQueryUid": "JKmuB8MOL51A_TFRmjYfo"
}
2024-05-23 11:42:08 [info] : ::1 - - [23/May/2024:02:42:08 +0000] "POST /ADM/COM/getStockStartDtInfo HTTP/1.1" 200 163 "http://localhost:4000/" "Mozilla/5.0 (Windows NT 10.0; Win64; x64) AppleWebKit/537.36 (KHTML, like Gecko) Chrome/124.0.0.0 Safari/537.36"

2024-05-23 11:42:09 [debug] : {
   "method": "raw",
   "sql": "\n      /* AdminMapper.SELECT_STOCK_START_DT_LIST */    \n      select date_format(start_dt, '%Y-%m-%d') as start_dt\n           , business_cd\n        from tcom0112a\n       where use_yn = 'Y';\n      ",
   "bindings": [],
   "options": {},
   "__knexQueryUid": "ux1rU2UgVjlfJeYQ05HrZ"
}
2024-05-23 11:42:09 [debug] : {
   "method": "raw",
   "sql": "\n      /* AdminMapper.SELECT_STOCK_START_DT_LIST */    \n      select date_format(start_dt, '%Y-%m-%d') as start_dt\n           , business_cd\n        from tcom0112a\n       where use_yn = 'Y';\n      ",
   "bindings": [],
   "options": {},
   "__knexQueryUid": "bSRHaGPG5XQLGzjXlK60B"
}
2024-05-23 11:42:09 [info] : ::1 - - [23/May/2024:02:42:09 +0000] "POST /ADM/COM/getStockStartDtInfo HTTP/1.1" 200 163 "http://localhost:4000/" "Mozilla/5.0 (Windows NT 10.0; Win64; x64) AppleWebKit/537.36 (KHTML, like Gecko) Chrome/124.0.0.0 Safari/537.36"

2024-05-23 11:42:09 [info] : ::1 - - [23/May/2024:02:42:09 +0000] "POST /ADM/COM/getStockStartDtInfo HTTP/1.1" 200 163 "http://localhost:4000/" "Mozilla/5.0 (Windows NT 10.0; Win64; x64) AppleWebKit/537.36 (KHTML, like Gecko) Chrome/124.0.0.0 Safari/537.36"

2024-05-23 11:42:09 [debug] : {
   "method": "raw",
   "sql": "\n      /* AdminMapper.SELECT_STOCK_START_DT_LIST */    \n      select date_format(start_dt, '%Y-%m-%d') as start_dt\n           , business_cd\n        from tcom0112a\n       where use_yn = 'Y';\n      ",
   "bindings": [],
   "options": {},
   "__knexQueryUid": "nnt-iGqkpsvKAtV2sRWw9"
}
2024-05-23 11:42:09 [info] : ::1 - - [23/May/2024:02:42:09 +0000] "POST /ADM/COM/getStockStartDtInfo HTTP/1.1" 200 163 "http://localhost:4000/" "Mozilla/5.0 (Windows NT 10.0; Win64; x64) AppleWebKit/537.36 (KHTML, like Gecko) Chrome/124.0.0.0 Safari/537.36"

2024-05-23 11:42:22 [debug] : {
   "method": "raw",
   "sql": "\n      /* AdminMapper.SELECT_STOCK_START_DT_LIST */    \n      select date_format(start_dt, '%Y-%m-%d') as start_dt\n           , business_cd\n        from tcom0112a\n       where use_yn = 'Y';\n      ",
   "bindings": [],
   "options": {},
   "__knexQueryUid": "MbGBHL-AgH9u3S_irXdH4"
}
2024-05-23 11:42:22 [debug] : {
   "method": "raw",
   "sql": "\n      /* AdminMapper.SELECT_STOCK_START_DT_LIST */    \n      select date_format(start_dt, '%Y-%m-%d') as start_dt\n           , business_cd\n        from tcom0112a\n       where use_yn = 'Y';\n      ",
   "bindings": [],
   "options": {},
   "__knexQueryUid": "wO1RqO-j5K7GFdzEJ7RPH"
}
2024-05-23 11:42:22 [info] : ::1 - - [23/May/2024:02:42:22 +0000] "POST /ADM/COM/getStockStartDtInfo HTTP/1.1" 200 163 "http://localhost:4000/" "Mozilla/5.0 (Windows NT 10.0; Win64; x64) AppleWebKit/537.36 (KHTML, like Gecko) Chrome/124.0.0.0 Safari/537.36"

2024-05-23 11:42:22 [info] : ::1 - - [23/May/2024:02:42:22 +0000] "POST /ADM/COM/getStockStartDtInfo HTTP/1.1" 200 163 "http://localhost:4000/" "Mozilla/5.0 (Windows NT 10.0; Win64; x64) AppleWebKit/537.36 (KHTML, like Gecko) Chrome/124.0.0.0 Safari/537.36"

2024-05-23 11:43:11 [info] : Server off
