2024-02-20 20:46:22 [info] : Server on port 3000 | run
2024-02-20 21:25:45 [debug] : ---------------------------------S query
2024-02-20 21:25:45 [debug] : SQL : SELECT business_cd, user_uuid, user_id, user_pwd, user_nm, user_cd, user_birth, user_regno, corp_cnno, status_cd, login_fail_cnt, login_block_yn FROM TCOM0110A WHERE business_cd = 'ADM' and user_cd = 'IND' and user_id = 'getdream' and (status_cd not in ('90') || status_cd is null)
2024-02-20 21:25:45 [debug] : ROWS : 
2024-02-20 21:25:45 [debug] : 1---------------------------------E query


2024-02-20 21:25:45 [error] : passport isAuth  : false
2024-02-20 21:25:45 [debug] : ---------------------------------S query
2024-02-20 21:25:45 [debug] : SQL : UPDATE TCOM0110A SET login_fail_cnt = login_fail_cnt + 1
                                            , login_block_yn = CASE WHEN login_fail_cnt >= 5 THEN 'Y' ELSE 'N' END
                         WHERE business_cd = 'ADM' and user_cd = 'IND' and user_id = 'getdream' and (status_cd not in ('90') || status_cd is null)
2024-02-20 21:25:45 [debug] : ROWS : 
2024-02-20 21:25:45 [debug] : 1---------------------------------E query


2024-02-20 21:25:45 [info] : ::1 - - [20/Feb/2024:12:25:45 +0000] "POST /auth/signin HTTP/1.1" 401 - "http://localhost:5000/admin" "Mozilla/5.0 (Windows NT 10.0; Win64; x64) AppleWebKit/537.36 (KHTML, like Gecko) Chrome/121.0.0.0 Safari/537.36"

2024-02-20 21:35:49 [debug] : ---------------------------------S query
2024-02-20 21:35:49 [debug] : SQL : SELECT business_cd, user_uuid, user_id, user_pwd, user_nm, user_cd, user_birth, user_regno, corp_cnno, status_cd, login_fail_cnt, login_block_yn FROM TCOM0110A WHERE business_cd = 'ADM' and user_cd = 'IND' and user_id = 'Lkgf03g' and (status_cd not in ('90') || status_cd is null)
2024-02-20 21:35:49 [debug] : ROWS : 
2024-02-20 21:35:49 [debug] : 1---------------------------------E query


2024-02-20 21:35:49 [error] : passport isAuth  : false
2024-02-20 21:35:49 [debug] : ---------------------------------S query
2024-02-20 21:35:49 [debug] : SQL : UPDATE TCOM0110A SET login_fail_cnt = login_fail_cnt + 1
                                            , login_block_yn = CASE WHEN login_fail_cnt >= 5 THEN 'Y' ELSE 'N' END
                         WHERE business_cd = 'ADM' and user_cd = 'IND' and user_id = 'Lkgf03g' and (status_cd not in ('90') || status_cd is null)
2024-02-20 21:35:49 [debug] : ROWS : 
2024-02-20 21:35:49 [debug] : 1---------------------------------E query


2024-02-20 21:35:49 [info] : ::1 - - [20/Feb/2024:12:35:49 +0000] "POST /auth/signin HTTP/1.1" 401 - "http://localhost:5000/admin/login" "Mozilla/5.0 (Windows NT 10.0; Win64; x64) AppleWebKit/537.36 (KHTML, like Gecko) Chrome/121.0.0.0 Safari/537.36"

2024-02-20 21:35:55 [debug] : ---------------------------------S query
2024-02-20 21:35:55 [debug] : SQL : SELECT business_cd, user_uuid, user_id, user_pwd, user_nm, user_cd, user_birth, user_regno, corp_cnno, status_cd, login_fail_cnt, login_block_yn FROM TCOM0110A WHERE business_cd = 'ADM' and user_cd = 'IND' and user_id = 'Lkgf03g' and (status_cd not in ('90') || status_cd is null)
2024-02-20 21:35:55 [debug] : ROWS : 
2024-02-20 21:35:55 [debug] : 1---------------------------------E query


2024-02-20 21:35:55 [error] : passport isAuth  : false
2024-02-20 21:35:55 [debug] : ---------------------------------S query
2024-02-20 21:35:55 [debug] : SQL : UPDATE TCOM0110A SET login_fail_cnt = login_fail_cnt + 1
                                            , login_block_yn = CASE WHEN login_fail_cnt >= 5 THEN 'Y' ELSE 'N' END
                         WHERE business_cd = 'ADM' and user_cd = 'IND' and user_id = 'Lkgf03g' and (status_cd not in ('90') || status_cd is null)
2024-02-20 21:35:55 [debug] : ROWS : 
2024-02-20 21:35:55 [debug] : 1---------------------------------E query


2024-02-20 21:35:55 [info] : ::1 - - [20/Feb/2024:12:35:55 +0000] "POST /auth/signin HTTP/1.1" 401 - "http://localhost:5000/admin/login" "Mozilla/5.0 (Windows NT 10.0; Win64; x64) AppleWebKit/537.36 (KHTML, like Gecko) Chrome/121.0.0.0 Safari/537.36"

2024-02-20 21:38:11 [debug] : ---------------------------------S query
2024-02-20 21:38:11 [debug] : SQL : SELECT business_cd, user_uuid, user_id, user_pwd, user_nm, user_cd, user_birth, user_regno, corp_cnno, status_cd, login_fail_cnt, login_block_yn FROM TCOM0110A WHERE business_cd = 'ADM' and user_cd = 'IND' and user_id = 'Lkgf03g' and (status_cd not in ('90') || status_cd is null)
2024-02-20 21:38:11 [debug] : ROWS : 
2024-02-20 21:38:11 [debug] : 1---------------------------------E query


2024-02-20 21:38:11 [error] : passport isAuth  : true
2024-02-20 21:38:11 [debug] : ---------------------------------S query
2024-02-20 21:38:11 [debug] : SQL : UPDATE TCOM0110A SET login_fail_cnt = 0
                                            , login_block_yn = 'N'
                         WHERE business_cd = 'ADM' and user_cd = 'IND' and user_id = 'Lkgf03g' and (status_cd not in ('90') || status_cd is null)
2024-02-20 21:38:11 [debug] : ROWS : 
2024-02-20 21:38:11 [debug] : 1---------------------------------E query


2024-02-20 21:38:11 [debug] : {
   "business_cd": "ADM",
   "user_uuid": "8cd7e11d53a441169f638f18b0aac029",
   "user_id": "Lkgf03g",
   "user_pwd": "$2a$10$RYqhgOTL.klk2Do7wakTDeWk6waGw7fmOFw9ZpCFIt1ljuC30PvQu",
   "user_nm": "윤자영",
   "user_cd": "IND",
   "user_birth": "",
   "user_regno": "",
   "corp_cnno": "",
   "status_cd": "30",
   "login_fail_cnt": 2,
   "login_block_yn": "N"
}
2024-02-20 21:38:11 [info] : ::1 - - [20/Feb/2024:12:38:11 +0000] "POST /auth/signin HTTP/1.1" 200 556 "http://localhost:5000/admin/login" "Mozilla/5.0 (Windows NT 10.0; Win64; x64) AppleWebKit/537.36 (KHTML, like Gecko) Chrome/121.0.0.0 Safari/537.36"

2024-02-20 21:38:27 [debug] : ---------------------------------S query
2024-02-20 21:38:27 [debug] : SQL : SELECT grp_cd, dtl_cd as value, dtl_nm as title, description as rmk FROM TCOM0011A
2024-02-20 21:38:27 [debug] : ROWS : 
2024-02-20 21:38:27 [debug] : 1---------------------------------E query


2024-02-20 21:38:27 [info] : ::1 - - [20/Feb/2024:12:38:27 +0000] "POST /COMMON/code/all HTTP/1.1" 200 11024 "http://localhost:5000/admin/mng/AT1" "Mozilla/5.0 (Windows NT 10.0; Win64; x64) AppleWebKit/537.36 (KHTML, like Gecko) Chrome/121.0.0.0 Safari/537.36"

2024-02-20 21:38:27 [debug] : ---------------------------------S query
2024-02-20 21:38:27 [debug] : SQL : SELECT grp_cd, dtl_cd as value, dtl_nm as title, description as rmk FROM TCOM0011A
2024-02-20 21:38:27 [debug] : ROWS : 
2024-02-20 21:38:27 [debug] : 1---------------------------------E query


2024-02-20 21:38:27 [info] : ::1 - - [20/Feb/2024:12:38:27 +0000] "POST /COMMON/code/all HTTP/1.1" 200 11024 "http://localhost:5000/admin/mng/AC2/ACC" "Mozilla/5.0 (Windows NT 10.0; Win64; x64) AppleWebKit/537.36 (KHTML, like Gecko) Chrome/121.0.0.0 Safari/537.36"

2024-02-20 21:38:27 [debug] : ---------------------------------S query
2024-02-20 21:38:27 [debug] : SQL : SELECT grp_cd, dtl_cd as value, dtl_nm as title, description as rmk FROM TCOM0011A
2024-02-20 21:38:27 [debug] : ROWS : 
2024-02-20 21:38:27 [debug] : 1---------------------------------E query


2024-02-20 21:38:27 [info] : ::1 - - [20/Feb/2024:12:38:27 +0000] "POST /COMMON/code/all HTTP/1.1" 200 11024 "http://localhost:5000/admin/mng/AC2/ACC" "Mozilla/5.0 (Windows NT 10.0; Win64; x64) AppleWebKit/537.36 (KHTML, like Gecko) Chrome/121.0.0.0 Safari/537.36"

2024-02-20 21:38:27 [debug] : ---------------------------------S query
2024-02-20 21:38:27 [debug] : SQL : SELECT grp_cd, dtl_cd as value, dtl_nm as title, description as rmk FROM TCOM0011A
2024-02-20 21:38:27 [debug] : ROWS : 
2024-02-20 21:38:27 [debug] : 1---------------------------------E query


2024-02-20 21:38:27 [info] : ::1 - - [20/Feb/2024:12:38:27 +0000] "POST /COMMON/code/all HTTP/1.1" 200 11024 "http://localhost:5000/admin/mng/AC2/ACC" "Mozilla/5.0 (Windows NT 10.0; Win64; x64) AppleWebKit/537.36 (KHTML, like Gecko) Chrome/121.0.0.0 Safari/537.36"

2024-02-20 21:38:27 [debug] : ---------------------------------S query
2024-02-20 21:38:27 [debug] : SQL : SELECT grp_cd, dtl_cd as value, dtl_nm as title, description as rmk FROM TCOM0011A
2024-02-20 21:38:27 [debug] : ROWS : 
2024-02-20 21:38:27 [debug] : 1---------------------------------E query


2024-02-20 21:38:27 [info] : ::1 - - [20/Feb/2024:12:38:27 +0000] "POST /COMMON/code/all HTTP/1.1" 200 11024 "http://localhost:5000/admin/mng/AC2/ACC" "Mozilla/5.0 (Windows NT 10.0; Win64; x64) AppleWebKit/537.36 (KHTML, like Gecko) Chrome/121.0.0.0 Safari/537.36"

2024-02-20 21:38:27 [debug] : ---------------------------------S query
2024-02-20 21:38:27 [debug] : SQL : SELECT grp_cd, dtl_cd as value, dtl_nm as title, description as rmk FROM TCOM0011A
2024-02-20 21:38:27 [debug] : ROWS : 
2024-02-20 21:38:27 [debug] : 1---------------------------------E query


2024-02-20 21:38:27 [info] : ::1 - - [20/Feb/2024:12:38:27 +0000] "POST /COMMON/code/all HTTP/1.1" 200 11024 "http://localhost:5000/admin/mng/AC2/ACC" "Mozilla/5.0 (Windows NT 10.0; Win64; x64) AppleWebKit/537.36 (KHTML, like Gecko) Chrome/121.0.0.0 Safari/537.36"

2024-02-20 21:38:27 [debug] : ---------------------------------S query
2024-02-20 21:38:27 [debug] : SQL : SELECT grp_cd, dtl_cd as value, dtl_nm as title, description as rmk FROM TCOM0011A
2024-02-20 21:38:27 [debug] : ROWS : 
2024-02-20 21:38:27 [debug] : 1---------------------------------E query


2024-02-20 21:38:27 [info] : ::1 - - [20/Feb/2024:12:38:27 +0000] "POST /COMMON/code/all HTTP/1.1" 200 11024 "http://localhost:5000/admin/mng/AC2/ACC" "Mozilla/5.0 (Windows NT 10.0; Win64; x64) AppleWebKit/537.36 (KHTML, like Gecko) Chrome/121.0.0.0 Safari/537.36"

2024-02-20 21:38:27 [debug] : ---------------------------------S query
2024-02-20 21:38:27 [debug] : SQL : SELECT grp_cd, dtl_cd as value, dtl_nm as title, description as rmk FROM TCOM0011A
2024-02-20 21:38:27 [debug] : ROWS : 
2024-02-20 21:38:27 [debug] : 1---------------------------------E query


2024-02-20 21:38:27 [info] : ::1 - - [20/Feb/2024:12:38:27 +0000] "POST /COMMON/code/all HTTP/1.1" 200 11024 "http://localhost:5000/admin/mng/AC2/ACC" "Mozilla/5.0 (Windows NT 10.0; Win64; x64) AppleWebKit/537.36 (KHTML, like Gecko) Chrome/121.0.0.0 Safari/537.36"

2024-02-20 21:38:27 [debug] : ---------------------------------S query
2024-02-20 21:38:27 [debug] : SQL : SELECT grp_cd, dtl_cd as value, dtl_nm as title, description as rmk FROM TCOM0011A
2024-02-20 21:38:27 [debug] : ROWS : 
2024-02-20 21:38:27 [debug] : 1---------------------------------E query


2024-02-20 21:38:27 [info] : ::1 - - [20/Feb/2024:12:38:27 +0000] "POST /COMMON/code/all HTTP/1.1" 200 11024 "http://localhost:5000/admin/mng/AC2/ACC" "Mozilla/5.0 (Windows NT 10.0; Win64; x64) AppleWebKit/537.36 (KHTML, like Gecko) Chrome/121.0.0.0 Safari/537.36"

2024-02-20 21:38:27 [debug] : ---------------------------------S query
2024-02-20 21:38:27 [debug] : SQL : SELECT grp_cd, dtl_cd as value, dtl_nm as title, description as rmk FROM TCOM0011A
2024-02-20 21:38:27 [debug] : ROWS : 
2024-02-20 21:38:27 [debug] : 1---------------------------------E query


2024-02-20 21:38:27 [info] : ::1 - - [20/Feb/2024:12:38:27 +0000] "POST /COMMON/code/all HTTP/1.1" 200 11024 "http://localhost:5000/admin/mng/AC2/ACC" "Mozilla/5.0 (Windows NT 10.0; Win64; x64) AppleWebKit/537.36 (KHTML, like Gecko) Chrome/121.0.0.0 Safari/537.36"

2024-02-20 21:38:27 [debug] : ---------------------------------S query
2024-02-20 21:38:27 [debug] : SQL : SELECT grp_cd, dtl_cd as value, dtl_nm as title, description as rmk FROM TCOM0011A
2024-02-20 21:38:27 [debug] : ROWS : 
2024-02-20 21:38:27 [debug] : 1---------------------------------E query


2024-02-20 21:38:27 [info] : ::1 - - [20/Feb/2024:12:38:27 +0000] "POST /COMMON/code/all HTTP/1.1" 200 11024 "http://localhost:5000/admin/mng/AC2/ACC" "Mozilla/5.0 (Windows NT 10.0; Win64; x64) AppleWebKit/537.36 (KHTML, like Gecko) Chrome/121.0.0.0 Safari/537.36"

2024-02-20 21:38:27 [debug] : {
   "method": "raw",
   "sql": "\n      /* AdminMapper.SELECT_STOCK_START_DT_LIST */    \n      select date_format(start_dt, '%Y-%m-%d') as start_dt\n           , business_cd\n        from tcom0112a\n       where use_yn = 'Y';\n      ",
   "bindings": [],
   "options": {},
   "__knexQueryUid": "1vKPbtmMPItUQhFZYnwJb"
}
2024-02-20 21:38:27 [info] : ::1 - - [20/Feb/2024:12:38:27 +0000] "POST /ADM/COM/getStockStartDtInfo HTTP/1.1" 200 163 "http://localhost:5000/admin/mng/AC2/ACC" "Mozilla/5.0 (Windows NT 10.0; Win64; x64) AppleWebKit/537.36 (KHTML, like Gecko) Chrome/121.0.0.0 Safari/537.36"

2024-02-20 21:38:30 [debug] : ---------------------------------S query
2024-02-20 21:38:30 [debug] : SQL : SELECT grp_cd, dtl_cd as value, dtl_nm as title, description as rmk FROM TCOM0011A
2024-02-20 21:38:30 [debug] : ROWS : 
2024-02-20 21:38:30 [debug] : 1---------------------------------E query


2024-02-20 21:38:30 [info] : ::1 - - [20/Feb/2024:12:38:30 +0000] "POST /COMMON/code/all HTTP/1.1" 200 11024 "http://localhost:5000/admin/mng/AC2/ACC" "Mozilla/5.0 (Windows NT 10.0; Win64; x64) AppleWebKit/537.36 (KHTML, like Gecko) Chrome/121.0.0.0 Safari/537.36"

2024-02-20 21:38:30 [debug] : ---------------------------------S query
2024-02-20 21:38:30 [debug] : SQL : SELECT grp_cd, dtl_cd as value, dtl_nm as title, description as rmk FROM TCOM0011A
2024-02-20 21:38:30 [debug] : ROWS : 
2024-02-20 21:38:30 [debug] : 1---------------------------------E query


2024-02-20 21:38:30 [info] : ::1 - - [20/Feb/2024:12:38:30 +0000] "POST /COMMON/code/all HTTP/1.1" 200 11024 "http://localhost:5000/admin/mng/AC2/ACC" "Mozilla/5.0 (Windows NT 10.0; Win64; x64) AppleWebKit/537.36 (KHTML, like Gecko) Chrome/121.0.0.0 Safari/537.36"

2024-02-20 21:38:30 [debug] : ---------------------------------S query
2024-02-20 21:38:30 [debug] : SQL : SELECT grp_cd, dtl_cd as value, dtl_nm as title, description as rmk FROM TCOM0011A
2024-02-20 21:38:30 [debug] : ROWS : 
2024-02-20 21:38:30 [debug] : 1---------------------------------E query


2024-02-20 21:38:30 [info] : ::1 - - [20/Feb/2024:12:38:30 +0000] "POST /COMMON/code/all HTTP/1.1" 200 11024 "http://localhost:5000/admin/mng/AC2/ACC" "Mozilla/5.0 (Windows NT 10.0; Win64; x64) AppleWebKit/537.36 (KHTML, like Gecko) Chrome/121.0.0.0 Safari/537.36"

2024-02-20 21:38:30 [debug] : ---------------------------------S query
2024-02-20 21:38:30 [debug] : SQL : SELECT grp_cd, dtl_cd as value, dtl_nm as title, description as rmk FROM TCOM0011A
2024-02-20 21:38:30 [debug] : ROWS : 
2024-02-20 21:38:30 [debug] : 1---------------------------------E query


2024-02-20 21:38:30 [info] : ::1 - - [20/Feb/2024:12:38:30 +0000] "POST /COMMON/code/all HTTP/1.1" 200 11024 "http://localhost:5000/admin/mng/AC2/ACC" "Mozilla/5.0 (Windows NT 10.0; Win64; x64) AppleWebKit/537.36 (KHTML, like Gecko) Chrome/121.0.0.0 Safari/537.36"

2024-02-20 21:38:30 [debug] : ---------------------------------S query
2024-02-20 21:38:30 [debug] : SQL : SELECT grp_cd, dtl_cd as value, dtl_nm as title, description as rmk FROM TCOM0011A
2024-02-20 21:38:30 [debug] : ROWS : 
2024-02-20 21:38:30 [debug] : 1---------------------------------E query


2024-02-20 21:38:30 [info] : ::1 - - [20/Feb/2024:12:38:30 +0000] "POST /COMMON/code/all HTTP/1.1" 200 11024 "http://localhost:5000/admin/mng/AC2/ACC" "Mozilla/5.0 (Windows NT 10.0; Win64; x64) AppleWebKit/537.36 (KHTML, like Gecko) Chrome/121.0.0.0 Safari/537.36"

2024-02-20 21:38:30 [debug] : ---------------------------------S query
2024-02-20 21:38:30 [debug] : SQL : SELECT grp_cd, dtl_cd as value, dtl_nm as title, description as rmk FROM TCOM0011A
2024-02-20 21:38:30 [debug] : ROWS : 
2024-02-20 21:38:30 [debug] : 1---------------------------------E query


2024-02-20 21:38:30 [info] : ::1 - - [20/Feb/2024:12:38:30 +0000] "POST /COMMON/code/all HTTP/1.1" 200 11024 "http://localhost:5000/admin/mng/AC2/ACC" "Mozilla/5.0 (Windows NT 10.0; Win64; x64) AppleWebKit/537.36 (KHTML, like Gecko) Chrome/121.0.0.0 Safari/537.36"

2024-02-20 21:38:30 [debug] : ---------------------------------S query
2024-02-20 21:38:30 [debug] : SQL : SELECT grp_cd, dtl_cd as value, dtl_nm as title, description as rmk FROM TCOM0011A
2024-02-20 21:38:30 [debug] : ROWS : 
2024-02-20 21:38:30 [debug] : 1---------------------------------E query


2024-02-20 21:38:30 [info] : ::1 - - [20/Feb/2024:12:38:30 +0000] "POST /COMMON/code/all HTTP/1.1" 200 11024 "http://localhost:5000/admin/mng/AC2/ACC" "Mozilla/5.0 (Windows NT 10.0; Win64; x64) AppleWebKit/537.36 (KHTML, like Gecko) Chrome/121.0.0.0 Safari/537.36"

2024-02-20 21:38:30 [debug] : ---------------------------------S query
2024-02-20 21:38:30 [debug] : SQL : SELECT grp_cd, dtl_cd as value, dtl_nm as title, description as rmk FROM TCOM0011A
2024-02-20 21:38:30 [debug] : ROWS : 
2024-02-20 21:38:30 [debug] : 1---------------------------------E query


2024-02-20 21:38:30 [info] : ::1 - - [20/Feb/2024:12:38:30 +0000] "POST /COMMON/code/all HTTP/1.1" 200 11024 "http://localhost:5000/admin/mng/AC2/ACC" "Mozilla/5.0 (Windows NT 10.0; Win64; x64) AppleWebKit/537.36 (KHTML, like Gecko) Chrome/121.0.0.0 Safari/537.36"

2024-02-20 21:38:30 [debug] : ---------------------------------S query
2024-02-20 21:38:30 [debug] : SQL : SELECT grp_cd, dtl_cd as value, dtl_nm as title, description as rmk FROM TCOM0011A
2024-02-20 21:38:30 [debug] : ROWS : 
2024-02-20 21:38:30 [debug] : 1---------------------------------E query


2024-02-20 21:38:30 [info] : ::1 - - [20/Feb/2024:12:38:30 +0000] "POST /COMMON/code/all HTTP/1.1" 200 11024 "http://localhost:5000/admin/mng/AC2/ACC" "Mozilla/5.0 (Windows NT 10.0; Win64; x64) AppleWebKit/537.36 (KHTML, like Gecko) Chrome/121.0.0.0 Safari/537.36"

2024-02-20 21:38:30 [debug] : ---------------------------------S query
2024-02-20 21:38:30 [debug] : SQL : SELECT grp_cd, dtl_cd as value, dtl_nm as title, description as rmk FROM TCOM0011A
2024-02-20 21:38:30 [debug] : ROWS : 
2024-02-20 21:38:30 [debug] : 1---------------------------------E query


2024-02-20 21:38:30 [info] : ::1 - - [20/Feb/2024:12:38:30 +0000] "POST /COMMON/code/all HTTP/1.1" 200 11024 "http://localhost:5000/admin/mng/AC2/ACC" "Mozilla/5.0 (Windows NT 10.0; Win64; x64) AppleWebKit/537.36 (KHTML, like Gecko) Chrome/121.0.0.0 Safari/537.36"

2024-02-20 21:38:30 [debug] : ---------------------------------S query
2024-02-20 21:38:30 [debug] : SQL : SELECT grp_cd, dtl_cd as value, dtl_nm as title, description as rmk FROM TCOM0011A
2024-02-20 21:38:30 [debug] : ROWS : 
2024-02-20 21:38:30 [debug] : 1---------------------------------E query


2024-02-20 21:38:30 [info] : ::1 - - [20/Feb/2024:12:38:30 +0000] "POST /COMMON/code/all HTTP/1.1" 200 11024 "http://localhost:5000/admin/mng/AC2/ACC" "Mozilla/5.0 (Windows NT 10.0; Win64; x64) AppleWebKit/537.36 (KHTML, like Gecko) Chrome/121.0.0.0 Safari/537.36"

2024-02-20 21:38:30 [debug] : {
   "method": "raw",
   "sql": "\n      /* AdminMapper.SELECT_STOCK_START_DT_LIST */    \n      select date_format(start_dt, '%Y-%m-%d') as start_dt\n           , business_cd\n        from tcom0112a\n       where use_yn = 'Y';\n      ",
   "bindings": [],
   "options": {},
   "__knexQueryUid": "R-7j9QKE87AR8xC2l9Rml"
}
2024-02-20 21:38:30 [info] : ::1 - - [20/Feb/2024:12:38:30 +0000] "POST /ADM/COM/getStockStartDtInfo HTTP/1.1" 200 163 "http://localhost:5000/admin/mng/AC2/ACC" "Mozilla/5.0 (Windows NT 10.0; Win64; x64) AppleWebKit/537.36 (KHTML, like Gecko) Chrome/121.0.0.0 Safari/537.36"

2024-02-20 21:40:19 [debug] : ---------------------------------S query
2024-02-20 21:40:19 [debug] : SQL : SELECT grp_cd, dtl_cd as value, dtl_nm as title, description as rmk FROM TCOM0011A
2024-02-20 21:40:19 [debug] : ROWS : 
2024-02-20 21:40:19 [debug] : 1---------------------------------E query


2024-02-20 21:40:19 [info] : ::1 - - [20/Feb/2024:12:40:19 +0000] "POST /COMMON/code/all HTTP/1.1" 200 11024 "http://localhost:5000/admin/mng/AC2/ACC" "Mozilla/5.0 (Windows NT 10.0; Win64; x64) AppleWebKit/537.36 (KHTML, like Gecko) Chrome/121.0.0.0 Safari/537.36"

2024-02-20 21:40:20 [debug] : ---------------------------------S query
2024-02-20 21:40:20 [debug] : SQL : SELECT grp_cd, dtl_cd as value, dtl_nm as title, description as rmk FROM TCOM0011A
2024-02-20 21:40:20 [debug] : ROWS : 
2024-02-20 21:40:20 [debug] : 1---------------------------------E query


2024-02-20 21:40:20 [info] : ::1 - - [20/Feb/2024:12:40:20 +0000] "POST /COMMON/code/all HTTP/1.1" 200 11024 "http://localhost:5000/admin/mng/AC2/ACC" "Mozilla/5.0 (Windows NT 10.0; Win64; x64) AppleWebKit/537.36 (KHTML, like Gecko) Chrome/121.0.0.0 Safari/537.36"

2024-02-20 21:40:20 [debug] : ---------------------------------S query
2024-02-20 21:40:20 [debug] : SQL : SELECT grp_cd, dtl_cd as value, dtl_nm as title, description as rmk FROM TCOM0011A
2024-02-20 21:40:20 [debug] : ROWS : 
2024-02-20 21:40:20 [debug] : 1---------------------------------E query


2024-02-20 21:40:20 [info] : ::1 - - [20/Feb/2024:12:40:20 +0000] "POST /COMMON/code/all HTTP/1.1" 200 11024 "http://localhost:5000/admin/mng/AC2/ACC" "Mozilla/5.0 (Windows NT 10.0; Win64; x64) AppleWebKit/537.36 (KHTML, like Gecko) Chrome/121.0.0.0 Safari/537.36"

2024-02-20 21:40:20 [debug] : ---------------------------------S query
2024-02-20 21:40:20 [debug] : SQL : SELECT grp_cd, dtl_cd as value, dtl_nm as title, description as rmk FROM TCOM0011A
2024-02-20 21:40:20 [debug] : ROWS : 
2024-02-20 21:40:20 [debug] : 1---------------------------------E query


2024-02-20 21:40:20 [info] : ::1 - - [20/Feb/2024:12:40:20 +0000] "POST /COMMON/code/all HTTP/1.1" 200 11024 "http://localhost:5000/admin/mng/AC2/ACC" "Mozilla/5.0 (Windows NT 10.0; Win64; x64) AppleWebKit/537.36 (KHTML, like Gecko) Chrome/121.0.0.0 Safari/537.36"

2024-02-20 21:40:20 [debug] : ---------------------------------S query
2024-02-20 21:40:20 [debug] : SQL : SELECT grp_cd, dtl_cd as value, dtl_nm as title, description as rmk FROM TCOM0011A
2024-02-20 21:40:20 [debug] : ROWS : 
2024-02-20 21:40:20 [debug] : 1---------------------------------E query


2024-02-20 21:40:20 [info] : ::1 - - [20/Feb/2024:12:40:20 +0000] "POST /COMMON/code/all HTTP/1.1" 200 11024 "http://localhost:5000/admin/mng/AC2/ACC" "Mozilla/5.0 (Windows NT 10.0; Win64; x64) AppleWebKit/537.36 (KHTML, like Gecko) Chrome/121.0.0.0 Safari/537.36"

2024-02-20 21:40:20 [debug] : ---------------------------------S query
2024-02-20 21:40:20 [debug] : SQL : SELECT grp_cd, dtl_cd as value, dtl_nm as title, description as rmk FROM TCOM0011A
2024-02-20 21:40:20 [debug] : ROWS : 
2024-02-20 21:40:20 [debug] : 1---------------------------------E query


2024-02-20 21:40:20 [info] : ::1 - - [20/Feb/2024:12:40:20 +0000] "POST /COMMON/code/all HTTP/1.1" 200 11024 "http://localhost:5000/admin/mng/AC2/ACC" "Mozilla/5.0 (Windows NT 10.0; Win64; x64) AppleWebKit/537.36 (KHTML, like Gecko) Chrome/121.0.0.0 Safari/537.36"

2024-02-20 21:40:20 [debug] : ---------------------------------S query
2024-02-20 21:40:20 [debug] : SQL : SELECT grp_cd, dtl_cd as value, dtl_nm as title, description as rmk FROM TCOM0011A
2024-02-20 21:40:20 [debug] : ROWS : 
2024-02-20 21:40:20 [debug] : 1---------------------------------E query


2024-02-20 21:40:20 [info] : ::1 - - [20/Feb/2024:12:40:20 +0000] "POST /COMMON/code/all HTTP/1.1" 200 11024 "http://localhost:5000/admin/mng/AC2/ACC" "Mozilla/5.0 (Windows NT 10.0; Win64; x64) AppleWebKit/537.36 (KHTML, like Gecko) Chrome/121.0.0.0 Safari/537.36"

2024-02-20 21:40:20 [debug] : ---------------------------------S query
2024-02-20 21:40:20 [debug] : SQL : SELECT grp_cd, dtl_cd as value, dtl_nm as title, description as rmk FROM TCOM0011A
2024-02-20 21:40:20 [debug] : ROWS : 
2024-02-20 21:40:20 [debug] : 1---------------------------------E query


2024-02-20 21:40:20 [info] : ::1 - - [20/Feb/2024:12:40:20 +0000] "POST /COMMON/code/all HTTP/1.1" 200 11024 "http://localhost:5000/admin/mng/AC2/ACC" "Mozilla/5.0 (Windows NT 10.0; Win64; x64) AppleWebKit/537.36 (KHTML, like Gecko) Chrome/121.0.0.0 Safari/537.36"

2024-02-20 21:40:20 [debug] : ---------------------------------S query
2024-02-20 21:40:20 [debug] : SQL : SELECT grp_cd, dtl_cd as value, dtl_nm as title, description as rmk FROM TCOM0011A
2024-02-20 21:40:20 [debug] : ROWS : 
2024-02-20 21:40:20 [debug] : 1---------------------------------E query


2024-02-20 21:40:20 [info] : ::1 - - [20/Feb/2024:12:40:20 +0000] "POST /COMMON/code/all HTTP/1.1" 200 11024 "http://localhost:5000/admin/mng/AC2/ACC" "Mozilla/5.0 (Windows NT 10.0; Win64; x64) AppleWebKit/537.36 (KHTML, like Gecko) Chrome/121.0.0.0 Safari/537.36"

2024-02-20 21:40:20 [debug] : ---------------------------------S query
2024-02-20 21:40:20 [debug] : SQL : SELECT grp_cd, dtl_cd as value, dtl_nm as title, description as rmk FROM TCOM0011A
2024-02-20 21:40:20 [debug] : ROWS : 
2024-02-20 21:40:20 [debug] : 1---------------------------------E query


2024-02-20 21:40:20 [info] : ::1 - - [20/Feb/2024:12:40:20 +0000] "POST /COMMON/code/all HTTP/1.1" 200 11024 "http://localhost:5000/admin/mng/AC2/ACC" "Mozilla/5.0 (Windows NT 10.0; Win64; x64) AppleWebKit/537.36 (KHTML, like Gecko) Chrome/121.0.0.0 Safari/537.36"

2024-02-20 21:40:20 [debug] : ---------------------------------S query
2024-02-20 21:40:20 [debug] : SQL : SELECT grp_cd, dtl_cd as value, dtl_nm as title, description as rmk FROM TCOM0011A
2024-02-20 21:40:20 [debug] : ROWS : 
2024-02-20 21:40:20 [debug] : 1---------------------------------E query


2024-02-20 21:40:20 [info] : ::1 - - [20/Feb/2024:12:40:20 +0000] "POST /COMMON/code/all HTTP/1.1" 200 11024 "http://localhost:5000/admin/mng/AC2/ACC" "Mozilla/5.0 (Windows NT 10.0; Win64; x64) AppleWebKit/537.36 (KHTML, like Gecko) Chrome/121.0.0.0 Safari/537.36"

2024-02-20 21:40:20 [debug] : {
   "method": "raw",
   "sql": "\n      /* AdminMapper.SELECT_STOCK_START_DT_LIST */    \n      select date_format(start_dt, '%Y-%m-%d') as start_dt\n           , business_cd\n        from tcom0112a\n       where use_yn = 'Y';\n      ",
   "bindings": [],
   "options": {},
   "__knexQueryUid": "A38Q54LPsNECGwZF6PSnf"
}
2024-02-20 21:40:20 [info] : ::1 - - [20/Feb/2024:12:40:20 +0000] "POST /ADM/COM/getStockStartDtInfo HTTP/1.1" 200 163 "http://localhost:5000/admin/mng/AC2/ACC" "Mozilla/5.0 (Windows NT 10.0; Win64; x64) AppleWebKit/537.36 (KHTML, like Gecko) Chrome/121.0.0.0 Safari/537.36"

2024-02-20 21:40:23 [debug] : ---------------------------------S query
2024-02-20 21:40:23 [debug] : SQL : SELECT grp_cd, dtl_cd as value, dtl_nm as title, description as rmk FROM TCOM0011A
2024-02-20 21:40:23 [debug] : ROWS : 
2024-02-20 21:40:23 [debug] : 1---------------------------------E query


2024-02-20 21:40:23 [info] : ::1 - - [20/Feb/2024:12:40:23 +0000] "POST /COMMON/code/all HTTP/1.1" 200 11024 "http://localhost:5000/admin/mng/AT1" "Mozilla/5.0 (Windows NT 10.0; Win64; x64) AppleWebKit/537.36 (KHTML, like Gecko) Chrome/121.0.0.0 Safari/537.36"

2024-02-20 21:40:23 [debug] : ---------------------------------S query
2024-02-20 21:40:23 [debug] : SQL : SELECT grp_cd, dtl_cd as value, dtl_nm as title, description as rmk FROM TCOM0011A
2024-02-20 21:40:23 [debug] : ROWS : 
2024-02-20 21:40:23 [debug] : 1---------------------------------E query


2024-02-20 21:40:23 [info] : ::1 - - [20/Feb/2024:12:40:23 +0000] "POST /COMMON/code/all HTTP/1.1" 200 11024 "http://localhost:5000/admin/mng/AT1" "Mozilla/5.0 (Windows NT 10.0; Win64; x64) AppleWebKit/537.36 (KHTML, like Gecko) Chrome/121.0.0.0 Safari/537.36"

2024-02-20 21:40:23 [debug] : ---------------------------------S query
2024-02-20 21:40:23 [debug] : SQL : SELECT grp_cd, dtl_cd as value, dtl_nm as title, description as rmk FROM TCOM0011A
2024-02-20 21:40:23 [debug] : ROWS : 
2024-02-20 21:40:23 [debug] : 1---------------------------------E query


2024-02-20 21:40:23 [info] : ::1 - - [20/Feb/2024:12:40:23 +0000] "POST /COMMON/code/all HTTP/1.1" 200 11024 "http://localhost:5000/admin/mng/AT1" "Mozilla/5.0 (Windows NT 10.0; Win64; x64) AppleWebKit/537.36 (KHTML, like Gecko) Chrome/121.0.0.0 Safari/537.36"

2024-02-20 21:40:23 [debug] : ---------------------------------S query
2024-02-20 21:40:23 [debug] : SQL : SELECT grp_cd, dtl_cd as value, dtl_nm as title, description as rmk FROM TCOM0011A
2024-02-20 21:40:23 [debug] : ROWS : 
2024-02-20 21:40:23 [debug] : 1---------------------------------E query


2024-02-20 21:40:23 [info] : ::1 - - [20/Feb/2024:12:40:23 +0000] "POST /COMMON/code/all HTTP/1.1" 200 11024 "http://localhost:5000/admin/mng/AT1" "Mozilla/5.0 (Windows NT 10.0; Win64; x64) AppleWebKit/537.36 (KHTML, like Gecko) Chrome/121.0.0.0 Safari/537.36"

2024-02-20 21:40:23 [debug] : ---------------------------------S query
2024-02-20 21:40:23 [debug] : SQL : SELECT grp_cd, dtl_cd as value, dtl_nm as title, description as rmk FROM TCOM0011A
2024-02-20 21:40:23 [debug] : ROWS : 
2024-02-20 21:40:23 [debug] : 1---------------------------------E query


2024-02-20 21:40:23 [info] : ::1 - - [20/Feb/2024:12:40:23 +0000] "POST /COMMON/code/all HTTP/1.1" 200 11024 "http://localhost:5000/admin/mng/AT1" "Mozilla/5.0 (Windows NT 10.0; Win64; x64) AppleWebKit/537.36 (KHTML, like Gecko) Chrome/121.0.0.0 Safari/537.36"

2024-02-20 21:40:23 [debug] : ---------------------------------S query
2024-02-20 21:40:23 [debug] : SQL : SELECT grp_cd, dtl_cd as value, dtl_nm as title, description as rmk FROM TCOM0011A
2024-02-20 21:40:23 [debug] : ROWS : 
2024-02-20 21:40:23 [debug] : 1---------------------------------E query


2024-02-20 21:40:23 [info] : ::1 - - [20/Feb/2024:12:40:23 +0000] "POST /COMMON/code/all HTTP/1.1" 200 11024 "http://localhost:5000/admin/mng/AT1" "Mozilla/5.0 (Windows NT 10.0; Win64; x64) AppleWebKit/537.36 (KHTML, like Gecko) Chrome/121.0.0.0 Safari/537.36"

2024-02-20 21:40:23 [debug] : {
   "method": "raw",
   "sql": "\n      /* AdminMapper.SELECT_STOCK_START_DT_LIST */    \n      select date_format(start_dt, '%Y-%m-%d') as start_dt\n           , business_cd\n        from tcom0112a\n       where use_yn = 'Y';\n      ",
   "bindings": [],
   "options": {},
   "__knexQueryUid": "gmthf_6MPiI5SgoZxyIHV"
}
2024-02-20 21:40:23 [info] : ::1 - - [20/Feb/2024:12:40:23 +0000] "POST /ADM/COM/getStockStartDtInfo HTTP/1.1" 200 163 "http://localhost:5000/admin/mng/AT1" "Mozilla/5.0 (Windows NT 10.0; Win64; x64) AppleWebKit/537.36 (KHTML, like Gecko) Chrome/121.0.0.0 Safari/537.36"

2024-02-20 21:40:24 [debug] : ---------------------------------S query
2024-02-20 21:40:24 [debug] : SQL : SELECT grp_cd, dtl_cd as value, dtl_nm as title, description as rmk FROM TCOM0011A
2024-02-20 21:40:24 [debug] : ROWS : 
2024-02-20 21:40:24 [debug] : 1---------------------------------E query


2024-02-20 21:40:24 [info] : ::1 - - [20/Feb/2024:12:40:24 +0000] "POST /COMMON/code/all HTTP/1.1" 200 11024 "http://localhost:5000/admin/mng/AC2/ACC" "Mozilla/5.0 (Windows NT 10.0; Win64; x64) AppleWebKit/537.36 (KHTML, like Gecko) Chrome/121.0.0.0 Safari/537.36"

2024-02-20 21:40:24 [debug] : ---------------------------------S query
2024-02-20 21:40:24 [debug] : SQL : SELECT grp_cd, dtl_cd as value, dtl_nm as title, description as rmk FROM TCOM0011A
2024-02-20 21:40:24 [debug] : ROWS : 
2024-02-20 21:40:24 [debug] : 1---------------------------------E query


2024-02-20 21:40:24 [info] : ::1 - - [20/Feb/2024:12:40:24 +0000] "POST /COMMON/code/all HTTP/1.1" 200 11024 "http://localhost:5000/admin/mng/AC2/ACC" "Mozilla/5.0 (Windows NT 10.0; Win64; x64) AppleWebKit/537.36 (KHTML, like Gecko) Chrome/121.0.0.0 Safari/537.36"

2024-02-20 21:40:24 [debug] : ---------------------------------S query
2024-02-20 21:40:24 [debug] : SQL : SELECT grp_cd, dtl_cd as value, dtl_nm as title, description as rmk FROM TCOM0011A
2024-02-20 21:40:24 [debug] : ROWS : 
2024-02-20 21:40:24 [debug] : 1---------------------------------E query


2024-02-20 21:40:24 [info] : ::1 - - [20/Feb/2024:12:40:24 +0000] "POST /COMMON/code/all HTTP/1.1" 200 11024 "http://localhost:5000/admin/mng/AC2/ACC" "Mozilla/5.0 (Windows NT 10.0; Win64; x64) AppleWebKit/537.36 (KHTML, like Gecko) Chrome/121.0.0.0 Safari/537.36"

2024-02-20 21:40:24 [debug] : ---------------------------------S query
2024-02-20 21:40:24 [debug] : SQL : SELECT grp_cd, dtl_cd as value, dtl_nm as title, description as rmk FROM TCOM0011A
2024-02-20 21:40:24 [debug] : ROWS : 
2024-02-20 21:40:24 [debug] : 1---------------------------------E query


2024-02-20 21:40:24 [info] : ::1 - - [20/Feb/2024:12:40:24 +0000] "POST /COMMON/code/all HTTP/1.1" 200 11024 "http://localhost:5000/admin/mng/AC2/ACC" "Mozilla/5.0 (Windows NT 10.0; Win64; x64) AppleWebKit/537.36 (KHTML, like Gecko) Chrome/121.0.0.0 Safari/537.36"

2024-02-20 21:40:24 [debug] : ---------------------------------S query
2024-02-20 21:40:24 [debug] : SQL : SELECT grp_cd, dtl_cd as value, dtl_nm as title, description as rmk FROM TCOM0011A
2024-02-20 21:40:24 [debug] : ROWS : 
2024-02-20 21:40:24 [debug] : 1---------------------------------E query


2024-02-20 21:40:24 [info] : ::1 - - [20/Feb/2024:12:40:24 +0000] "POST /COMMON/code/all HTTP/1.1" 200 11024 "http://localhost:5000/admin/mng/AC2/ACC" "Mozilla/5.0 (Windows NT 10.0; Win64; x64) AppleWebKit/537.36 (KHTML, like Gecko) Chrome/121.0.0.0 Safari/537.36"

2024-02-20 21:40:24 [debug] : ---------------------------------S query
2024-02-20 21:40:24 [debug] : SQL : SELECT grp_cd, dtl_cd as value, dtl_nm as title, description as rmk FROM TCOM0011A
2024-02-20 21:40:24 [debug] : ROWS : 
2024-02-20 21:40:24 [debug] : 1---------------------------------E query


2024-02-20 21:40:24 [info] : ::1 - - [20/Feb/2024:12:40:24 +0000] "POST /COMMON/code/all HTTP/1.1" 200 11024 "http://localhost:5000/admin/mng/AC2/ACC" "Mozilla/5.0 (Windows NT 10.0; Win64; x64) AppleWebKit/537.36 (KHTML, like Gecko) Chrome/121.0.0.0 Safari/537.36"

2024-02-20 21:40:24 [debug] : {
   "method": "raw",
   "sql": "\n      /* AdminMapper.SELECT_STOCK_START_DT_LIST */    \n      select date_format(start_dt, '%Y-%m-%d') as start_dt\n           , business_cd\n        from tcom0112a\n       where use_yn = 'Y';\n      ",
   "bindings": [],
   "options": {},
   "__knexQueryUid": "bnirxYFa-MAKJjT8-sYu0"
}
2024-02-20 21:40:24 [info] : ::1 - - [20/Feb/2024:12:40:24 +0000] "POST /ADM/COM/getStockStartDtInfo HTTP/1.1" 200 163 "http://localhost:5000/admin/mng/AC2/ACC" "Mozilla/5.0 (Windows NT 10.0; Win64; x64) AppleWebKit/537.36 (KHTML, like Gecko) Chrome/121.0.0.0 Safari/537.36"

