2024-02-18 20:40:40 [info] : Server on port 3000 | run
2024-02-18 20:40:41 [info] : ::1 - - [18/Feb/2024:11:40:41 +0000] "GET / HTTP/1.1" 200 31 "http://localhost:3000/client" "Mozilla/5.0 (Windows NT 10.0; Win64; x64) AppleWebKit/537.36 (KHTML, like Gecko) Chrome/121.0.0.0 Safari/537.36"

2024-02-18 20:40:41 [info] : ::1 - - [18/Feb/2024:11:40:41 +0000] "GET /client HTTP/1.1" 500 1646 "http://localhost:3000/client" "Mozilla/5.0 (Windows NT 10.0; Win64; x64) AppleWebKit/537.36 (KHTML, like Gecko) Chrome/121.0.0.0 Safari/537.36"

2024-02-18 20:44:10 [debug] : ---------------------------------S query
2024-02-18 20:44:10 [debug] : SQL : SELECT business_cd, user_uuid, user_id, user_pwd, user_nm, user_cd, user_birth, user_regno, corp_cnno, status_cd, login_fail_cnt, login_block_yn FROM TCOM0110A WHERE business_cd = 'ADM' and user_cd = 'IND' and user_id = 'Lkgf03g' and (status_cd not in ('90') || status_cd is null)
2024-02-18 20:44:10 [debug] : ROWS : 
2024-02-18 20:44:10 [debug] : 1---------------------------------E query


2024-02-18 20:44:10 [error] : passport isAuth  : true
2024-02-18 20:44:10 [debug] : ---------------------------------S query
2024-02-18 20:44:10 [debug] : SQL : UPDATE TCOM0110A SET login_fail_cnt = 0
                                            , login_block_yn = 'N'
                         WHERE business_cd = 'ADM' and user_cd = 'IND' and user_id = 'Lkgf03g' and (status_cd not in ('90') || status_cd is null)
2024-02-18 20:44:10 [debug] : ROWS : 
2024-02-18 20:44:10 [debug] : 1---------------------------------E query


2024-02-18 20:44:10 [debug] : {
   "business_cd": "ADM",
   "user_uuid": "8cd7e11d53a441169f638f18b0aac029",
   "user_id": "Lkgf03g",
   "user_pwd": "$2a$10$RYqhgOTL.klk2Do7wakTDeWk6waGw7fmOFw9ZpCFIt1ljuC30PvQu",
   "user_nm": "윤자영",
   "user_cd": "IND",
   "user_birth": "",
   "user_regno": "",
   "corp_cnno": "",
   "status_cd": "30",
   "login_fail_cnt": 0,
   "login_block_yn": "N"
}
2024-02-18 20:44:10 [info] : ::1 - - [18/Feb/2024:11:44:10 +0000] "POST /auth/signin HTTP/1.1" 200 556 "http://localhost:4000/" "Mozilla/5.0 (Windows NT 10.0; Win64; x64) AppleWebKit/537.36 (KHTML, like Gecko) Chrome/121.0.0.0 Safari/537.36"

2024-02-18 20:44:27 [debug] : ---------------------------------S query
2024-02-18 20:44:27 [debug] : SQL : SELECT grp_cd, dtl_cd as value, dtl_nm as title, description as rmk FROM TCOM0011A
2024-02-18 20:44:27 [debug] : ROWS : 
2024-02-18 20:44:27 [debug] : 1---------------------------------E query


2024-02-18 20:44:27 [info] : ::1 - - [18/Feb/2024:11:44:27 +0000] "POST /COMMON/code/all HTTP/1.1" 200 9008 "http://localhost:4000/" "Mozilla/5.0 (Windows NT 10.0; Win64; x64) AppleWebKit/537.36 (KHTML, like Gecko) Chrome/121.0.0.0 Safari/537.36"

2024-02-18 20:44:27 [debug] : ---------------------------------S query
2024-02-18 20:44:27 [debug] : SQL : SELECT grp_cd, dtl_cd as value, dtl_nm as title, description as rmk FROM TCOM0011A
2024-02-18 20:44:27 [debug] : ROWS : 
2024-02-18 20:44:27 [debug] : 1---------------------------------E query


2024-02-18 20:44:27 [info] : ::1 - - [18/Feb/2024:11:44:27 +0000] "POST /COMMON/code/all HTTP/1.1" 200 9008 "http://localhost:4000/" "Mozilla/5.0 (Windows NT 10.0; Win64; x64) AppleWebKit/537.36 (KHTML, like Gecko) Chrome/121.0.0.0 Safari/537.36"

2024-02-18 20:44:27 [debug] : ---------------------------------S query
2024-02-18 20:44:27 [debug] : SQL : SELECT grp_cd, dtl_cd as value, dtl_nm as title, description as rmk FROM TCOM0011A
2024-02-18 20:44:27 [debug] : ROWS : 
2024-02-18 20:44:27 [debug] : 1---------------------------------E query


2024-02-18 20:44:27 [info] : ::1 - - [18/Feb/2024:11:44:27 +0000] "POST /COMMON/code/all HTTP/1.1" 200 9008 "http://localhost:4000/" "Mozilla/5.0 (Windows NT 10.0; Win64; x64) AppleWebKit/537.36 (KHTML, like Gecko) Chrome/121.0.0.0 Safari/537.36"

2024-02-18 20:44:27 [debug] : ---------------------------------S query
2024-02-18 20:44:27 [debug] : SQL : SELECT grp_cd, dtl_cd as value, dtl_nm as title, description as rmk FROM TCOM0011A
2024-02-18 20:44:27 [debug] : ROWS : 
2024-02-18 20:44:27 [debug] : 1---------------------------------E query


2024-02-18 20:44:28 [info] : ::1 - - [18/Feb/2024:11:44:27 +0000] "POST /COMMON/code/all HTTP/1.1" 200 9008 "http://localhost:4000/" "Mozilla/5.0 (Windows NT 10.0; Win64; x64) AppleWebKit/537.36 (KHTML, like Gecko) Chrome/121.0.0.0 Safari/537.36"

2024-02-18 20:44:28 [debug] : ---------------------------------S query
2024-02-18 20:44:28 [debug] : SQL : SELECT grp_cd, dtl_cd as value, dtl_nm as title, description as rmk FROM TCOM0011A
2024-02-18 20:44:28 [debug] : ROWS : 
2024-02-18 20:44:28 [debug] : 1---------------------------------E query


2024-02-18 20:44:28 [info] : ::1 - - [18/Feb/2024:11:44:28 +0000] "POST /COMMON/code/all HTTP/1.1" 200 9008 "http://localhost:4000/" "Mozilla/5.0 (Windows NT 10.0; Win64; x64) AppleWebKit/537.36 (KHTML, like Gecko) Chrome/121.0.0.0 Safari/537.36"

2024-02-18 20:44:28 [debug] : ---------------------------------S query
2024-02-18 20:44:28 [debug] : SQL : SELECT grp_cd, dtl_cd as value, dtl_nm as title, description as rmk FROM TCOM0011A
2024-02-18 20:44:28 [debug] : ROWS : 
2024-02-18 20:44:28 [debug] : 1---------------------------------E query


2024-02-18 20:44:28 [info] : ::1 - - [18/Feb/2024:11:44:28 +0000] "POST /COMMON/code/all HTTP/1.1" 200 9008 "http://localhost:4000/" "Mozilla/5.0 (Windows NT 10.0; Win64; x64) AppleWebKit/537.36 (KHTML, like Gecko) Chrome/121.0.0.0 Safari/537.36"

2024-02-18 20:44:28 [debug] : ---------------------------------S query
2024-02-18 20:44:28 [debug] : SQL : SELECT grp_cd, dtl_cd as value, dtl_nm as title, description as rmk FROM TCOM0011A
2024-02-18 20:44:28 [debug] : ROWS : 
2024-02-18 20:44:28 [debug] : 1---------------------------------E query


2024-02-18 20:44:28 [info] : ::1 - - [18/Feb/2024:11:44:28 +0000] "POST /COMMON/code/all HTTP/1.1" 200 9008 "http://localhost:4000/" "Mozilla/5.0 (Windows NT 10.0; Win64; x64) AppleWebKit/537.36 (KHTML, like Gecko) Chrome/121.0.0.0 Safari/537.36"

2024-02-18 20:44:28 [debug] : ---------------------------------S query
2024-02-18 20:44:28 [debug] : SQL : SELECT grp_cd, dtl_cd as value, dtl_nm as title, description as rmk FROM TCOM0011A
2024-02-18 20:44:28 [debug] : ROWS : 
2024-02-18 20:44:28 [debug] : 1---------------------------------E query


2024-02-18 20:44:28 [info] : ::1 - - [18/Feb/2024:11:44:28 +0000] "POST /COMMON/code/all HTTP/1.1" 200 9008 "http://localhost:4000/" "Mozilla/5.0 (Windows NT 10.0; Win64; x64) AppleWebKit/537.36 (KHTML, like Gecko) Chrome/121.0.0.0 Safari/537.36"

2024-02-18 20:44:28 [debug] : ---------------------------------S query
2024-02-18 20:44:28 [debug] : SQL : SELECT grp_cd, dtl_cd as value, dtl_nm as title, description as rmk FROM TCOM0011A
2024-02-18 20:44:28 [debug] : ROWS : 
2024-02-18 20:44:28 [debug] : 1---------------------------------E query


2024-02-18 20:44:28 [info] : ::1 - - [18/Feb/2024:11:44:28 +0000] "POST /COMMON/code/all HTTP/1.1" 200 9008 "http://localhost:4000/" "Mozilla/5.0 (Windows NT 10.0; Win64; x64) AppleWebKit/537.36 (KHTML, like Gecko) Chrome/121.0.0.0 Safari/537.36"

2024-02-18 20:44:28 [debug] : ---------------------------------S query
2024-02-18 20:44:28 [debug] : SQL : SELECT grp_cd, dtl_cd as value, dtl_nm as title, description as rmk FROM TCOM0011A
2024-02-18 20:44:28 [debug] : ROWS : 
2024-02-18 20:44:28 [debug] : 1---------------------------------E query


2024-02-18 20:44:28 [info] : ::1 - - [18/Feb/2024:11:44:28 +0000] "POST /COMMON/code/all HTTP/1.1" 200 9008 "http://localhost:4000/" "Mozilla/5.0 (Windows NT 10.0; Win64; x64) AppleWebKit/537.36 (KHTML, like Gecko) Chrome/121.0.0.0 Safari/537.36"

2024-02-18 20:44:28 [debug] : ---------------------------------S query
2024-02-18 20:44:28 [debug] : SQL : SELECT grp_cd, dtl_cd as value, dtl_nm as title, description as rmk FROM TCOM0011A
2024-02-18 20:44:28 [debug] : ROWS : 
2024-02-18 20:44:28 [debug] : 1---------------------------------E query


2024-02-18 20:44:28 [info] : ::1 - - [18/Feb/2024:11:44:28 +0000] "POST /COMMON/code/all HTTP/1.1" 200 9008 "http://localhost:4000/" "Mozilla/5.0 (Windows NT 10.0; Win64; x64) AppleWebKit/537.36 (KHTML, like Gecko) Chrome/121.0.0.0 Safari/537.36"

2024-02-18 20:44:28 [debug] : {
   "method": "raw",
   "sql": "\n      /* AdminMapper.SELECT_STOCK_START_DT_LIST */    \n      select date_format(start_dt, '%Y-%m-%d') as start_dt\n           , business_cd\n        from tcom0112a\n       where use_yn = 'Y';\n      ",
   "bindings": [],
   "options": {},
   "__knexQueryUid": "CvlMcmLJGbRqTcXPK39Nr"
}
2024-02-18 20:44:28 [info] : ::1 - - [18/Feb/2024:11:44:28 +0000] "POST /ADM/COM/getStockStartDtInfo HTTP/1.1" 200 163 "http://localhost:4000/" "Mozilla/5.0 (Windows NT 10.0; Win64; x64) AppleWebKit/537.36 (KHTML, like Gecko) Chrome/121.0.0.0 Safari/537.36"

2024-02-18 20:44:29 [debug] : {
   "method": "raw",
   "sql": "\n      /* AdminMapper.INSURANCE_LIST */  \n      SELECT A.insurance_uuid\n            , A.business_cd\n            , A.user_cd\n            , A.user_uuid\n            , A.user_nm\n            , A.user_id\n            , A.user_regno\n            , A.corp_cnno\n            , A.insr_year\n            , A.insr_st_dt\n            , A.insr_cncls_dt\n            , A.insr_tot_amt\n            , A.insr_tot_paid_amt\n            , A.insr_tot_unpaid_amt\n            , A.status_cd\n            , B.insurance_no\n            , B.insr_st_dt as base_insr_st_dt\n            , B.insr_cncls_dt as base_insr_cncls_dt\n            , FN_GET_CODENM('COM002', A.user_cd) AS user_cd_nm\n            , FN_GET_CODENM('COM030', A.status_cd) AS status_nm\n            , FN_GET_CODENM('TAX001', A.corp_region_cd) AS corp_region_nm\n            FROM   TTAX0030A A\n      \t\t\tLEFT JOIN TCOM0030A B\n\t\t    ON A.insr_year = B.base_year \n\t\t    AND A.user_cd = B.user_cd \n\t\t    AND A.business_cd = B.business_cd\n      WHERE  A.business_cd =  ?\n         AND (? = '%' or A.user_cd = ?)\n         AND (? = '%' or A.insr_year = ?)\n         AND (? = '%' or A.status_cd = ?)\n         AND ((A.user_nm like CONCAT('%', ?, '%')) OR a.cbr_data like CONCAT('%', ?, '%') )\n        \n      ORDER  BY A.created_at DESC \n    ",
   "bindings": [
      "TAX",
      "%",
      "%",
      "%",
      "%",
      "%",
      "%",
      "",
      ""
   ],
   "options": {},
   "__knexQueryUid": "IJ4cjEbSBvhtdF-RPqTuf"
}
2024-02-18 20:44:31 [info] : ::1 - - [18/Feb/2024:11:44:31 +0000] "POST /ADM/TAX/gets HTTP/1.1" 200 6027774 "http://localhost:4000/" "Mozilla/5.0 (Windows NT 10.0; Win64; x64) AppleWebKit/537.36 (KHTML, like Gecko) Chrome/121.0.0.0 Safari/537.36"

2024-02-18 20:44:37 [debug] : ---------------------------------S query
2024-02-18 20:44:37 [debug] : SQL : SELECT grp_cd, dtl_cd as value, dtl_nm as title, description as rmk FROM TCOM0011A
2024-02-18 20:44:37 [debug] : ROWS : 
2024-02-18 20:44:37 [debug] : 1---------------------------------E query


2024-02-18 20:44:37 [info] : ::1 - - [18/Feb/2024:11:44:37 +0000] "POST /COMMON/code/all HTTP/1.1" 200 9008 "http://localhost:4000/" "Mozilla/5.0 (Windows NT 10.0; Win64; x64) AppleWebKit/537.36 (KHTML, like Gecko) Chrome/121.0.0.0 Safari/537.36"

2024-02-18 20:44:37 [debug] : ---------------------------------S query
2024-02-18 20:44:37 [debug] : SQL : SELECT grp_cd, dtl_cd as value, dtl_nm as title, description as rmk FROM TCOM0011A
2024-02-18 20:44:37 [debug] : ROWS : 
2024-02-18 20:44:37 [debug] : 1---------------------------------E query


2024-02-18 20:44:37 [info] : ::1 - - [18/Feb/2024:11:44:37 +0000] "POST /COMMON/code/all HTTP/1.1" 200 9008 "http://localhost:4000/" "Mozilla/5.0 (Windows NT 10.0; Win64; x64) AppleWebKit/537.36 (KHTML, like Gecko) Chrome/121.0.0.0 Safari/537.36"

2024-02-18 20:44:37 [debug] : ---------------------------------S query
2024-02-18 20:44:37 [debug] : SQL : SELECT grp_cd, dtl_cd as value, dtl_nm as title, description as rmk FROM TCOM0011A
2024-02-18 20:44:37 [debug] : ROWS : 
2024-02-18 20:44:37 [debug] : 1---------------------------------E query


2024-02-18 20:44:37 [info] : ::1 - - [18/Feb/2024:11:44:37 +0000] "POST /COMMON/code/all HTTP/1.1" 200 9008 "http://localhost:4000/" "Mozilla/5.0 (Windows NT 10.0; Win64; x64) AppleWebKit/537.36 (KHTML, like Gecko) Chrome/121.0.0.0 Safari/537.36"

2024-02-18 20:44:37 [debug] : ---------------------------------S query
2024-02-18 20:44:37 [debug] : SQL : SELECT grp_cd, dtl_cd as value, dtl_nm as title, description as rmk FROM TCOM0011A
2024-02-18 20:44:37 [debug] : ROWS : 
2024-02-18 20:44:37 [debug] : 1---------------------------------E query


2024-02-18 20:44:37 [info] : ::1 - - [18/Feb/2024:11:44:37 +0000] "POST /COMMON/code/all HTTP/1.1" 200 9008 "http://localhost:4000/" "Mozilla/5.0 (Windows NT 10.0; Win64; x64) AppleWebKit/537.36 (KHTML, like Gecko) Chrome/121.0.0.0 Safari/537.36"

2024-02-18 20:44:37 [debug] : ---------------------------------S query
2024-02-18 20:44:37 [debug] : SQL : SELECT grp_cd, dtl_cd as value, dtl_nm as title, description as rmk FROM TCOM0011A
2024-02-18 20:44:37 [debug] : ROWS : 
2024-02-18 20:44:37 [debug] : 1---------------------------------E query


2024-02-18 20:44:37 [info] : ::1 - - [18/Feb/2024:11:44:37 +0000] "POST /COMMON/code/all HTTP/1.1" 200 9008 "http://localhost:4000/" "Mozilla/5.0 (Windows NT 10.0; Win64; x64) AppleWebKit/537.36 (KHTML, like Gecko) Chrome/121.0.0.0 Safari/537.36"

2024-02-18 20:44:37 [debug] : ---------------------------------S query
2024-02-18 20:44:37 [debug] : SQL : SELECT grp_cd, dtl_cd as value, dtl_nm as title, description as rmk FROM TCOM0011A
2024-02-18 20:44:37 [debug] : ROWS : 
2024-02-18 20:44:37 [debug] : 1---------------------------------E query


2024-02-18 20:44:37 [info] : ::1 - - [18/Feb/2024:11:44:37 +0000] "POST /COMMON/code/all HTTP/1.1" 200 9008 "http://localhost:4000/" "Mozilla/5.0 (Windows NT 10.0; Win64; x64) AppleWebKit/537.36 (KHTML, like Gecko) Chrome/121.0.0.0 Safari/537.36"

2024-02-18 20:44:37 [debug] : {
   "method": "raw",
   "sql": "\n      /* AdminMapper.SELECT_STOCK_START_DT_LIST */    \n      select date_format(start_dt, '%Y-%m-%d') as start_dt\n           , business_cd\n        from tcom0112a\n       where use_yn = 'Y';\n      ",
   "bindings": [],
   "options": {},
   "__knexQueryUid": "rWRUSfe15FMhWqcv8oy01"
}
2024-02-18 20:44:37 [info] : ::1 - - [18/Feb/2024:11:44:37 +0000] "POST /ADM/COM/getStockStartDtInfo HTTP/1.1" 200 163 "http://localhost:4000/" "Mozilla/5.0 (Windows NT 10.0; Win64; x64) AppleWebKit/537.36 (KHTML, like Gecko) Chrome/121.0.0.0 Safari/537.36"

2024-02-18 20:44:37 [debug] : ---------------------------------S query
2024-02-18 20:44:37 [debug] : SQL : SELECT grp_cd, dtl_cd as value, dtl_nm as title, description as rmk FROM TCOM0011A
2024-02-18 20:44:37 [debug] : ROWS : 
2024-02-18 20:44:37 [debug] : 1---------------------------------E query


2024-02-18 20:44:37 [info] : ::1 - - [18/Feb/2024:11:44:37 +0000] "POST /COMMON/code/all HTTP/1.1" 200 9008 "http://localhost:4000/" "Mozilla/5.0 (Windows NT 10.0; Win64; x64) AppleWebKit/537.36 (KHTML, like Gecko) Chrome/121.0.0.0 Safari/537.36"

2024-02-18 20:44:37 [debug] : ---------------------------------S query
2024-02-18 20:44:37 [debug] : SQL : SELECT grp_cd, dtl_cd as value, dtl_nm as title, description as rmk FROM TCOM0011A
2024-02-18 20:44:37 [debug] : ROWS : 
2024-02-18 20:44:37 [debug] : 1---------------------------------E query


2024-02-18 20:44:37 [info] : ::1 - - [18/Feb/2024:11:44:37 +0000] "POST /COMMON/code/all HTTP/1.1" 200 9008 "http://localhost:4000/" "Mozilla/5.0 (Windows NT 10.0; Win64; x64) AppleWebKit/537.36 (KHTML, like Gecko) Chrome/121.0.0.0 Safari/537.36"

2024-02-18 20:44:37 [debug] : ---------------------------------S query
2024-02-18 20:44:37 [debug] : SQL : SELECT grp_cd, dtl_cd as value, dtl_nm as title, description as rmk FROM TCOM0011A
2024-02-18 20:44:37 [debug] : ROWS : 
2024-02-18 20:44:37 [debug] : 1---------------------------------E query


2024-02-18 20:44:37 [info] : ::1 - - [18/Feb/2024:11:44:37 +0000] "POST /COMMON/code/all HTTP/1.1" 200 9008 "http://localhost:4000/" "Mozilla/5.0 (Windows NT 10.0; Win64; x64) AppleWebKit/537.36 (KHTML, like Gecko) Chrome/121.0.0.0 Safari/537.36"

2024-02-18 20:44:37 [debug] : ---------------------------------S query
2024-02-18 20:44:37 [debug] : SQL : SELECT grp_cd, dtl_cd as value, dtl_nm as title, description as rmk FROM TCOM0011A
2024-02-18 20:44:37 [debug] : ROWS : 
2024-02-18 20:44:37 [debug] : 1---------------------------------E query


2024-02-18 20:44:37 [info] : ::1 - - [18/Feb/2024:11:44:37 +0000] "POST /COMMON/code/all HTTP/1.1" 200 9008 "http://localhost:4000/" "Mozilla/5.0 (Windows NT 10.0; Win64; x64) AppleWebKit/537.36 (KHTML, like Gecko) Chrome/121.0.0.0 Safari/537.36"

2024-02-18 20:44:37 [debug] : ---------------------------------S query
2024-02-18 20:44:37 [debug] : SQL : SELECT grp_cd, dtl_cd as value, dtl_nm as title, description as rmk FROM TCOM0011A
2024-02-18 20:44:37 [debug] : ROWS : 
2024-02-18 20:44:37 [debug] : 1---------------------------------E query


2024-02-18 20:44:37 [info] : ::1 - - [18/Feb/2024:11:44:37 +0000] "POST /COMMON/code/all HTTP/1.1" 200 9008 "http://localhost:4000/" "Mozilla/5.0 (Windows NT 10.0; Win64; x64) AppleWebKit/537.36 (KHTML, like Gecko) Chrome/121.0.0.0 Safari/537.36"

2024-02-18 20:44:37 [debug] : ---------------------------------S query
2024-02-18 20:44:37 [debug] : SQL : SELECT grp_cd, dtl_cd as value, dtl_nm as title, description as rmk FROM TCOM0011A
2024-02-18 20:44:37 [debug] : ROWS : 
2024-02-18 20:44:37 [debug] : 1---------------------------------E query


2024-02-18 20:44:37 [info] : ::1 - - [18/Feb/2024:11:44:37 +0000] "POST /COMMON/code/all HTTP/1.1" 200 9008 "http://localhost:4000/" "Mozilla/5.0 (Windows NT 10.0; Win64; x64) AppleWebKit/537.36 (KHTML, like Gecko) Chrome/121.0.0.0 Safari/537.36"

2024-02-18 20:44:37 [debug] : {
   "method": "raw",
   "sql": "\n      /* AdminMapper.SELECT_STOCK_START_DT_LIST */    \n      select date_format(start_dt, '%Y-%m-%d') as start_dt\n           , business_cd\n        from tcom0112a\n       where use_yn = 'Y';\n      ",
   "bindings": [],
   "options": {},
   "__knexQueryUid": "citCRRwKKTSLFrLQyKSoD"
}
2024-02-18 20:44:37 [info] : ::1 - - [18/Feb/2024:11:44:37 +0000] "POST /ADM/COM/getStockStartDtInfo HTTP/1.1" 200 163 "http://localhost:4000/" "Mozilla/5.0 (Windows NT 10.0; Win64; x64) AppleWebKit/537.36 (KHTML, like Gecko) Chrome/121.0.0.0 Safari/537.36"

2024-02-18 20:44:40 [info] : {
   "business_cd": "CAA",
   "insr_year": "%",
   "status_cd": "%",
   "user_cd": "%",
   "user_nm": ""
}
2024-02-18 20:44:40 [debug] : ---------------------------------S query
2024-02-18 20:44:40 [debug] : SQL : SELECT A.insurance_uuid
    , A.business_cd
    , A.user_cd
    , A.user_uuid
    , A.user_nm
    , A.user_id
    , A.user_regno
    , A.corp_cnno
    , A.insr_year
    , A.insr_st_dt
    , A.insr_cncls_dt
    , A.insr_tot_amt
    , A.insr_tot_paid_amt
    , A.insr_tot_unpaid_amt
    , A.status_cd
    , B.insurance_no
    , B.insr_st_dt as base_insr_st_dt
    , B.insr_cncls_dt as base_insr_cncls_dt
    , FN_GET_CODENM('COM002', A.user_cd) AS user_cd_nm
    , FN_GET_CODENM('COM030', A.status_cd) AS status_nm
    , FN_GET_CODENM('TAX001', A.corp_region_cd) AS corp_region_nm
    FROM TCAA0030A A
    LEFT JOIN TCOM0030A B
  ON A.insr_year = B.base_year 
  AND A.user_cd = B.user_cd 
  AND A.business_cd = B.business_cd
  WHERE  A.business_cd =  'CAA'
  AND ('%' = '%' or A.user_cd = '%')
  AND ('%' = '%' or A.insr_year = '%')
  AND ('%' = '%' or A.status_cd = '%')
  AND ((A.user_nm like CONCAT('%', '', '%')) OR a.cbr_data like CONCAT('%', '', '%') )
  ORDER  BY A.created_at DESC 
  
2024-02-18 20:44:40 [debug] : ROWS : 
2024-02-18 20:44:40 [debug] : 1---------------------------------E query


2024-02-18 20:44:40 [info] : ::1 - - [18/Feb/2024:11:44:40 +0000] "POST /ADM/CAA/gets HTTP/1.1" 200 896633 "http://localhost:4000/" "Mozilla/5.0 (Windows NT 10.0; Win64; x64) AppleWebKit/537.36 (KHTML, like Gecko) Chrome/121.0.0.0 Safari/537.36"

2024-02-18 20:44:42 [info] : {
   "insurance_uuid": "12be83b0083c482daa6c56f63ebf7afc"
}
2024-02-18 20:44:42 [debug] : ---------------------------------S query
2024-02-18 20:44:42 [debug] : SQL : SELECT A.*
  ,FN_GET_CODENM('COM030', A.status_cd) AS status_nm
  ,FN_GET_CODENM('TAX001', A.corp_region_cd) AS corp_region_nm
  ,FN_GET_SPLIT(A.corp_telno, '-', 1) as corp_telno1
  ,FN_GET_SPLIT(A.corp_telno, '-', 2) as corp_telno2
  ,FN_GET_SPLIT(A.corp_telno, '-', 3) as corp_telno3
  ,FN_GET_SPLIT(A.corp_faxno, '-', 1) as corp_faxno1
  ,FN_GET_SPLIT(A.corp_faxno, '-', 2) as corp_faxno2
  ,FN_GET_SPLIT(A.corp_faxno, '-', 3) as corp_faxno3
  ,B.insr_st_dt as base_insr_st_dt
  ,B.insr_cncls_dt as base_insr_cncls_dt
  ,B.insurance_no
FROM   TCAA0030A A
    LEFT JOIN TCOM0030A B
ON A.insr_year = B.base_year 
AND A.user_cd = B.user_cd 
AND A.business_cd = B.business_cd
WHERE A.insurance_uuid = '12be83b0083c482daa6c56f63ebf7afc'
    AND A.status_cd not in ('40') -- 이력제외
ORDER  BY A.insurance_uuid DESC
LIMIT  1

2024-02-18 20:44:42 [debug] : ROWS : 
2024-02-18 20:44:42 [debug] : 1---------------------------------E query


2024-02-18 20:44:42 [info] : ::1 - - [18/Feb/2024:11:44:42 +0000] "POST /ADM/CAA/get HTTP/1.1" 200 5703 "http://localhost:4000/" "Mozilla/5.0 (Windows NT 10.0; Win64; x64) AppleWebKit/537.36 (KHTML, like Gecko) Chrome/121.0.0.0 Safari/537.36"

2024-02-18 20:44:42 [info] : {
   "user_cd": "COR",
   "business_cd": "CAA"
}
2024-02-18 20:44:42 [debug] : ---------------------------------S query
2024-02-18 20:44:42 [debug] : SQL : SELECT base_year,
      ver,
      user_cd,
      business_cd,
      insr_st_dt,
      insr_cncls_dt,
      days,
      insurance_nm,
      contents,
      insurance_no
    FROM   tcom0030a
    WHERE  user_cd = 'COR'
        AND business_cd = 'CAA'
        AND use_yn = 'Y'
    ORDER  BY base_year DESC,
            ver DESC
    LIMIT  1  
    
2024-02-18 20:44:42 [debug] : ROWS : 
2024-02-18 20:44:42 [debug] : 1---------------------------------E query


2024-02-18 20:44:42 [info] : ::1 - - [18/Feb/2024:11:44:42 +0000] "POST /ADM/CAA/rate HTTP/1.1" 200 3840 "http://localhost:4000/" "Mozilla/5.0 (Windows NT 10.0; Win64; x64) AppleWebKit/537.36 (KHTML, like Gecko) Chrome/121.0.0.0 Safari/537.36"

2024-02-18 20:44:55 [debug] : ---------------------------------S query
2024-02-18 20:44:55 [debug] : SQL : SELECT grp_cd, dtl_cd as value, dtl_nm as title, description as rmk FROM TCOM0011A
2024-02-18 20:44:55 [debug] : ROWS : 
2024-02-18 20:44:55 [debug] : 1---------------------------------E query


2024-02-18 20:44:55 [info] : ::1 - - [18/Feb/2024:11:44:55 +0000] "POST /COMMON/code/all HTTP/1.1" 200 9008 "http://localhost:4000/" "Mozilla/5.0 (Windows NT 10.0; Win64; x64) AppleWebKit/537.36 (KHTML, like Gecko) Chrome/121.0.0.0 Safari/537.36"

2024-02-18 20:44:55 [debug] : ---------------------------------S query
2024-02-18 20:44:55 [debug] : SQL : SELECT grp_cd, dtl_cd as value, dtl_nm as title, description as rmk FROM TCOM0011A
2024-02-18 20:44:55 [debug] : ROWS : 
2024-02-18 20:44:55 [debug] : 1---------------------------------E query


2024-02-18 20:44:55 [info] : ::1 - - [18/Feb/2024:11:44:55 +0000] "POST /COMMON/code/all HTTP/1.1" 200 9008 "http://localhost:4000/" "Mozilla/5.0 (Windows NT 10.0; Win64; x64) AppleWebKit/537.36 (KHTML, like Gecko) Chrome/121.0.0.0 Safari/537.36"

2024-02-18 20:44:55 [debug] : ---------------------------------S query
2024-02-18 20:44:55 [debug] : SQL : SELECT grp_cd, dtl_cd as value, dtl_nm as title, description as rmk FROM TCOM0011A
2024-02-18 20:44:55 [debug] : ROWS : 
2024-02-18 20:44:55 [debug] : 1---------------------------------E query


2024-02-18 20:44:55 [info] : ::1 - - [18/Feb/2024:11:44:55 +0000] "POST /COMMON/code/all HTTP/1.1" 200 9008 "http://localhost:4000/" "Mozilla/5.0 (Windows NT 10.0; Win64; x64) AppleWebKit/537.36 (KHTML, like Gecko) Chrome/121.0.0.0 Safari/537.36"

2024-02-18 20:44:55 [debug] : ---------------------------------S query
2024-02-18 20:44:55 [debug] : SQL : SELECT grp_cd, dtl_cd as value, dtl_nm as title, description as rmk FROM TCOM0011A
2024-02-18 20:44:55 [debug] : ROWS : 
2024-02-18 20:44:55 [debug] : 1---------------------------------E query


2024-02-18 20:44:55 [info] : ::1 - - [18/Feb/2024:11:44:55 +0000] "POST /COMMON/code/all HTTP/1.1" 200 9008 "http://localhost:4000/" "Mozilla/5.0 (Windows NT 10.0; Win64; x64) AppleWebKit/537.36 (KHTML, like Gecko) Chrome/121.0.0.0 Safari/537.36"

2024-02-18 20:44:55 [debug] : ---------------------------------S query
2024-02-18 20:44:55 [debug] : SQL : SELECT grp_cd, dtl_cd as value, dtl_nm as title, description as rmk FROM TCOM0011A
2024-02-18 20:44:55 [debug] : ROWS : 
2024-02-18 20:44:55 [debug] : 1---------------------------------E query


2024-02-18 20:44:55 [info] : ::1 - - [18/Feb/2024:11:44:55 +0000] "POST /COMMON/code/all HTTP/1.1" 200 9008 "http://localhost:4000/" "Mozilla/5.0 (Windows NT 10.0; Win64; x64) AppleWebKit/537.36 (KHTML, like Gecko) Chrome/121.0.0.0 Safari/537.36"

2024-02-18 20:44:55 [debug] : ---------------------------------S query
2024-02-18 20:44:55 [debug] : SQL : SELECT grp_cd, dtl_cd as value, dtl_nm as title, description as rmk FROM TCOM0011A
2024-02-18 20:44:55 [debug] : ROWS : 
2024-02-18 20:44:55 [debug] : 1---------------------------------E query


2024-02-18 20:44:55 [info] : ::1 - - [18/Feb/2024:11:44:55 +0000] "POST /COMMON/code/all HTTP/1.1" 200 9008 "http://localhost:4000/" "Mozilla/5.0 (Windows NT 10.0; Win64; x64) AppleWebKit/537.36 (KHTML, like Gecko) Chrome/121.0.0.0 Safari/537.36"

2024-02-18 20:44:55 [debug] : ---------------------------------S query
2024-02-18 20:44:55 [debug] : SQL : SELECT grp_cd, dtl_cd as value, dtl_nm as title, description as rmk FROM TCOM0011A
2024-02-18 20:44:55 [debug] : ROWS : 
2024-02-18 20:44:55 [debug] : 1---------------------------------E query


2024-02-18 20:44:55 [info] : ::1 - - [18/Feb/2024:11:44:55 +0000] "POST /COMMON/code/all HTTP/1.1" 200 9008 "http://localhost:4000/" "Mozilla/5.0 (Windows NT 10.0; Win64; x64) AppleWebKit/537.36 (KHTML, like Gecko) Chrome/121.0.0.0 Safari/537.36"

2024-02-18 20:44:55 [debug] : ---------------------------------S query
2024-02-18 20:44:55 [debug] : SQL : SELECT grp_cd, dtl_cd as value, dtl_nm as title, description as rmk FROM TCOM0011A
2024-02-18 20:44:55 [debug] : ROWS : 
2024-02-18 20:44:55 [debug] : 1---------------------------------E query


2024-02-18 20:44:55 [info] : ::1 - - [18/Feb/2024:11:44:55 +0000] "POST /COMMON/code/all HTTP/1.1" 200 9008 "http://localhost:4000/" "Mozilla/5.0 (Windows NT 10.0; Win64; x64) AppleWebKit/537.36 (KHTML, like Gecko) Chrome/121.0.0.0 Safari/537.36"

2024-02-18 20:44:55 [debug] : ---------------------------------S query
2024-02-18 20:44:55 [debug] : SQL : SELECT grp_cd, dtl_cd as value, dtl_nm as title, description as rmk FROM TCOM0011A
2024-02-18 20:44:55 [debug] : ROWS : 
2024-02-18 20:44:55 [debug] : 1---------------------------------E query


2024-02-18 20:44:55 [info] : ::1 - - [18/Feb/2024:11:44:55 +0000] "POST /COMMON/code/all HTTP/1.1" 200 9008 "http://localhost:4000/" "Mozilla/5.0 (Windows NT 10.0; Win64; x64) AppleWebKit/537.36 (KHTML, like Gecko) Chrome/121.0.0.0 Safari/537.36"

2024-02-18 20:44:55 [debug] : ---------------------------------S query
2024-02-18 20:44:55 [debug] : SQL : SELECT grp_cd, dtl_cd as value, dtl_nm as title, description as rmk FROM TCOM0011A
2024-02-18 20:44:55 [debug] : ROWS : 
2024-02-18 20:44:55 [debug] : 1---------------------------------E query


2024-02-18 20:44:55 [info] : ::1 - - [18/Feb/2024:11:44:55 +0000] "POST /COMMON/code/all HTTP/1.1" 200 9008 "http://localhost:4000/" "Mozilla/5.0 (Windows NT 10.0; Win64; x64) AppleWebKit/537.36 (KHTML, like Gecko) Chrome/121.0.0.0 Safari/537.36"

2024-02-18 20:44:55 [debug] : ---------------------------------S query
2024-02-18 20:44:55 [debug] : SQL : SELECT grp_cd, dtl_cd as value, dtl_nm as title, description as rmk FROM TCOM0011A
2024-02-18 20:44:55 [debug] : ROWS : 
2024-02-18 20:44:55 [debug] : 1---------------------------------E query


2024-02-18 20:44:55 [info] : ::1 - - [18/Feb/2024:11:44:55 +0000] "POST /COMMON/code/all HTTP/1.1" 200 9008 "http://localhost:4000/" "Mozilla/5.0 (Windows NT 10.0; Win64; x64) AppleWebKit/537.36 (KHTML, like Gecko) Chrome/121.0.0.0 Safari/537.36"

2024-02-18 20:44:55 [debug] : {
   "method": "raw",
   "sql": "\n      /* AdminMapper.SELECT_STOCK_START_DT_LIST */    \n      select date_format(start_dt, '%Y-%m-%d') as start_dt\n           , business_cd\n        from tcom0112a\n       where use_yn = 'Y';\n      ",
   "bindings": [],
   "options": {},
   "__knexQueryUid": "LkWCGJQ8usYTz8OOX324r"
}
2024-02-18 20:44:55 [debug] : ---------------------------------S query
2024-02-18 20:44:55 [debug] : SQL : SELECT grp_cd, dtl_cd as value, dtl_nm as title, description as rmk FROM TCOM0011A
2024-02-18 20:44:55 [debug] : ROWS : 
2024-02-18 20:44:55 [debug] : 1---------------------------------E query


2024-02-18 20:44:55 [info] : ::1 - - [18/Feb/2024:11:44:55 +0000] "POST /COMMON/code/all HTTP/1.1" 200 9008 "http://localhost:4000/" "Mozilla/5.0 (Windows NT 10.0; Win64; x64) AppleWebKit/537.36 (KHTML, like Gecko) Chrome/121.0.0.0 Safari/537.36"

2024-02-18 20:44:55 [info] : ::1 - - [18/Feb/2024:11:44:55 +0000] "POST /ADM/COM/getStockStartDtInfo HTTP/1.1" 200 163 "http://localhost:4000/" "Mozilla/5.0 (Windows NT 10.0; Win64; x64) AppleWebKit/537.36 (KHTML, like Gecko) Chrome/121.0.0.0 Safari/537.36"

2024-02-18 20:44:55 [debug] : {
   "method": "raw",
   "sql": "\n      /* AdminMapper.SELECT_STOCK_START_DT_LIST */    \n      select date_format(start_dt, '%Y-%m-%d') as start_dt\n           , business_cd\n        from tcom0112a\n       where use_yn = 'Y';\n      ",
   "bindings": [],
   "options": {},
   "__knexQueryUid": "_NWK3karpV0fToU_-c9ho"
}
2024-02-18 20:44:55 [info] : ::1 - - [18/Feb/2024:11:44:55 +0000] "POST /ADM/COM/getStockStartDtInfo HTTP/1.1" 200 163 "http://localhost:4000/" "Mozilla/5.0 (Windows NT 10.0; Win64; x64) AppleWebKit/537.36 (KHTML, like Gecko) Chrome/121.0.0.0 Safari/537.36"

2024-02-18 20:44:55 [debug] : ---------------------------------S query
2024-02-18 20:44:55 [debug] : SQL : SELECT grp_cd, dtl_cd as value, dtl_nm as title, description as rmk FROM TCOM0011A
2024-02-18 20:44:55 [debug] : ROWS : 
2024-02-18 20:44:55 [debug] : 1---------------------------------E query


2024-02-18 20:44:55 [info] : ::1 - - [18/Feb/2024:11:44:55 +0000] "POST /COMMON/code/all HTTP/1.1" 200 9008 "http://localhost:4000/" "Mozilla/5.0 (Windows NT 10.0; Win64; x64) AppleWebKit/537.36 (KHTML, like Gecko) Chrome/121.0.0.0 Safari/537.36"

2024-02-18 20:44:55 [debug] : ---------------------------------S query
2024-02-18 20:44:55 [debug] : SQL : SELECT grp_cd, dtl_cd as value, dtl_nm as title, description as rmk FROM TCOM0011A
2024-02-18 20:44:55 [debug] : ROWS : 
2024-02-18 20:44:55 [debug] : 1---------------------------------E query


2024-02-18 20:44:55 [info] : ::1 - - [18/Feb/2024:11:44:55 +0000] "POST /COMMON/code/all HTTP/1.1" 200 9008 "http://localhost:4000/" "Mozilla/5.0 (Windows NT 10.0; Win64; x64) AppleWebKit/537.36 (KHTML, like Gecko) Chrome/121.0.0.0 Safari/537.36"

2024-02-18 20:44:55 [debug] : ---------------------------------S query
2024-02-18 20:44:55 [debug] : SQL : SELECT grp_cd, dtl_cd as value, dtl_nm as title, description as rmk FROM TCOM0011A
2024-02-18 20:44:55 [debug] : ROWS : 
2024-02-18 20:44:55 [debug] : 1---------------------------------E query


2024-02-18 20:44:55 [info] : ::1 - - [18/Feb/2024:11:44:55 +0000] "POST /COMMON/code/all HTTP/1.1" 200 9008 "http://localhost:4000/" "Mozilla/5.0 (Windows NT 10.0; Win64; x64) AppleWebKit/537.36 (KHTML, like Gecko) Chrome/121.0.0.0 Safari/537.36"

2024-02-18 20:44:55 [debug] : ---------------------------------S query
2024-02-18 20:44:55 [debug] : SQL : SELECT grp_cd, dtl_cd as value, dtl_nm as title, description as rmk FROM TCOM0011A
2024-02-18 20:44:55 [debug] : ROWS : 
2024-02-18 20:44:55 [debug] : 1---------------------------------E query


2024-02-18 20:44:55 [info] : ::1 - - [18/Feb/2024:11:44:55 +0000] "POST /COMMON/code/all HTTP/1.1" 200 9008 "http://localhost:4000/" "Mozilla/5.0 (Windows NT 10.0; Win64; x64) AppleWebKit/537.36 (KHTML, like Gecko) Chrome/121.0.0.0 Safari/537.36"

2024-02-18 20:44:55 [debug] : ---------------------------------S query
2024-02-18 20:44:55 [debug] : SQL : SELECT grp_cd, dtl_cd as value, dtl_nm as title, description as rmk FROM TCOM0011A
2024-02-18 20:44:55 [debug] : ROWS : 
2024-02-18 20:44:55 [debug] : 1---------------------------------E query


2024-02-18 20:44:55 [info] : ::1 - - [18/Feb/2024:11:44:55 +0000] "POST /COMMON/code/all HTTP/1.1" 200 9008 "http://localhost:4000/" "Mozilla/5.0 (Windows NT 10.0; Win64; x64) AppleWebKit/537.36 (KHTML, like Gecko) Chrome/121.0.0.0 Safari/537.36"

2024-02-18 20:44:55 [debug] : ---------------------------------S query
2024-02-18 20:44:55 [debug] : SQL : SELECT grp_cd, dtl_cd as value, dtl_nm as title, description as rmk FROM TCOM0011A
2024-02-18 20:44:55 [debug] : ROWS : 
2024-02-18 20:44:55 [debug] : 1---------------------------------E query


2024-02-18 20:44:55 [info] : ::1 - - [18/Feb/2024:11:44:55 +0000] "POST /COMMON/code/all HTTP/1.1" 200 9008 "http://localhost:4000/" "Mozilla/5.0 (Windows NT 10.0; Win64; x64) AppleWebKit/537.36 (KHTML, like Gecko) Chrome/121.0.0.0 Safari/537.36"

2024-02-18 20:44:55 [debug] : {
   "method": "raw",
   "sql": "\n      /* AdminMapper.SELECT_STOCK_START_DT_LIST */    \n      select date_format(start_dt, '%Y-%m-%d') as start_dt\n           , business_cd\n        from tcom0112a\n       where use_yn = 'Y';\n      ",
   "bindings": [],
   "options": {},
   "__knexQueryUid": "lIx3AulEutu6h1zjQ-6LY"
}
2024-02-18 20:44:55 [info] : ::1 - - [18/Feb/2024:11:44:55 +0000] "POST /ADM/COM/getStockStartDtInfo HTTP/1.1" 200 163 "http://localhost:4000/" "Mozilla/5.0 (Windows NT 10.0; Win64; x64) AppleWebKit/537.36 (KHTML, like Gecko) Chrome/121.0.0.0 Safari/537.36"

2024-02-18 20:44:56 [info] : {
   "business_cd": "PAT",
   "insr_year": "%",
   "status_cd": "%",
   "user_cd": "%",
   "user_nm": ""
}
2024-02-18 20:44:56 [debug] : ---------------------------------S query
2024-02-18 20:44:56 [debug] : SQL : SELECT A.insurance_uuid
    , A.business_cd
    , A.user_cd
    , A.user_uuid
    , A.user_nm
    , A.user_id
    , A.user_regno
    , A.corp_cnno
    , A.insr_year
    , A.insr_st_dt
    , A.insr_cncls_dt
    , A.insr_tot_amt
    , A.insr_tot_paid_amt
    , A.insr_tot_unpaid_amt
    , A.status_cd
    , B.insurance_no
    , B.insr_st_dt as base_insr_st_dt
    , B.insr_cncls_dt as base_insr_cncls_dt
    , FN_GET_CODENM('COM002', A.user_cd) AS user_cd_nm
    , FN_GET_CODENM('COM030', A.status_cd) AS status_nm
    , FN_GET_CODENM('ADV001', A.corp_region_cd) AS corp_region_nm
    FROM TPAT0030A A
    LEFT JOIN TCOM0030A B
  ON A.insr_year = B.base_year 
  AND A.user_cd = B.user_cd 
  AND A.business_cd = B.business_cd
  WHERE  A.business_cd =  'PAT'
  AND ('%' = '%' or A.user_cd = '%')
  AND ('%' = '%' or A.insr_year = '%')
  AND ('%' = '%' or A.status_cd = '%')
  AND ((A.user_nm like CONCAT('%', '', '%')) OR a.cbr_data like CONCAT('%', '', '%') )
  ORDER  BY A.created_at DESC 
  
2024-02-18 20:44:56 [debug] : ROWS : 
2024-02-18 20:44:56 [debug] : 1---------------------------------E query


2024-02-18 20:44:56 [info] : ::1 - - [18/Feb/2024:11:44:56 +0000] "POST /ADM/PAT/gets HTTP/1.1" 200 246601 "http://localhost:4000/" "Mozilla/5.0 (Windows NT 10.0; Win64; x64) AppleWebKit/537.36 (KHTML, like Gecko) Chrome/121.0.0.0 Safari/537.36"

2024-02-18 20:44:57 [info] : {
   "insurance_uuid": "617b632a5ff442928bea44b1ef1743b4"
}
2024-02-18 20:44:57 [debug] : ---------------------------------S query
2024-02-18 20:44:57 [debug] : SQL : SELECT A.*
  ,FN_GET_CODENM('COM030', A.status_cd) AS status_nm
  ,FN_GET_CODENM('ADV001', A.corp_region_cd) AS corp_region_nm
  ,FN_GET_SPLIT(A.corp_telno, '-', 1) as corp_telno1
  ,FN_GET_SPLIT(A.corp_telno, '-', 2) as corp_telno2
  ,FN_GET_SPLIT(A.corp_telno, '-', 3) as corp_telno3
  ,FN_GET_SPLIT(A.corp_faxno, '-', 1) as corp_faxno1
  ,FN_GET_SPLIT(A.corp_faxno, '-', 2) as corp_faxno2
  ,FN_GET_SPLIT(A.corp_faxno, '-', 3) as corp_faxno3
  ,B.insr_st_dt as base_insr_st_dt
  ,B.insr_cncls_dt as base_insr_cncls_dt
  ,B.insurance_no
FROM   TPAT0030A A
    LEFT JOIN TCOM0030A B
ON A.insr_year = B.base_year 
AND A.user_cd = B.user_cd 
AND A.business_cd = B.business_cd
WHERE A.insurance_uuid = '617b632a5ff442928bea44b1ef1743b4'
    AND A.status_cd not in ('40') -- 이력제외
ORDER  BY A.insurance_uuid DESC
LIMIT  1

2024-02-18 20:44:57 [debug] : ROWS : 
2024-02-18 20:44:57 [debug] : 1---------------------------------E query


2024-02-18 20:44:57 [info] : ::1 - - [18/Feb/2024:11:44:57 +0000] "POST /ADM/PAT/get HTTP/1.1" 200 2264 "http://localhost:4000/" "Mozilla/5.0 (Windows NT 10.0; Win64; x64) AppleWebKit/537.36 (KHTML, like Gecko) Chrome/121.0.0.0 Safari/537.36"

2024-02-18 20:44:58 [info] : {
   "user_cd": "COR",
   "business_cd": "PAT"
}
2024-02-18 20:44:58 [debug] : ---------------------------------S query
2024-02-18 20:44:58 [debug] : SQL : SELECT base_year,
      ver,
      user_cd,
      business_cd,
      insr_st_dt,
      insr_cncls_dt,
      days,
      insurance_nm,
      contents,
      insurance_no
    FROM   tcom0030a
    WHERE  user_cd = 'COR'
        AND business_cd = 'PAT'
        AND use_yn = 'Y'
    ORDER  BY base_year DESC,
            ver DESC
    LIMIT  1  
    
2024-02-18 20:44:58 [debug] : ROWS : 
2024-02-18 20:44:58 [debug] : 1---------------------------------E query


2024-02-18 20:44:58 [info] : ::1 - - [18/Feb/2024:11:44:58 +0000] "POST /ADM/PAT/rate HTTP/1.1" 200 4351 "http://localhost:4000/" "Mozilla/5.0 (Windows NT 10.0; Win64; x64) AppleWebKit/537.36 (KHTML, like Gecko) Chrome/121.0.0.0 Safari/537.36"

2024-02-18 20:54:08 [info] : Server off
