2024-01-19 15:36:35 [debug] : {
   "method": "raw",
   "sql": "\n      /* UserMapper.SELECT_USER_HP_AUTH_USER_UUID_IND */  \n      SELECT user_cd\n      FROM tcom0110a\n      WHERE user_id = ?\n            AND business_cd = ?\n  ",
   "bindings": [
      "440-88-02198",
      "CAA"
   ],
   "options": {},
   "__knexQueryUid": "8V2PmXETD6rJgZlRLqFsU"
}
2024-01-19 15:36:35 [debug] : [
   {
      "user_cd": "COR"
   }
]
2024-01-19 15:36:35 [debug] : COR
2024-01-19 15:36:35 [info] : ::1 - - [19/Jan/2024:06:36:35 +0000] "POST /user/userCd HTTP/1.1" 200 55 "http://localhost:4000/" "Mozilla/5.0 (Windows NT 10.0; Win64; x64) AppleWebKit/537.36 (KHTML, like Gecko) Chrome/120.0.0.0 Safari/537.36"

2024-01-19 15:36:35 [debug] : ---------------------------------S query
2024-01-19 15:36:35 [debug] : SQL : SELECT business_cd, user_uuid, user_id, user_pwd, user_nm, user_cd, user_birth, user_regno, corp_cnno, status_cd, login_fail_cnt, login_block_yn FROM TCOM0110A WHERE business_cd = 'CAA' and user_cd = 'COR' and user_id = '440-88-02198' and (status_cd not in ('90') || status_cd is null)
2024-01-19 15:36:35 [debug] : ROWS : 
2024-01-19 15:36:35 [debug] : 1---------------------------------E query


2024-01-19 15:36:35 [error] : passport isAuth  : false
2024-01-19 15:36:35 [debug] : ---------------------------------S query
2024-01-19 15:36:35 [debug] : SQL : UPDATE TCOM0110A SET login_fail_cnt = login_fail_cnt + 1
                                            , login_block_yn = CASE WHEN login_fail_cnt >= 5 THEN 'Y' ELSE 'N' END
                         WHERE business_cd = 'CAA' and user_cd = 'COR' and user_id = '440-88-02198' and (status_cd not in ('90') || status_cd is null)
2024-01-19 15:36:35 [debug] : ROWS : 
2024-01-19 15:36:35 [debug] : 1---------------------------------E query


2024-01-19 15:36:35 [info] : ::1 - - [19/Jan/2024:06:36:35 +0000] "POST /auth/signin HTTP/1.1" 401 - "http://localhost:4000/" "Mozilla/5.0 (Windows NT 10.0; Win64; x64) AppleWebKit/537.36 (KHTML, like Gecko) Chrome/120.0.0.0 Safari/537.36"

2024-01-19 15:36:48 [debug] : ---------------------------------S query
2024-01-19 15:36:48 [debug] : SQL : SELECT business_cd, user_uuid, user_id, user_pwd, user_nm, user_cd, user_birth, user_regno, corp_cnno, status_cd, login_fail_cnt, login_block_yn FROM TCOM0110A WHERE business_cd = 'CAA' and user_cd = 'COR' and user_id = '440-88-02198' and (status_cd not in ('90') || status_cd is null)
2024-01-19 15:36:48 [debug] : ROWS : 
2024-01-19 15:36:48 [debug] : 1---------------------------------E query


2024-01-19 15:36:48 [error] : passport isAuth  : false
2024-01-19 15:36:48 [debug] : ---------------------------------S query
2024-01-19 15:36:48 [debug] : SQL : UPDATE TCOM0110A SET login_fail_cnt = login_fail_cnt + 1
                                            , login_block_yn = CASE WHEN login_fail_cnt >= 5 THEN 'Y' ELSE 'N' END
                         WHERE business_cd = 'CAA' and user_cd = 'COR' and user_id = '440-88-02198' and (status_cd not in ('90') || status_cd is null)
2024-01-19 15:36:48 [debug] : ROWS : 
2024-01-19 15:36:48 [debug] : 1---------------------------------E query


2024-01-19 15:36:48 [info] : ::1 - - [19/Jan/2024:06:36:48 +0000] "POST /auth/signin HTTP/1.1" 401 - "http://localhost:4000/" "Mozilla/5.0 (Windows NT 10.0; Win64; x64) AppleWebKit/537.36 (KHTML, like Gecko) Chrome/120.0.0.0 Safari/537.36"

2024-01-19 15:38:59 [debug] : ---------------------------------S query
2024-01-19 15:38:59 [debug] : SQL : SELECT business_cd, user_uuid, user_id, user_pwd, user_nm, user_cd, user_birth, user_regno, corp_cnno, status_cd, login_fail_cnt, login_block_yn FROM TCOM0110A WHERE business_cd = 'CAA' and user_cd = 'COR' and user_id = '211-09-87274' and (status_cd not in ('90') || status_cd is null)
2024-01-19 15:38:59 [debug] : ROWS : 
2024-01-19 15:38:59 [debug] : 1---------------------------------E query


2024-01-19 15:38:59 [error] : PASSPORT localVerify Error :  Cannot read properties of undefined (reading 'user_pwd')
2024-01-19 15:38:59 [error] : >> 
2024-01-19 15:38:59 [info] : ::1 - - [19/Jan/2024:06:38:59 +0000] "POST /auth/signin HTTP/1.1" 500 86 "http://localhost:4000/" "Mozilla/5.0 (Windows NT 10.0; Win64; x64) AppleWebKit/537.36 (KHTML, like Gecko) Chrome/120.0.0.0 Safari/537.36"

2024-01-19 15:39:27 [debug] : ---------------------------------S query
2024-01-19 15:39:27 [debug] : SQL : SELECT business_cd, user_uuid, user_id, user_pwd, user_nm, user_cd, user_birth, user_regno, corp_cnno, status_cd, login_fail_cnt, login_block_yn FROM TCOM0110A WHERE business_cd = 'CAA' and user_cd = 'COR' and user_id = '211-09-87274' and (status_cd not in ('90') || status_cd is null)
2024-01-19 15:39:27 [debug] : ROWS : 
2024-01-19 15:39:27 [debug] : 1---------------------------------E query


2024-01-19 15:39:27 [error] : PASSPORT localVerify Error :  Cannot read properties of undefined (reading 'user_pwd')
2024-01-19 15:39:27 [error] : >> 
2024-01-19 15:39:27 [info] : ::1 - - [19/Jan/2024:06:39:27 +0000] "POST /auth/signin HTTP/1.1" 500 86 "http://localhost:4000/" "Mozilla/5.0 (Windows NT 10.0; Win64; x64) AppleWebKit/537.36 (KHTML, like Gecko) Chrome/120.0.0.0 Safari/537.36"

2024-01-19 15:41:45 [info] : Server off
2024-01-19 15:41:52 [info] : Server on port 3000 | run
2024-01-19 15:42:01 [debug] : ---------------------------------S query
2024-01-19 15:42:01 [debug] : SQL : SELECT business_cd, user_uuid, user_id, user_pwd, user_nm, user_cd, user_birth, user_regno, corp_cnno, status_cd, login_fail_cnt, login_block_yn FROM TCOM0110A WHERE business_cd = 'CAA' and user_cd = 'COR' and user_id = '211-09-87274' and (status_cd not in ('90') || status_cd is null)
2024-01-19 15:42:01 [debug] : ROWS : 
2024-01-19 15:42:01 [debug] : 1---------------------------------E query


2024-01-19 15:42:01 [error] : PASSPORT localVerify Error :  Cannot read properties of undefined (reading 'user_pwd')
2024-01-19 15:42:01 [error] : >> 
2024-01-19 15:42:01 [info] : ::1 - - [19/Jan/2024:06:42:01 +0000] "POST /auth/signin HTTP/1.1" 500 86 "http://localhost:4000/" "Mozilla/5.0 (Windows NT 10.0; Win64; x64) AppleWebKit/537.36 (KHTML, like Gecko) Chrome/120.0.0.0 Safari/537.36"

2024-01-19 15:42:18 [debug] : ---------------------------------S query
2024-01-19 15:42:18 [debug] : SQL : SELECT business_cd, user_uuid, user_id, user_pwd, user_nm, user_cd, user_birth, user_regno, corp_cnno, status_cd, login_fail_cnt, login_block_yn FROM TCOM0110A WHERE business_cd = 'ADM' and user_cd = 'IND' and user_id = 'shyoon' and (status_cd not in ('90') || status_cd is null)
2024-01-19 15:42:18 [debug] : ROWS : 
2024-01-19 15:42:18 [debug] : 1---------------------------------E query


2024-01-19 15:42:18 [error] : passport isAuth  : true
2024-01-19 15:42:18 [debug] : ---------------------------------S query
2024-01-19 15:42:18 [debug] : SQL : UPDATE TCOM0110A SET login_fail_cnt = 0
                                            , login_block_yn = 'N'
                         WHERE business_cd = 'ADM' and user_cd = 'IND' and user_id = 'shyoon' and (status_cd not in ('90') || status_cd is null)
2024-01-19 15:42:18 [debug] : ROWS : 
2024-01-19 15:42:18 [debug] : 1---------------------------------E query


2024-01-19 15:42:18 [debug] : {
   "business_cd": "ADM",
   "user_uuid": "8cd7e11d53a441169f638f18b0aac030",
   "user_id": "shyoon",
   "user_pwd": "$2y$10$7T05VfasZaCOTkCziK5JoekC.9UQ433IsW3KiDay0Wm2a3wHx/rQi",
   "user_nm": "윤수현",
   "user_cd": "IND",
   "user_birth": null,
   "user_regno": null,
   "corp_cnno": null,
   "status_cd": "30",
   "login_fail_cnt": 0,
   "login_block_yn": "N"
}
2024-01-19 15:42:18 [info] : ::1 - - [19/Jan/2024:06:42:18 +0000] "POST /auth/signin HTTP/1.1" 200 555 "http://localhost:4000/" "Mozilla/5.0 (Windows NT 10.0; Win64; x64) AppleWebKit/537.36 (KHTML, like Gecko) Chrome/120.0.0.0 Safari/537.36"

2024-01-19 15:42:55 [debug] : {
   "method": "raw",
   "sql": "\n      /* UserMapper.SELECT_USER_HP_AUTH_USER_UUID_IND */  \n      SELECT user_cd\n      FROM tcom0110a\n      WHERE user_id = ?\n            AND business_cd = ?\n  ",
   "bindings": [
      "211-09-87274",
      "CAA"
   ],
   "options": {},
   "__knexQueryUid": "0FmEman8MEzKXKz5IlLIB"
}
2024-01-19 15:42:55 [debug] : [
   {
      "user_cd": "JNT"
   }
]
2024-01-19 15:42:55 [debug] : JNT
2024-01-19 15:42:55 [info] : ::1 - - [19/Jan/2024:06:42:55 +0000] "POST /user/userCd HTTP/1.1" 200 55 "http://localhost:4000/" "Mozilla/5.0 (Windows NT 10.0; Win64; x64) AppleWebKit/537.36 (KHTML, like Gecko) Chrome/120.0.0.0 Safari/537.36"

2024-01-19 15:42:55 [debug] : ---------------------------------S query
2024-01-19 15:42:55 [debug] : SQL : SELECT business_cd, user_uuid, user_id, user_pwd, user_nm, user_cd, user_birth, user_regno, corp_cnno, status_cd, login_fail_cnt, login_block_yn FROM TCOM0110A WHERE business_cd = 'CAA' and user_cd = 'JNT' and user_id = '211-09-87274' and (status_cd not in ('90') || status_cd is null)
2024-01-19 15:42:55 [debug] : ROWS : 
2024-01-19 15:42:55 [debug] : 1---------------------------------E query


2024-01-19 15:42:55 [error] : passport isAuth  : true
2024-01-19 15:42:55 [debug] : ---------------------------------S query
2024-01-19 15:42:55 [debug] : SQL : UPDATE TCOM0110A SET login_fail_cnt = 0
                                            , login_block_yn = 'N'
                         WHERE business_cd = 'CAA' and user_cd = 'JNT' and user_id = '211-09-87274' and (status_cd not in ('90') || status_cd is null)
2024-01-19 15:42:55 [debug] : ROWS : 
2024-01-19 15:42:55 [debug] : 1---------------------------------E query


2024-01-19 15:42:55 [debug] : {
   "business_cd": "CAA",
   "user_uuid": "3f57f76359b04f8085d273a6cc7c79f0",
   "user_id": "211-09-87274",
   "user_pwd": "$2y$10$7T05VfasZaCOTkCziK5JoekC.9UQ433IsW3KiDay0Wm2a3wHx/rQi",
   "user_nm": "위더스합동사무소",
   "user_cd": "JNT",
   "user_birth": null,
   "user_regno": null,
   "corp_cnno": "211-09-87274",
   "status_cd": "30",
   "login_fail_cnt": 0,
   "login_block_yn": "N"
}
2024-01-19 15:42:55 [debug] : {
   "method": "raw",
   "sql": "\n      /* TTAX0030AMapper.UPDATE_INSURANCE_MAPPING_WITH_LOGIN_INFO */  \n      UPDATE ttax0030a\n      SET\n          user_id = ?,\n          user_uuid = ?,\n          updated_at = NOW(),\n          updated_id = ?,\n          updated_ip = ?\n      WHERE\n          business_cd = ?\n          AND user_cd = ?\n          AND (\n              (\n                  'IND' = ?\n                  AND user_nm = ?\n                  AND user_birth = ?\n                  AND user_regno = ?\n              )\n              OR (\n                  'COR' = ?\n                  AND corp_cnno = ?\n              )\n          )\n    ",
   "bindings": [
      "211-09-87274",
      "3f57f76359b04f8085d273a6cc7c79f0",
      "211-09-87274",
      "",
      "CAA",
      "JNT",
      "JNT",
      "위더스합동사무소",
      null,
      null,
      "JNT",
      "211-09-87274"
   ],
   "options": {},
   "__knexQueryUid": "N-PxygneSa-ONpNmlQ9QO"
}
2024-01-19 15:42:55 [info] : ::1 - - [19/Jan/2024:06:42:55 +0000] "POST /auth/signin HTTP/1.1" 200 576 "http://localhost:4000/" "Mozilla/5.0 (Windows NT 10.0; Win64; x64) AppleWebKit/537.36 (KHTML, like Gecko) Chrome/120.0.0.0 Safari/537.36"

2024-01-19 15:42:56 [debug] : ---------------------------------S query
2024-01-19 15:42:56 [debug] : SQL : SELECT business_cd, board_id, board_no, title, content, DATE_FORMAT(created_at, "%Y-%m-%d") as created_at, false as open_popup  FROM TCOM0050A WHERE business_cd = 'CAA' AND board_id = "notice" AND del_yn = "N" and popup_yn = "Y" ORDER BY board_no DESC
2024-01-19 15:42:56 [debug] : ROWS : 
2024-01-19 15:42:56 [debug] : 1---------------------------------E query


2024-01-19 15:42:56 [info] : ::1 - - [19/Jan/2024:06:42:56 +0000] "POST /board/popup HTTP/1.1" 200 1741 "http://localhost:4000/" "Mozilla/5.0 (Windows NT 10.0; Win64; x64) AppleWebKit/537.36 (KHTML, like Gecko) Chrome/120.0.0.0 Safari/537.36"

2024-01-19 15:42:57 [debug] : ---------------------------------S query
2024-01-19 15:42:57 [debug] : SQL : SELECT * from tcom0110a where user_uuid = '3f57f76359b04f8085d273a6cc7c79f0'
2024-01-19 15:42:57 [debug] : ROWS : 
2024-01-19 15:42:57 [debug] : 1---------------------------------E query


2024-01-19 15:42:57 [debug] : ---------------------------------S query
2024-01-19 15:42:57 [debug] : SQL : SELECT insurance_uuid, user_uuid, insurance_no, user_nm, user_cd 
                   , insr_year, insr_st_dt, insr_cncls_dt
                   , insr_tot_amt, status_cd, cbr_cnt, cbr_data, cons_data
                   , FN_GET_CODENM('COM030', status_cd) AS status_nm
                     FROM TCAA0030A
                    WHERE user_nm = '위더스합동사무소' and corp_cnno = '211-09-87274'
                    order by insr_year desc
2024-01-19 15:42:57 [debug] : ROWS : 
2024-01-19 15:42:57 [debug] : 1---------------------------------E query


2024-01-19 15:42:57 [debug] : ---------------------------------S query
2024-01-19 15:42:57 [debug] : SQL : 
      select
          CASE
            WHEN COUNT(a.insurance_uuid) >= 1 THEN 'N'
            ELSE 'Y'
          END AS data
      from
        tcaa0030a a
      where
        (a.user_uuid = '3f57f76359b04f8085d273a6cc7c79f0'
        OR (JSON_CONTAINS(JSON_EXTRACT(a.cbr_data, '$[*].cbr_nm'), JSON_ARRAY('위더스합동사무소'))
                   AND JSON_CONTAINS(JSON_EXTRACT(a.cbr_data, '$[*].cbr_brdt'), JSON_ARRAY(''))
                   AND JSON_CONTAINS(JSON_EXTRACT(a.cbr_data, '$[*].cbr_regno'), JSON_ARRAY(''))))
        and a.status_cd not in ('20', '40') -- 해지, 기간종료
        and a.insr_year in (
            select
              max(C.base_year)
            from
              TCOM0030A C,
              tcom0110a D
            where
              C.user_cd = D.user_cd
              and C.business_cd = D.business_cd
              and C.use_yn = 'Y'
              and D.user_uuid = '3f57f76359b04f8085d273a6cc7c79f0'
            order by
              C.base_year desc,
              C.ver desc
           
        )
    
2024-01-19 15:42:57 [debug] : ROWS : 
2024-01-19 15:42:57 [debug] : 1---------------------------------E query


2024-01-19 15:42:57 [debug] : ---------------------------------S query
2024-01-19 15:42:57 [debug] : SQL : 
      select
        A.insurance_uuid as data, A.insr_year
      from
        tcaa0031a A,
        tcom0110a B
      where
        A.business_cd = B.business_cd
        and (
                (A.user_cd = 'IND' AND A.USER_NM = B.USER_NM and A.user_birth = B.user_birth and a.user_regno  = b.user_regno)
             or ((A.user_cd = 'JNT' or A.user_cd = 'COR') AND A.corp_cnno = B.corp_cnno )
             or ((A.user_cd = 'JNT' or A.user_cd = 'COR') AND JSON_CONTAINS(JSON_EXTRACT(a.cbr_data, '$[*].cbr_nm'), JSON_ARRAY(B.USER_NM))
             AND JSON_CONTAINS(JSON_EXTRACT(A.cbr_data, '$[*].cbr_brdt'), JSON_ARRAY(B.user_birth))
             AND JSON_CONTAINS(JSON_EXTRACT(A.cbr_data, '$[*].cbr_regno'), JSON_ARRAY(b.user_regno)))
            )
        and B.user_uuid = '3f57f76359b04f8085d273a6cc7c79f0'
        and a.insr_year in (
            select
              max(C.base_year)
            from
              TCOM0030A C,
              tcom0110a D
            where
              C.user_cd = D.user_cd
              and C.business_cd = D.business_cd
              and C.use_yn = 'Y'
              and D.user_uuid = '3f57f76359b04f8085d273a6cc7c79f0'
            order by
              C.base_year desc,
              C.ver desc
           
        ) limit 1;
    
2024-01-19 15:42:57 [debug] : ROWS : 
2024-01-19 15:42:57 [debug] : 1---------------------------------E query


2024-01-19 15:42:57 [info] : ::1 - - [19/Jan/2024:06:42:57 +0000] "POST /CAA/CAA0030A HTTP/1.1" 200 1315 "http://localhost:4000/" "Mozilla/5.0 (Windows NT 10.0; Win64; x64) AppleWebKit/537.36 (KHTML, like Gecko) Chrome/120.0.0.0 Safari/537.36"

2024-01-19 15:52:07 [debug] : ---------------------------------S query
2024-01-19 15:52:07 [debug] : SQL : SELECT grp_cd, dtl_cd as value, dtl_nm as title, description as rmk FROM TCOM0011A
2024-01-19 15:52:07 [debug] : ROWS : 
2024-01-19 15:52:07 [debug] : 1---------------------------------E query


2024-01-19 15:52:07 [info] : ::1 - - [19/Jan/2024:06:52:07 +0000] "POST /COMMON/code/all HTTP/1.1" 200 10196 "http://localhost:4000/" "Mozilla/5.0 (Windows NT 10.0; Win64; x64) AppleWebKit/537.36 (KHTML, like Gecko) Chrome/120.0.0.0 Safari/537.36"

2024-01-19 15:52:07 [debug] : ---------------------------------S query
2024-01-19 15:52:07 [debug] : SQL : SELECT grp_cd, dtl_cd as value, dtl_nm as title, description as rmk FROM TCOM0011A
2024-01-19 15:52:07 [debug] : ROWS : 
2024-01-19 15:52:07 [debug] : 1---------------------------------E query


2024-01-19 15:52:07 [info] : ::1 - - [19/Jan/2024:06:52:07 +0000] "POST /COMMON/code/all HTTP/1.1" 200 10196 "http://localhost:4000/" "Mozilla/5.0 (Windows NT 10.0; Win64; x64) AppleWebKit/537.36 (KHTML, like Gecko) Chrome/120.0.0.0 Safari/537.36"

2024-01-19 15:52:07 [debug] : ---------------------------------S query
2024-01-19 15:52:07 [debug] : SQL : 
      SELECT A.*
            ,B.insr_st_dt as base_insr_st_dt
            ,B.insr_cncls_dt as base_insr_cncls_dt
            ,B.insurance_no
      FROM   TCAA0030A A
      			LEFT JOIN TCOM0030A B
		    ON A.insr_year = B.base_year 
		    AND A.user_cd = B.user_cd 
		    AND A.business_cd = B.business_cd
      WHERE A.insurance_uuid = 'bc907499ba9f23b5423e9bfa0d845d7e'
      ORDER  BY A.insurance_uuid DESC
      LIMIT  1 
2024-01-19 15:52:07 [debug] : ROWS : 
2024-01-19 15:52:07 [debug] : 1---------------------------------E query


2024-01-19 15:52:07 [info] : ::1 - - [19/Jan/2024:06:52:07 +0000] "POST /CAA/CAA0030A/get/history HTTP/1.1" 200 2574 "http://localhost:4000/" "Mozilla/5.0 (Windows NT 10.0; Win64; x64) AppleWebKit/537.36 (KHTML, like Gecko) Chrome/120.0.0.0 Safari/537.36"

2024-01-19 15:52:48 [debug] : ---------------------------------S query
2024-01-19 15:52:48 [debug] : SQL : SELECT business_cd, board_id, board_no, title, content, DATE_FORMAT(created_at, "%Y-%m-%d") as created_at, false as open_popup  FROM TCOM0050A WHERE business_cd = 'CAA' AND board_id = "notice" AND del_yn = "N" and popup_yn = "Y" ORDER BY board_no DESC
2024-01-19 15:52:48 [debug] : ROWS : 
2024-01-19 15:52:48 [debug] : 1---------------------------------E query


2024-01-19 15:52:48 [info] : ::1 - - [19/Jan/2024:06:52:48 +0000] "POST /board/popup HTTP/1.1" 200 1741 "http://localhost:4000/" "Mozilla/5.0 (Windows NT 10.0; Win64; x64) AppleWebKit/537.36 (KHTML, like Gecko) Chrome/120.0.0.0 Safari/537.36"

2024-01-19 15:52:48 [debug] : ---------------------------------S query
2024-01-19 15:52:48 [debug] : SQL : SELECT * from tcom0110a where user_uuid = '3f57f76359b04f8085d273a6cc7c79f0'
2024-01-19 15:52:48 [debug] : ROWS : 
2024-01-19 15:52:48 [debug] : 1---------------------------------E query


2024-01-19 15:52:48 [debug] : ---------------------------------S query
2024-01-19 15:52:48 [debug] : SQL : SELECT insurance_uuid, user_uuid, insurance_no, user_nm, user_cd 
                   , insr_year, insr_st_dt, insr_cncls_dt
                   , insr_tot_amt, status_cd, cbr_cnt, cbr_data, cons_data
                   , FN_GET_CODENM('COM030', status_cd) AS status_nm
                     FROM TCAA0030A
                    WHERE user_nm = '위더스합동사무소' and corp_cnno = '211-09-87274'
                    order by insr_year desc
2024-01-19 15:52:48 [debug] : ROWS : 
2024-01-19 15:52:48 [debug] : 1---------------------------------E query


2024-01-19 15:52:48 [debug] : ---------------------------------S query
2024-01-19 15:52:48 [debug] : SQL : 
      select
          CASE
            WHEN COUNT(a.insurance_uuid) >= 1 THEN 'N'
            ELSE 'Y'
          END AS data
      from
        tcaa0030a a
      where
        (a.user_uuid = '3f57f76359b04f8085d273a6cc7c79f0'
        OR (JSON_CONTAINS(JSON_EXTRACT(a.cbr_data, '$[*].cbr_nm'), JSON_ARRAY('위더스합동사무소'))
                   AND JSON_CONTAINS(JSON_EXTRACT(a.cbr_data, '$[*].cbr_brdt'), JSON_ARRAY(''))
                   AND JSON_CONTAINS(JSON_EXTRACT(a.cbr_data, '$[*].cbr_regno'), JSON_ARRAY(''))))
        and a.status_cd not in ('20', '40') -- 해지, 기간종료
        and a.insr_year in (
            select
              max(C.base_year)
            from
              TCOM0030A C,
              tcom0110a D
            where
              C.user_cd = D.user_cd
              and C.business_cd = D.business_cd
              and C.use_yn = 'Y'
              and D.user_uuid = '3f57f76359b04f8085d273a6cc7c79f0'
            order by
              C.base_year desc,
              C.ver desc
           
        )
    
2024-01-19 15:52:48 [debug] : ROWS : 
2024-01-19 15:52:48 [debug] : 1---------------------------------E query


2024-01-19 15:52:48 [debug] : ---------------------------------S query
2024-01-19 15:52:48 [debug] : SQL : 
      select
        A.insurance_uuid as data, A.insr_year
      from
        tcaa0031a A,
        tcom0110a B
      where
        A.business_cd = B.business_cd
        and (
                (A.user_cd = 'IND' AND A.USER_NM = B.USER_NM and A.user_birth = B.user_birth and a.user_regno  = b.user_regno)
             or ((A.user_cd = 'JNT' or A.user_cd = 'COR') AND A.corp_cnno = B.corp_cnno )
             or ((A.user_cd = 'JNT' or A.user_cd = 'COR') AND JSON_CONTAINS(JSON_EXTRACT(a.cbr_data, '$[*].cbr_nm'), JSON_ARRAY(B.USER_NM))
             AND JSON_CONTAINS(JSON_EXTRACT(A.cbr_data, '$[*].cbr_brdt'), JSON_ARRAY(B.user_birth))
             AND JSON_CONTAINS(JSON_EXTRACT(A.cbr_data, '$[*].cbr_regno'), JSON_ARRAY(b.user_regno)))
            )
        and B.user_uuid = '3f57f76359b04f8085d273a6cc7c79f0'
        and a.insr_year in (
            select
              max(C.base_year)
            from
              TCOM0030A C,
              tcom0110a D
            where
              C.user_cd = D.user_cd
              and C.business_cd = D.business_cd
              and C.use_yn = 'Y'
              and D.user_uuid = '3f57f76359b04f8085d273a6cc7c79f0'
            order by
              C.base_year desc,
              C.ver desc
           
        ) limit 1;
    
2024-01-19 15:52:48 [debug] : ROWS : 
2024-01-19 15:52:48 [debug] : 1---------------------------------E query


2024-01-19 15:52:48 [info] : ::1 - - [19/Jan/2024:06:52:48 +0000] "POST /CAA/CAA0030A HTTP/1.1" 200 1315 "http://localhost:4000/" "Mozilla/5.0 (Windows NT 10.0; Win64; x64) AppleWebKit/537.36 (KHTML, like Gecko) Chrome/120.0.0.0 Safari/537.36"

2024-01-19 15:53:22 [debug] : {
   "insurance_uuid": "bc907499ba9f23b5423e9bfa0d845d7e"
}
2024-01-19 15:53:22 [debug] : ---------------------------------S query
2024-01-19 15:53:22 [debug] : SQL : SELECT 
                      insurance_uuid, user_uuid, insurance_no, business_cd, user_cd, user_id, user_nm, user_birth,
                      user_regno, corp_type, corp_nm, corp_bnno, corp_cnno, corp_telno, corp_faxno,
                      corp_cust_nm, corp_cust_hpno, corp_cust_email, corp_post, corp_addr, corp_addr_dtl, corp_region_cd, 
                      insr_year, insr_reg_dt, insr_st_dt, insr_cncls_dt, insr_retr_yn, insr_retr_dt,
                      insr_pblc_brdn_rt, insr_clm_lt_amt, insr_year_clm_lt_amt, insr_psnl_brdn_amt,
                      insr_sale_rt, insr_pcnt_sale_rt,insr_base_amt, insr_amt, insr_tot_amt, cbr_cnt,
                      cbr_data, cons_join_yn, cons_data, spct_join_yn, spct_data, active_yn, agr10_yn,
                      agr20_yn, agr30_yn, agr31_yn, agr32_yn, agr33_yn, agr34_yn, agr40_yn, agr41_yn,
                      agr50_yn, status_cd, rmk, change_rmk, change_dt, created_id, created_ip, updated_id, updated_ip
                      , FN_GET_CODENM('COM030', status_cd) AS status_nm
                      , FN_GET_CODENM('ACC001', corp_region_cd) AS corp_region_nm
                    FROM TCAA0030A
                    WHERE insurance_uuid = 'bc907499ba9f23b5423e9bfa0d845d7e'
                    order by insurance_uuid
2024-01-19 15:53:22 [debug] : ROWS : 
2024-01-19 15:53:22 [debug] : 1---------------------------------E query


2024-01-19 15:53:22 [info] : ::1 - - [19/Jan/2024:06:53:22 +0000] "POST /CAA/CAA0030A/get HTTP/1.1" 200 2289 "http://localhost:4000/" "Mozilla/5.0 (Windows NT 10.0; Win64; x64) AppleWebKit/537.36 (KHTML, like Gecko) Chrome/120.0.0.0 Safari/537.36"

2024-01-19 15:53:41 [debug] : ---------------------------------S query
2024-01-19 15:53:41 [debug] : SQL : SELECT business_cd, board_id, board_no, title, content, DATE_FORMAT(created_at, "%Y-%m-%d") as created_at, false as open_popup  FROM TCOM0050A WHERE business_cd = 'CAA' AND board_id = "notice" AND del_yn = "N" and popup_yn = "Y" ORDER BY board_no DESC
2024-01-19 15:53:41 [debug] : ROWS : 
2024-01-19 15:53:41 [debug] : 1---------------------------------E query


2024-01-19 15:53:41 [info] : ::1 - - [19/Jan/2024:06:53:41 +0000] "POST /board/popup HTTP/1.1" 200 1741 "http://localhost:4000/" "Mozilla/5.0 (Windows NT 10.0; Win64; x64) AppleWebKit/537.36 (KHTML, like Gecko) Chrome/120.0.0.0 Safari/537.36"

2024-01-19 15:53:41 [debug] : ---------------------------------S query
2024-01-19 15:53:41 [debug] : SQL : SELECT * from tcom0110a where user_uuid = '3f57f76359b04f8085d273a6cc7c79f0'
2024-01-19 15:53:41 [debug] : ROWS : 
2024-01-19 15:53:41 [debug] : 1---------------------------------E query


2024-01-19 15:53:41 [debug] : ---------------------------------S query
2024-01-19 15:53:41 [debug] : SQL : SELECT insurance_uuid, user_uuid, insurance_no, user_nm, user_cd 
                   , insr_year, insr_st_dt, insr_cncls_dt
                   , insr_tot_amt, status_cd, cbr_cnt, cbr_data, cons_data
                   , FN_GET_CODENM('COM030', status_cd) AS status_nm
                     FROM TCAA0030A
                    WHERE user_nm = '위더스합동사무소' and corp_cnno = '211-09-87274'
                    order by insr_year desc
2024-01-19 15:53:41 [debug] : ROWS : 
2024-01-19 15:53:41 [debug] : 1---------------------------------E query


2024-01-19 15:53:41 [debug] : ---------------------------------S query
2024-01-19 15:53:41 [debug] : SQL : 
      select
          CASE
            WHEN COUNT(a.insurance_uuid) >= 1 THEN 'N'
            ELSE 'Y'
          END AS data
      from
        tcaa0030a a
      where
        (a.user_uuid = '3f57f76359b04f8085d273a6cc7c79f0'
        OR (JSON_CONTAINS(JSON_EXTRACT(a.cbr_data, '$[*].cbr_nm'), JSON_ARRAY('위더스합동사무소'))
                   AND JSON_CONTAINS(JSON_EXTRACT(a.cbr_data, '$[*].cbr_brdt'), JSON_ARRAY(''))
                   AND JSON_CONTAINS(JSON_EXTRACT(a.cbr_data, '$[*].cbr_regno'), JSON_ARRAY(''))))
        and a.status_cd not in ('20', '40') -- 해지, 기간종료
        and a.insr_year in (
            select
              max(C.base_year)
            from
              TCOM0030A C,
              tcom0110a D
            where
              C.user_cd = D.user_cd
              and C.business_cd = D.business_cd
              and C.use_yn = 'Y'
              and D.user_uuid = '3f57f76359b04f8085d273a6cc7c79f0'
            order by
              C.base_year desc,
              C.ver desc
           
        )
    
2024-01-19 15:53:41 [debug] : ROWS : 
2024-01-19 15:53:41 [debug] : 1---------------------------------E query


2024-01-19 15:53:41 [debug] : ---------------------------------S query
2024-01-19 15:53:41 [debug] : SQL : 
      select
        A.insurance_uuid as data, A.insr_year
      from
        tcaa0031a A,
        tcom0110a B
      where
        A.business_cd = B.business_cd
        and (
                (A.user_cd = 'IND' AND A.USER_NM = B.USER_NM and A.user_birth = B.user_birth and a.user_regno  = b.user_regno)
             or ((A.user_cd = 'JNT' or A.user_cd = 'COR') AND A.corp_cnno = B.corp_cnno )
             or ((A.user_cd = 'JNT' or A.user_cd = 'COR') AND JSON_CONTAINS(JSON_EXTRACT(a.cbr_data, '$[*].cbr_nm'), JSON_ARRAY(B.USER_NM))
             AND JSON_CONTAINS(JSON_EXTRACT(A.cbr_data, '$[*].cbr_brdt'), JSON_ARRAY(B.user_birth))
             AND JSON_CONTAINS(JSON_EXTRACT(A.cbr_data, '$[*].cbr_regno'), JSON_ARRAY(b.user_regno)))
            )
        and B.user_uuid = '3f57f76359b04f8085d273a6cc7c79f0'
        and a.insr_year in (
            select
              max(C.base_year)
            from
              TCOM0030A C,
              tcom0110a D
            where
              C.user_cd = D.user_cd
              and C.business_cd = D.business_cd
              and C.use_yn = 'Y'
              and D.user_uuid = '3f57f76359b04f8085d273a6cc7c79f0'
            order by
              C.base_year desc,
              C.ver desc
           
        ) limit 1;
    
2024-01-19 15:53:41 [debug] : ROWS : 
2024-01-19 15:53:41 [debug] : 1---------------------------------E query


2024-01-19 15:53:41 [info] : ::1 - - [19/Jan/2024:06:53:41 +0000] "POST /CAA/CAA0030A HTTP/1.1" 200 1315 "http://localhost:4000/" "Mozilla/5.0 (Windows NT 10.0; Win64; x64) AppleWebKit/537.36 (KHTML, like Gecko) Chrome/120.0.0.0 Safari/537.36"

2024-01-19 15:53:47 [debug] : {
   "insurance_uuid": "bc907499ba9f23b5423e9bfa0d845d7e"
}
2024-01-19 15:53:47 [debug] : ---------------------------------S query
2024-01-19 15:53:47 [debug] : SQL : SELECT 
                      insurance_uuid, user_uuid, insurance_no, business_cd, user_cd, user_id, user_nm, user_birth,
                      user_regno, corp_type, corp_nm, corp_bnno, corp_cnno, corp_telno, corp_faxno,
                      corp_cust_nm, corp_cust_hpno, corp_cust_email, corp_post, corp_addr, corp_addr_dtl, corp_region_cd, 
                      insr_year, insr_reg_dt, insr_st_dt, insr_cncls_dt, insr_retr_yn, insr_retr_dt,
                      insr_pblc_brdn_rt, insr_clm_lt_amt, insr_year_clm_lt_amt, insr_psnl_brdn_amt,
                      insr_sale_rt, insr_pcnt_sale_rt,insr_base_amt, insr_amt, insr_tot_amt, cbr_cnt,
                      cbr_data, cons_join_yn, cons_data, spct_join_yn, spct_data, active_yn, agr10_yn,
                      agr20_yn, agr30_yn, agr31_yn, agr32_yn, agr33_yn, agr34_yn, agr40_yn, agr41_yn,
                      agr50_yn, status_cd, rmk, change_rmk, change_dt, created_id, created_ip, updated_id, updated_ip
                      , FN_GET_CODENM('COM030', status_cd) AS status_nm
                      , FN_GET_CODENM('ACC001', corp_region_cd) AS corp_region_nm
                    FROM TCAA0030A
                    WHERE insurance_uuid = 'bc907499ba9f23b5423e9bfa0d845d7e'
                    order by insurance_uuid
2024-01-19 15:53:47 [debug] : ROWS : 
2024-01-19 15:53:47 [debug] : 1---------------------------------E query


2024-01-19 15:53:47 [info] : ::1 - - [19/Jan/2024:06:53:47 +0000] "POST /CAA/CAA0030A/get HTTP/1.1" 200 2289 "http://localhost:4000/" "Mozilla/5.0 (Windows NT 10.0; Win64; x64) AppleWebKit/537.36 (KHTML, like Gecko) Chrome/120.0.0.0 Safari/537.36"

2024-01-19 15:53:49 [debug] : ---------------------------------S query
2024-01-19 15:53:49 [debug] : SQL : SELECT business_cd, board_id, board_no, title, content, DATE_FORMAT(created_at, "%Y-%m-%d") as created_at, false as open_popup  FROM TCOM0050A WHERE business_cd = 'CAA' AND board_id = "notice" AND del_yn = "N" and popup_yn = "Y" ORDER BY board_no DESC
2024-01-19 15:53:49 [debug] : ROWS : 
2024-01-19 15:53:49 [debug] : 1---------------------------------E query


2024-01-19 15:53:49 [info] : ::1 - - [19/Jan/2024:06:53:49 +0000] "POST /board/popup HTTP/1.1" 200 1741 "http://localhost:4000/" "Mozilla/5.0 (Windows NT 10.0; Win64; x64) AppleWebKit/537.36 (KHTML, like Gecko) Chrome/120.0.0.0 Safari/537.36"

2024-01-19 15:53:49 [debug] : ---------------------------------S query
2024-01-19 15:53:49 [debug] : SQL : SELECT * from tcom0110a where user_uuid = '3f57f76359b04f8085d273a6cc7c79f0'
2024-01-19 15:53:49 [debug] : ROWS : 
2024-01-19 15:53:49 [debug] : 1---------------------------------E query


2024-01-19 15:53:49 [debug] : ---------------------------------S query
2024-01-19 15:53:49 [debug] : SQL : SELECT insurance_uuid, user_uuid, insurance_no, user_nm, user_cd 
                   , insr_year, insr_st_dt, insr_cncls_dt
                   , insr_tot_amt, status_cd, cbr_cnt, cbr_data, cons_data
                   , FN_GET_CODENM('COM030', status_cd) AS status_nm
                     FROM TCAA0030A
                    WHERE user_nm = '위더스합동사무소' and corp_cnno = '211-09-87274'
                    order by insr_year desc
2024-01-19 15:53:49 [debug] : ROWS : 
2024-01-19 15:53:49 [debug] : 1---------------------------------E query


2024-01-19 15:53:49 [debug] : ---------------------------------S query
2024-01-19 15:53:49 [debug] : SQL : 
      select
          CASE
            WHEN COUNT(a.insurance_uuid) >= 1 THEN 'N'
            ELSE 'Y'
          END AS data
      from
        tcaa0030a a
      where
        (a.user_uuid = '3f57f76359b04f8085d273a6cc7c79f0'
        OR (JSON_CONTAINS(JSON_EXTRACT(a.cbr_data, '$[*].cbr_nm'), JSON_ARRAY('위더스합동사무소'))
                   AND JSON_CONTAINS(JSON_EXTRACT(a.cbr_data, '$[*].cbr_brdt'), JSON_ARRAY(''))
                   AND JSON_CONTAINS(JSON_EXTRACT(a.cbr_data, '$[*].cbr_regno'), JSON_ARRAY(''))))
        and a.status_cd not in ('20', '40') -- 해지, 기간종료
        and a.insr_year in (
            select
              max(C.base_year)
            from
              TCOM0030A C,
              tcom0110a D
            where
              C.user_cd = D.user_cd
              and C.business_cd = D.business_cd
              and C.use_yn = 'Y'
              and D.user_uuid = '3f57f76359b04f8085d273a6cc7c79f0'
            order by
              C.base_year desc,
              C.ver desc
           
        )
    
2024-01-19 15:53:49 [debug] : ROWS : 
2024-01-19 15:53:49 [debug] : 1---------------------------------E query


2024-01-19 15:53:49 [debug] : ---------------------------------S query
2024-01-19 15:53:49 [debug] : SQL : 
      select
        A.insurance_uuid as data, A.insr_year
      from
        tcaa0031a A,
        tcom0110a B
      where
        A.business_cd = B.business_cd
        and (
                (A.user_cd = 'IND' AND A.USER_NM = B.USER_NM and A.user_birth = B.user_birth and a.user_regno  = b.user_regno)
             or ((A.user_cd = 'JNT' or A.user_cd = 'COR') AND A.corp_cnno = B.corp_cnno )
             or ((A.user_cd = 'JNT' or A.user_cd = 'COR') AND JSON_CONTAINS(JSON_EXTRACT(a.cbr_data, '$[*].cbr_nm'), JSON_ARRAY(B.USER_NM))
             AND JSON_CONTAINS(JSON_EXTRACT(A.cbr_data, '$[*].cbr_brdt'), JSON_ARRAY(B.user_birth))
             AND JSON_CONTAINS(JSON_EXTRACT(A.cbr_data, '$[*].cbr_regno'), JSON_ARRAY(b.user_regno)))
            )
        and B.user_uuid = '3f57f76359b04f8085d273a6cc7c79f0'
        and a.insr_year in (
            select
              max(C.base_year)
            from
              TCOM0030A C,
              tcom0110a D
            where
              C.user_cd = D.user_cd
              and C.business_cd = D.business_cd
              and C.use_yn = 'Y'
              and D.user_uuid = '3f57f76359b04f8085d273a6cc7c79f0'
            order by
              C.base_year desc,
              C.ver desc
           
        ) limit 1;
    
2024-01-19 15:53:49 [debug] : ROWS : 
2024-01-19 15:53:49 [debug] : 1---------------------------------E query


2024-01-19 15:53:49 [info] : ::1 - - [19/Jan/2024:06:53:49 +0000] "POST /CAA/CAA0030A HTTP/1.1" 200 1315 "http://localhost:4000/" "Mozilla/5.0 (Windows NT 10.0; Win64; x64) AppleWebKit/537.36 (KHTML, like Gecko) Chrome/120.0.0.0 Safari/537.36"

2024-01-19 15:55:06 [debug] : {
   "insurance_uuid": "bc907499ba9f23b5423e9bfa0d845d7e"
}
2024-01-19 15:55:06 [debug] : ---------------------------------S query
2024-01-19 15:55:06 [debug] : SQL : SELECT 
                      insurance_uuid, user_uuid, insurance_no, business_cd, user_cd, user_id, user_nm, user_birth,
                      user_regno, corp_type, corp_nm, corp_bnno, corp_cnno, corp_telno, corp_faxno,
                      corp_cust_nm, corp_cust_hpno, corp_cust_email, corp_post, corp_addr, corp_addr_dtl, corp_region_cd, 
                      insr_year, insr_reg_dt, insr_st_dt, insr_cncls_dt, insr_retr_yn, insr_retr_dt,
                      insr_pblc_brdn_rt, insr_clm_lt_amt, insr_year_clm_lt_amt, insr_psnl_brdn_amt,
                      insr_sale_rt, insr_pcnt_sale_rt,insr_base_amt, insr_amt, insr_tot_amt, cbr_cnt,
                      cbr_data, cons_join_yn, cons_data, spct_join_yn, spct_data, active_yn, agr10_yn,
                      agr20_yn, agr30_yn, agr31_yn, agr32_yn, agr33_yn, agr34_yn, agr40_yn, agr41_yn,
                      agr50_yn, status_cd, rmk, change_rmk, change_dt, created_id, created_ip, updated_id, updated_ip
                      , FN_GET_CODENM('COM030', status_cd) AS status_nm
                      , FN_GET_CODENM('ACC001', corp_region_cd) AS corp_region_nm
                    FROM TCAA0030A
                    WHERE insurance_uuid = 'bc907499ba9f23b5423e9bfa0d845d7e'
                    order by insurance_uuid
2024-01-19 15:55:06 [debug] : ROWS : 
2024-01-19 15:55:06 [debug] : 1---------------------------------E query


2024-01-19 15:55:06 [info] : ::1 - - [19/Jan/2024:06:55:06 +0000] "POST /CAA/CAA0030A/get HTTP/1.1" 200 2289 "http://localhost:4000/" "Mozilla/5.0 (Windows NT 10.0; Win64; x64) AppleWebKit/537.36 (KHTML, like Gecko) Chrome/120.0.0.0 Safari/537.36"

2024-01-19 15:55:12 [debug] : ---------------------------------S query
2024-01-19 15:55:12 [debug] : SQL : SELECT business_cd, board_id, board_no, title, content, DATE_FORMAT(created_at, "%Y-%m-%d") as created_at, false as open_popup  FROM TCOM0050A WHERE business_cd = 'CAA' AND board_id = "notice" AND del_yn = "N" and popup_yn = "Y" ORDER BY board_no DESC
2024-01-19 15:55:12 [debug] : ROWS : 
2024-01-19 15:55:12 [debug] : 1---------------------------------E query


2024-01-19 15:55:12 [info] : ::1 - - [19/Jan/2024:06:55:12 +0000] "POST /board/popup HTTP/1.1" 200 1741 "http://localhost:4000/" "Mozilla/5.0 (Windows NT 10.0; Win64; x64) AppleWebKit/537.36 (KHTML, like Gecko) Chrome/120.0.0.0 Safari/537.36"

2024-01-19 15:55:12 [debug] : ---------------------------------S query
2024-01-19 15:55:12 [debug] : SQL : SELECT * from tcom0110a where user_uuid = '3f57f76359b04f8085d273a6cc7c79f0'
2024-01-19 15:55:12 [debug] : ROWS : 
2024-01-19 15:55:12 [debug] : 1---------------------------------E query


2024-01-19 15:55:12 [debug] : ---------------------------------S query
2024-01-19 15:55:12 [debug] : SQL : SELECT insurance_uuid, user_uuid, insurance_no, user_nm, user_cd 
                   , insr_year, insr_st_dt, insr_cncls_dt
                   , insr_tot_amt, status_cd, cbr_cnt, cbr_data, cons_data
                   , FN_GET_CODENM('COM030', status_cd) AS status_nm
                     FROM TCAA0030A
                    WHERE user_nm = '위더스합동사무소' and corp_cnno = '211-09-87274'
                    order by insr_year desc
2024-01-19 15:55:12 [debug] : ROWS : 
2024-01-19 15:55:12 [debug] : 1---------------------------------E query


2024-01-19 15:55:12 [debug] : ---------------------------------S query
2024-01-19 15:55:12 [debug] : SQL : 
      select
          CASE
            WHEN COUNT(a.insurance_uuid) >= 1 THEN 'N'
            ELSE 'Y'
          END AS data
      from
        tcaa0030a a
      where
        (a.user_uuid = '3f57f76359b04f8085d273a6cc7c79f0'
        OR (JSON_CONTAINS(JSON_EXTRACT(a.cbr_data, '$[*].cbr_nm'), JSON_ARRAY('위더스합동사무소'))
                   AND JSON_CONTAINS(JSON_EXTRACT(a.cbr_data, '$[*].cbr_brdt'), JSON_ARRAY(''))
                   AND JSON_CONTAINS(JSON_EXTRACT(a.cbr_data, '$[*].cbr_regno'), JSON_ARRAY(''))))
        and a.status_cd not in ('20', '40') -- 해지, 기간종료
        and a.insr_year in (
            select
              max(C.base_year)
            from
              TCOM0030A C,
              tcom0110a D
            where
              C.user_cd = D.user_cd
              and C.business_cd = D.business_cd
              and C.use_yn = 'Y'
              and D.user_uuid = '3f57f76359b04f8085d273a6cc7c79f0'
            order by
              C.base_year desc,
              C.ver desc
           
        )
    
2024-01-19 15:55:12 [debug] : ROWS : 
2024-01-19 15:55:12 [debug] : 1---------------------------------E query


2024-01-19 15:55:12 [debug] : ---------------------------------S query
2024-01-19 15:55:12 [debug] : SQL : 
      select
        A.insurance_uuid as data, A.insr_year
      from
        tcaa0031a A,
        tcom0110a B
      where
        A.business_cd = B.business_cd
        and (
                (A.user_cd = 'IND' AND A.USER_NM = B.USER_NM and A.user_birth = B.user_birth and a.user_regno  = b.user_regno)
             or ((A.user_cd = 'JNT' or A.user_cd = 'COR') AND A.corp_cnno = B.corp_cnno )
             or ((A.user_cd = 'JNT' or A.user_cd = 'COR') AND JSON_CONTAINS(JSON_EXTRACT(a.cbr_data, '$[*].cbr_nm'), JSON_ARRAY(B.USER_NM))
             AND JSON_CONTAINS(JSON_EXTRACT(A.cbr_data, '$[*].cbr_brdt'), JSON_ARRAY(B.user_birth))
             AND JSON_CONTAINS(JSON_EXTRACT(A.cbr_data, '$[*].cbr_regno'), JSON_ARRAY(b.user_regno)))
            )
        and B.user_uuid = '3f57f76359b04f8085d273a6cc7c79f0'
        and a.insr_year in (
            select
              max(C.base_year)
            from
              TCOM0030A C,
              tcom0110a D
            where
              C.user_cd = D.user_cd
              and C.business_cd = D.business_cd
              and C.use_yn = 'Y'
              and D.user_uuid = '3f57f76359b04f8085d273a6cc7c79f0'
            order by
              C.base_year desc,
              C.ver desc
           
        ) limit 1;
    
2024-01-19 15:55:12 [debug] : ROWS : 
2024-01-19 15:55:12 [debug] : 1---------------------------------E query


2024-01-19 15:55:12 [info] : ::1 - - [19/Jan/2024:06:55:12 +0000] "POST /CAA/CAA0030A HTTP/1.1" 200 1315 "http://localhost:4000/" "Mozilla/5.0 (Windows NT 10.0; Win64; x64) AppleWebKit/537.36 (KHTML, like Gecko) Chrome/120.0.0.0 Safari/537.36"

2024-01-19 16:14:06 [debug] : ---------------------------------S query
2024-01-19 16:14:06 [debug] : SQL : SELECT business_cd, user_uuid, user_id, user_pwd, user_nm, user_cd, user_birth, user_regno, corp_cnno, status_cd, login_fail_cnt, login_block_yn FROM TCOM0110A WHERE business_cd = 'CAA' and user_cd = 'IND' and user_id = 'kirakira42' and (status_cd not in ('90') || status_cd is null)
2024-01-19 16:14:06 [debug] : ROWS : 
2024-01-19 16:14:06 [debug] : 1---------------------------------E query


2024-01-19 16:14:06 [error] : passport isAuth  : true
2024-01-19 16:14:06 [debug] : ---------------------------------S query
2024-01-19 16:14:06 [debug] : SQL : UPDATE TCOM0110A SET login_fail_cnt = 0
                                            , login_block_yn = 'N'
                         WHERE business_cd = 'CAA' and user_cd = 'IND' and user_id = 'kirakira42' and (status_cd not in ('90') || status_cd is null)
2024-01-19 16:14:06 [debug] : ROWS : 
2024-01-19 16:14:06 [debug] : 1---------------------------------E query


2024-01-19 16:14:06 [debug] : {
   "business_cd": "CAA",
   "user_uuid": "e4f40cb434ef471c825243e684047520",
   "user_id": "kirakira42",
   "user_pwd": "$2a$10$.cwRCoDHFoqnrr94o0i11eszQHZhIeEO5RHnp2M5FnZXnK0EVrJYe",
   "user_nm": "윤자영",
   "user_cd": "IND",
   "user_birth": "830402",
   "user_regno": "22222",
   "corp_cnno": "222-22-22222",
   "status_cd": "30",
   "login_fail_cnt": 0,
   "login_block_yn": "N"
}
2024-01-19 16:14:06 [info] : ::1 - - [19/Jan/2024:07:14:06 +0000] "POST /auth/signin HTTP/1.1" 200 559 "http://localhost:4000/" "Mozilla/5.0 (Windows NT 10.0; Win64; x64) AppleWebKit/537.36 (KHTML, like Gecko) Chrome/120.0.0.0 Safari/537.36"

2024-01-19 16:14:06 [debug] : {
   "method": "raw",
   "sql": "\n      /* TTAX0030AMapper.UPDATE_INSURANCE_MAPPING_WITH_LOGIN_INFO */  \n      UPDATE ttax0030a\n      SET\n          user_id = ?,\n          user_uuid = ?,\n          updated_at = NOW(),\n          updated_id = ?,\n          updated_ip = ?\n      WHERE\n          business_cd = ?\n          AND user_cd = ?\n          AND (\n              (\n                  'IND' = ?\n                  AND user_nm = ?\n                  AND user_birth = ?\n                  AND user_regno = ?\n              )\n              OR (\n                  'COR' = ?\n                  AND corp_cnno = ?\n              )\n          )\n    ",
   "bindings": [
      "kirakira42",
      "e4f40cb434ef471c825243e684047520",
      "kirakira42",
      "",
      "CAA",
      "IND",
      "IND",
      "윤자영",
      "830402",
      "22222",
      "IND",
      "222-22-22222"
   ],
   "options": {},
   "__knexQueryUid": "VDTsI0eLfJsL4dmJ50_jY"
}
2024-01-19 16:14:07 [debug] : ---------------------------------S query
2024-01-19 16:14:07 [debug] : SQL : SELECT business_cd, board_id, board_no, title, content, DATE_FORMAT(created_at, "%Y-%m-%d") as created_at, false as open_popup  FROM TCOM0050A WHERE business_cd = 'CAA' AND board_id = "notice" AND del_yn = "N" and popup_yn = "Y" ORDER BY board_no DESC
2024-01-19 16:14:07 [debug] : ROWS : 
2024-01-19 16:14:07 [debug] : 1---------------------------------E query


2024-01-19 16:14:07 [info] : ::1 - - [19/Jan/2024:07:14:07 +0000] "POST /board/popup HTTP/1.1" 200 1741 "http://localhost:4000/" "Mozilla/5.0 (Windows NT 10.0; Win64; x64) AppleWebKit/537.36 (KHTML, like Gecko) Chrome/120.0.0.0 Safari/537.36"

2024-01-19 16:14:07 [debug] : ---------------------------------S query
2024-01-19 16:14:07 [debug] : SQL : SELECT * from tcom0110a where user_uuid = 'e4f40cb434ef471c825243e684047520'
2024-01-19 16:14:07 [debug] : ROWS : 
2024-01-19 16:14:07 [debug] : 1---------------------------------E query


2024-01-19 16:14:08 [debug] : ---------------------------------S query
2024-01-19 16:14:08 [debug] : SQL : SELECT insurance_uuid, user_uuid, insurance_no, user_nm, user_cd 
                  , insr_year, insr_st_dt, insr_cncls_dt
                  , insr_tot_amt, status_cd, cbr_cnt, cbr_data
                  , FN_GET_CODENM('COM030', status_cd) AS status_nm
                    FROM TCAA0030A
                   WHERE (user_nm = '윤자영' and user_birth = '830402' and user_regno = '22222')
                   OR (JSON_CONTAINS(JSON_EXTRACT(cbr_data, '$[*].cbr_nm'), JSON_ARRAY('윤자영'))
                   AND JSON_CONTAINS(JSON_EXTRACT(cbr_data, '$[*].cbr_brdt'), JSON_ARRAY('830402'))
                   AND JSON_CONTAINS(JSON_EXTRACT(cbr_data, '$[*].cbr_regno'), JSON_ARRAY('22222')))
                   order by insr_year desc
2024-01-19 16:14:08 [debug] : ROWS : 
2024-01-19 16:14:08 [debug] : 1---------------------------------E query


2024-01-19 16:14:08 [debug] : ---------------------------------S query
2024-01-19 16:14:08 [debug] : SQL : 
      select
          CASE
            WHEN COUNT(a.insurance_uuid) >= 1 THEN 'N'
            ELSE 'Y'
          END AS data
      from
        tcaa0030a a
      where
        (a.user_uuid = 'e4f40cb434ef471c825243e684047520'
        OR (JSON_CONTAINS(JSON_EXTRACT(a.cbr_data, '$[*].cbr_nm'), JSON_ARRAY('윤자영'))
                   AND JSON_CONTAINS(JSON_EXTRACT(a.cbr_data, '$[*].cbr_brdt'), JSON_ARRAY('830402'))
                   AND JSON_CONTAINS(JSON_EXTRACT(a.cbr_data, '$[*].cbr_regno'), JSON_ARRAY('22222'))))
        and a.status_cd not in ('20', '40') -- 해지, 기간종료
        and a.insr_year in (
            select
              max(C.base_year)
            from
              TCOM0030A C,
              tcom0110a D
            where
              C.user_cd = D.user_cd
              and C.business_cd = D.business_cd
              and C.use_yn = 'Y'
              and D.user_uuid = 'e4f40cb434ef471c825243e684047520'
            order by
              C.base_year desc,
              C.ver desc
           
        )
    
2024-01-19 16:14:08 [debug] : ROWS : 
2024-01-19 16:14:08 [debug] : 1---------------------------------E query


2024-01-19 16:14:08 [debug] : ---------------------------------S query
2024-01-19 16:14:08 [debug] : SQL : 
      select
        A.insurance_uuid as data, A.insr_year
      from
        tcaa0031a A,
        tcom0110a B
      where
        A.business_cd = B.business_cd
        and (
                (A.user_cd = 'IND' AND A.USER_NM = B.USER_NM and A.user_birth = B.user_birth and a.user_regno  = b.user_regno)
             or ((A.user_cd = 'JNT' or A.user_cd = 'COR') AND A.corp_cnno = B.corp_cnno )
             or ((A.user_cd = 'JNT' or A.user_cd = 'COR') AND JSON_CONTAINS(JSON_EXTRACT(a.cbr_data, '$[*].cbr_nm'), JSON_ARRAY(B.USER_NM))
             AND JSON_CONTAINS(JSON_EXTRACT(A.cbr_data, '$[*].cbr_brdt'), JSON_ARRAY(B.user_birth))
             AND JSON_CONTAINS(JSON_EXTRACT(A.cbr_data, '$[*].cbr_regno'), JSON_ARRAY(b.user_regno)))
            )
        and B.user_uuid = 'e4f40cb434ef471c825243e684047520'
        and a.insr_year in (
            select
              max(C.base_year)
            from
              TCOM0030A C,
              tcom0110a D
            where
              C.user_cd = D.user_cd
              and C.business_cd = D.business_cd
              and C.use_yn = 'Y'
              and D.user_uuid = 'e4f40cb434ef471c825243e684047520'
            order by
              C.base_year desc,
              C.ver desc
           
        ) limit 1;
    
2024-01-19 16:14:08 [debug] : ROWS : 
2024-01-19 16:14:08 [debug] : 1---------------------------------E query


2024-01-19 16:14:08 [info] : ::1 - - [19/Jan/2024:07:14:08 +0000] "POST /CAA/CAA0030A HTTP/1.1" 200 777 "http://localhost:4000/" "Mozilla/5.0 (Windows NT 10.0; Win64; x64) AppleWebKit/537.36 (KHTML, like Gecko) Chrome/120.0.0.0 Safari/537.36"

2024-01-19 16:14:36 [debug] : {
   "insurance_uuid": "71545aaf9ea24a0f863a25a59c465526"
}
2024-01-19 16:14:36 [debug] : ---------------------------------S query
2024-01-19 16:14:36 [debug] : SQL : SELECT 
                      insurance_uuid, user_uuid, insurance_no, business_cd, user_cd, user_id, user_nm, user_birth,
                      user_regno, corp_type, corp_nm, corp_bnno, corp_cnno, corp_telno, corp_faxno,
                      corp_cust_nm, corp_cust_hpno, corp_cust_email, corp_post, corp_addr, corp_addr_dtl, corp_region_cd, 
                      insr_year, insr_reg_dt, insr_st_dt, insr_cncls_dt, insr_retr_yn, insr_retr_dt,
                      insr_pblc_brdn_rt, insr_clm_lt_amt, insr_year_clm_lt_amt, insr_psnl_brdn_amt,
                      insr_sale_rt, insr_pcnt_sale_rt,insr_base_amt, insr_amt, insr_tot_amt, cbr_cnt,
                      cbr_data, cons_join_yn, cons_data, spct_join_yn, spct_data, active_yn, agr10_yn,
                      agr20_yn, agr30_yn, agr31_yn, agr32_yn, agr33_yn, agr34_yn, agr40_yn, agr41_yn,
                      agr50_yn, status_cd, rmk, change_rmk, change_dt, created_id, created_ip, updated_id, updated_ip
                      , FN_GET_CODENM('COM030', status_cd) AS status_nm
                      , FN_GET_CODENM('ACC001', corp_region_cd) AS corp_region_nm
                    FROM TCAA0030A
                    WHERE insurance_uuid = '71545aaf9ea24a0f863a25a59c465526'
                    order by insurance_uuid
2024-01-19 16:14:36 [debug] : ROWS : 
2024-01-19 16:14:36 [debug] : 1---------------------------------E query


2024-01-19 16:14:36 [info] : ::1 - - [19/Jan/2024:07:14:36 +0000] "POST /CAA/CAA0030A/get HTTP/1.1" 200 2070 "http://localhost:4000/" "Mozilla/5.0 (Windows NT 10.0; Win64; x64) AppleWebKit/537.36 (KHTML, like Gecko) Chrome/120.0.0.0 Safari/537.36"

2024-01-19 16:14:40 [debug] : ---------------------------------S query
2024-01-19 16:14:40 [debug] : SQL : SELECT business_cd, board_id, board_no, title, content, DATE_FORMAT(created_at, "%Y-%m-%d") as created_at, false as open_popup  FROM TCOM0050A WHERE business_cd = 'CAA' AND board_id = "notice" AND del_yn = "N" and popup_yn = "Y" ORDER BY board_no DESC
2024-01-19 16:14:40 [debug] : ROWS : 
2024-01-19 16:14:40 [debug] : 1---------------------------------E query


2024-01-19 16:14:40 [info] : ::1 - - [19/Jan/2024:07:14:40 +0000] "POST /board/popup HTTP/1.1" 200 1741 "http://localhost:4000/" "Mozilla/5.0 (Windows NT 10.0; Win64; x64) AppleWebKit/537.36 (KHTML, like Gecko) Chrome/120.0.0.0 Safari/537.36"

2024-01-19 16:14:40 [debug] : ---------------------------------S query
2024-01-19 16:14:40 [debug] : SQL : SELECT * from tcom0110a where user_uuid = 'e4f40cb434ef471c825243e684047520'
2024-01-19 16:14:40 [debug] : ROWS : 
2024-01-19 16:14:40 [debug] : 1---------------------------------E query


2024-01-19 16:14:40 [debug] : ---------------------------------S query
2024-01-19 16:14:40 [debug] : SQL : SELECT insurance_uuid, user_uuid, insurance_no, user_nm, user_cd 
                  , insr_year, insr_st_dt, insr_cncls_dt
                  , insr_tot_amt, status_cd, cbr_cnt, cbr_data
                  , FN_GET_CODENM('COM030', status_cd) AS status_nm
                    FROM TCAA0030A
                   WHERE (user_nm = '윤자영' and user_birth = '830402' and user_regno = '22222')
                   OR (JSON_CONTAINS(JSON_EXTRACT(cbr_data, '$[*].cbr_nm'), JSON_ARRAY('윤자영'))
                   AND JSON_CONTAINS(JSON_EXTRACT(cbr_data, '$[*].cbr_brdt'), JSON_ARRAY('830402'))
                   AND JSON_CONTAINS(JSON_EXTRACT(cbr_data, '$[*].cbr_regno'), JSON_ARRAY('22222')))
                   order by insr_year desc
2024-01-19 16:14:40 [debug] : ROWS : 
2024-01-19 16:14:40 [debug] : 1---------------------------------E query


2024-01-19 16:14:40 [debug] : ---------------------------------S query
2024-01-19 16:14:40 [debug] : SQL : 
      select
          CASE
            WHEN COUNT(a.insurance_uuid) >= 1 THEN 'N'
            ELSE 'Y'
          END AS data
      from
        tcaa0030a a
      where
        (a.user_uuid = 'e4f40cb434ef471c825243e684047520'
        OR (JSON_CONTAINS(JSON_EXTRACT(a.cbr_data, '$[*].cbr_nm'), JSON_ARRAY('윤자영'))
                   AND JSON_CONTAINS(JSON_EXTRACT(a.cbr_data, '$[*].cbr_brdt'), JSON_ARRAY('830402'))
                   AND JSON_CONTAINS(JSON_EXTRACT(a.cbr_data, '$[*].cbr_regno'), JSON_ARRAY('22222'))))
        and a.status_cd not in ('20', '40') -- 해지, 기간종료
        and a.insr_year in (
            select
              max(C.base_year)
            from
              TCOM0030A C,
              tcom0110a D
            where
              C.user_cd = D.user_cd
              and C.business_cd = D.business_cd
              and C.use_yn = 'Y'
              and D.user_uuid = 'e4f40cb434ef471c825243e684047520'
            order by
              C.base_year desc,
              C.ver desc
           
        )
    
2024-01-19 16:14:40 [debug] : ROWS : 
2024-01-19 16:14:40 [debug] : 1---------------------------------E query


2024-01-19 16:14:40 [debug] : ---------------------------------S query
2024-01-19 16:14:40 [debug] : SQL : 
      select
        A.insurance_uuid as data, A.insr_year
      from
        tcaa0031a A,
        tcom0110a B
      where
        A.business_cd = B.business_cd
        and (
                (A.user_cd = 'IND' AND A.USER_NM = B.USER_NM and A.user_birth = B.user_birth and a.user_regno  = b.user_regno)
             or ((A.user_cd = 'JNT' or A.user_cd = 'COR') AND A.corp_cnno = B.corp_cnno )
             or ((A.user_cd = 'JNT' or A.user_cd = 'COR') AND JSON_CONTAINS(JSON_EXTRACT(a.cbr_data, '$[*].cbr_nm'), JSON_ARRAY(B.USER_NM))
             AND JSON_CONTAINS(JSON_EXTRACT(A.cbr_data, '$[*].cbr_brdt'), JSON_ARRAY(B.user_birth))
             AND JSON_CONTAINS(JSON_EXTRACT(A.cbr_data, '$[*].cbr_regno'), JSON_ARRAY(b.user_regno)))
            )
        and B.user_uuid = 'e4f40cb434ef471c825243e684047520'
        and a.insr_year in (
            select
              max(C.base_year)
            from
              TCOM0030A C,
              tcom0110a D
            where
              C.user_cd = D.user_cd
              and C.business_cd = D.business_cd
              and C.use_yn = 'Y'
              and D.user_uuid = 'e4f40cb434ef471c825243e684047520'
            order by
              C.base_year desc,
              C.ver desc
           
        ) limit 1;
    
2024-01-19 16:14:40 [debug] : ROWS : 
2024-01-19 16:14:40 [debug] : 1---------------------------------E query


2024-01-19 16:14:40 [info] : ::1 - - [19/Jan/2024:07:14:40 +0000] "POST /CAA/CAA0030A HTTP/1.1" 200 777 "http://localhost:4000/" "Mozilla/5.0 (Windows NT 10.0; Win64; x64) AppleWebKit/537.36 (KHTML, like Gecko) Chrome/120.0.0.0 Safari/537.36"

2024-01-19 16:18:37 [debug] : ---------------------------------S query
2024-01-19 16:18:37 [debug] : SQL : SELECT business_cd, board_id, board_no, title, content, DATE_FORMAT(created_at, "%Y-%m-%d") as created_at, false as open_popup  FROM TCOM0050A WHERE business_cd = 'CAA' AND board_id = "notice" AND del_yn = "N" and popup_yn = "Y" ORDER BY board_no DESC
2024-01-19 16:18:37 [debug] : ROWS : 
2024-01-19 16:18:37 [debug] : 1---------------------------------E query


2024-01-19 16:18:37 [info] : ::1 - - [19/Jan/2024:07:18:37 +0000] "POST /board/popup HTTP/1.1" 200 1741 "http://localhost:4000/" "Mozilla/5.0 (Windows NT 10.0; Win64; x64) AppleWebKit/537.36 (KHTML, like Gecko) Chrome/120.0.0.0 Safari/537.36"

2024-01-19 16:18:37 [debug] : ---------------------------------S query
2024-01-19 16:18:37 [debug] : SQL : SELECT * from tcom0110a where user_uuid = 'e4f40cb434ef471c825243e684047520'
2024-01-19 16:18:37 [debug] : ROWS : 
2024-01-19 16:18:37 [debug] : 1---------------------------------E query


2024-01-19 16:18:37 [debug] : ---------------------------------S query
2024-01-19 16:18:37 [debug] : SQL : SELECT insurance_uuid, user_uuid, insurance_no, user_nm, user_cd 
                  , insr_year, insr_st_dt, insr_cncls_dt
                  , insr_tot_amt, status_cd, cbr_cnt, cbr_data
                  , FN_GET_CODENM('COM030', status_cd) AS status_nm
                    FROM TCAA0030A
                   WHERE (user_nm = '윤자영' and user_birth = '830402' and user_regno = '22222')
                   OR (JSON_CONTAINS(JSON_EXTRACT(cbr_data, '$[*].cbr_nm'), JSON_ARRAY('윤자영'))
                   AND JSON_CONTAINS(JSON_EXTRACT(cbr_data, '$[*].cbr_brdt'), JSON_ARRAY('830402'))
                   AND JSON_CONTAINS(JSON_EXTRACT(cbr_data, '$[*].cbr_regno'), JSON_ARRAY('22222')))
                   order by insr_year desc
2024-01-19 16:18:37 [debug] : ROWS : 
2024-01-19 16:18:37 [debug] : 1---------------------------------E query


2024-01-19 16:18:37 [debug] : ---------------------------------S query
2024-01-19 16:18:37 [debug] : SQL : 
      select
          CASE
            WHEN COUNT(a.insurance_uuid) >= 1 THEN 'N'
            ELSE 'Y'
          END AS data
      from
        tcaa0030a a
      where
        (a.user_uuid = 'e4f40cb434ef471c825243e684047520'
        OR (JSON_CONTAINS(JSON_EXTRACT(a.cbr_data, '$[*].cbr_nm'), JSON_ARRAY('윤자영'))
                   AND JSON_CONTAINS(JSON_EXTRACT(a.cbr_data, '$[*].cbr_brdt'), JSON_ARRAY('830402'))
                   AND JSON_CONTAINS(JSON_EXTRACT(a.cbr_data, '$[*].cbr_regno'), JSON_ARRAY('22222'))))
        and a.status_cd not in ('20', '40') -- 해지, 기간종료
        and a.insr_year in (
            select
              max(C.base_year)
            from
              TCOM0030A C,
              tcom0110a D
            where
              C.user_cd = D.user_cd
              and C.business_cd = D.business_cd
              and C.use_yn = 'Y'
              and D.user_uuid = 'e4f40cb434ef471c825243e684047520'
            order by
              C.base_year desc,
              C.ver desc
           
        )
    
2024-01-19 16:18:37 [debug] : ROWS : 
2024-01-19 16:18:37 [debug] : 1---------------------------------E query


2024-01-19 16:18:37 [debug] : ---------------------------------S query
2024-01-19 16:18:37 [debug] : SQL : 
      select
        A.insurance_uuid as data, A.insr_year
      from
        tcaa0031a A,
        tcom0110a B
      where
        A.business_cd = B.business_cd
        and (
                (A.user_cd = 'IND' AND A.USER_NM = B.USER_NM and A.user_birth = B.user_birth and a.user_regno  = b.user_regno)
             or ((A.user_cd = 'JNT' or A.user_cd = 'COR') AND A.corp_cnno = B.corp_cnno )
             or ((A.user_cd = 'JNT' or A.user_cd = 'COR') AND JSON_CONTAINS(JSON_EXTRACT(a.cbr_data, '$[*].cbr_nm'), JSON_ARRAY(B.USER_NM))
             AND JSON_CONTAINS(JSON_EXTRACT(A.cbr_data, '$[*].cbr_brdt'), JSON_ARRAY(B.user_birth))
             AND JSON_CONTAINS(JSON_EXTRACT(A.cbr_data, '$[*].cbr_regno'), JSON_ARRAY(b.user_regno)))
            )
        and B.user_uuid = 'e4f40cb434ef471c825243e684047520'
        and a.insr_year in (
            select
              max(C.base_year)
            from
              TCOM0030A C,
              tcom0110a D
            where
              C.user_cd = D.user_cd
              and C.business_cd = D.business_cd
              and C.use_yn = 'Y'
              and D.user_uuid = 'e4f40cb434ef471c825243e684047520'
            order by
              C.base_year desc,
              C.ver desc
           
        ) limit 1;
    
2024-01-19 16:18:37 [debug] : ROWS : 
2024-01-19 16:18:37 [debug] : 1---------------------------------E query


2024-01-19 16:18:37 [info] : ::1 - - [19/Jan/2024:07:18:37 +0000] "POST /CAA/CAA0030A HTTP/1.1" 200 777 "http://localhost:4000/" "Mozilla/5.0 (Windows NT 10.0; Win64; x64) AppleWebKit/537.36 (KHTML, like Gecko) Chrome/120.0.0.0 Safari/537.36"

2024-01-19 16:19:43 [debug] : {
   "insurance_uuid": "78c16154d7da64b9b3fc25e47fbd9ef4"
}
2024-01-19 16:19:43 [debug] : ---------------------------------S query
2024-01-19 16:19:43 [debug] : SQL : SELECT 
                      insurance_uuid, user_uuid, insurance_no, business_cd, user_cd, user_id, user_nm, user_birth,
                      user_regno, corp_type, corp_nm, corp_bnno, corp_cnno, corp_telno, corp_faxno,
                      corp_cust_nm, corp_cust_hpno, corp_cust_email, corp_post, corp_addr, corp_addr_dtl, corp_region_cd, 
                      insr_year, insr_reg_dt, insr_st_dt, insr_cncls_dt, insr_retr_yn, insr_retr_dt,
                      insr_pblc_brdn_rt, insr_clm_lt_amt, insr_year_clm_lt_amt, insr_psnl_brdn_amt,
                      insr_sale_rt, insr_pcnt_sale_rt,insr_base_amt, insr_amt, insr_tot_amt, cbr_cnt,
                      cbr_data, cons_join_yn, cons_data, spct_join_yn, spct_data, active_yn, agr10_yn,
                      agr20_yn, agr30_yn, agr31_yn, agr32_yn, agr33_yn, agr34_yn, agr40_yn, agr41_yn,
                      agr50_yn, status_cd, rmk, change_rmk, change_dt, created_id, created_ip, updated_id, updated_ip
                      , FN_GET_CODENM('COM030', status_cd) AS status_nm
                      , FN_GET_CODENM('ACC001', corp_region_cd) AS corp_region_nm
                    FROM TCAA0030A
                    WHERE insurance_uuid = '78c16154d7da64b9b3fc25e47fbd9ef4'
                    order by insurance_uuid
2024-01-19 16:19:43 [debug] : ROWS : 
2024-01-19 16:19:43 [debug] : 1---------------------------------E query


2024-01-19 16:19:43 [info] : ::1 - - [19/Jan/2024:07:19:43 +0000] "POST /CAA/CAA0030A/get HTTP/1.1" 200 2224 "http://localhost:4000/" "Mozilla/5.0 (Windows NT 10.0; Win64; x64) AppleWebKit/537.36 (KHTML, like Gecko) Chrome/120.0.0.0 Safari/537.36"

2024-01-19 16:19:49 [debug] : ---------------------------------S query
2024-01-19 16:19:49 [debug] : SQL : SELECT business_cd, board_id, board_no, title, content, DATE_FORMAT(created_at, "%Y-%m-%d") as created_at, false as open_popup  FROM TCOM0050A WHERE business_cd = 'CAA' AND board_id = "notice" AND del_yn = "N" and popup_yn = "Y" ORDER BY board_no DESC
2024-01-19 16:19:49 [debug] : ROWS : 
2024-01-19 16:19:49 [debug] : 1---------------------------------E query


2024-01-19 16:19:49 [info] : ::1 - - [19/Jan/2024:07:19:49 +0000] "POST /board/popup HTTP/1.1" 200 1741 "http://localhost:4000/" "Mozilla/5.0 (Windows NT 10.0; Win64; x64) AppleWebKit/537.36 (KHTML, like Gecko) Chrome/120.0.0.0 Safari/537.36"

2024-01-19 16:19:49 [debug] : ---------------------------------S query
2024-01-19 16:19:49 [debug] : SQL : SELECT * from tcom0110a where user_uuid = 'e4f40cb434ef471c825243e684047520'
2024-01-19 16:19:49 [debug] : ROWS : 
2024-01-19 16:19:49 [debug] : 1---------------------------------E query


2024-01-19 16:19:49 [debug] : ---------------------------------S query
2024-01-19 16:19:49 [debug] : SQL : SELECT insurance_uuid, user_uuid, insurance_no, user_nm, user_cd 
                  , insr_year, insr_st_dt, insr_cncls_dt
                  , insr_tot_amt, status_cd, cbr_cnt, cbr_data
                  , FN_GET_CODENM('COM030', status_cd) AS status_nm
                    FROM TCAA0030A
                   WHERE (user_nm = '윤자영' and user_birth = '830402' and user_regno = '22222')
                   OR (JSON_CONTAINS(JSON_EXTRACT(cbr_data, '$[*].cbr_nm'), JSON_ARRAY('윤자영'))
                   AND JSON_CONTAINS(JSON_EXTRACT(cbr_data, '$[*].cbr_brdt'), JSON_ARRAY('830402'))
                   AND JSON_CONTAINS(JSON_EXTRACT(cbr_data, '$[*].cbr_regno'), JSON_ARRAY('22222')))
                   order by insr_year desc
2024-01-19 16:19:49 [debug] : ROWS : 
2024-01-19 16:19:49 [debug] : 1---------------------------------E query


2024-01-19 16:19:49 [debug] : ---------------------------------S query
2024-01-19 16:19:49 [debug] : SQL : 
      select
          CASE
            WHEN COUNT(a.insurance_uuid) >= 1 THEN 'N'
            ELSE 'Y'
          END AS data
      from
        tcaa0030a a
      where
        (a.user_uuid = 'e4f40cb434ef471c825243e684047520'
        OR (JSON_CONTAINS(JSON_EXTRACT(a.cbr_data, '$[*].cbr_nm'), JSON_ARRAY('윤자영'))
                   AND JSON_CONTAINS(JSON_EXTRACT(a.cbr_data, '$[*].cbr_brdt'), JSON_ARRAY('830402'))
                   AND JSON_CONTAINS(JSON_EXTRACT(a.cbr_data, '$[*].cbr_regno'), JSON_ARRAY('22222'))))
        and a.status_cd not in ('20', '40') -- 해지, 기간종료
        and a.insr_year in (
            select
              max(C.base_year)
            from
              TCOM0030A C,
              tcom0110a D
            where
              C.user_cd = D.user_cd
              and C.business_cd = D.business_cd
              and C.use_yn = 'Y'
              and D.user_uuid = 'e4f40cb434ef471c825243e684047520'
            order by
              C.base_year desc,
              C.ver desc
           
        )
    
2024-01-19 16:19:49 [debug] : ROWS : 
2024-01-19 16:19:49 [debug] : 1---------------------------------E query


2024-01-19 16:19:49 [debug] : ---------------------------------S query
2024-01-19 16:19:49 [debug] : SQL : 
      select
        A.insurance_uuid as data, A.insr_year
      from
        tcaa0031a A,
        tcom0110a B
      where
        A.business_cd = B.business_cd
        and (
                (A.user_cd = 'IND' AND A.USER_NM = B.USER_NM and A.user_birth = B.user_birth and a.user_regno  = b.user_regno)
             or ((A.user_cd = 'JNT' or A.user_cd = 'COR') AND A.corp_cnno = B.corp_cnno )
             or ((A.user_cd = 'JNT' or A.user_cd = 'COR') AND JSON_CONTAINS(JSON_EXTRACT(a.cbr_data, '$[*].cbr_nm'), JSON_ARRAY(B.USER_NM))
             AND JSON_CONTAINS(JSON_EXTRACT(A.cbr_data, '$[*].cbr_brdt'), JSON_ARRAY(B.user_birth))
             AND JSON_CONTAINS(JSON_EXTRACT(A.cbr_data, '$[*].cbr_regno'), JSON_ARRAY(b.user_regno)))
            )
        and B.user_uuid = 'e4f40cb434ef471c825243e684047520'
        and a.insr_year in (
            select
              max(C.base_year)
            from
              TCOM0030A C,
              tcom0110a D
            where
              C.user_cd = D.user_cd
              and C.business_cd = D.business_cd
              and C.use_yn = 'Y'
              and D.user_uuid = 'e4f40cb434ef471c825243e684047520'
            order by
              C.base_year desc,
              C.ver desc
           
        ) limit 1;
    
2024-01-19 16:19:49 [debug] : ROWS : 
2024-01-19 16:19:49 [debug] : 1---------------------------------E query


2024-01-19 16:19:49 [info] : ::1 - - [19/Jan/2024:07:19:49 +0000] "POST /CAA/CAA0030A HTTP/1.1" 200 777 "http://localhost:4000/" "Mozilla/5.0 (Windows NT 10.0; Win64; x64) AppleWebKit/537.36 (KHTML, like Gecko) Chrome/120.0.0.0 Safari/537.36"

2024-01-19 20:26:16 [info] : Server off
