2024-07-23 09:55:28 [debug] : ---------------------------------S query
2024-07-23 09:55:28 [debug] : SQL : SELECT grp_cd, dtl_cd as value, dtl_nm as title, description as rmk FROM TCOM0011A
2024-07-23 09:55:28 [debug] : ROWS : 
2024-07-23 09:55:28 [debug] : 1---------------------------------E query


2024-07-23 09:55:28 [info] : ::1 - - [23/Jul/2024:00:55:28 +0000] "POST /COMMON/code/all HTTP/1.1" 200 11281 "http://localhost:4000/" "Mozilla/5.0 (Windows NT 10.0; Win64; x64) AppleWebKit/537.36 (KHTML, like Gecko) Chrome/126.0.0.0 Safari/537.36"

2024-07-23 09:57:00 [debug] : ---------------------------------S query
2024-07-23 09:57:00 [debug] : SQL : SELECT grp_cd, dtl_cd as value, dtl_nm as title, description as rmk FROM TCOM0011A
2024-07-23 09:57:00 [debug] : ROWS : 
2024-07-23 09:57:00 [debug] : 1---------------------------------E query


2024-07-23 09:57:00 [info] : ::1 - - [23/Jul/2024:00:57:00 +0000] "POST /COMMON/code/all HTTP/1.1" 200 11281 "http://localhost:4000/" "Mozilla/5.0 (Windows NT 10.0; Win64; x64) AppleWebKit/537.36 (KHTML, like Gecko) Chrome/126.0.0.0 Safari/537.36"

2024-07-23 09:57:36 [debug] : ---------------------------------S query
2024-07-23 09:57:36 [debug] : SQL : SELECT business_cd, user_uuid, user_id, user_pwd, user_nm, user_cd, user_birth, user_regno, corp_cnno, status_cd, login_fail_cnt, login_block_yn FROM TCOM0110A WHERE business_cd = 'ADM' and user_cd = 'IND' and user_id = 'getdream' and (status_cd not in ('90') || status_cd is null)
2024-07-23 09:57:36 [debug] : ROWS : 
2024-07-23 09:57:36 [debug] : 1---------------------------------E query


2024-07-23 09:57:36 [error] : passport isAuth  : true
2024-07-23 09:57:36 [debug] : ---------------------------------S query
2024-07-23 09:57:36 [debug] : SQL : UPDATE TCOM0110A SET login_fail_cnt = 0
                                            , login_block_yn = 'N'
                         WHERE business_cd = 'ADM' and user_cd = 'IND' and user_id = 'getdream' and (status_cd not in ('90') || status_cd is null)
2024-07-23 09:57:36 [debug] : ROWS : 
2024-07-23 09:57:36 [debug] : 1---------------------------------E query


2024-07-23 09:57:36 [debug] : {
   "business_cd": "ADM",
   "user_uuid": "8b3a01f1080f4e8aa2343515a219daf8",
   "user_id": "getdream",
   "user_pwd": "$2a$10$Fc8a0xf8WyHAFpdwN4jORukxIcGgLQJcxcrWRd7X.UxjrMlgIGII6",
   "user_nm": "문상현",
   "user_cd": "IND",
   "user_birth": null,
   "user_regno": null,
   "corp_cnno": null,
   "status_cd": "30",
   "login_fail_cnt": 0,
   "login_block_yn": "N"
}
2024-07-23 09:57:36 [info] : ::1 - - [23/Jul/2024:00:57:36 +0000] "POST /auth/signin HTTP/1.1" 200 557 "http://localhost:4000/" "Mozilla/5.0 (Windows NT 10.0; Win64; x64) AppleWebKit/537.36 (KHTML, like Gecko) Chrome/126.0.0.0 Safari/537.36"

2024-07-23 09:59:33 [debug] : ---------------------------------S query
2024-07-23 09:59:33 [debug] : SQL : SELECT grp_cd, dtl_cd as value, dtl_nm as title, description as rmk FROM TCOM0011A
2024-07-23 09:59:33 [debug] : ROWS : 
2024-07-23 09:59:33 [debug] : 1---------------------------------E query


2024-07-23 09:59:33 [info] : ::1 - - [23/Jul/2024:00:59:33 +0000] "POST /COMMON/code/all HTTP/1.1" 200 11281 "http://localhost:4000/" "Mozilla/5.0 (Windows NT 10.0; Win64; x64) AppleWebKit/537.36 (KHTML, like Gecko) Chrome/126.0.0.0 Safari/537.36"

2024-07-23 11:21:17 [debug] : ---------------------------------S query
2024-07-23 11:21:17 [debug] : SQL : SELECT business_cd, user_uuid, user_id, user_pwd, user_nm, user_cd, user_birth, user_regno, corp_cnno, status_cd, login_fail_cnt, login_block_yn FROM TCOM0110A WHERE business_cd = 'LAW' and user_cd = 'JNT' and user_id = '197-56-00505' and (status_cd not in ('90') || status_cd is null)
2024-07-23 11:21:17 [debug] : ROWS : 
2024-07-23 11:21:17 [debug] : 1---------------------------------E query


2024-07-23 11:21:17 [error] : passport isAuth  : true
2024-07-23 11:21:17 [debug] : ---------------------------------S query
2024-07-23 11:21:17 [debug] : SQL : UPDATE TCOM0110A SET login_fail_cnt = 0
                                            , login_block_yn = 'N'
                         WHERE business_cd = 'LAW' and user_cd = 'JNT' and user_id = '197-56-00505' and (status_cd not in ('90') || status_cd is null)
2024-07-23 11:21:17 [debug] : ROWS : 
2024-07-23 11:21:17 [debug] : 1---------------------------------E query


2024-07-23 11:21:17 [debug] : {
   "business_cd": "LAW",
   "user_uuid": "ccd0f693888a4c7dbcf54a7d2489c0de",
   "user_id": "197-56-00505",
   "user_pwd": "$2b$10$1TBXS.K61bbFPKT.TNmnHucZ1u4KkOAuRPjBOqPUj23C5Kl4GLBWO",
   "user_nm": "더원법무사합동사무소",
   "user_cd": "JNT",
   "user_birth": null,
   "user_regno": null,
   "corp_cnno": "197-56-00505",
   "status_cd": "20",
   "login_fail_cnt": 0,
   "login_block_yn": "N"
}
2024-07-23 11:21:17 [info] : ::1 - - [23/Jul/2024:02:21:17 +0000] "POST /auth/signin HTTP/1.1" 200 582 "http://localhost:4000/" "Mozilla/5.0 (Windows NT 10.0; Win64; x64) AppleWebKit/537.36 (KHTML, like Gecko) Chrome/126.0.0.0 Safari/537.36"

2024-07-23 11:21:17 [debug] : {
   "method": "raw",
   "sql": "\n      /* TTAX0030AMapper.UPDATE_INSURANCE_MAPPING_WITH_LOGIN_INFO */  \n      UPDATE ttax0030a\n      SET\n          user_id = ?,\n          user_uuid = ?,\n          updated_at = NOW(),\n          updated_id = ?,\n          updated_ip = ?\n      WHERE\n          business_cd = ?\n          AND user_cd = ?\n          AND (\n              (\n                  'IND' = ?\n                  AND user_nm = ?\n                  AND user_birth = ?\n                  AND user_regno = ?\n              )\n              OR (\n                  'COR' = ?\n                  AND corp_cnno = ?\n              )\n          )\n    ",
   "bindings": [
      "197-56-00505",
      "ccd0f693888a4c7dbcf54a7d2489c0de",
      "197-56-00505",
      "",
      "LAW",
      "JNT",
      "JNT",
      "더원법무사합동사무소",
      null,
      null,
      "JNT",
      "197-56-00505"
   ],
   "options": {},
   "__knexQueryUid": "twp2ZEQWePFSXozUpVOjy"
}
2024-07-23 11:21:17 [debug] : ---------------------------------S query
2024-07-23 11:21:17 [debug] : SQL : SELECT grp_cd, dtl_cd as value, dtl_nm as title, description as rmk FROM TCOM0011A
2024-07-23 11:21:17 [debug] : ROWS : 
2024-07-23 11:21:17 [debug] : 1---------------------------------E query


2024-07-23 11:21:17 [info] : ::1 - - [23/Jul/2024:02:21:17 +0000] "POST /COMMON/code/all HTTP/1.1" 200 11281 "http://localhost:4000/" "Mozilla/5.0 (Windows NT 10.0; Win64; x64) AppleWebKit/537.36 (KHTML, like Gecko) Chrome/126.0.0.0 Safari/537.36"

2024-07-23 11:21:17 [debug] : ---------------------------------S query
2024-07-23 11:21:17 [debug] : SQL : SELECT user_uuid, business_cd, user_cd, user_nm, user_birth, user_id, user_regno, user_hpno, user_email
                              , corp_type, corp_nm, corp_ceo_nm, corp_bnno, corp_cnno, corp_telno, corp_faxno, corp_cust_nm
                              , corp_cust_hpno, corp_cust_email, corp_post, corp_addr, corp_addr_dtl, corp_region_cd
                              , status_cd
                              , recv_email_yn
                              , agr1_yn
                              , agr2_yn
                              , agr3_yn
                              , agr4_yn
                              , active_yn
                              , FN_GET_SPLIT(corp_telno, '-', 1) as corp_telno1
                              , FN_GET_SPLIT(corp_telno, '-', 2) as corp_telno2
                              , FN_GET_SPLIT(corp_telno, '-', 3) as corp_telno3
                              , FN_GET_SPLIT(corp_faxno, '-', 1) as corp_faxno1
                              , FN_GET_SPLIT(corp_faxno, '-', 2) as corp_faxno2
                              , FN_GET_SPLIT(corp_faxno, '-', 3) as corp_faxno3
                              , FN_GET_CODENM('TAX001', corp_region_cd) as corp_region_nm
                              , created_at
                              FROM TCOM0110A WHERE user_uuid = 'ccd0f693888a4c7dbcf54a7d2489c0de'
2024-07-23 11:21:17 [debug] : ROWS : 
2024-07-23 11:21:17 [debug] : 1---------------------------------E query


2024-07-23 11:21:17 [info] : ::1 - - [23/Jul/2024:02:21:17 +0000] "POST /user/select HTTP/1.1" 200 789 "http://localhost:4000/" "Mozilla/5.0 (Windows NT 10.0; Win64; x64) AppleWebKit/537.36 (KHTML, like Gecko) Chrome/126.0.0.0 Safari/537.36"

