2024-03-28 09:15:23 [info] : Server on port 3000 | run
2024-03-28 09:17:15 [debug] : ---------------------------------S query
2024-03-28 09:17:15 [debug] : SQL : SELECT business_cd, user_uuid, user_id, user_pwd, user_nm, user_cd, user_birth, user_regno, corp_cnno, status_cd, login_fail_cnt, login_block_yn FROM TCOM0110A WHERE business_cd = 'ADM' and user_cd = 'IND' and user_id = 'Lkgf03g' and (status_cd not in ('90') || status_cd is null)
2024-03-28 09:17:15 [debug] : ROWS : 
2024-03-28 09:17:15 [debug] : 1---------------------------------E query


2024-03-28 09:17:15 [error] : passport isAuth  : true
2024-03-28 09:17:15 [debug] : ---------------------------------S query
2024-03-28 09:17:15 [debug] : SQL : UPDATE TCOM0110A SET login_fail_cnt = 0
                                            , login_block_yn = 'N'
                         WHERE business_cd = 'ADM' and user_cd = 'IND' and user_id = 'Lkgf03g' and (status_cd not in ('90') || status_cd is null)
2024-03-28 09:17:15 [debug] : ROWS : 
2024-03-28 09:17:15 [debug] : 1---------------------------------E query


2024-03-28 09:17:15 [debug] : {
   "business_cd": "ADM",
   "user_uuid": "8cd7e11d53a441169f638f18b0aac029",
   "user_id": "Lkgf03g",
   "user_pwd": "$2a$10$RYqhgOTL.klk2Do7wakTDeWk6waGw7fmOFw9ZpCFIt1ljuC30PvQu",
   "user_nm": "윤자영",
   "user_cd": "IND",
   "user_birth": "",
   "user_regno": "",
   "corp_cnno": "",
   "status_cd": "30",
   "login_fail_cnt": 0,
   "login_block_yn": "N"
}
2024-03-28 09:17:15 [info] : ::1 - - [28/Mar/2024:00:17:15 +0000] "POST /auth/signin HTTP/1.1" 200 556 "http://localhost:4000/" "Mozilla/5.0 (Windows NT 10.0; Win64; x64) AppleWebKit/537.36 (KHTML, like Gecko) Chrome/123.0.0.0 Safari/537.36"

2024-03-28 09:17:23 [debug] : ---------------------------------S query
2024-03-28 09:17:23 [debug] : SQL : SELECT grp_cd, dtl_cd as value, dtl_nm as title, description as rmk FROM TCOM0011A
2024-03-28 09:17:23 [debug] : ROWS : 
2024-03-28 09:17:23 [debug] : 1---------------------------------E query


2024-03-28 09:17:23 [info] : ::1 - - [28/Mar/2024:00:17:23 +0000] "POST /COMMON/code/all HTTP/1.1" 200 11024 "http://localhost:4000/" "Mozilla/5.0 (Windows NT 10.0; Win64; x64) AppleWebKit/537.36 (KHTML, like Gecko) Chrome/123.0.0.0 Safari/537.36"

2024-03-28 09:17:23 [debug] : ---------------------------------S query
2024-03-28 09:17:23 [debug] : SQL : SELECT grp_cd, dtl_cd as value, dtl_nm as title, description as rmk FROM TCOM0011A
2024-03-28 09:17:23 [debug] : ROWS : 
2024-03-28 09:17:23 [debug] : 1---------------------------------E query


2024-03-28 09:17:23 [info] : ::1 - - [28/Mar/2024:00:17:23 +0000] "POST /COMMON/code/all HTTP/1.1" 200 11024 "http://localhost:4000/" "Mozilla/5.0 (Windows NT 10.0; Win64; x64) AppleWebKit/537.36 (KHTML, like Gecko) Chrome/123.0.0.0 Safari/537.36"

2024-03-28 09:17:23 [debug] : {
   "method": "raw",
   "sql": "\n      /* AdminMapper.SELECT_STOCK_START_DT_LIST */    \n      select date_format(start_dt, '%Y-%m-%d') as start_dt\n           , business_cd\n        from tcom0112a\n       where use_yn = 'Y';\n      ",
   "bindings": [],
   "options": {},
   "__knexQueryUid": "NpVPZ6tFsZ8ayUHMsYKZQ"
}
2024-03-28 09:17:23 [info] : ::1 - - [28/Mar/2024:00:17:23 +0000] "POST /ADM/COM/getStockStartDtInfo HTTP/1.1" 200 163 "http://localhost:4000/" "Mozilla/5.0 (Windows NT 10.0; Win64; x64) AppleWebKit/537.36 (KHTML, like Gecko) Chrome/123.0.0.0 Safari/537.36"

2024-03-28 09:17:23 [debug] : {
   "method": "raw",
   "sql": "\n      /* AdminMapper.SELECT_STOCK_START_DT_LIST */    \n      select date_format(start_dt, '%Y-%m-%d') as start_dt\n           , business_cd\n        from tcom0112a\n       where use_yn = 'Y';\n      ",
   "bindings": [],
   "options": {},
   "__knexQueryUid": "NNXG9f1QGMC_9gemHHmzq"
}
2024-03-28 09:17:23 [info] : ::1 - - [28/Mar/2024:00:17:23 +0000] "POST /ADM/COM/getStockStartDtInfo HTTP/1.1" 200 163 "http://localhost:4000/" "Mozilla/5.0 (Windows NT 10.0; Win64; x64) AppleWebKit/537.36 (KHTML, like Gecko) Chrome/123.0.0.0 Safari/537.36"

2024-03-28 09:17:29 [info] : {
   "business_cd": "LAW",
   "insr_year": "%",
   "user_cd": "%",
   "status_cd": "%",
   "user_nm": ""
}
2024-03-28 09:17:30 [debug] : ---------------------------------S query
2024-03-28 09:17:30 [debug] : SQL : 
      SELECT A.insurance_uuid
            , A.business_cd
            , A.user_cd
            , A.user_uuid
            , A.user_nm
            , A.user_id
            , A.user_regno
            , A.corp_cnno
            , A.insr_year
            , A.insr_st_dt
            , A.insr_cncls_dt
            , A.insr_tot_amt
            , A.insr_tot_paid_amt
            , A.insr_tot_unpaid_amt
            , A.status_cd
            , A.trx_data
            , B.insurance_no
            , B.insr_st_dt as base_insr_st_dt
            , B.insr_cncls_dt as base_insr_cncls_dt
            , FN_GET_CODENM('COM002', A.user_cd) AS user_cd_nm
            , FN_GET_CODENM('COM030', A.status_cd) AS status_nm
            , FN_GET_CODENM('LAW001', A.corp_region_cd) AS corp_region_nm
            FROM   TLAW0030A A
      			LEFT JOIN TCOM0030A B
		    ON A.insr_year = B.base_year 
		    AND A.user_cd = B.user_cd 
		    AND A.business_cd = B.business_cd
        WHERE  A.business_cd = 'LAW'
         AND ('%' = '%' or A.user_cd = '%')
         AND ('%' = '%' or A.insr_year = '%')
         AND ('%' = '%' or A.status_cd = '%')
         AND ((A.user_nm like CONCAT('%', '', '%')) OR a.cbr_data like CONCAT('%', '', '%') )
      ORDER  BY A.created_at DESC 
    
2024-03-28 09:17:30 [debug] : ROWS : 
2024-03-28 09:17:30 [debug] : 1---------------------------------E query


2024-03-28 09:17:30 [info] : ::1 - - [28/Mar/2024:00:17:30 +0000] "POST /ADM/LAW/TRX/get HTTP/1.1" 200 1576989 "http://localhost:4000/" "Mozilla/5.0 (Windows NT 10.0; Win64; x64) AppleWebKit/537.36 (KHTML, like Gecko) Chrome/123.0.0.0 Safari/537.36"

2024-03-28 09:18:04 [debug] : {
   "method": "raw",
   "sql": "\n      /* AdminMapper.SELECT_STOCK_START_DT_LIST */    \n      select date_format(start_dt, '%Y-%m-%d') as start_dt\n           , business_cd\n        from tcom0112a\n       where use_yn = 'Y';\n      ",
   "bindings": [],
   "options": {},
   "__knexQueryUid": "Pt4mi5kC0xls9aIyI6y8P"
}
2024-03-28 09:18:04 [info] : ::1 - - [28/Mar/2024:00:18:04 +0000] "POST /ADM/COM/getStockStartDtInfo HTTP/1.1" 200 163 "http://localhost:4000/" "Mozilla/5.0 (Windows NT 10.0; Win64; x64) AppleWebKit/537.36 (KHTML, like Gecko) Chrome/123.0.0.0 Safari/537.36"

2024-03-28 09:18:04 [debug] : {
   "method": "raw",
   "sql": "\n      /* AdminMapper.SELECT_STOCK_START_DT_LIST */    \n      select date_format(start_dt, '%Y-%m-%d') as start_dt\n           , business_cd\n        from tcom0112a\n       where use_yn = 'Y';\n      ",
   "bindings": [],
   "options": {},
   "__knexQueryUid": "44P12g02jf6HwLolza3D8"
}
2024-03-28 09:18:04 [info] : ::1 - - [28/Mar/2024:00:18:04 +0000] "POST /ADM/COM/getStockStartDtInfo HTTP/1.1" 200 163 "http://localhost:4000/" "Mozilla/5.0 (Windows NT 10.0; Win64; x64) AppleWebKit/537.36 (KHTML, like Gecko) Chrome/123.0.0.0 Safari/537.36"

2024-03-28 10:27:07 [info] : Server off
