2024-02-01 17:20:51 [info] : Server off
2024-02-01 17:21:00 [info] : Server on port 3000 | run
2024-02-01 20:03:01 [info] : Server off
2024-02-01 20:03:02 [info] : Server off
2024-02-01 21:02:13 [info] : Server on port 3000 | run
2024-02-01 21:03:03 [debug] : ---------------------------------S query
2024-02-01 21:03:03 [debug] : SQL : SELECT business_cd, user_uuid, user_id, user_pwd, user_nm, user_cd, user_birth, user_regno, corp_cnno, status_cd, login_fail_cnt, login_block_yn FROM TCOM0110A WHERE business_cd = 'ADM' and user_cd = 'IND' and user_id = 'kirakira42' and (status_cd not in ('90') || status_cd is null)
2024-02-01 21:03:03 [debug] : ROWS : 
2024-02-01 21:03:03 [debug] : 1---------------------------------E query


2024-02-01 21:03:03 [error] : PASSPORT localVerify Error :  Cannot read properties of undefined (reading 'user_pwd')
2024-02-01 21:03:03 [error] : >> 
2024-02-01 21:03:03 [info] : ::1 - - [01/Feb/2024:12:03:03 +0000] "POST /auth/signin HTTP/1.1" 500 86 "http://localhost:4000/" "Mozilla/5.0 (Windows NT 10.0; Win64; x64) AppleWebKit/537.36 (KHTML, like Gecko) Chrome/121.0.0.0 Safari/537.36"

2024-02-01 21:03:04 [debug] : ---------------------------------S query
2024-02-01 21:03:04 [debug] : SQL : SELECT business_cd, user_uuid, user_id, user_pwd, user_nm, user_cd, user_birth, user_regno, corp_cnno, status_cd, login_fail_cnt, login_block_yn FROM TCOM0110A WHERE business_cd = 'ADM' and user_cd = 'IND' and user_id = 'kirakira42' and (status_cd not in ('90') || status_cd is null)
2024-02-01 21:03:04 [debug] : ROWS : 
2024-02-01 21:03:04 [debug] : 1---------------------------------E query


2024-02-01 21:03:04 [error] : PASSPORT localVerify Error :  Cannot read properties of undefined (reading 'user_pwd')
2024-02-01 21:03:04 [error] : >> 
2024-02-01 21:03:04 [info] : ::1 - - [01/Feb/2024:12:03:04 +0000] "POST /auth/signin HTTP/1.1" 500 86 "http://localhost:4000/" "Mozilla/5.0 (Windows NT 10.0; Win64; x64) AppleWebKit/537.36 (KHTML, like Gecko) Chrome/121.0.0.0 Safari/537.36"

2024-02-01 21:03:05 [debug] : ---------------------------------S query
2024-02-01 21:03:05 [debug] : SQL : SELECT business_cd, user_uuid, user_id, user_pwd, user_nm, user_cd, user_birth, user_regno, corp_cnno, status_cd, login_fail_cnt, login_block_yn FROM TCOM0110A WHERE business_cd = 'ADM' and user_cd = 'IND' and user_id = 'kirakira42' and (status_cd not in ('90') || status_cd is null)
2024-02-01 21:03:05 [debug] : ROWS : 
2024-02-01 21:03:05 [debug] : 1---------------------------------E query


2024-02-01 21:03:05 [error] : PASSPORT localVerify Error :  Cannot read properties of undefined (reading 'user_pwd')
2024-02-01 21:03:05 [error] : >> 
2024-02-01 21:03:05 [info] : ::1 - - [01/Feb/2024:12:03:05 +0000] "POST /auth/signin HTTP/1.1" 500 86 "http://localhost:4000/" "Mozilla/5.0 (Windows NT 10.0; Win64; x64) AppleWebKit/537.36 (KHTML, like Gecko) Chrome/121.0.0.0 Safari/537.36"

2024-02-01 21:03:05 [debug] : ---------------------------------S query
2024-02-01 21:03:05 [debug] : SQL : SELECT business_cd, user_uuid, user_id, user_pwd, user_nm, user_cd, user_birth, user_regno, corp_cnno, status_cd, login_fail_cnt, login_block_yn FROM TCOM0110A WHERE business_cd = 'ADM' and user_cd = 'IND' and user_id = 'kirakira42' and (status_cd not in ('90') || status_cd is null)
2024-02-01 21:03:05 [debug] : ROWS : 
2024-02-01 21:03:05 [debug] : 1---------------------------------E query


2024-02-01 21:03:05 [error] : PASSPORT localVerify Error :  Cannot read properties of undefined (reading 'user_pwd')
2024-02-01 21:03:05 [error] : >> 
2024-02-01 21:03:05 [info] : ::1 - - [01/Feb/2024:12:03:05 +0000] "POST /auth/signin HTTP/1.1" 500 86 "http://localhost:4000/" "Mozilla/5.0 (Windows NT 10.0; Win64; x64) AppleWebKit/537.36 (KHTML, like Gecko) Chrome/121.0.0.0 Safari/537.36"

2024-02-01 21:03:06 [debug] : ---------------------------------S query
2024-02-01 21:03:06 [debug] : SQL : SELECT business_cd, user_uuid, user_id, user_pwd, user_nm, user_cd, user_birth, user_regno, corp_cnno, status_cd, login_fail_cnt, login_block_yn FROM TCOM0110A WHERE business_cd = 'ADM' and user_cd = 'IND' and user_id = 'kirakira42' and (status_cd not in ('90') || status_cd is null)
2024-02-01 21:03:06 [debug] : ROWS : 
2024-02-01 21:03:06 [debug] : 1---------------------------------E query


2024-02-01 21:03:06 [error] : PASSPORT localVerify Error :  Cannot read properties of undefined (reading 'user_pwd')
2024-02-01 21:03:06 [error] : >> 
2024-02-01 21:03:06 [info] : ::1 - - [01/Feb/2024:12:03:06 +0000] "POST /auth/signin HTTP/1.1" 500 86 "http://localhost:4000/" "Mozilla/5.0 (Windows NT 10.0; Win64; x64) AppleWebKit/537.36 (KHTML, like Gecko) Chrome/121.0.0.0 Safari/537.36"

2024-02-01 21:07:28 [debug] : ---------------------------------S query
2024-02-01 21:07:28 [debug] : SQL : SELECT business_cd, user_uuid, user_id, user_pwd, user_nm, user_cd, user_birth, user_regno, corp_cnno, status_cd, login_fail_cnt, login_block_yn FROM TCOM0110A WHERE business_cd = 'ADM' and user_cd = 'IND' and user_id = 'kirakira42' and (status_cd not in ('90') || status_cd is null)
2024-02-01 21:07:28 [debug] : ROWS : 
2024-02-01 21:07:28 [debug] : 1---------------------------------E query


2024-02-01 21:07:28 [error] : PASSPORT localVerify Error :  Cannot read properties of undefined (reading 'user_pwd')
2024-02-01 21:07:28 [error] : >> 
2024-02-01 21:07:28 [info] : ::1 - - [01/Feb/2024:12:07:28 +0000] "POST /auth/signin HTTP/1.1" 500 86 "http://localhost:4000/" "Mozilla/5.0 (Windows NT 10.0; Win64; x64) AppleWebKit/537.36 (KHTML, like Gecko) Chrome/121.0.0.0 Safari/537.36"

2024-02-01 21:07:29 [debug] : ---------------------------------S query
2024-02-01 21:07:29 [debug] : SQL : SELECT business_cd, user_uuid, user_id, user_pwd, user_nm, user_cd, user_birth, user_regno, corp_cnno, status_cd, login_fail_cnt, login_block_yn FROM TCOM0110A WHERE business_cd = 'ADM' and user_cd = 'IND' and user_id = 'kirakira42' and (status_cd not in ('90') || status_cd is null)
2024-02-01 21:07:29 [debug] : ROWS : 
2024-02-01 21:07:29 [debug] : 1---------------------------------E query


2024-02-01 21:07:29 [error] : PASSPORT localVerify Error :  Cannot read properties of undefined (reading 'user_pwd')
2024-02-01 21:07:29 [error] : >> 
2024-02-01 21:07:29 [info] : ::1 - - [01/Feb/2024:12:07:29 +0000] "POST /auth/signin HTTP/1.1" 500 86 "http://localhost:4000/" "Mozilla/5.0 (Windows NT 10.0; Win64; x64) AppleWebKit/537.36 (KHTML, like Gecko) Chrome/121.0.0.0 Safari/537.36"

2024-02-01 21:07:29 [debug] : ---------------------------------S query
2024-02-01 21:07:29 [debug] : SQL : SELECT business_cd, user_uuid, user_id, user_pwd, user_nm, user_cd, user_birth, user_regno, corp_cnno, status_cd, login_fail_cnt, login_block_yn FROM TCOM0110A WHERE business_cd = 'ADM' and user_cd = 'IND' and user_id = 'kirakira42' and (status_cd not in ('90') || status_cd is null)
2024-02-01 21:07:29 [debug] : ROWS : 
2024-02-01 21:07:29 [debug] : 1---------------------------------E query


2024-02-01 21:07:29 [error] : PASSPORT localVerify Error :  Cannot read properties of undefined (reading 'user_pwd')
2024-02-01 21:07:29 [error] : >> 
2024-02-01 21:07:29 [info] : ::1 - - [01/Feb/2024:12:07:29 +0000] "POST /auth/signin HTTP/1.1" 500 86 "http://localhost:4000/" "Mozilla/5.0 (Windows NT 10.0; Win64; x64) AppleWebKit/537.36 (KHTML, like Gecko) Chrome/121.0.0.0 Safari/537.36"

2024-02-01 21:07:30 [debug] : ---------------------------------S query
2024-02-01 21:07:30 [debug] : SQL : SELECT business_cd, user_uuid, user_id, user_pwd, user_nm, user_cd, user_birth, user_regno, corp_cnno, status_cd, login_fail_cnt, login_block_yn FROM TCOM0110A WHERE business_cd = 'ADM' and user_cd = 'IND' and user_id = 'kirakira42' and (status_cd not in ('90') || status_cd is null)
2024-02-01 21:07:30 [debug] : ROWS : 
2024-02-01 21:07:30 [debug] : 1---------------------------------E query


2024-02-01 21:07:30 [error] : PASSPORT localVerify Error :  Cannot read properties of undefined (reading 'user_pwd')
2024-02-01 21:07:30 [error] : >> 
2024-02-01 21:07:30 [info] : ::1 - - [01/Feb/2024:12:07:30 +0000] "POST /auth/signin HTTP/1.1" 500 86 "http://localhost:4000/" "Mozilla/5.0 (Windows NT 10.0; Win64; x64) AppleWebKit/537.36 (KHTML, like Gecko) Chrome/121.0.0.0 Safari/537.36"

2024-02-01 21:07:30 [debug] : ---------------------------------S query
2024-02-01 21:07:30 [debug] : SQL : SELECT business_cd, user_uuid, user_id, user_pwd, user_nm, user_cd, user_birth, user_regno, corp_cnno, status_cd, login_fail_cnt, login_block_yn FROM TCOM0110A WHERE business_cd = 'ADM' and user_cd = 'IND' and user_id = 'kirakira42' and (status_cd not in ('90') || status_cd is null)
2024-02-01 21:07:30 [debug] : ROWS : 
2024-02-01 21:07:30 [debug] : 1---------------------------------E query


2024-02-01 21:07:30 [error] : PASSPORT localVerify Error :  Cannot read properties of undefined (reading 'user_pwd')
2024-02-01 21:07:30 [error] : >> 
2024-02-01 21:07:30 [info] : ::1 - - [01/Feb/2024:12:07:30 +0000] "POST /auth/signin HTTP/1.1" 500 86 "http://localhost:4000/" "Mozilla/5.0 (Windows NT 10.0; Win64; x64) AppleWebKit/537.36 (KHTML, like Gecko) Chrome/121.0.0.0 Safari/537.36"

2024-02-01 21:07:30 [debug] : ---------------------------------S query
2024-02-01 21:07:30 [debug] : SQL : SELECT business_cd, user_uuid, user_id, user_pwd, user_nm, user_cd, user_birth, user_regno, corp_cnno, status_cd, login_fail_cnt, login_block_yn FROM TCOM0110A WHERE business_cd = 'ADM' and user_cd = 'IND' and user_id = 'kirakira42' and (status_cd not in ('90') || status_cd is null)
2024-02-01 21:07:30 [debug] : ROWS : 
2024-02-01 21:07:30 [debug] : 1---------------------------------E query


2024-02-01 21:07:30 [error] : PASSPORT localVerify Error :  Cannot read properties of undefined (reading 'user_pwd')
2024-02-01 21:07:30 [error] : >> 
2024-02-01 21:07:30 [info] : ::1 - - [01/Feb/2024:12:07:30 +0000] "POST /auth/signin HTTP/1.1" 500 86 "http://localhost:4000/" "Mozilla/5.0 (Windows NT 10.0; Win64; x64) AppleWebKit/537.36 (KHTML, like Gecko) Chrome/121.0.0.0 Safari/537.36"

2024-02-01 21:07:30 [debug] : ---------------------------------S query
2024-02-01 21:07:30 [debug] : SQL : SELECT business_cd, user_uuid, user_id, user_pwd, user_nm, user_cd, user_birth, user_regno, corp_cnno, status_cd, login_fail_cnt, login_block_yn FROM TCOM0110A WHERE business_cd = 'ADM' and user_cd = 'IND' and user_id = 'kirakira42' and (status_cd not in ('90') || status_cd is null)
2024-02-01 21:07:30 [debug] : ROWS : 
2024-02-01 21:07:30 [debug] : 1---------------------------------E query


2024-02-01 21:07:30 [error] : PASSPORT localVerify Error :  Cannot read properties of undefined (reading 'user_pwd')
2024-02-01 21:07:30 [error] : >> 
2024-02-01 21:07:30 [info] : ::1 - - [01/Feb/2024:12:07:30 +0000] "POST /auth/signin HTTP/1.1" 500 86 "http://localhost:4000/" "Mozilla/5.0 (Windows NT 10.0; Win64; x64) AppleWebKit/537.36 (KHTML, like Gecko) Chrome/121.0.0.0 Safari/537.36"

2024-02-01 21:07:31 [debug] : ---------------------------------S query
2024-02-01 21:07:31 [debug] : SQL : SELECT business_cd, user_uuid, user_id, user_pwd, user_nm, user_cd, user_birth, user_regno, corp_cnno, status_cd, login_fail_cnt, login_block_yn FROM TCOM0110A WHERE business_cd = 'ADM' and user_cd = 'IND' and user_id = 'kirakira42' and (status_cd not in ('90') || status_cd is null)
2024-02-01 21:07:31 [debug] : ROWS : 
2024-02-01 21:07:31 [debug] : 1---------------------------------E query


2024-02-01 21:07:31 [error] : PASSPORT localVerify Error :  Cannot read properties of undefined (reading 'user_pwd')
2024-02-01 21:07:31 [error] : >> 
2024-02-01 21:07:31 [info] : ::1 - - [01/Feb/2024:12:07:31 +0000] "POST /auth/signin HTTP/1.1" 500 86 "http://localhost:4000/" "Mozilla/5.0 (Windows NT 10.0; Win64; x64) AppleWebKit/537.36 (KHTML, like Gecko) Chrome/121.0.0.0 Safari/537.36"

2024-02-01 21:07:31 [debug] : ---------------------------------S query
2024-02-01 21:07:31 [debug] : SQL : SELECT business_cd, user_uuid, user_id, user_pwd, user_nm, user_cd, user_birth, user_regno, corp_cnno, status_cd, login_fail_cnt, login_block_yn FROM TCOM0110A WHERE business_cd = 'ADM' and user_cd = 'IND' and user_id = 'kirakira42' and (status_cd not in ('90') || status_cd is null)
2024-02-01 21:07:31 [debug] : ROWS : 
2024-02-01 21:07:31 [debug] : 1---------------------------------E query


2024-02-01 21:07:31 [error] : PASSPORT localVerify Error :  Cannot read properties of undefined (reading 'user_pwd')
2024-02-01 21:07:31 [error] : >> 
2024-02-01 21:07:31 [info] : ::1 - - [01/Feb/2024:12:07:31 +0000] "POST /auth/signin HTTP/1.1" 500 86 "http://localhost:4000/" "Mozilla/5.0 (Windows NT 10.0; Win64; x64) AppleWebKit/537.36 (KHTML, like Gecko) Chrome/121.0.0.0 Safari/537.36"

2024-02-01 21:35:11 [debug] : ---------------------------------S query
2024-02-01 21:35:11 [debug] : SQL : SELECT business_cd, user_uuid, user_id, user_pwd, user_nm, user_cd, user_birth, user_regno, corp_cnno, status_cd, login_fail_cnt, login_block_yn FROM TCOM0110A WHERE business_cd = 'ADM' and user_cd = 'IND' and user_id = 'kirakira42' and (status_cd not in ('90') || status_cd is null)
2024-02-01 21:35:11 [debug] : ROWS : 
2024-02-01 21:35:11 [debug] : 1---------------------------------E query


2024-02-01 21:35:11 [error] : PASSPORT localVerify Error :  Cannot read properties of undefined (reading 'user_pwd')
2024-02-01 21:35:11 [error] : >> 
2024-02-01 21:35:11 [info] : ::1 - - [01/Feb/2024:12:35:11 +0000] "POST /auth/signin HTTP/1.1" 500 86 "http://localhost:4000/" "Mozilla/5.0 (Windows NT 10.0; Win64; x64) AppleWebKit/537.36 (KHTML, like Gecko) Chrome/121.0.0.0 Safari/537.36"

2024-02-01 21:35:12 [debug] : ---------------------------------S query
2024-02-01 21:35:12 [debug] : SQL : SELECT business_cd, user_uuid, user_id, user_pwd, user_nm, user_cd, user_birth, user_regno, corp_cnno, status_cd, login_fail_cnt, login_block_yn FROM TCOM0110A WHERE business_cd = 'ADM' and user_cd = 'IND' and user_id = 'kirakira42' and (status_cd not in ('90') || status_cd is null)
2024-02-01 21:35:12 [debug] : ROWS : 
2024-02-01 21:35:12 [debug] : 1---------------------------------E query


2024-02-01 21:35:12 [error] : PASSPORT localVerify Error :  Cannot read properties of undefined (reading 'user_pwd')
2024-02-01 21:35:12 [error] : >> 
2024-02-01 21:35:12 [info] : ::1 - - [01/Feb/2024:12:35:12 +0000] "POST /auth/signin HTTP/1.1" 500 86 "http://localhost:4000/" "Mozilla/5.0 (Windows NT 10.0; Win64; x64) AppleWebKit/537.36 (KHTML, like Gecko) Chrome/121.0.0.0 Safari/537.36"

2024-02-01 21:35:12 [debug] : ---------------------------------S query
2024-02-01 21:35:12 [debug] : SQL : SELECT business_cd, user_uuid, user_id, user_pwd, user_nm, user_cd, user_birth, user_regno, corp_cnno, status_cd, login_fail_cnt, login_block_yn FROM TCOM0110A WHERE business_cd = 'ADM' and user_cd = 'IND' and user_id = 'kirakira42' and (status_cd not in ('90') || status_cd is null)
2024-02-01 21:35:12 [debug] : ROWS : 
2024-02-01 21:35:12 [debug] : 1---------------------------------E query


2024-02-01 21:35:12 [error] : PASSPORT localVerify Error :  Cannot read properties of undefined (reading 'user_pwd')
2024-02-01 21:35:12 [error] : >> 
2024-02-01 21:35:12 [info] : ::1 - - [01/Feb/2024:12:35:12 +0000] "POST /auth/signin HTTP/1.1" 500 86 "http://localhost:4000/" "Mozilla/5.0 (Windows NT 10.0; Win64; x64) AppleWebKit/537.36 (KHTML, like Gecko) Chrome/121.0.0.0 Safari/537.36"

2024-02-01 21:35:12 [debug] : ---------------------------------S query
2024-02-01 21:35:12 [debug] : SQL : SELECT business_cd, user_uuid, user_id, user_pwd, user_nm, user_cd, user_birth, user_regno, corp_cnno, status_cd, login_fail_cnt, login_block_yn FROM TCOM0110A WHERE business_cd = 'ADM' and user_cd = 'IND' and user_id = 'kirakira42' and (status_cd not in ('90') || status_cd is null)
2024-02-01 21:35:12 [debug] : ROWS : 
2024-02-01 21:35:12 [debug] : 1---------------------------------E query


2024-02-01 21:35:12 [error] : PASSPORT localVerify Error :  Cannot read properties of undefined (reading 'user_pwd')
2024-02-01 21:35:12 [error] : >> 
2024-02-01 21:35:12 [info] : ::1 - - [01/Feb/2024:12:35:12 +0000] "POST /auth/signin HTTP/1.1" 500 86 "http://localhost:4000/" "Mozilla/5.0 (Windows NT 10.0; Win64; x64) AppleWebKit/537.36 (KHTML, like Gecko) Chrome/121.0.0.0 Safari/537.36"

2024-02-01 21:35:13 [debug] : ---------------------------------S query
2024-02-01 21:35:13 [debug] : SQL : SELECT business_cd, user_uuid, user_id, user_pwd, user_nm, user_cd, user_birth, user_regno, corp_cnno, status_cd, login_fail_cnt, login_block_yn FROM TCOM0110A WHERE business_cd = 'ADM' and user_cd = 'IND' and user_id = 'kirakira42' and (status_cd not in ('90') || status_cd is null)
2024-02-01 21:35:13 [debug] : ROWS : 
2024-02-01 21:35:13 [debug] : 1---------------------------------E query


2024-02-01 21:35:13 [error] : PASSPORT localVerify Error :  Cannot read properties of undefined (reading 'user_pwd')
2024-02-01 21:35:13 [error] : >> 
2024-02-01 21:35:13 [info] : ::1 - - [01/Feb/2024:12:35:13 +0000] "POST /auth/signin HTTP/1.1" 500 86 "http://localhost:4000/" "Mozilla/5.0 (Windows NT 10.0; Win64; x64) AppleWebKit/537.36 (KHTML, like Gecko) Chrome/121.0.0.0 Safari/537.36"

2024-02-01 21:35:13 [debug] : ---------------------------------S query
2024-02-01 21:35:13 [debug] : SQL : SELECT business_cd, user_uuid, user_id, user_pwd, user_nm, user_cd, user_birth, user_regno, corp_cnno, status_cd, login_fail_cnt, login_block_yn FROM TCOM0110A WHERE business_cd = 'ADM' and user_cd = 'IND' and user_id = 'kirakira42' and (status_cd not in ('90') || status_cd is null)
2024-02-01 21:35:13 [debug] : ROWS : 
2024-02-01 21:35:13 [debug] : 1---------------------------------E query


2024-02-01 21:35:13 [error] : PASSPORT localVerify Error :  Cannot read properties of undefined (reading 'user_pwd')
2024-02-01 21:35:13 [error] : >> 
2024-02-01 21:35:13 [info] : ::1 - - [01/Feb/2024:12:35:13 +0000] "POST /auth/signin HTTP/1.1" 500 86 "http://localhost:4000/" "Mozilla/5.0 (Windows NT 10.0; Win64; x64) AppleWebKit/537.36 (KHTML, like Gecko) Chrome/121.0.0.0 Safari/537.36"

2024-02-01 21:35:30 [debug] : ---------------------------------S query
2024-02-01 21:35:30 [debug] : SQL : SELECT business_cd, user_uuid, user_id, user_pwd, user_nm, user_cd, user_birth, user_regno, corp_cnno, status_cd, login_fail_cnt, login_block_yn FROM TCOM0110A WHERE business_cd = 'ADM' and user_cd = 'IND' and user_id = 'Lkgf03g' and (status_cd not in ('90') || status_cd is null)
2024-02-01 21:35:30 [debug] : ROWS : 
2024-02-01 21:35:30 [debug] : 1---------------------------------E query


2024-02-01 21:35:30 [error] : passport isAuth  : true
2024-02-01 21:35:30 [debug] : ---------------------------------S query
2024-02-01 21:35:30 [debug] : SQL : UPDATE TCOM0110A SET login_fail_cnt = 0
                                            , login_block_yn = 'N'
                         WHERE business_cd = 'ADM' and user_cd = 'IND' and user_id = 'Lkgf03g' and (status_cd not in ('90') || status_cd is null)
2024-02-01 21:35:30 [debug] : ROWS : 
2024-02-01 21:35:30 [debug] : 1---------------------------------E query


2024-02-01 21:35:30 [debug] : {
   "business_cd": "ADM",
   "user_uuid": "8cd7e11d53a441169f638f18b0aac029",
   "user_id": "Lkgf03g",
   "user_pwd": "$2a$10$RYqhgOTL.klk2Do7wakTDeWk6waGw7fmOFw9ZpCFIt1ljuC30PvQu",
   "user_nm": "윤자영",
   "user_cd": "IND",
   "user_birth": "",
   "user_regno": "",
   "corp_cnno": "",
   "status_cd": "30",
   "login_fail_cnt": 0,
   "login_block_yn": "N"
}
2024-02-01 21:35:30 [info] : ::1 - - [01/Feb/2024:12:35:30 +0000] "POST /auth/signin HTTP/1.1" 200 556 "http://localhost:4000/" "Mozilla/5.0 (Windows NT 10.0; Win64; x64) AppleWebKit/537.36 (KHTML, like Gecko) Chrome/121.0.0.0 Safari/537.36"

