2023-09-23 11:09:35 [info] : Server off
2023-09-23 11:09:44 [info] : Server on port 3000 | run
2023-09-23 11:13:14 [debug] : ---------------------------------S query
2023-09-23 11:13:14 [debug] : SQL : SELECT business_cd, user_uuid, user_id, user_pwd, user_nm, user_cd, user_birth, user_regno, corp_cnno, status_cd, login_fail_cnt, login_block_yn FROM TCOM0110A WHERE business_cd = 'TAX' and user_cd = 'IND' and user_id = 'kirakira42' and status_cd not in ('90')
2023-09-23 11:13:14 [debug] : ROWS : 
2023-09-23 11:13:14 [debug] : 1---------------------------------E query


2023-09-23 11:13:14 [error] : passport isAuth  : true
2023-09-23 11:13:14 [debug] : ---------------------------------S query
2023-09-23 11:13:14 [debug] : SQL : UPDATE TCOM0110A SET login_fail_cnt = 0
                                            , login_block_yn = 'N'
                         WHERE business_cd = 'TAX' and user_cd = 'IND' and user_id = 'kirakira42' and status_cd not in ('90')
2023-09-23 11:13:14 [debug] : ROWS : 
2023-09-23 11:13:14 [debug] : 1---------------------------------E query


2023-09-23 11:13:14 [debug] : {
   "business_cd": "TAX",
   "user_uuid": "c1a24f01793a487e8882f5a4d76ec8e7",
   "user_id": "kirakira42",
   "user_pwd": "$2a$10$3tTclxpEzAROW7YMur4lMOIkTaKeqNJ/5lW6A37WRYVpSHdjka8Pu",
   "user_nm": "윤자영",
   "user_cd": "IND",
   "user_birth": "830402",
   "user_regno": "333333",
   "corp_cnno": "190-23-01655",
   "status_cd": "30",
   "login_fail_cnt": 0,
   "login_block_yn": "N"
}
2023-09-23 11:13:14 [info] : ::1 - - [23/Sep/2023:02:13:14 +0000] "POST /auth/signin HTTP/1.1" 200 559 "http://localhost:4000/" "Mozilla/5.0 (Windows NT 10.0; Win64; x64) AppleWebKit/537.36 (KHTML, like Gecko) Chrome/116.0.0.0 Safari/537.36"

2023-09-23 11:16:53 [info] : Server on port 3000 | run
2023-09-23 11:17:01 [debug] : ---------------------------------S query
2023-09-23 11:17:01 [debug] : SQL : SELECT business_cd, user_uuid, user_id, user_pwd, user_nm, user_cd, user_birth, user_regno, corp_cnno, status_cd, login_fail_cnt, login_block_yn FROM TCOM0110A WHERE business_cd = 'TAX' and user_cd = 'IND' and user_id = 'kirakira42' and status_cd not in ('90')
2023-09-23 11:17:01 [debug] : ROWS : 
2023-09-23 11:17:01 [debug] : 1---------------------------------E query


2023-09-23 11:17:01 [error] : passport isAuth  : true
2023-09-23 11:17:01 [debug] : ---------------------------------S query
2023-09-23 11:17:01 [debug] : SQL : UPDATE TCOM0110A SET login_fail_cnt = 0
                                            , login_block_yn = 'N'
                         WHERE business_cd = 'TAX' and user_cd = 'IND' and user_id = 'kirakira42' and status_cd not in ('90')
2023-09-23 11:17:01 [debug] : ROWS : 
2023-09-23 11:17:01 [debug] : 1---------------------------------E query


2023-09-23 11:17:01 [debug] : {
   "business_cd": "TAX",
   "user_uuid": "c1a24f01793a487e8882f5a4d76ec8e7",
   "user_id": "kirakira42",
   "user_pwd": "$2a$10$3tTclxpEzAROW7YMur4lMOIkTaKeqNJ/5lW6A37WRYVpSHdjka8Pu",
   "user_nm": "윤자영",
   "user_cd": "IND",
   "user_birth": "830402",
   "user_regno": "333333",
   "corp_cnno": "190-23-01655",
   "status_cd": "30",
   "login_fail_cnt": 0,
   "login_block_yn": "N"
}
2023-09-23 11:17:01 [info] : ::1 - - [23/Sep/2023:02:17:01 +0000] "POST /auth/signin HTTP/1.1" 200 559 "http://localhost:4000/" "Mozilla/5.0 (Windows NT 10.0; Win64; x64) AppleWebKit/537.36 (KHTML, like Gecko) Chrome/116.0.0.0 Safari/537.36"

2023-09-23 11:17:06 [info] : Server on port 3000 | run
2023-09-23 11:17:10 [debug] : ---------------------------------S query
2023-09-23 11:17:10 [debug] : SQL : SELECT grp_cd, dtl_cd as value, dtl_nm as title, description as rmk FROM TCOM0011A
2023-09-23 11:17:10 [debug] : ROWS : 
2023-09-23 11:17:10 [debug] : 1---------------------------------E query


2023-09-23 11:17:10 [info] : ::1 - - [23/Sep/2023:02:17:10 +0000] "POST /COMMON/code/all HTTP/1.1" 200 4946 "http://localhost:4000/" "Mozilla/5.0 (Windows NT 10.0; Win64; x64) AppleWebKit/537.36 (KHTML, like Gecko) Chrome/116.0.0.0 Safari/537.36"

2023-09-23 11:17:12 [debug] : ---------------------------------S query
2023-09-23 11:17:12 [debug] : SQL : SELECT user_pwd FROM TCOM0110A WHERE user_uuid = 'c1a24f01793a487e8882f5a4d76ec8e7' and user_id = 'kirakira42'
2023-09-23 11:17:12 [debug] : ROWS : 
2023-09-23 11:17:12 [debug] : 1---------------------------------E query


2023-09-23 11:17:13 [info] : ::1 - - [23/Sep/2023:02:17:13 +0000] "POST /user/isVerifyPassword HTTP/1.1" 200 67 "http://localhost:4000/" "Mozilla/5.0 (Windows NT 10.0; Win64; x64) AppleWebKit/537.36 (KHTML, like Gecko) Chrome/116.0.0.0 Safari/537.36"

2023-09-23 11:17:13 [error] : >> 
2023-09-23 11:17:13 [info] : ::1 - - [23/Sep/2023:02:17:13 +0000] "POST /user/select HTTP/1.1" 500 76 "http://localhost:4000/" "Mozilla/5.0 (Windows NT 10.0; Win64; x64) AppleWebKit/537.36 (KHTML, like Gecko) Chrome/116.0.0.0 Safari/537.36"

2023-09-23 11:17:15 [debug] : ---------------------------------S query
2023-09-23 11:17:15 [debug] : SQL : SELECT user_pwd FROM TCOM0110A WHERE user_uuid = 'c1a24f01793a487e8882f5a4d76ec8e7' and user_id = 'kirakira42'
2023-09-23 11:17:15 [debug] : ROWS : 
2023-09-23 11:17:15 [debug] : 1---------------------------------E query


2023-09-23 11:17:15 [info] : ::1 - - [23/Sep/2023:02:17:15 +0000] "POST /user/isVerifyPassword HTTP/1.1" 200 67 "http://localhost:4000/" "Mozilla/5.0 (Windows NT 10.0; Win64; x64) AppleWebKit/537.36 (KHTML, like Gecko) Chrome/116.0.0.0 Safari/537.36"

2023-09-23 11:17:15 [error] : >> 
2023-09-23 11:17:15 [info] : ::1 - - [23/Sep/2023:02:17:15 +0000] "POST /user/select HTTP/1.1" 500 76 "http://localhost:4000/" "Mozilla/5.0 (Windows NT 10.0; Win64; x64) AppleWebKit/537.36 (KHTML, like Gecko) Chrome/116.0.0.0 Safari/537.36"

2023-09-23 11:22:40 [debug] : ---------------------------------S query
2023-09-23 11:22:40 [debug] : SQL : SELECT business_cd, user_uuid, user_id, user_pwd, user_nm, user_cd, user_birth, user_regno, corp_cnno, status_cd, login_fail_cnt, login_block_yn FROM TCOM0110A WHERE business_cd = 'TAX' and user_cd = 'IND' and user_id = 'kirakira42' and status_cd not in ('90')
2023-09-23 11:22:40 [debug] : ROWS : 
2023-09-23 11:22:40 [debug] : 1---------------------------------E query


2023-09-23 11:22:40 [error] : passport isAuth  : true
2023-09-23 11:22:40 [debug] : ---------------------------------S query
2023-09-23 11:22:40 [debug] : SQL : UPDATE TCOM0110A SET login_fail_cnt = 0
                                            , login_block_yn = 'N'
                         WHERE business_cd = 'TAX' and user_cd = 'IND' and user_id = 'kirakira42' and status_cd not in ('90')
2023-09-23 11:22:40 [debug] : ROWS : 
2023-09-23 11:22:40 [debug] : 1---------------------------------E query


2023-09-23 11:22:40 [debug] : {
   "business_cd": "TAX",
   "user_uuid": "c1a24f01793a487e8882f5a4d76ec8e7",
   "user_id": "kirakira42",
   "user_pwd": "$2a$10$3tTclxpEzAROW7YMur4lMOIkTaKeqNJ/5lW6A37WRYVpSHdjka8Pu",
   "user_nm": "윤자영",
   "user_cd": "IND",
   "user_birth": "830402",
   "user_regno": "333333",
   "corp_cnno": "190-23-01655",
   "status_cd": "30",
   "login_fail_cnt": 0,
   "login_block_yn": "N"
}
2023-09-23 11:22:40 [info] : ::1 - - [23/Sep/2023:02:22:40 +0000] "POST /auth/signin HTTP/1.1" 200 559 "http://localhost:4000/" "Mozilla/5.0 (Windows NT 10.0; Win64; x64) AppleWebKit/537.36 (KHTML, like Gecko) Chrome/116.0.0.0 Safari/537.36"

2023-09-23 11:22:54 [info] : Server on port 3000 | run
2023-09-23 11:23:03 [debug] : ---------------------------------S query
2023-09-23 11:23:03 [debug] : SQL : SELECT business_cd, user_uuid, user_id, user_pwd, user_nm, user_cd, user_birth, user_regno, corp_cnno, status_cd, login_fail_cnt, login_block_yn FROM TCOM0110A WHERE business_cd = 'TAX' and user_cd = 'IND' and user_id = 'kirakira42' and status_cd not in ('90')
2023-09-23 11:23:03 [debug] : ROWS : 
2023-09-23 11:23:03 [debug] : 1---------------------------------E query


2023-09-23 11:23:03 [error] : passport isAuth  : true
2023-09-23 11:23:03 [debug] : ---------------------------------S query
2023-09-23 11:23:03 [debug] : SQL : UPDATE TCOM0110A SET login_fail_cnt = 0
                                            , login_block_yn = 'N'
                         WHERE business_cd = 'TAX' and user_cd = 'IND' and user_id = 'kirakira42' and status_cd not in ('90')
2023-09-23 11:23:03 [debug] : ROWS : 
2023-09-23 11:23:03 [debug] : 1---------------------------------E query


2023-09-23 11:23:03 [debug] : {
   "business_cd": "TAX",
   "user_uuid": "c1a24f01793a487e8882f5a4d76ec8e7",
   "user_id": "kirakira42",
   "user_pwd": "$2a$10$3tTclxpEzAROW7YMur4lMOIkTaKeqNJ/5lW6A37WRYVpSHdjka8Pu",
   "user_nm": "윤자영",
   "user_cd": "IND",
   "user_birth": "830402",
   "user_regno": "333333",
   "corp_cnno": "190-23-01655",
   "status_cd": "30",
   "login_fail_cnt": 0,
   "login_block_yn": "N"
}
2023-09-23 11:23:03 [info] : ::1 - - [23/Sep/2023:02:23:03 +0000] "POST /auth/signin HTTP/1.1" 200 559 "http://localhost:4000/" "Mozilla/5.0 (Windows NT 10.0; Win64; x64) AppleWebKit/537.36 (KHTML, like Gecko) Chrome/116.0.0.0 Safari/537.36"

2023-09-23 11:23:20 [info] : Server on port 3000 | run
2023-09-23 11:24:45 [debug] : ---------------------------------S query
2023-09-23 11:24:45 [debug] : SQL : SELECT business_cd, user_uuid, user_id, user_pwd, user_nm, user_cd, user_birth, user_regno, corp_cnno, status_cd, login_fail_cnt, login_block_yn FROM TCOM0110A WHERE business_cd = 'TAX' and user_cd = 'IND' and user_id = 'kirakira42' and status_cd not in ('90')
2023-09-23 11:24:45 [debug] : ROWS : 
2023-09-23 11:24:45 [debug] : 1---------------------------------E query


2023-09-23 11:24:46 [error] : passport isAuth  : true
2023-09-23 11:24:46 [debug] : ---------------------------------S query
2023-09-23 11:24:46 [debug] : SQL : UPDATE TCOM0110A SET login_fail_cnt = 0
                                            , login_block_yn = 'N'
                         WHERE business_cd = 'TAX' and user_cd = 'IND' and user_id = 'kirakira42' and status_cd not in ('90')
2023-09-23 11:24:46 [debug] : ROWS : 
2023-09-23 11:24:46 [debug] : 1---------------------------------E query


2023-09-23 11:24:46 [debug] : {
   "business_cd": "TAX",
   "user_uuid": "c1a24f01793a487e8882f5a4d76ec8e7",
   "user_id": "kirakira42",
   "user_pwd": "$2a$10$3tTclxpEzAROW7YMur4lMOIkTaKeqNJ/5lW6A37WRYVpSHdjka8Pu",
   "user_nm": "윤자영",
   "user_cd": "IND",
   "user_birth": "830402",
   "user_regno": "333333",
   "corp_cnno": "190-23-01655",
   "status_cd": "30",
   "login_fail_cnt": 0,
   "login_block_yn": "N"
}
2023-09-23 11:24:46 [info] : ::1 - - [23/Sep/2023:02:24:46 +0000] "POST /auth/signin HTTP/1.1" 200 559 "http://localhost:4000/" "Mozilla/5.0 (Windows NT 10.0; Win64; x64) AppleWebKit/537.36 (KHTML, like Gecko) Chrome/116.0.0.0 Safari/537.36"

2023-09-23 11:27:35 [info] : Server on port 3000 | run
2023-09-23 11:27:42 [info] : Server off
2023-09-23 11:27:44 [info] : Server on port 3000 | run
2023-09-23 11:27:57 [debug] : ---------------------------------S query
2023-09-23 11:27:57 [debug] : SQL : SELECT business_cd, user_uuid, user_id, user_pwd, user_nm, user_cd, user_birth, user_regno, corp_cnno, status_cd, login_fail_cnt, login_block_yn FROM TCOM0110A WHERE business_cd = 'TAX' and user_cd = 'IND' and user_id = 'kirakira42' and status_cd not in ('90')
2023-09-23 11:27:57 [debug] : ROWS : 
2023-09-23 11:27:57 [debug] : 1---------------------------------E query


2023-09-23 11:27:57 [error] : passport isAuth  : true
2023-09-23 11:27:57 [debug] : ---------------------------------S query
2023-09-23 11:27:57 [debug] : SQL : UPDATE TCOM0110A SET login_fail_cnt = 0
                                            , login_block_yn = 'N'
                         WHERE business_cd = 'TAX' and user_cd = 'IND' and user_id = 'kirakira42' and status_cd not in ('90')
2023-09-23 11:27:57 [debug] : ROWS : 
2023-09-23 11:27:57 [debug] : 1---------------------------------E query


2023-09-23 11:27:57 [debug] : {
   "business_cd": "TAX",
   "user_uuid": "c1a24f01793a487e8882f5a4d76ec8e7",
   "user_id": "kirakira42",
   "user_pwd": "$2a$10$3tTclxpEzAROW7YMur4lMOIkTaKeqNJ/5lW6A37WRYVpSHdjka8Pu",
   "user_nm": "윤자영",
   "user_cd": "IND",
   "user_birth": "830402",
   "user_regno": "333333",
   "corp_cnno": "190-23-01655",
   "status_cd": "30",
   "login_fail_cnt": 0,
   "login_block_yn": "N"
}
2023-09-23 11:27:57 [info] : ::1 - - [23/Sep/2023:02:27:57 +0000] "POST /auth/signin HTTP/1.1" 200 559 "http://localhost:4000/" "Mozilla/5.0 (Windows NT 10.0; Win64; x64) AppleWebKit/537.36 (KHTML, like Gecko) Chrome/116.0.0.0 Safari/537.36"

2023-09-23 11:29:28 [info] : Server on port 3000 | run
2023-09-23 11:29:45 [debug] : ---------------------------------S query
2023-09-23 11:29:45 [debug] : SQL : SELECT business_cd, user_uuid, user_id, user_pwd, user_nm, user_cd, user_birth, user_regno, corp_cnno, status_cd, login_fail_cnt, login_block_yn FROM TCOM0110A WHERE business_cd = 'TAX' and user_cd = 'IND' and user_id = 'kirakira42' and status_cd not in ('90')
2023-09-23 11:29:45 [debug] : ROWS : 
2023-09-23 11:29:45 [debug] : 1---------------------------------E query


2023-09-23 11:29:45 [error] : passport isAuth  : true
2023-09-23 11:29:45 [debug] : ---------------------------------S query
2023-09-23 11:29:45 [debug] : SQL : UPDATE TCOM0110A SET login_fail_cnt = 0
                                            , login_block_yn = 'N'
                         WHERE business_cd = 'TAX' and user_cd = 'IND' and user_id = 'kirakira42' and status_cd not in ('90')
2023-09-23 11:29:45 [debug] : ROWS : 
2023-09-23 11:29:45 [debug] : 1---------------------------------E query


2023-09-23 11:29:45 [debug] : {
   "business_cd": "TAX",
   "user_uuid": "c1a24f01793a487e8882f5a4d76ec8e7",
   "user_id": "kirakira42",
   "user_pwd": "$2a$10$3tTclxpEzAROW7YMur4lMOIkTaKeqNJ/5lW6A37WRYVpSHdjka8Pu",
   "user_nm": "윤자영",
   "user_cd": "IND",
   "user_birth": "830402",
   "user_regno": "333333",
   "corp_cnno": "190-23-01655",
   "status_cd": "30",
   "login_fail_cnt": 0,
   "login_block_yn": "N"
}
2023-09-23 11:29:45 [info] : ::1 - - [23/Sep/2023:02:29:45 +0000] "POST /auth/signin HTTP/1.1" 200 559 "http://localhost:4000/" "Mozilla/5.0 (Windows NT 10.0; Win64; x64) AppleWebKit/537.36 (KHTML, like Gecko) Chrome/116.0.0.0 Safari/537.36"

2023-09-23 11:34:27 [info] : Server on port 3000 | run
2023-09-23 11:34:37 [debug] : ---------------------------------S query
2023-09-23 11:34:37 [debug] : SQL : SELECT business_cd, user_uuid, user_id, user_pwd, user_nm, user_cd, user_birth, user_regno, corp_cnno, status_cd, login_fail_cnt, login_block_yn FROM TCOM0110A WHERE business_cd = 'TAX' and user_cd = 'IND' and user_id = 'kirakira42' and status_cd not in ('90')
2023-09-23 11:34:37 [debug] : ROWS : 
2023-09-23 11:34:37 [debug] : 1---------------------------------E query


2023-09-23 11:34:37 [error] : passport isAuth  : false
2023-09-23 11:34:37 [debug] : ---------------------------------S query
2023-09-23 11:34:37 [debug] : SQL : UPDATE TCOM0110A SET login_fail_cnt = 0
                                            , login_block_yn = 'N'
                         WHERE business_cd = 'TAX' and user_cd = 'IND' and user_id = 'kirakira42' and status_cd not in ('90')
2023-09-23 11:34:37 [debug] : ROWS : 
2023-09-23 11:34:37 [debug] : 1---------------------------------E query


2023-09-23 11:34:38 [debug] : {
   "business_cd": "TAX",
   "user_uuid": "c1a24f01793a487e8882f5a4d76ec8e7",
   "user_id": "kirakira42",
   "user_pwd": "$2a$10$1WGMj4un2I.ymNK3TIHsk.ONnOaevJabmpK1t00cF1wQkTaiXwm9S",
   "user_nm": "윤자영",
   "user_cd": "IND",
   "user_birth": "830402",
   "user_regno": "333333",
   "corp_cnno": "190-23-01655",
   "status_cd": "30",
   "login_fail_cnt": 0,
   "login_block_yn": "N"
}
2023-09-23 11:34:38 [info] : ::1 - - [23/Sep/2023:02:34:38 +0000] "POST /auth/signin HTTP/1.1" 200 559 "http://localhost:4000/" "Mozilla/5.0 (Windows NT 10.0; Win64; x64) AppleWebKit/537.36 (KHTML, like Gecko) Chrome/116.0.0.0 Safari/537.36"

2023-09-23 11:35:15 [info] : Server on port 3000 | run
2023-09-23 11:35:40 [debug] : ---------------------------------S query
2023-09-23 11:35:40 [debug] : SQL : SELECT business_cd, user_uuid, user_id, user_pwd, user_nm, user_cd, user_birth, user_regno, corp_cnno, status_cd, login_fail_cnt, login_block_yn FROM TCOM0110A WHERE business_cd = 'TAX' and user_cd = 'IND' and user_id = 'kirakira42' and status_cd not in ('90')
2023-09-23 11:35:40 [debug] : ROWS : 
2023-09-23 11:35:40 [debug] : 1---------------------------------E query


2023-09-23 11:35:40 [error] : passport isAuth  : true
2023-09-23 11:35:40 [debug] : ---------------------------------S query
2023-09-23 11:35:40 [debug] : SQL : UPDATE TCOM0110A SET login_fail_cnt = 0
                                            , login_block_yn = 'N'
                         WHERE business_cd = 'TAX' and user_cd = 'IND' and user_id = 'kirakira42' and status_cd not in ('90')
2023-09-23 11:35:40 [debug] : ROWS : 
2023-09-23 11:35:40 [debug] : 1---------------------------------E query


2023-09-23 11:35:40 [debug] : {
   "business_cd": "TAX",
   "user_uuid": "c1a24f01793a487e8882f5a4d76ec8e7",
   "user_id": "kirakira42",
   "user_pwd": "$2a$10$1WGMj4un2I.ymNK3TIHsk.ONnOaevJabmpK1t00cF1wQkTaiXwm9S",
   "user_nm": "윤자영",
   "user_cd": "IND",
   "user_birth": "830402",
   "user_regno": "333333",
   "corp_cnno": "190-23-01655",
   "status_cd": "30",
   "login_fail_cnt": 0,
   "login_block_yn": "N"
}
2023-09-23 11:35:40 [info] : ::1 - - [23/Sep/2023:02:35:40 +0000] "POST /auth/signin HTTP/1.1" 200 559 "http://localhost:4000/" "Mozilla/5.0 (Windows NT 10.0; Win64; x64) AppleWebKit/537.36 (KHTML, like Gecko) Chrome/116.0.0.0 Safari/537.36"

2023-09-23 11:45:26 [info] : Server on port 3000 | run
2023-09-23 11:45:57 [debug] : ---------------------------------S query
2023-09-23 11:45:57 [debug] : SQL : SELECT business_cd, user_uuid, user_id, user_pwd, user_nm, user_cd, user_birth, user_regno, corp_cnno, status_cd, login_fail_cnt, login_block_yn FROM TCOM0110A WHERE business_cd = 'TAX' and user_cd = 'IND' and user_id = 'kirakira42' and status_cd not in ('90')
2023-09-23 11:45:57 [debug] : ROWS : 
2023-09-23 11:45:57 [debug] : 1---------------------------------E query


2023-09-23 11:45:57 [error] : passport isAuth  : false
2023-09-23 11:45:57 [debug] : ---------------------------------S query
2023-09-23 11:45:57 [debug] : SQL : UPDATE TCOM0110A SET login_fail_cnt = 0
                                            , login_block_yn = 'N'
                         WHERE business_cd = 'TAX' and user_cd = 'IND' and user_id = 'kirakira42' and status_cd not in ('90')
2023-09-23 11:45:57 [debug] : ROWS : 
2023-09-23 11:45:57 [debug] : 1---------------------------------E query


2023-09-23 11:45:58 [debug] : {
   "business_cd": "TAX",
   "user_uuid": "c1a24f01793a487e8882f5a4d76ec8e7",
   "user_id": "kirakira42",
   "user_pwd": "$2a$10$1WGMj4un2I.ymNK3TIHsk.ONnOaevJabmpK1t00cF1wQkTaiXwm9S",
   "user_nm": "윤자영",
   "user_cd": "IND",
   "user_birth": "830402",
   "user_regno": "333333",
   "corp_cnno": "190-23-01655",
   "status_cd": "30",
   "login_fail_cnt": 0,
   "login_block_yn": "N"
}
2023-09-23 11:45:58 [info] : ::1 - - [23/Sep/2023:02:45:58 +0000] "POST /auth/signin HTTP/1.1" 200 559 "http://localhost:4000/" "Mozilla/5.0 (Windows NT 10.0; Win64; x64) AppleWebKit/537.36 (KHTML, like Gecko) Chrome/116.0.0.0 Safari/537.36"

2023-09-23 11:50:23 [info] : Server on port 3000 | run
2023-09-23 11:50:28 [debug] : ---------------------------------S query
2023-09-23 11:50:28 [debug] : SQL : SELECT business_cd, user_uuid, user_id, user_pwd, user_nm, user_cd, user_birth, user_regno, corp_cnno, status_cd, login_fail_cnt, login_block_yn FROM TCOM0110A WHERE business_cd = 'TAX' and user_cd = 'IND' and user_id = 'kirakira42' and status_cd not in ('90')
2023-09-23 11:50:28 [debug] : ROWS : 
2023-09-23 11:50:28 [debug] : 1---------------------------------E query


2023-09-23 11:50:28 [error] : passport isAuth  : true
2023-09-23 11:50:28 [debug] : ---------------------------------S query
2023-09-23 11:50:28 [debug] : SQL : UPDATE TCOM0110A SET login_fail_cnt = 0
                                            , login_block_yn = 'N'
                         WHERE business_cd = 'TAX' and user_cd = 'IND' and user_id = 'kirakira42' and status_cd not in ('90')
2023-09-23 11:50:28 [debug] : ROWS : 
2023-09-23 11:50:28 [debug] : 1---------------------------------E query


2023-09-23 11:50:29 [debug] : {
   "business_cd": "TAX",
   "user_uuid": "c1a24f01793a487e8882f5a4d76ec8e7",
   "user_id": "kirakira42",
   "user_pwd": "$2a$10$1WGMj4un2I.ymNK3TIHsk.ONnOaevJabmpK1t00cF1wQkTaiXwm9S",
   "user_nm": "윤자영",
   "user_cd": "IND",
   "user_birth": "830402",
   "user_regno": "333333",
   "corp_cnno": "190-23-01655",
   "status_cd": "30",
   "login_fail_cnt": 0,
   "login_block_yn": "N"
}
2023-09-23 11:50:29 [info] : ::1 - - [23/Sep/2023:02:50:29 +0000] "POST /auth/signin HTTP/1.1" 200 559 "http://localhost:4000/" "Mozilla/5.0 (Windows NT 10.0; Win64; x64) AppleWebKit/537.36 (KHTML, like Gecko) Chrome/116.0.0.0 Safari/537.36"

2023-09-23 11:54:32 [info] : Server on port 3000 | run
2023-09-23 11:54:34 [debug] : ---------------------------------S query
2023-09-23 11:54:34 [debug] : SQL : SELECT business_cd, user_uuid, user_id, user_pwd, user_nm, user_cd, user_birth, user_regno, corp_cnno, status_cd, login_fail_cnt, login_block_yn FROM TCOM0110A WHERE business_cd = 'TAX' and user_cd = 'IND' and user_id = 'kirakira42' and status_cd not in ('90')
2023-09-23 11:54:34 [debug] : ROWS : 
2023-09-23 11:54:34 [debug] : 1---------------------------------E query


2023-09-23 11:54:34 [error] : passport isAuth  : false
2023-09-23 11:54:34 [debug] : ---------------------------------S query
2023-09-23 11:54:34 [debug] : SQL : UPDATE TCOM0110A SET login_fail_cnt = 0
                                            , login_block_yn = 'N'
                         WHERE business_cd = 'TAX' and user_cd = 'IND' and user_id = 'kirakira42' and status_cd not in ('90')
2023-09-23 11:54:34 [debug] : ROWS : 
2023-09-23 11:54:34 [debug] : 1---------------------------------E query


2023-09-23 11:54:34 [debug] : {
   "business_cd": "TAX",
   "user_uuid": "c1a24f01793a487e8882f5a4d76ec8e7",
   "user_id": "kirakira42",
   "user_pwd": "$2a$10$3tTclxpEzAROW7YMur4lMOIkTaKeqNJ/5lW6A37WRYVpSHdjka8Pu",
   "user_nm": "윤자영",
   "user_cd": "IND",
   "user_birth": "830402",
   "user_regno": "333333",
   "corp_cnno": "190-23-01655",
   "status_cd": "30",
   "login_fail_cnt": 0,
   "login_block_yn": "N"
}
2023-09-23 11:54:34 [info] : ::1 - - [23/Sep/2023:02:54:34 +0000] "POST /auth/signin HTTP/1.1" 200 559 "http://localhost:4000/" "Mozilla/5.0 (Windows NT 10.0; Win64; x64) AppleWebKit/537.36 (KHTML, like Gecko) Chrome/116.0.0.0 Safari/537.36"

2023-09-23 11:55:03 [info] : Server on port 3000 | run
2023-09-23 11:55:04 [debug] : ---------------------------------S query
2023-09-23 11:55:04 [debug] : SQL : SELECT business_cd, user_uuid, user_id, user_pwd, user_nm, user_cd, user_birth, user_regno, corp_cnno, status_cd, login_fail_cnt, login_block_yn FROM TCOM0110A WHERE business_cd = 'TAX' and user_cd = 'IND' and user_id = 'kirakira42' and status_cd not in ('90')
2023-09-23 11:55:04 [debug] : ROWS : 
2023-09-23 11:55:04 [debug] : 1---------------------------------E query


2023-09-23 11:55:04 [error] : passport isAuth  : true
2023-09-23 11:55:04 [debug] : ---------------------------------S query
2023-09-23 11:55:04 [debug] : SQL : UPDATE TCOM0110A SET login_fail_cnt = 0
                                            , login_block_yn = 'N'
                         WHERE business_cd = 'TAX' and user_cd = 'IND' and user_id = 'kirakira42' and status_cd not in ('90')
2023-09-23 11:55:04 [debug] : ROWS : 
2023-09-23 11:55:04 [debug] : 1---------------------------------E query


2023-09-23 11:55:05 [debug] : {
   "business_cd": "TAX",
   "user_uuid": "c1a24f01793a487e8882f5a4d76ec8e7",
   "user_id": "kirakira42",
   "user_pwd": "$2a$10$3tTclxpEzAROW7YMur4lMOIkTaKeqNJ/5lW6A37WRYVpSHdjka8Pu",
   "user_nm": "윤자영",
   "user_cd": "IND",
   "user_birth": "830402",
   "user_regno": "333333",
   "corp_cnno": "190-23-01655",
   "status_cd": "30",
   "login_fail_cnt": 0,
   "login_block_yn": "N"
}
2023-09-23 11:55:05 [info] : ::1 - - [23/Sep/2023:02:55:05 +0000] "POST /auth/signin HTTP/1.1" 200 559 "http://localhost:4000/" "Mozilla/5.0 (Windows NT 10.0; Win64; x64) AppleWebKit/537.36 (KHTML, like Gecko) Chrome/116.0.0.0 Safari/537.36"

2023-09-23 11:55:16 [info] : Server on port 3000 | run
2023-09-23 11:55:17 [debug] : ---------------------------------S query
2023-09-23 11:55:17 [debug] : SQL : SELECT user_pwd FROM TCOM0110A WHERE user_uuid = 'c1a24f01793a487e8882f5a4d76ec8e7' and user_id = 'kirakira42'
2023-09-23 11:55:17 [debug] : ROWS : 
2023-09-23 11:55:17 [debug] : 1---------------------------------E query


2023-09-23 11:55:17 [info] : ::1 - - [23/Sep/2023:02:55:17 +0000] "POST /user/isVerifyPassword HTTP/1.1" 200 67 "http://localhost:4000/" "Mozilla/5.0 (Windows NT 10.0; Win64; x64) AppleWebKit/537.36 (KHTML, like Gecko) Chrome/116.0.0.0 Safari/537.36"

2023-09-23 11:55:17 [error] : >> 
2023-09-23 11:55:17 [info] : ::1 - - [23/Sep/2023:02:55:17 +0000] "POST /user/select HTTP/1.1" 500 76 "http://localhost:4000/" "Mozilla/5.0 (Windows NT 10.0; Win64; x64) AppleWebKit/537.36 (KHTML, like Gecko) Chrome/116.0.0.0 Safari/537.36"

2023-09-23 11:55:19 [debug] : ---------------------------------S query
2023-09-23 11:55:19 [debug] : SQL : SELECT user_pwd FROM TCOM0110A WHERE user_uuid = 'c1a24f01793a487e8882f5a4d76ec8e7' and user_id = 'kirakira42'
2023-09-23 11:55:19 [debug] : ROWS : 
2023-09-23 11:55:19 [debug] : 1---------------------------------E query


2023-09-23 11:55:19 [info] : ::1 - - [23/Sep/2023:02:55:19 +0000] "POST /user/isVerifyPassword HTTP/1.1" 200 67 "http://localhost:4000/" "Mozilla/5.0 (Windows NT 10.0; Win64; x64) AppleWebKit/537.36 (KHTML, like Gecko) Chrome/116.0.0.0 Safari/537.36"

2023-09-23 11:55:19 [error] : >> 
2023-09-23 11:55:19 [info] : ::1 - - [23/Sep/2023:02:55:19 +0000] "POST /user/select HTTP/1.1" 500 76 "http://localhost:4000/" "Mozilla/5.0 (Windows NT 10.0; Win64; x64) AppleWebKit/537.36 (KHTML, like Gecko) Chrome/116.0.0.0 Safari/537.36"

2023-09-23 11:55:25 [debug] : ---------------------------------S query
2023-09-23 11:55:25 [debug] : SQL : SELECT user_pwd FROM TCOM0110A WHERE user_uuid = 'c1a24f01793a487e8882f5a4d76ec8e7' and user_id = 'kirakira42'
2023-09-23 11:55:25 [debug] : ROWS : 
2023-09-23 11:55:25 [debug] : 1---------------------------------E query


2023-09-23 11:55:25 [info] : ::1 - - [23/Sep/2023:02:55:25 +0000] "POST /user/isVerifyPassword HTTP/1.1" 200 67 "http://localhost:4000/" "Mozilla/5.0 (Windows NT 10.0; Win64; x64) AppleWebKit/537.36 (KHTML, like Gecko) Chrome/116.0.0.0 Safari/537.36"

2023-09-23 11:55:25 [error] : >> 
2023-09-23 11:55:25 [info] : ::1 - - [23/Sep/2023:02:55:25 +0000] "POST /user/select HTTP/1.1" 500 76 "http://localhost:4000/" "Mozilla/5.0 (Windows NT 10.0; Win64; x64) AppleWebKit/537.36 (KHTML, like Gecko) Chrome/116.0.0.0 Safari/537.36"

2023-09-23 11:55:36 [debug] : ---------------------------------S query
2023-09-23 11:55:36 [debug] : SQL : SELECT grp_cd, dtl_cd as value, dtl_nm as title, description as rmk FROM TCOM0011A
2023-09-23 11:55:36 [debug] : ROWS : 
2023-09-23 11:55:36 [debug] : 1---------------------------------E query


2023-09-23 11:55:36 [info] : ::1 - - [23/Sep/2023:02:55:36 +0000] "POST /COMMON/code/all HTTP/1.1" 200 4946 "http://localhost:4000/" "Mozilla/5.0 (Windows NT 10.0; Win64; x64) AppleWebKit/537.36 (KHTML, like Gecko) Chrome/116.0.0.0 Safari/537.36"

2023-09-23 11:55:48 [debug] : ---------------------------------S query
2023-09-23 11:55:48 [debug] : SQL : SELECT business_cd, user_uuid, user_id, user_pwd, user_nm, user_cd, user_birth, user_regno, corp_cnno, status_cd, login_fail_cnt, login_block_yn FROM TCOM0110A WHERE business_cd = 'TAX' and user_cd = 'IND' and user_id = 'kirakira42' and status_cd not in ('90')
2023-09-23 11:55:48 [debug] : ROWS : 
2023-09-23 11:55:48 [debug] : 1---------------------------------E query


2023-09-23 11:55:48 [error] : passport isAuth  : true
2023-09-23 11:55:48 [debug] : ---------------------------------S query
2023-09-23 11:55:48 [debug] : SQL : UPDATE TCOM0110A SET login_fail_cnt = 0
                                            , login_block_yn = 'N'
                         WHERE business_cd = 'TAX' and user_cd = 'IND' and user_id = 'kirakira42' and status_cd not in ('90')
2023-09-23 11:55:48 [debug] : ROWS : 
2023-09-23 11:55:48 [debug] : 1---------------------------------E query


2023-09-23 11:55:48 [debug] : {
   "business_cd": "TAX",
   "user_uuid": "c1a24f01793a487e8882f5a4d76ec8e7",
   "user_id": "kirakira42",
   "user_pwd": "$2a$10$3tTclxpEzAROW7YMur4lMOIkTaKeqNJ/5lW6A37WRYVpSHdjka8Pu",
   "user_nm": "윤자영",
   "user_cd": "IND",
   "user_birth": "830402",
   "user_regno": "333333",
   "corp_cnno": "190-23-01655",
   "status_cd": "30",
   "login_fail_cnt": 0,
   "login_block_yn": "N"
}
2023-09-23 11:55:48 [info] : ::1 - - [23/Sep/2023:02:55:48 +0000] "POST /auth/signin HTTP/1.1" 200 559 "http://localhost:4000/" "Mozilla/5.0 (Windows NT 10.0; Win64; x64) AppleWebKit/537.36 (KHTML, like Gecko) Chrome/116.0.0.0 Safari/537.36"

2023-09-23 11:55:53 [info] : Server on port 3000 | run
2023-09-23 11:55:57 [debug] : ---------------------------------S query
2023-09-23 11:55:57 [debug] : SQL : SELECT user_pwd FROM TCOM0110A WHERE user_uuid = 'c1a24f01793a487e8882f5a4d76ec8e7' and user_id = 'kirakira42'
2023-09-23 11:55:57 [debug] : ROWS : 
2023-09-23 11:55:57 [debug] : 1---------------------------------E query


2023-09-23 11:55:57 [info] : ::1 - - [23/Sep/2023:02:55:57 +0000] "POST /user/isVerifyPassword HTTP/1.1" 200 67 "http://localhost:4000/" "Mozilla/5.0 (Windows NT 10.0; Win64; x64) AppleWebKit/537.36 (KHTML, like Gecko) Chrome/116.0.0.0 Safari/537.36"

2023-09-23 11:55:57 [error] : >> 
2023-09-23 11:55:57 [info] : ::1 - - [23/Sep/2023:02:55:57 +0000] "POST /user/select HTTP/1.1" 500 76 "http://localhost:4000/" "Mozilla/5.0 (Windows NT 10.0; Win64; x64) AppleWebKit/537.36 (KHTML, like Gecko) Chrome/116.0.0.0 Safari/537.36"

2023-09-23 11:55:58 [debug] : ---------------------------------S query
2023-09-23 11:55:58 [debug] : SQL : SELECT user_pwd FROM TCOM0110A WHERE user_uuid = 'c1a24f01793a487e8882f5a4d76ec8e7' and user_id = 'kirakira42'
2023-09-23 11:55:58 [debug] : ROWS : 
2023-09-23 11:55:58 [debug] : 1---------------------------------E query


2023-09-23 11:55:58 [info] : ::1 - - [23/Sep/2023:02:55:58 +0000] "POST /user/isVerifyPassword HTTP/1.1" 200 67 "http://localhost:4000/" "Mozilla/5.0 (Windows NT 10.0; Win64; x64) AppleWebKit/537.36 (KHTML, like Gecko) Chrome/116.0.0.0 Safari/537.36"

2023-09-23 11:55:58 [error] : >> 
2023-09-23 11:55:58 [info] : ::1 - - [23/Sep/2023:02:55:58 +0000] "POST /user/select HTTP/1.1" 500 76 "http://localhost:4000/" "Mozilla/5.0 (Windows NT 10.0; Win64; x64) AppleWebKit/537.36 (KHTML, like Gecko) Chrome/116.0.0.0 Safari/537.36"

2023-09-23 11:56:08 [info] : Server off
2023-09-23 11:56:09 [info] : Server on port 3000 | run
2023-09-23 11:56:11 [debug] : ---------------------------------S query
2023-09-23 11:56:11 [debug] : SQL : SELECT user_pwd FROM TCOM0110A WHERE user_uuid = 'c1a24f01793a487e8882f5a4d76ec8e7' and user_id = 'kirakira42'
2023-09-23 11:56:11 [debug] : ROWS : 
2023-09-23 11:56:11 [debug] : 1---------------------------------E query


2023-09-23 11:56:11 [info] : ::1 - - [23/Sep/2023:02:56:11 +0000] "POST /user/isVerifyPassword HTTP/1.1" 200 67 "http://localhost:4000/" "Mozilla/5.0 (Windows NT 10.0; Win64; x64) AppleWebKit/537.36 (KHTML, like Gecko) Chrome/116.0.0.0 Safari/537.36"

2023-09-23 11:56:11 [error] : >> 
2023-09-23 11:56:11 [info] : ::1 - - [23/Sep/2023:02:56:11 +0000] "POST /user/select HTTP/1.1" 500 76 "http://localhost:4000/" "Mozilla/5.0 (Windows NT 10.0; Win64; x64) AppleWebKit/537.36 (KHTML, like Gecko) Chrome/116.0.0.0 Safari/537.36"

2023-09-23 11:56:12 [debug] : ---------------------------------S query
2023-09-23 11:56:12 [debug] : SQL : SELECT user_pwd FROM TCOM0110A WHERE user_uuid = 'c1a24f01793a487e8882f5a4d76ec8e7' and user_id = 'kirakira42'
2023-09-23 11:56:12 [debug] : ROWS : 
2023-09-23 11:56:12 [debug] : 1---------------------------------E query


2023-09-23 11:56:12 [info] : ::1 - - [23/Sep/2023:02:56:12 +0000] "POST /user/isVerifyPassword HTTP/1.1" 200 67 "http://localhost:4000/" "Mozilla/5.0 (Windows NT 10.0; Win64; x64) AppleWebKit/537.36 (KHTML, like Gecko) Chrome/116.0.0.0 Safari/537.36"

2023-09-23 11:56:12 [error] : >> 
2023-09-23 11:56:12 [info] : ::1 - - [23/Sep/2023:02:56:12 +0000] "POST /user/select HTTP/1.1" 500 76 "http://localhost:4000/" "Mozilla/5.0 (Windows NT 10.0; Win64; x64) AppleWebKit/537.36 (KHTML, like Gecko) Chrome/116.0.0.0 Safari/537.36"

2023-09-23 11:56:13 [debug] : ---------------------------------S query
2023-09-23 11:56:13 [debug] : SQL : SELECT user_pwd FROM TCOM0110A WHERE user_uuid = 'c1a24f01793a487e8882f5a4d76ec8e7' and user_id = 'kirakira42'
2023-09-23 11:56:13 [debug] : ROWS : 
2023-09-23 11:56:13 [debug] : 1---------------------------------E query


2023-09-23 11:56:13 [info] : ::1 - - [23/Sep/2023:02:56:13 +0000] "POST /user/isVerifyPassword HTTP/1.1" 200 67 "http://localhost:4000/" "Mozilla/5.0 (Windows NT 10.0; Win64; x64) AppleWebKit/537.36 (KHTML, like Gecko) Chrome/116.0.0.0 Safari/537.36"

2023-09-23 11:56:13 [error] : >> 
2023-09-23 11:56:13 [info] : ::1 - - [23/Sep/2023:02:56:13 +0000] "POST /user/select HTTP/1.1" 500 76 "http://localhost:4000/" "Mozilla/5.0 (Windows NT 10.0; Win64; x64) AppleWebKit/537.36 (KHTML, like Gecko) Chrome/116.0.0.0 Safari/537.36"

2023-09-23 11:56:13 [debug] : ---------------------------------S query
2023-09-23 11:56:13 [debug] : SQL : SELECT user_pwd FROM TCOM0110A WHERE user_uuid = 'c1a24f01793a487e8882f5a4d76ec8e7' and user_id = 'kirakira42'
2023-09-23 11:56:13 [debug] : ROWS : 
2023-09-23 11:56:13 [debug] : 1---------------------------------E query


2023-09-23 11:56:13 [info] : ::1 - - [23/Sep/2023:02:56:13 +0000] "POST /user/isVerifyPassword HTTP/1.1" 200 67 "http://localhost:4000/" "Mozilla/5.0 (Windows NT 10.0; Win64; x64) AppleWebKit/537.36 (KHTML, like Gecko) Chrome/116.0.0.0 Safari/537.36"

2023-09-23 11:56:13 [error] : >> 
2023-09-23 11:56:13 [info] : ::1 - - [23/Sep/2023:02:56:13 +0000] "POST /user/select HTTP/1.1" 500 76 "http://localhost:4000/" "Mozilla/5.0 (Windows NT 10.0; Win64; x64) AppleWebKit/537.36 (KHTML, like Gecko) Chrome/116.0.0.0 Safari/537.36"

2023-09-23 11:56:13 [debug] : ---------------------------------S query
2023-09-23 11:56:13 [debug] : SQL : SELECT user_pwd FROM TCOM0110A WHERE user_uuid = 'c1a24f01793a487e8882f5a4d76ec8e7' and user_id = 'kirakira42'
2023-09-23 11:56:13 [debug] : ROWS : 
2023-09-23 11:56:13 [debug] : 1---------------------------------E query


2023-09-23 11:56:13 [info] : ::1 - - [23/Sep/2023:02:56:13 +0000] "POST /user/isVerifyPassword HTTP/1.1" 200 67 "http://localhost:4000/" "Mozilla/5.0 (Windows NT 10.0; Win64; x64) AppleWebKit/537.36 (KHTML, like Gecko) Chrome/116.0.0.0 Safari/537.36"

2023-09-23 11:56:13 [error] : >> 
2023-09-23 11:56:13 [info] : ::1 - - [23/Sep/2023:02:56:13 +0000] "POST /user/select HTTP/1.1" 500 76 "http://localhost:4000/" "Mozilla/5.0 (Windows NT 10.0; Win64; x64) AppleWebKit/537.36 (KHTML, like Gecko) Chrome/116.0.0.0 Safari/537.36"

2023-09-23 11:56:14 [debug] : ---------------------------------S query
2023-09-23 11:56:14 [debug] : SQL : SELECT user_pwd FROM TCOM0110A WHERE user_uuid = 'c1a24f01793a487e8882f5a4d76ec8e7' and user_id = 'kirakira42'
2023-09-23 11:56:14 [debug] : ROWS : 
2023-09-23 11:56:14 [debug] : 1---------------------------------E query


2023-09-23 11:56:14 [info] : ::1 - - [23/Sep/2023:02:56:14 +0000] "POST /user/isVerifyPassword HTTP/1.1" 200 67 "http://localhost:4000/" "Mozilla/5.0 (Windows NT 10.0; Win64; x64) AppleWebKit/537.36 (KHTML, like Gecko) Chrome/116.0.0.0 Safari/537.36"

2023-09-23 11:56:14 [error] : >> 
2023-09-23 11:56:14 [info] : ::1 - - [23/Sep/2023:02:56:14 +0000] "POST /user/select HTTP/1.1" 500 76 "http://localhost:4000/" "Mozilla/5.0 (Windows NT 10.0; Win64; x64) AppleWebKit/537.36 (KHTML, like Gecko) Chrome/116.0.0.0 Safari/537.36"

2023-09-23 11:56:14 [debug] : ---------------------------------S query
2023-09-23 11:56:14 [debug] : SQL : SELECT user_pwd FROM TCOM0110A WHERE user_uuid = 'c1a24f01793a487e8882f5a4d76ec8e7' and user_id = 'kirakira42'
2023-09-23 11:56:14 [debug] : ROWS : 
2023-09-23 11:56:14 [debug] : 1---------------------------------E query


2023-09-23 11:56:14 [info] : ::1 - - [23/Sep/2023:02:56:14 +0000] "POST /user/isVerifyPassword HTTP/1.1" 200 67 "http://localhost:4000/" "Mozilla/5.0 (Windows NT 10.0; Win64; x64) AppleWebKit/537.36 (KHTML, like Gecko) Chrome/116.0.0.0 Safari/537.36"

2023-09-23 11:56:14 [error] : >> 
2023-09-23 11:56:14 [info] : ::1 - - [23/Sep/2023:02:56:14 +0000] "POST /user/select HTTP/1.1" 500 76 "http://localhost:4000/" "Mozilla/5.0 (Windows NT 10.0; Win64; x64) AppleWebKit/537.36 (KHTML, like Gecko) Chrome/116.0.0.0 Safari/537.36"

2023-09-23 11:56:14 [debug] : ---------------------------------S query
2023-09-23 11:56:14 [debug] : SQL : SELECT user_pwd FROM TCOM0110A WHERE user_uuid = 'c1a24f01793a487e8882f5a4d76ec8e7' and user_id = 'kirakira42'
2023-09-23 11:56:14 [debug] : ROWS : 
2023-09-23 11:56:14 [debug] : 1---------------------------------E query


2023-09-23 11:56:14 [info] : ::1 - - [23/Sep/2023:02:56:14 +0000] "POST /user/isVerifyPassword HTTP/1.1" 200 67 "http://localhost:4000/" "Mozilla/5.0 (Windows NT 10.0; Win64; x64) AppleWebKit/537.36 (KHTML, like Gecko) Chrome/116.0.0.0 Safari/537.36"

2023-09-23 11:56:14 [error] : >> 
2023-09-23 11:56:14 [info] : ::1 - - [23/Sep/2023:02:56:14 +0000] "POST /user/select HTTP/1.1" 500 76 "http://localhost:4000/" "Mozilla/5.0 (Windows NT 10.0; Win64; x64) AppleWebKit/537.36 (KHTML, like Gecko) Chrome/116.0.0.0 Safari/537.36"

2023-09-23 11:56:14 [debug] : ---------------------------------S query
2023-09-23 11:56:14 [debug] : SQL : SELECT user_pwd FROM TCOM0110A WHERE user_uuid = 'c1a24f01793a487e8882f5a4d76ec8e7' and user_id = 'kirakira42'
2023-09-23 11:56:14 [debug] : ROWS : 
2023-09-23 11:56:14 [debug] : 1---------------------------------E query


2023-09-23 11:56:14 [info] : ::1 - - [23/Sep/2023:02:56:14 +0000] "POST /user/isVerifyPassword HTTP/1.1" 200 67 "http://localhost:4000/" "Mozilla/5.0 (Windows NT 10.0; Win64; x64) AppleWebKit/537.36 (KHTML, like Gecko) Chrome/116.0.0.0 Safari/537.36"

2023-09-23 11:56:14 [error] : >> 
2023-09-23 11:56:14 [info] : ::1 - - [23/Sep/2023:02:56:14 +0000] "POST /user/select HTTP/1.1" 500 76 "http://localhost:4000/" "Mozilla/5.0 (Windows NT 10.0; Win64; x64) AppleWebKit/537.36 (KHTML, like Gecko) Chrome/116.0.0.0 Safari/537.36"

2023-09-23 11:56:15 [debug] : ---------------------------------S query
2023-09-23 11:56:15 [debug] : SQL : SELECT user_pwd FROM TCOM0110A WHERE user_uuid = 'c1a24f01793a487e8882f5a4d76ec8e7' and user_id = 'kirakira42'
2023-09-23 11:56:15 [debug] : ROWS : 
2023-09-23 11:56:15 [debug] : 1---------------------------------E query


2023-09-23 11:56:15 [info] : ::1 - - [23/Sep/2023:02:56:15 +0000] "POST /user/isVerifyPassword HTTP/1.1" 200 67 "http://localhost:4000/" "Mozilla/5.0 (Windows NT 10.0; Win64; x64) AppleWebKit/537.36 (KHTML, like Gecko) Chrome/116.0.0.0 Safari/537.36"

2023-09-23 11:56:15 [error] : >> 
2023-09-23 11:56:15 [info] : ::1 - - [23/Sep/2023:02:56:15 +0000] "POST /user/select HTTP/1.1" 500 76 "http://localhost:4000/" "Mozilla/5.0 (Windows NT 10.0; Win64; x64) AppleWebKit/537.36 (KHTML, like Gecko) Chrome/116.0.0.0 Safari/537.36"

2023-09-23 11:56:15 [debug] : ---------------------------------S query
2023-09-23 11:56:15 [debug] : SQL : SELECT user_pwd FROM TCOM0110A WHERE user_uuid = 'c1a24f01793a487e8882f5a4d76ec8e7' and user_id = 'kirakira42'
2023-09-23 11:56:15 [debug] : ROWS : 
2023-09-23 11:56:15 [debug] : 1---------------------------------E query


2023-09-23 11:56:15 [info] : ::1 - - [23/Sep/2023:02:56:15 +0000] "POST /user/isVerifyPassword HTTP/1.1" 200 67 "http://localhost:4000/" "Mozilla/5.0 (Windows NT 10.0; Win64; x64) AppleWebKit/537.36 (KHTML, like Gecko) Chrome/116.0.0.0 Safari/537.36"

2023-09-23 11:56:15 [error] : >> 
2023-09-23 11:56:15 [info] : ::1 - - [23/Sep/2023:02:56:15 +0000] "POST /user/select HTTP/1.1" 500 76 "http://localhost:4000/" "Mozilla/5.0 (Windows NT 10.0; Win64; x64) AppleWebKit/537.36 (KHTML, like Gecko) Chrome/116.0.0.0 Safari/537.36"

2023-09-23 11:56:15 [debug] : ---------------------------------S query
2023-09-23 11:56:15 [debug] : SQL : SELECT user_pwd FROM TCOM0110A WHERE user_uuid = 'c1a24f01793a487e8882f5a4d76ec8e7' and user_id = 'kirakira42'
2023-09-23 11:56:15 [debug] : ROWS : 
2023-09-23 11:56:15 [debug] : 1---------------------------------E query


2023-09-23 11:56:15 [info] : ::1 - - [23/Sep/2023:02:56:15 +0000] "POST /user/isVerifyPassword HTTP/1.1" 200 67 "http://localhost:4000/" "Mozilla/5.0 (Windows NT 10.0; Win64; x64) AppleWebKit/537.36 (KHTML, like Gecko) Chrome/116.0.0.0 Safari/537.36"

2023-09-23 11:56:15 [error] : >> 
2023-09-23 11:56:15 [info] : ::1 - - [23/Sep/2023:02:56:15 +0000] "POST /user/select HTTP/1.1" 500 76 "http://localhost:4000/" "Mozilla/5.0 (Windows NT 10.0; Win64; x64) AppleWebKit/537.36 (KHTML, like Gecko) Chrome/116.0.0.0 Safari/537.36"

2023-09-23 11:56:15 [debug] : ---------------------------------S query
2023-09-23 11:56:15 [debug] : SQL : SELECT user_pwd FROM TCOM0110A WHERE user_uuid = 'c1a24f01793a487e8882f5a4d76ec8e7' and user_id = 'kirakira42'
2023-09-23 11:56:15 [debug] : ROWS : 
2023-09-23 11:56:15 [debug] : 1---------------------------------E query


2023-09-23 11:56:15 [info] : ::1 - - [23/Sep/2023:02:56:15 +0000] "POST /user/isVerifyPassword HTTP/1.1" 200 67 "http://localhost:4000/" "Mozilla/5.0 (Windows NT 10.0; Win64; x64) AppleWebKit/537.36 (KHTML, like Gecko) Chrome/116.0.0.0 Safari/537.36"

2023-09-23 11:56:15 [error] : >> 
2023-09-23 11:56:15 [info] : ::1 - - [23/Sep/2023:02:56:15 +0000] "POST /user/select HTTP/1.1" 500 76 "http://localhost:4000/" "Mozilla/5.0 (Windows NT 10.0; Win64; x64) AppleWebKit/537.36 (KHTML, like Gecko) Chrome/116.0.0.0 Safari/537.36"

2023-09-23 11:56:15 [debug] : ---------------------------------S query
2023-09-23 11:56:15 [debug] : SQL : SELECT user_pwd FROM TCOM0110A WHERE user_uuid = 'c1a24f01793a487e8882f5a4d76ec8e7' and user_id = 'kirakira42'
2023-09-23 11:56:15 [debug] : ROWS : 
2023-09-23 11:56:15 [debug] : 1---------------------------------E query


2023-09-23 11:56:16 [info] : ::1 - - [23/Sep/2023:02:56:16 +0000] "POST /user/isVerifyPassword HTTP/1.1" 200 67 "http://localhost:4000/" "Mozilla/5.0 (Windows NT 10.0; Win64; x64) AppleWebKit/537.36 (KHTML, like Gecko) Chrome/116.0.0.0 Safari/537.36"

2023-09-23 11:56:16 [error] : >> 
2023-09-23 11:56:16 [info] : ::1 - - [23/Sep/2023:02:56:16 +0000] "POST /user/select HTTP/1.1" 500 76 "http://localhost:4000/" "Mozilla/5.0 (Windows NT 10.0; Win64; x64) AppleWebKit/537.36 (KHTML, like Gecko) Chrome/116.0.0.0 Safari/537.36"

2023-09-23 11:56:16 [debug] : ---------------------------------S query
2023-09-23 11:56:16 [debug] : SQL : SELECT user_pwd FROM TCOM0110A WHERE user_uuid = 'c1a24f01793a487e8882f5a4d76ec8e7' and user_id = 'kirakira42'
2023-09-23 11:56:16 [debug] : ROWS : 
2023-09-23 11:56:16 [debug] : 1---------------------------------E query


2023-09-23 11:56:16 [info] : ::1 - - [23/Sep/2023:02:56:16 +0000] "POST /user/isVerifyPassword HTTP/1.1" 200 67 "http://localhost:4000/" "Mozilla/5.0 (Windows NT 10.0; Win64; x64) AppleWebKit/537.36 (KHTML, like Gecko) Chrome/116.0.0.0 Safari/537.36"

2023-09-23 11:56:16 [error] : >> 
2023-09-23 11:56:16 [info] : ::1 - - [23/Sep/2023:02:56:16 +0000] "POST /user/select HTTP/1.1" 500 76 "http://localhost:4000/" "Mozilla/5.0 (Windows NT 10.0; Win64; x64) AppleWebKit/537.36 (KHTML, like Gecko) Chrome/116.0.0.0 Safari/537.36"

2023-09-23 11:56:16 [debug] : ---------------------------------S query
2023-09-23 11:56:16 [debug] : SQL : SELECT user_pwd FROM TCOM0110A WHERE user_uuid = 'c1a24f01793a487e8882f5a4d76ec8e7' and user_id = 'kirakira42'
2023-09-23 11:56:16 [debug] : ROWS : 
2023-09-23 11:56:16 [debug] : 1---------------------------------E query


2023-09-23 11:56:16 [info] : ::1 - - [23/Sep/2023:02:56:16 +0000] "POST /user/isVerifyPassword HTTP/1.1" 200 67 "http://localhost:4000/" "Mozilla/5.0 (Windows NT 10.0; Win64; x64) AppleWebKit/537.36 (KHTML, like Gecko) Chrome/116.0.0.0 Safari/537.36"

2023-09-23 11:56:16 [error] : >> 
2023-09-23 11:56:16 [info] : ::1 - - [23/Sep/2023:02:56:16 +0000] "POST /user/select HTTP/1.1" 500 76 "http://localhost:4000/" "Mozilla/5.0 (Windows NT 10.0; Win64; x64) AppleWebKit/537.36 (KHTML, like Gecko) Chrome/116.0.0.0 Safari/537.36"

2023-09-23 11:56:16 [debug] : ---------------------------------S query
2023-09-23 11:56:16 [debug] : SQL : SELECT user_pwd FROM TCOM0110A WHERE user_uuid = 'c1a24f01793a487e8882f5a4d76ec8e7' and user_id = 'kirakira42'
2023-09-23 11:56:16 [debug] : ROWS : 
2023-09-23 11:56:16 [debug] : 1---------------------------------E query


2023-09-23 11:56:16 [info] : ::1 - - [23/Sep/2023:02:56:16 +0000] "POST /user/isVerifyPassword HTTP/1.1" 200 67 "http://localhost:4000/" "Mozilla/5.0 (Windows NT 10.0; Win64; x64) AppleWebKit/537.36 (KHTML, like Gecko) Chrome/116.0.0.0 Safari/537.36"

2023-09-23 11:56:16 [error] : >> 
2023-09-23 11:56:16 [info] : ::1 - - [23/Sep/2023:02:56:16 +0000] "POST /user/select HTTP/1.1" 500 76 "http://localhost:4000/" "Mozilla/5.0 (Windows NT 10.0; Win64; x64) AppleWebKit/537.36 (KHTML, like Gecko) Chrome/116.0.0.0 Safari/537.36"

2023-09-23 11:56:23 [debug] : ---------------------------------S query
2023-09-23 11:56:23 [debug] : SQL : SELECT user_pwd FROM TCOM0110A WHERE user_uuid = 'c1a24f01793a487e8882f5a4d76ec8e7' and user_id = 'kirakira42'
2023-09-23 11:56:23 [debug] : ROWS : 
2023-09-23 11:56:23 [debug] : 1---------------------------------E query


2023-09-23 11:56:23 [info] : ::1 - - [23/Sep/2023:02:56:23 +0000] "POST /user/isVerifyPassword HTTP/1.1" 200 67 "http://localhost:4000/" "Mozilla/5.0 (Windows NT 10.0; Win64; x64) AppleWebKit/537.36 (KHTML, like Gecko) Chrome/116.0.0.0 Safari/537.36"

2023-09-23 11:56:26 [debug] : ---------------------------------S query
2023-09-23 11:56:26 [debug] : SQL : SELECT user_pwd FROM TCOM0110A WHERE user_uuid = 'c1a24f01793a487e8882f5a4d76ec8e7' and user_id = 'kirakira42'
2023-09-23 11:56:26 [debug] : ROWS : 
2023-09-23 11:56:26 [debug] : 1---------------------------------E query


2023-09-23 11:56:26 [info] : ::1 - - [23/Sep/2023:02:56:26 +0000] "POST /user/isVerifyPassword HTTP/1.1" 200 67 "http://localhost:4000/" "Mozilla/5.0 (Windows NT 10.0; Win64; x64) AppleWebKit/537.36 (KHTML, like Gecko) Chrome/116.0.0.0 Safari/537.36"

2023-09-23 11:56:26 [error] : >> 
2023-09-23 11:56:26 [info] : ::1 - - [23/Sep/2023:02:56:26 +0000] "POST /user/select HTTP/1.1" 500 76 "http://localhost:4000/" "Mozilla/5.0 (Windows NT 10.0; Win64; x64) AppleWebKit/537.36 (KHTML, like Gecko) Chrome/116.0.0.0 Safari/537.36"

2023-09-23 11:56:40 [debug] : ---------------------------------S query
2023-09-23 11:56:40 [debug] : SQL : SELECT user_pwd FROM TCOM0110A WHERE user_uuid = 'c1a24f01793a487e8882f5a4d76ec8e7' and user_id = 'kirakira42'
2023-09-23 11:56:40 [debug] : ROWS : 
2023-09-23 11:56:40 [debug] : 1---------------------------------E query


2023-09-23 11:56:40 [info] : ::1 - - [23/Sep/2023:02:56:40 +0000] "POST /user/isVerifyPassword HTTP/1.1" 200 67 "http://localhost:4000/" "Mozilla/5.0 (Windows NT 10.0; Win64; x64) AppleWebKit/537.36 (KHTML, like Gecko) Chrome/116.0.0.0 Safari/537.36"

2023-09-23 11:56:40 [error] : >> 
2023-09-23 11:56:40 [info] : ::1 - - [23/Sep/2023:02:56:40 +0000] "POST /user/select HTTP/1.1" 500 76 "http://localhost:4000/" "Mozilla/5.0 (Windows NT 10.0; Win64; x64) AppleWebKit/537.36 (KHTML, like Gecko) Chrome/116.0.0.0 Safari/537.36"

2023-09-23 11:56:41 [debug] : ---------------------------------S query
2023-09-23 11:56:41 [debug] : SQL : SELECT user_pwd FROM TCOM0110A WHERE user_uuid = 'c1a24f01793a487e8882f5a4d76ec8e7' and user_id = 'kirakira42'
2023-09-23 11:56:41 [debug] : ROWS : 
2023-09-23 11:56:41 [debug] : 1---------------------------------E query


2023-09-23 11:56:41 [info] : ::1 - - [23/Sep/2023:02:56:41 +0000] "POST /user/isVerifyPassword HTTP/1.1" 200 67 "http://localhost:4000/" "Mozilla/5.0 (Windows NT 10.0; Win64; x64) AppleWebKit/537.36 (KHTML, like Gecko) Chrome/116.0.0.0 Safari/537.36"

2023-09-23 11:56:41 [error] : >> 
2023-09-23 11:56:41 [info] : ::1 - - [23/Sep/2023:02:56:41 +0000] "POST /user/select HTTP/1.1" 500 76 "http://localhost:4000/" "Mozilla/5.0 (Windows NT 10.0; Win64; x64) AppleWebKit/537.36 (KHTML, like Gecko) Chrome/116.0.0.0 Safari/537.36"

2023-09-23 12:01:43 [error] : #################2
2023-09-23 12:01:43 [debug] : ---------------------------------S query
2023-09-23 12:01:43 [debug] : SQL : SELECT business_cd, board_id, board_no, title, content, DATE_FORMAT(created_at, "%Y-%m-%d") as created_at  FROM TCOM0050A WHERE business_cd = 'TAX' AND board_id = 'notice' AND del_yn = "N" and popup_yn != "Y" ORDER BY notice_yn desc, board_no DESC LIMIT 0, 10
2023-09-23 12:01:43 [debug] : ROWS : 
2023-09-23 12:01:43 [debug] : 1---------------------------------E query


2023-09-23 12:01:43 [debug] : ---------------------------------S query
2023-09-23 12:01:43 [debug] : SQL : SELECT COUNT(*) AS count FROM TCOM0050A WHERE business_cd = 'TAX' AND board_id = 'notice' AND del_yn = "N"
2023-09-23 12:01:43 [debug] : ROWS : 
2023-09-23 12:01:43 [debug] : 1---------------------------------E query


2023-09-23 12:01:43 [info] : ::1 - - [23/Sep/2023:03:01:43 +0000] "POST /board/notice HTTP/1.1" 200 6638 "http://localhost:4000/admin" "Mozilla/5.0 (Windows NT 10.0; Win64; x64) AppleWebKit/537.36 (KHTML, like Gecko) Chrome/116.0.0.0 Safari/537.36"

2023-09-23 12:01:45 [debug] : ---------------------------------S query
2023-09-23 12:01:45 [debug] : SQL : SELECT business_cd, board_id, board_no, title, content, DATE_FORMAT(created_at, "%Y-%m-%d") as created_at, false as open_popup  FROM TCOM0050A WHERE business_cd = 'TAX' AND board_id = "notice" AND del_yn = "N" and popup_yn = "Y" ORDER BY board_no DESC
2023-09-23 12:01:45 [debug] : ROWS : 
2023-09-23 12:01:45 [debug] : 1---------------------------------E query


2023-09-23 12:01:45 [info] : ::1 - - [23/Sep/2023:03:01:45 +0000] "POST /board/popup HTTP/1.1" 200 36 "http://localhost:4000/admin" "Mozilla/5.0 (Windows NT 10.0; Win64; x64) AppleWebKit/537.36 (KHTML, like Gecko) Chrome/116.0.0.0 Safari/537.36"

2023-09-23 12:01:45 [error] : >> 
2023-09-23 12:01:45 [info] : ::1 - - [23/Sep/2023:03:01:45 +0000] "POST /TAX/TAX0030A HTTP/1.1" 500 59 "http://localhost:4000/admin" "Mozilla/5.0 (Windows NT 10.0; Win64; x64) AppleWebKit/537.36 (KHTML, like Gecko) Chrome/116.0.0.0 Safari/537.36"

2023-09-23 12:01:50 [debug] : ---------------------------------S query
2023-09-23 12:01:50 [debug] : SQL : SELECT grp_cd, dtl_cd as value, dtl_nm as title, description as rmk FROM TCOM0011A
2023-09-23 12:01:50 [debug] : ROWS : 
2023-09-23 12:01:50 [debug] : 1---------------------------------E query


2023-09-23 12:01:50 [info] : ::1 - - [23/Sep/2023:03:01:50 +0000] "POST /COMMON/code/all HTTP/1.1" 200 4946 "http://localhost:4000/admin" "Mozilla/5.0 (Windows NT 10.0; Win64; x64) AppleWebKit/537.36 (KHTML, like Gecko) Chrome/116.0.0.0 Safari/537.36"

2023-09-23 12:42:00 [debug] : ---------------------------------S query
2023-09-23 12:42:00 [debug] : SQL : SELECT business_cd, user_uuid, user_id, user_pwd, user_nm, user_cd, user_birth, user_regno, corp_cnno, status_cd, login_fail_cnt, login_block_yn FROM TCOM0110A WHERE business_cd = 'TAX' and user_cd = 'IND' and user_id = 'kirakira42' and status_cd not in ('90')
2023-09-23 12:42:00 [debug] : ROWS : 
2023-09-23 12:42:00 [debug] : 1---------------------------------E query


2023-09-23 12:42:00 [error] : passport isAuth  : true
2023-09-23 12:42:00 [debug] : ---------------------------------S query
2023-09-23 12:42:00 [debug] : SQL : UPDATE TCOM0110A SET login_fail_cnt = 0
                                            , login_block_yn = 'N'
                         WHERE business_cd = 'TAX' and user_cd = 'IND' and user_id = 'kirakira42' and status_cd not in ('90')
2023-09-23 12:42:00 [debug] : ROWS : 
2023-09-23 12:42:00 [debug] : 1---------------------------------E query


2023-09-23 12:42:00 [debug] : {
   "business_cd": "TAX",
   "user_uuid": "c1a24f01793a487e8882f5a4d76ec8e7",
   "user_id": "kirakira42",
   "user_pwd": "$2a$10$3tTclxpEzAROW7YMur4lMOIkTaKeqNJ/5lW6A37WRYVpSHdjka8Pu",
   "user_nm": "윤자영",
   "user_cd": "IND",
   "user_birth": "830402",
   "user_regno": "333333",
   "corp_cnno": "190-23-01655",
   "status_cd": "30",
   "login_fail_cnt": 0,
   "login_block_yn": "N"
}
2023-09-23 12:42:00 [info] : ::1 - - [23/Sep/2023:03:42:00 +0000] "POST /auth/signin HTTP/1.1" 200 559 "http://localhost:4000/lcksl-fr/lypts/sol01" "Mozilla/5.0 (Windows NT 10.0; Win64; x64) AppleWebKit/537.36 (KHTML, like Gecko) Chrome/116.0.0.0 Safari/537.36"

2023-09-23 12:42:25 [info] : Server on port 3000 | run
2023-09-23 12:42:28 [debug] : ---------------------------------S query
2023-09-23 12:42:28 [debug] : SQL : SELECT business_cd, user_uuid, user_id, user_pwd, user_nm, user_cd, user_birth, user_regno, corp_cnno, status_cd, login_fail_cnt, login_block_yn FROM TCOM0110A WHERE business_cd = 'TAX' and user_cd = 'IND' and user_id = 'kirakira42' and status_cd not in ('90')
2023-09-23 12:42:28 [debug] : ROWS : 
2023-09-23 12:42:28 [debug] : 1---------------------------------E query


2023-09-23 12:42:28 [error] : passport isAuth  : true
2023-09-23 12:42:28 [debug] : ---------------------------------S query
2023-09-23 12:42:28 [debug] : SQL : UPDATE TCOM0110A SET login_fail_cnt = 0
                                            , login_block_yn = 'N'
                         WHERE business_cd = 'TAX' and user_cd = 'IND' and user_id = 'kirakira42' and status_cd not in ('90')
2023-09-23 12:42:28 [debug] : ROWS : 
2023-09-23 12:42:28 [debug] : 1---------------------------------E query


2023-09-23 12:42:28 [debug] : {
   "business_cd": "TAX",
   "user_uuid": "c1a24f01793a487e8882f5a4d76ec8e7",
   "user_id": "kirakira42",
   "user_pwd": "$2a$10$3tTclxpEzAROW7YMur4lMOIkTaKeqNJ/5lW6A37WRYVpSHdjka8Pu",
   "user_nm": "윤자영",
   "user_cd": "IND",
   "user_birth": "830402",
   "user_regno": "333333",
   "corp_cnno": "190-23-01655",
   "status_cd": "30",
   "login_fail_cnt": 0,
   "login_block_yn": "N"
}
2023-09-23 12:42:28 [info] : ::1 - - [23/Sep/2023:03:42:28 +0000] "POST /auth/signin HTTP/1.1" 200 559 "http://localhost:4000/lcksl-fr/lypts/sol01" "Mozilla/5.0 (Windows NT 10.0; Win64; x64) AppleWebKit/537.36 (KHTML, like Gecko) Chrome/116.0.0.0 Safari/537.36"

2023-09-23 12:44:54 [info] : Server on port 3000 | run
2023-09-23 12:46:21 [info] : ::1 - - [23/Sep/2023:03:46:21 +0000] "GET / HTTP/1.1" 200 31 "http://localhost:3000/" "Mozilla/5.0 (Windows NT 10.0; Win64; x64) AppleWebKit/537.36 (KHTML, like Gecko) Chrome/116.0.0.0 Safari/537.36"

2023-09-23 12:46:21 [info] : ::1 - - [23/Sep/2023:03:46:21 +0000] "GET / HTTP/1.1" 304 - "http://localhost:3000/" "Mozilla/5.0 (Windows NT 10.0; Win64; x64) AppleWebKit/537.36 (KHTML, like Gecko) Chrome/116.0.0.0 Safari/537.36"

2023-09-23 12:46:21 [info] : ::1 - - [23/Sep/2023:03:46:21 +0000] "GET /favicon.ico HTTP/1.1" 500 1273 "-" "Mozilla/5.0 (Windows NT 10.0; Win64; x64) AppleWebKit/537.36 (KHTML, like Gecko) Chrome/116.0.0.0 Safari/537.36"

