2023-10-10 10:52:48 [debug] : ---------------------------------S query
2023-10-10 10:52:48 [debug] : SQL : SELECT business_cd, user_uuid, user_id, user_pwd, user_nm, user_cd, user_birth, user_regno, corp_cnno, status_cd, login_fail_cnt, login_block_yn FROM TCOM0110A WHERE business_cd = 'ADM' and user_cd = 'IND' and user_id = 'kirakira42' and status_cd not in ('90')
2023-10-10 10:52:48 [debug] : ROWS : 
2023-10-10 10:52:48 [debug] : 1---------------------------------E query


2023-10-10 10:52:48 [error] : PASSPORT localVerify Error1 :  Cannot read properties of undefined (reading 'user_pwd')
2023-10-10 10:52:48 [error] : >> 
2023-10-10 10:52:48 [info] : ::1 - - [10/Oct/2023:01:52:48 +0000] "POST /auth/signin HTTP/1.1" 500 86 "http://localhost:4000/" "Mozilla/5.0 (Windows NT 10.0; Win64; x64) AppleWebKit/537.36 (KHTML, like Gecko) Chrome/117.0.0.0 Safari/537.36"

2023-10-10 10:53:34 [debug] : ---------------------------------S query
2023-10-10 10:53:34 [debug] : SQL : SELECT business_cd, user_uuid, user_id, user_pwd, user_nm, user_cd, user_birth, user_regno, corp_cnno, status_cd, login_fail_cnt, login_block_yn FROM TCOM0110A WHERE business_cd = 'ADM' and user_cd = 'IND' and user_id = 'Lkgf03g' and status_cd not in ('90')
2023-10-10 10:53:34 [debug] : ROWS : 
2023-10-10 10:53:34 [debug] : 1---------------------------------E query


2023-10-10 10:53:35 [error] : passport isAuth1  : false
2023-10-10 10:53:35 [debug] : ---------------------------------S query
2023-10-10 10:53:35 [debug] : SQL : UPDATE TCOM0110A SET login_fail_cnt = login_fail_cnt + 1
                                            , login_block_yn = CASE WHEN login_fail_cnt >= 5 THEN 'Y' ELSE 'N' END
                         WHERE business_cd = 'ADM' and user_cd = 'IND' and user_id = 'Lkgf03g' and status_cd not in ('90')
2023-10-10 10:53:35 [debug] : ROWS : 
2023-10-10 10:53:35 [debug] : 1---------------------------------E query


2023-10-10 10:53:35 [info] : ::1 - - [10/Oct/2023:01:53:35 +0000] "POST /auth/signin HTTP/1.1" 401 - "http://localhost:4000/" "Mozilla/5.0 (Windows NT 10.0; Win64; x64) AppleWebKit/537.36 (KHTML, like Gecko) Chrome/117.0.0.0 Safari/537.36"

2023-10-10 10:53:59 [info] : Server off
2023-10-10 10:54:10 [info] : Server on port 3000 | run
2023-10-10 10:54:27 [debug] : ---------------------------------S query
2023-10-10 10:54:27 [debug] : SQL : SELECT business_cd, user_uuid, user_id, user_pwd, user_nm, user_cd, user_birth, user_regno, corp_cnno, status_cd, login_fail_cnt, login_block_yn FROM TCOM0110A WHERE business_cd = 'ADM' and user_cd = 'IND' and user_id = 'Lkgf03g' and status_cd not in ('90')
2023-10-10 10:54:27 [debug] : ROWS : 
2023-10-10 10:54:27 [debug] : 1---------------------------------E query


2023-10-10 10:54:27 [error] : passport isAuth  : false
2023-10-10 10:54:27 [debug] : ---------------------------------S query
2023-10-10 10:54:27 [debug] : SQL : UPDATE TCOM0110A SET login_fail_cnt = login_fail_cnt + 1
                                            , login_block_yn = CASE WHEN login_fail_cnt >= 5 THEN 'Y' ELSE 'N' END
                         WHERE business_cd = 'ADM' and user_cd = 'IND' and user_id = 'Lkgf03g' and status_cd not in ('90')
2023-10-10 10:54:27 [debug] : ROWS : 
2023-10-10 10:54:27 [debug] : 1---------------------------------E query


2023-10-10 10:54:27 [info] : ::1 - - [10/Oct/2023:01:54:27 +0000] "POST /auth/signin HTTP/1.1" 401 - "http://localhost:4000/" "Mozilla/5.0 (Windows NT 10.0; Win64; x64) AppleWebKit/537.36 (KHTML, like Gecko) Chrome/117.0.0.0 Safari/537.36"

2023-10-10 10:57:34 [debug] : ---------------------------------S query
2023-10-10 10:57:34 [debug] : SQL : SELECT business_cd, user_uuid, user_id, user_pwd, user_nm, user_cd, user_birth, user_regno, corp_cnno, status_cd, login_fail_cnt, login_block_yn FROM TCOM0110A WHERE business_cd = 'ADM' and user_cd = 'IND' and user_id = 'Lkgf03g' and status_cd not in ('90')
2023-10-10 10:57:34 [debug] : ROWS : 
2023-10-10 10:57:34 [debug] : 1---------------------------------E query


2023-10-10 10:57:34 [error] : passport isAuth  : true
2023-10-10 10:57:34 [debug] : ---------------------------------S query
2023-10-10 10:57:34 [debug] : SQL : UPDATE TCOM0110A SET login_fail_cnt = 0
                                            , login_block_yn = 'N'
                         WHERE business_cd = 'ADM' and user_cd = 'IND' and user_id = 'Lkgf03g' and status_cd not in ('90')
2023-10-10 10:57:34 [debug] : ROWS : 
2023-10-10 10:57:34 [debug] : 1---------------------------------E query


2023-10-10 10:57:34 [debug] : {
   "business_cd": "ADM",
   "user_uuid": "8cd7e11d53a441169f638f18b0aac029",
   "user_id": "Lkgf03g",
   "user_pwd": "$2a$10$4VQTzhLPrwBcs77YcdzOCuM3csguBBeuZgWfGVtP4Ro3cBevEeW36",
   "user_nm": "윤자영",
   "user_cd": "IND",
   "user_birth": "",
   "user_regno": "",
   "corp_cnno": "",
   "status_cd": "30",
   "login_fail_cnt": 2,
   "login_block_yn": "N"
}
2023-10-10 10:57:34 [info] : ::1 - - [10/Oct/2023:01:57:34 +0000] "POST /auth/signin HTTP/1.1" 200 556 "http://localhost:4000/" "Mozilla/5.0 (Windows NT 10.0; Win64; x64) AppleWebKit/537.36 (KHTML, like Gecko) Chrome/117.0.0.0 Safari/537.36"

2023-10-10 11:10:23 [info] : ::1 - - [10/Oct/2023:02:10:23 +0000] "POST /locktom_A/BOARD/gets HTTP/1.1" 500 1273 "http://localhost:4000/" "Mozilla/5.0 (Windows NT 10.0; Win64; x64) AppleWebKit/537.36 (KHTML, like Gecko) Chrome/117.0.0.0 Safari/537.36"

2023-10-10 11:10:55 [info] : ::1 - - [10/Oct/2023:02:10:55 +0000] "POST /locktom_A/TAX/gets HTTP/1.1" 500 1273 "http://localhost:4000/" "Mozilla/5.0 (Windows NT 10.0; Win64; x64) AppleWebKit/537.36 (KHTML, like Gecko) Chrome/117.0.0.0 Safari/537.36"

2023-10-10 11:11:41 [info] : ::1 - - [10/Oct/2023:02:11:41 +0000] "POST /locktom_A/TAX/APPLY/get HTTP/1.1" 500 1273 "http://localhost:4000/" "Mozilla/5.0 (Windows NT 10.0; Win64; x64) AppleWebKit/537.36 (KHTML, like Gecko) Chrome/117.0.0.0 Safari/537.36"

2023-10-10 11:11:51 [info] : ::1 - - [10/Oct/2023:02:11:51 +0000] "POST /locktom_A/USER/gets HTTP/1.1" 500 1273 "http://localhost:4000/" "Mozilla/5.0 (Windows NT 10.0; Win64; x64) AppleWebKit/537.36 (KHTML, like Gecko) Chrome/117.0.0.0 Safari/537.36"

2023-10-10 11:22:01 [info] : ::1 - - [10/Oct/2023:02:22:01 +0000] "POST /locktom_A/TAX/RENEWAL/gets HTTP/1.1" 500 1273 "http://localhost:4000/" "Mozilla/5.0 (Windows NT 10.0; Win64; x64) AppleWebKit/537.36 (KHTML, like Gecko) Chrome/117.0.0.0 Safari/537.36"

2023-10-10 11:52:12 [info] : Server off
2023-10-10 12:00:17 [info] : Server on port 3000 | run
2023-10-10 12:23:15 [info] : Server off
2023-10-10 12:23:51 [info] : Server on port 3000 | run
2023-10-10 12:37:27 [info] : Server off
2023-10-10 12:37:30 [info] : Server on port 3000 | run
2023-10-10 15:35:45 [info] : ::1 - - [10/Oct/2023:06:35:45 +0000] "GET / HTTP/1.1" 200 31 "-" "Mozilla/5.0 (Windows NT 10.0; Win64; x64) AppleWebKit/537.36 (KHTML, like Gecko) Chrome/117.0.0.0 Safari/537.36"

2023-10-10 15:35:45 [info] : ::1 - - [10/Oct/2023:06:35:45 +0000] "GET /favicon.ico HTTP/1.1" 500 1273 "-" "Mozilla/5.0 (Windows NT 10.0; Win64; x64) AppleWebKit/537.36 (KHTML, like Gecko) Chrome/117.0.0.0 Safari/537.36"

2023-10-10 15:37:54 [debug] : ---------------------------------S query
2023-10-10 15:37:54 [debug] : SQL : SELECT business_cd, user_uuid, user_id, user_pwd, user_nm, user_cd, user_birth, user_regno, corp_cnno, status_cd, login_fail_cnt, login_block_yn FROM TCOM0110A WHERE business_cd = 'ADM' and user_cd = 'IND' and user_id = 'Lkgf03g' and status_cd not in ('90')
2023-10-10 15:37:54 [debug] : ROWS : 
2023-10-10 15:37:54 [debug] : 1---------------------------------E query


2023-10-10 15:37:54 [error] : passport isAuth  : true
2023-10-10 15:37:54 [debug] : ---------------------------------S query
2023-10-10 15:37:54 [debug] : SQL : UPDATE TCOM0110A SET login_fail_cnt = 0
                                            , login_block_yn = 'N'
                         WHERE business_cd = 'ADM' and user_cd = 'IND' and user_id = 'Lkgf03g' and status_cd not in ('90')
2023-10-10 15:37:54 [debug] : ROWS : 
2023-10-10 15:37:54 [debug] : 1---------------------------------E query


2023-10-10 15:37:54 [debug] : {
   "business_cd": "ADM",
   "user_uuid": "8cd7e11d53a441169f638f18b0aac029",
   "user_id": "Lkgf03g",
   "user_pwd": "$2a$10$4VQTzhLPrwBcs77YcdzOCuM3csguBBeuZgWfGVtP4Ro3cBevEeW36",
   "user_nm": "윤자영",
   "user_cd": "IND",
   "user_birth": "",
   "user_regno": "",
   "corp_cnno": "",
   "status_cd": "30",
   "login_fail_cnt": 0,
   "login_block_yn": "N"
}
2023-10-10 15:37:54 [info] : ::1 - - [10/Oct/2023:06:37:54 +0000] "POST /auth/signin HTTP/1.1" 200 556 "http://localhost:4000/" "Mozilla/5.0 (Windows NT 10.0; Win64; x64) AppleWebKit/537.36 (KHTML, like Gecko) Chrome/117.0.0.0 Safari/537.36"

2023-10-10 15:38:36 [info] : ::1 - - [10/Oct/2023:06:38:36 +0000] "POST /locktom_A/TAX/gets HTTP/1.1" 500 1273 "http://localhost:4000/" "Mozilla/5.0 (Windows NT 10.0; Win64; x64) AppleWebKit/537.36 (KHTML, like Gecko) Chrome/117.0.0.0 Safari/537.36"

2023-10-10 15:38:53 [info] : ::1 - - [10/Oct/2023:06:38:53 +0000] "POST /locktom_A/TAX/gets HTTP/1.1" 500 1273 "http://localhost:4000/" "Mozilla/5.0 (Windows NT 10.0; Win64; x64) AppleWebKit/537.36 (KHTML, like Gecko) Chrome/117.0.0.0 Safari/537.36"

2023-10-10 15:38:59 [info] : ::1 - - [10/Oct/2023:06:38:59 +0000] "POST /locktom_A/TAX/gets HTTP/1.1" 500 1273 "http://localhost:4000/" "Mozilla/5.0 (Windows NT 10.0; Win64; x64) AppleWebKit/537.36 (KHTML, like Gecko) Chrome/117.0.0.0 Safari/537.36"

2023-10-10 15:45:45 [info] : ::1 - - [10/Oct/2023:06:45:45 +0000] "POST /locktom_A/TAX/RENEWAL/gets HTTP/1.1" 500 1273 "http://localhost:4000/" "Mozilla/5.0 (Windows NT 10.0; Win64; x64) AppleWebKit/537.36 (KHTML, like Gecko) Chrome/117.0.0.0 Safari/537.36"

2023-10-10 15:45:57 [info] : Server off
2023-10-10 15:46:00 [info] : Server off
2023-10-10 15:46:01 [info] : Server off
2023-10-10 15:46:01 [info] : Server off
2023-10-10 15:46:01 [info] : Server off
2023-10-10 15:46:01 [info] : Server off
2023-10-10 15:46:02 [info] : Server off
2023-10-10 15:46:02 [info] : Server off
2023-10-10 15:46:02 [info] : Server off
2023-10-10 15:46:03 [info] : Server off
2023-10-10 15:46:14 [info] : Server off
2023-10-10 15:46:22 [info] : Server on port 3000 | run
2023-10-10 15:47:09 [info] : ::1 - - [10/Oct/2023:06:47:09 +0000] "POST /locktom_A/TAX/RENEWAL/gets HTTP/1.1" 500 1273 "http://localhost:4000/" "Mozilla/5.0 (Windows NT 10.0; Win64; x64) AppleWebKit/537.36 (KHTML, like Gecko) Chrome/117.0.0.0 Safari/537.36"

2023-10-10 15:50:02 [info] : Server off
2023-10-10 15:50:04 [info] : Server on port 3000 | run
2023-10-10 15:50:23 [info] : ::1 - - [10/Oct/2023:06:50:23 +0000] "POST /locktom_A/TAX/RENEWAL/gets HTTP/1.1" 500 1273 "http://localhost:4000/" "Mozilla/5.0 (Windows NT 10.0; Win64; x64) AppleWebKit/537.36 (KHTML, like Gecko) Chrome/117.0.0.0 Safari/537.36"

2023-10-10 15:53:39 [info] : Server off
2023-10-10 15:54:23 [info] : Server on port 3000 | run
2023-10-10 15:55:12 [info] : ::1 - - [10/Oct/2023:06:55:12 +0000] "POST /locktom_A/TAX/TRX/get HTTP/1.1" 500 1273 "http://localhost:4000/" "Mozilla/5.0 (Windows NT 10.0; Win64; x64) AppleWebKit/537.36 (KHTML, like Gecko) Chrome/117.0.0.0 Safari/537.36"

2023-10-10 15:56:08 [debug] : ---------------------------------S query
2023-10-10 15:56:08 [debug] : SQL : SELECT business_cd, user_uuid, user_id, user_pwd, user_nm, user_cd, user_birth, user_regno, corp_cnno, status_cd, login_fail_cnt, login_block_yn FROM TCOM0110A WHERE business_cd = 'ADM' and user_cd = 'IND' and user_id = 'Lkgf03g' and status_cd not in ('90')
2023-10-10 15:56:08 [debug] : ROWS : 
2023-10-10 15:56:08 [debug] : 1---------------------------------E query


2023-10-10 15:56:08 [error] : passport isAuth  : true
2023-10-10 15:56:08 [debug] : ---------------------------------S query
2023-10-10 15:56:08 [debug] : SQL : UPDATE TCOM0110A SET login_fail_cnt = 0
                                            , login_block_yn = 'N'
                         WHERE business_cd = 'ADM' and user_cd = 'IND' and user_id = 'Lkgf03g' and status_cd not in ('90')
2023-10-10 15:56:08 [debug] : ROWS : 
2023-10-10 15:56:08 [debug] : 1---------------------------------E query


2023-10-10 15:56:08 [debug] : {
   "business_cd": "ADM",
   "user_uuid": "8cd7e11d53a441169f638f18b0aac029",
   "user_id": "Lkgf03g",
   "user_pwd": "$2a$10$4VQTzhLPrwBcs77YcdzOCuM3csguBBeuZgWfGVtP4Ro3cBevEeW36",
   "user_nm": "윤자영",
   "user_cd": "IND",
   "user_birth": "",
   "user_regno": "",
   "corp_cnno": "",
   "status_cd": "30",
   "login_fail_cnt": 0,
   "login_block_yn": "N"
}
2023-10-10 15:56:08 [info] : ::1 - - [10/Oct/2023:06:56:08 +0000] "POST /auth/signin HTTP/1.1" 200 556 "http://localhost:4000/" "Mozilla/5.0 (Windows NT 10.0; Win64; x64) AppleWebKit/537.36 (KHTML, like Gecko) Chrome/117.0.0.0 Safari/537.36"

2023-10-10 15:56:55 [info] : ::1 - - [10/Oct/2023:06:56:55 +0000] "POST /locktom_A/USER/gets HTTP/1.1" 500 1273 "http://localhost:4000/" "Mozilla/5.0 (Windows NT 10.0; Win64; x64) AppleWebKit/537.36 (KHTML, like Gecko) Chrome/117.0.0.0 Safari/537.36"

2023-10-10 15:57:19 [info] : Server off
2023-10-10 15:57:51 [info] : Server off
2023-10-10 15:57:53 [info] : Server on port 3000 | run
2023-10-10 15:57:58 [info] : ::1 - - [10/Oct/2023:06:57:58 +0000] "POST /locktom_A/USER/gets HTTP/1.1" 500 1273 "http://localhost:4000/" "Mozilla/5.0 (Windows NT 10.0; Win64; x64) AppleWebKit/537.36 (KHTML, like Gecko) Chrome/117.0.0.0 Safari/537.36"

2023-10-10 15:58:35 [info] : ::1 - - [10/Oct/2023:06:58:35 +0000] "POST /locktom_A/USER/gets HTTP/1.1" 500 1273 "http://localhost:4000/" "Mozilla/5.0 (Windows NT 10.0; Win64; x64) AppleWebKit/537.36 (KHTML, like Gecko) Chrome/117.0.0.0 Safari/537.36"

2023-10-10 15:58:56 [info] : ::1 - - [10/Oct/2023:06:58:56 +0000] "GET /locktom_A/USER/gets HTTP/1.1" 500 1273 "-" "Mozilla/5.0 (Windows NT 10.0; Win64; x64) AppleWebKit/537.36 (KHTML, like Gecko) Chrome/117.0.0.0 Safari/537.36"

2023-10-10 15:59:28 [info] : ::1 - - [10/Oct/2023:06:59:28 +0000] "POST /locktom_A/TAX/APPLY/get HTTP/1.1" 500 1273 "http://localhost:4000/" "Mozilla/5.0 (Windows NT 10.0; Win64; x64) AppleWebKit/537.36 (KHTML, like Gecko) Chrome/117.0.0.0 Safari/537.36"

2023-10-10 16:00:55 [debug] : ---------------------------------S query
2023-10-10 16:00:55 [debug] : SQL : SELECT business_cd, user_uuid, user_id, user_pwd, user_nm, user_cd, user_birth, user_regno, corp_cnno, status_cd, login_fail_cnt, login_block_yn FROM TCOM0110A WHERE business_cd = 'ADM' and user_cd = 'IND' and user_id = 'Lkgf03g' and status_cd not in ('90')
2023-10-10 16:00:55 [debug] : ROWS : 
2023-10-10 16:00:55 [debug] : 1---------------------------------E query


2023-10-10 16:00:55 [error] : passport isAuth1  : true
2023-10-10 16:00:55 [debug] : ---------------------------------S query
2023-10-10 16:00:55 [debug] : SQL : UPDATE TCOM0110A SET login_fail_cnt = 0
                                            , login_block_yn = 'N'
                         WHERE business_cd = 'ADM' and user_cd = 'IND' and user_id = 'Lkgf03g' and status_cd not in ('90')
2023-10-10 16:00:55 [debug] : ROWS : 
2023-10-10 16:00:55 [debug] : 1---------------------------------E query


2023-10-10 16:00:55 [debug] : {
   "business_cd": "ADM",
   "user_uuid": "8cd7e11d53a441169f638f18b0aac029",
   "user_id": "Lkgf03g",
   "user_pwd": "$2a$10$4VQTzhLPrwBcs77YcdzOCuM3csguBBeuZgWfGVtP4Ro3cBevEeW36",
   "user_nm": "윤자영",
   "user_cd": "IND",
   "user_birth": "",
   "user_regno": "",
   "corp_cnno": "",
   "status_cd": "30",
   "login_fail_cnt": 0,
   "login_block_yn": "N"
}
2023-10-10 16:00:55 [info] : ::1 - - [10/Oct/2023:07:00:55 +0000] "POST /auth/signin HTTP/1.1" 200 556 "http://localhost:4000/" "Mozilla/5.0 (Windows NT 10.0; Win64; x64) AppleWebKit/537.36 (KHTML, like Gecko) Chrome/117.0.0.0 Safari/537.36"

2023-10-10 16:02:16 [info] : ::1 - - [10/Oct/2023:07:02:16 +0000] "POST /locktom_A/USER/gets HTTP/1.1" 500 1273 "http://localhost:4000/" "Mozilla/5.0 (Windows NT 10.0; Win64; x64) AppleWebKit/537.36 (KHTML, like Gecko) Chrome/117.0.0.0 Safari/537.36"

2023-10-10 16:06:51 [info] : Server off
2023-10-10 16:06:54 [info] : Server on port 3000 | run
2023-10-10 16:07:05 [info] : ::1 - - [10/Oct/2023:07:07:05 +0000] "POST /locktom_A/USER/gets HTTP/1.1" 500 1614 "http://localhost:4000/" "Mozilla/5.0 (Windows NT 10.0; Win64; x64) AppleWebKit/537.36 (KHTML, like Gecko) Chrome/117.0.0.0 Safari/537.36"

2023-10-10 16:09:52 [info] : ::1 - - [10/Oct/2023:07:09:52 +0000] "POST /locktom_A/TAX/APPLY/get HTTP/1.1" 500 1614 "http://localhost:4000/" "Mozilla/5.0 (Windows NT 10.0; Win64; x64) AppleWebKit/537.36 (KHTML, like Gecko) Chrome/117.0.0.0 Safari/537.36"

2023-10-10 16:09:58 [info] : ::1 - - [10/Oct/2023:07:09:58 +0000] "POST /locktom_A/TAX/APPLY/get HTTP/1.1" 500 1614 "http://localhost:4000/" "Mozilla/5.0 (Windows NT 10.0; Win64; x64) AppleWebKit/537.36 (KHTML, like Gecko) Chrome/117.0.0.0 Safari/537.36"

2023-10-10 16:10:45 [info] : Server off
