2023-11-09 00:06:54 [debug] : ---------------------------------S query
2023-11-09 00:06:54 [debug] : SQL : SELECT business_cd, user_uuid, user_id, user_pwd, user_nm, user_cd, user_birth, user_regno, corp_cnno, status_cd, login_fail_cnt, login_block_yn FROM TCOM0110A WHERE business_cd = 'ADM' and user_cd = 'IND' and user_id = 'Lkgf03g' and status_cd not in ('90')
2023-11-09 00:06:54 [debug] : ROWS : 
2023-11-09 00:06:54 [debug] : 1---------------------------------E query


2023-11-09 00:06:54 [error] : passport isAuth  : true
2023-11-09 00:06:54 [debug] : ---------------------------------S query
2023-11-09 00:06:54 [debug] : SQL : UPDATE TCOM0110A SET login_fail_cnt = 0
                                            , login_block_yn = 'N'
                         WHERE business_cd = 'ADM' and user_cd = 'IND' and user_id = 'Lkgf03g' and status_cd not in ('90')
2023-11-09 00:06:54 [debug] : ROWS : 
2023-11-09 00:06:54 [debug] : 1---------------------------------E query


2023-11-09 00:06:54 [debug] : {
   "business_cd": "ADM",
   "user_uuid": "8cd7e11d53a441169f638f18b0aac029",
   "user_id": "Lkgf03g",
   "user_pwd": "$2a$10$fs5avhe1SJ1cax0nF2kq9unzkXopsxhFKlBK3QMAVktRVo0D2pizi",
   "user_nm": "윤자영",
   "user_cd": "IND",
   "user_birth": "",
   "user_regno": "",
   "corp_cnno": "",
   "status_cd": "30",
   "login_fail_cnt": 0,
   "login_block_yn": "N"
}
2023-11-09 00:06:54 [info] : ::1 - - [08/Nov/2023:15:06:54 +0000] "POST /auth/signin HTTP/1.1" 200 556 "http://localhost:4000/" "Mozilla/5.0 (Windows NT 10.0; Win64; x64) AppleWebKit/537.36 (KHTML, like Gecko) Chrome/119.0.0.0 Safari/537.36"

2023-11-09 00:18:09 [debug] : {
   "method": "raw",
   "sql": "\n      /* AdminMapper.INSURANCE_LIST */  \n      SELECT A.insurance_uuid\n            , A.business_cd\n            , A.user_cd\n            , A.user_uuid\n            , A.user_nm\n            , A.user_id\n            , A.user_regno\n            , A.corp_cnno\n            , A.insr_year\n            , A.insr_st_dt\n            , A.insr_cncls_dt\n            , A.insr_tot_amt\n            , A.insr_tot_paid_amt\n            , A.insr_tot_unpaid_amt\n            , A.status_cd\n            , B.insurance_no\n            , B.insr_st_dt as base_insr_st_dt\n            , B.insr_cncls_dt as base_insr_cncls_dt\n            , FN_GET_CODENM('COM002', A.user_cd) AS user_cd_nm\n            , FN_GET_CODENM('COM030', A.status_cd) AS status_nm\n            , FN_GET_CODENM('TAX001', A.corp_region_cd) AS corp_region_nm\n            FROM   TTAX0030A A\n      \t\t\tLEFT JOIN TCOM0030A B\n\t\t    ON A.insr_year = B.base_year \n\t\t    AND A.user_cd = B.user_cd \n\t\t    AND A.business_cd = B.business_cd\n      WHERE  A.business_cd =  ?\n         AND (? = '%' or A.user_cd = ?)\n         AND (? = '%' or A.insr_year = ?)\n         AND (? = '%' or A.status_cd = ?)\n         AND ((A.user_nm like CONCAT('%', ?, '%')) OR a.cbr_data like CONCAT('%', ?, '%') )\n        \n      ORDER  BY A.created_at DESC \n    ",
   "bindings": [
      "TAX",
      "%",
      "%",
      "%",
      "%",
      "%",
      "%",
      "",
      ""
   ],
   "options": {},
   "__knexQueryUid": "S7CQ8zAvuw-jP8a89nmQz"
}
2023-11-09 00:18:12 [info] : ::1 - - [08/Nov/2023:15:18:12 +0000] "POST /ADM/TAX/gets HTTP/1.1" 200 5838568 "http://localhost:4000/" "Mozilla/5.0 (Windows NT 10.0; Win64; x64) AppleWebKit/537.36 (KHTML, like Gecko) Chrome/119.0.0.0 Safari/537.36"

2023-11-09 00:18:28 [debug] : {
   "method": "raw",
   "sql": "\n      /* AdminMapper.INSURANCE_INFO */    \n      SELECT A.insurance_uuid\n            ,A.insurance_seq\n            ,A.user_uuid\n            ,A.business_cd\n            ,A.user_cd\n            ,A.user_id\n            ,A.user_nm\n            ,A.user_birth\n            ,A.user_regno\n            ,A.corp_type\n            ,A.corp_nm\n            ,A.corp_ceo_nm\n            ,A.corp_bnno\n            ,A.corp_cnno\n            ,A.corp_telno\n            ,A.corp_faxno\n            ,A.corp_cust_nm\n            ,A.corp_cust_hpno\n            ,A.corp_cust_email\n            ,A.corp_post\n            ,A.corp_addr\n            ,A.corp_addr_dtl\n            ,A.corp_region_cd\n            ,A.insr_year\n            ,A.insr_reg_dt\n            ,A.insr_st_dt\n            ,A.insr_cncls_dt\n            ,A.insr_retr_yn\n            ,A.insr_retr_dt\n            ,A.insr_pblc_brdn_rt\n            ,A.insr_clm_lt_amt\n            ,A.insr_year_clm_lt_amt\n            ,A.insr_psnl_brdn_amt\n            ,A.insr_sale_year\n            ,A.insr_sale_rt\n            ,A.insr_pcnt_sale_rt\n            ,A.insr_base_amt\n            ,A.insr_amt\n            ,A.insr_tot_amt\n            ,A.insr_tot_paid_amt\n            ,A.insr_tot_unpaid_amt\n            ,A.cons_join_yn\n            ,A.cons_data\n            ,A.spct_join_yn\n            ,A.spct_data\n            ,A.cbr_data\n            ,A.cbr_cnt\n            ,A.trx_data\n            ,A.erp_amt\n            ,A.erp_dt\n            ,A.erp_st_dt\n            ,A.erp_cncls_dt\n            ,A.active_yn\n            ,A.agr10_yn\n            ,A.agr20_yn\n            ,A.agr30_yn\n            ,A.agr31_yn\n            ,A.agr32_yn\n            ,A.agr33_yn\n            ,A.agr34_yn\n            ,A.agr40_yn\n            ,A.agr41_yn\n            ,A.agr50_yn\n            ,A.status_cd\n            ,A.rmk\n            ,A.change_rmk\n            ,A.change_dt\n            ,FN_GET_CODENM('COM030', A.status_cd) AS status_nm\n            ,FN_GET_CODENM('TAX001', A.corp_region_cd) AS corp_region_nm\n            ,FN_GET_SPLIT(A.corp_telno, '-', 1) as corp_telno1\n            ,FN_GET_SPLIT(A.corp_telno, '-', 2) as corp_telno2\n            ,FN_GET_SPLIT(A.corp_telno, '-', 3) as corp_telno3\n            ,FN_GET_SPLIT(A.corp_faxno, '-', 1) as corp_faxno1\n            ,FN_GET_SPLIT(A.corp_faxno, '-', 2) as corp_faxno2\n            ,FN_GET_SPLIT(A.corp_faxno, '-', 3) as corp_faxno3\n            ,B.insr_st_dt as base_insr_st_dt\n            ,B.insr_cncls_dt as base_insr_cncls_dt\n            ,B.insurance_no\n      FROM   TTAX0030A A\n      \t\t\tLEFT JOIN TCOM0030A B\n\t\t    ON A.insr_year = B.base_year \n\t\t    AND A.user_cd = B.user_cd \n\t\t    AND A.business_cd = B.business_cd\n      WHERE A.insurance_uuid = ? \n            AND A.status_cd not in ('40') -- 이력제외\n      ORDER  BY A.insurance_uuid, A.insurance_seq DESC\n      LIMIT  1 \n    ",
   "bindings": [
      "3c3e7f95f2ec4d0d9ab46068dd6786e5"
   ],
   "options": {},
   "__knexQueryUid": "YL8gz30PHbpHL9eoq-QeI"
}
2023-11-09 00:18:28 [info] : ::1 - - [08/Nov/2023:15:18:28 +0000] "POST /ADM/TAX/get HTTP/1.1" 200 4215 "http://localhost:4000/" "Mozilla/5.0 (Windows NT 10.0; Win64; x64) AppleWebKit/537.36 (KHTML, like Gecko) Chrome/119.0.0.0 Safari/537.36"

2023-11-09 00:18:28 [debug] : {
   "method": "raw",
   "sql": "\n      /* AdminMapper.INSURANCE_INFO */    \n      SELECT A.insurance_uuid\n            ,A.insurance_seq\n            ,A.user_uuid\n            ,A.business_cd\n            ,A.user_cd\n            ,A.user_id\n            ,A.user_nm\n            ,A.user_birth\n            ,A.user_regno\n            ,A.corp_type\n            ,A.corp_nm\n            ,A.corp_ceo_nm\n            ,A.corp_bnno\n            ,A.corp_cnno\n            ,A.corp_telno\n            ,A.corp_faxno\n            ,A.corp_cust_nm\n            ,A.corp_cust_hpno\n            ,A.corp_cust_email\n            ,A.corp_post\n            ,A.corp_addr\n            ,A.corp_addr_dtl\n            ,A.corp_region_cd\n            ,A.insr_year\n            ,A.insr_reg_dt\n            ,A.insr_st_dt\n            ,A.insr_cncls_dt\n            ,A.insr_retr_yn\n            ,A.insr_retr_dt\n            ,A.insr_pblc_brdn_rt\n            ,A.insr_clm_lt_amt\n            ,A.insr_year_clm_lt_amt\n            ,A.insr_psnl_brdn_amt\n            ,A.insr_sale_year\n            ,A.insr_sale_rt\n            ,A.insr_pcnt_sale_rt\n            ,A.insr_base_amt\n            ,A.insr_amt\n            ,A.insr_tot_amt\n            ,A.insr_tot_paid_amt\n            ,A.insr_tot_unpaid_amt\n            ,A.cons_join_yn\n            ,A.cons_data\n            ,A.spct_join_yn\n            ,A.spct_data\n            ,A.cbr_data\n            ,A.cbr_cnt\n            ,A.trx_data\n            ,A.erp_amt\n            ,A.erp_dt\n            ,A.erp_st_dt\n            ,A.erp_cncls_dt\n            ,A.active_yn\n            ,A.agr10_yn\n            ,A.agr20_yn\n            ,A.agr30_yn\n            ,A.agr31_yn\n            ,A.agr32_yn\n            ,A.agr33_yn\n            ,A.agr34_yn\n            ,A.agr40_yn\n            ,A.agr41_yn\n            ,A.agr50_yn\n            ,A.status_cd\n            ,A.rmk\n            ,A.change_rmk\n            ,A.change_dt\n            ,FN_GET_CODENM('COM030', A.status_cd) AS status_nm\n            ,FN_GET_CODENM('TAX001', A.corp_region_cd) AS corp_region_nm\n            ,FN_GET_SPLIT(A.corp_telno, '-', 1) as corp_telno1\n            ,FN_GET_SPLIT(A.corp_telno, '-', 2) as corp_telno2\n            ,FN_GET_SPLIT(A.corp_telno, '-', 3) as corp_telno3\n            ,FN_GET_SPLIT(A.corp_faxno, '-', 1) as corp_faxno1\n            ,FN_GET_SPLIT(A.corp_faxno, '-', 2) as corp_faxno2\n            ,FN_GET_SPLIT(A.corp_faxno, '-', 3) as corp_faxno3\n            ,B.insr_st_dt as base_insr_st_dt\n            ,B.insr_cncls_dt as base_insr_cncls_dt\n            ,B.insurance_no\n      FROM   TTAX0030A A\n      \t\t\tLEFT JOIN TCOM0030A B\n\t\t    ON A.insr_year = B.base_year \n\t\t    AND A.user_cd = B.user_cd \n\t\t    AND A.business_cd = B.business_cd\n      WHERE A.insurance_uuid = ? \n            AND A.status_cd not in ('40') -- 이력제외\n      ORDER  BY A.insurance_uuid, A.insurance_seq DESC\n      LIMIT  1 \n    ",
   "bindings": [
      "3c3e7f95f2ec4d0d9ab46068dd6786e5"
   ],
   "options": {},
   "__knexQueryUid": "ROFi1soOVQe5C2prJ-1t_"
}
2023-11-09 00:18:28 [info] : ::1 - - [08/Nov/2023:15:18:28 +0000] "POST /ADM/TAX/get HTTP/1.1" 200 4215 "http://localhost:4000/" "Mozilla/5.0 (Windows NT 10.0; Win64; x64) AppleWebKit/537.36 (KHTML, like Gecko) Chrome/119.0.0.0 Safari/537.36"

2023-11-09 00:18:29 [debug] : {
   "method": "raw",
   "sql": "\n    /* AdminMapper.INSURANCE_RATE_TOP */    \n    SELECT base_year,\n          ver,\n          user_cd,\n          business_cd,\n          insr_st_dt,\n          insr_cncls_dt,\n          days,\n          insurance_nm,\n          contents,\n          insurance_no\n    FROM   tcom0030a\n    WHERE  user_cd = ?\n          AND business_cd = ?\n          AND use_yn = 'Y'\n    ORDER  BY base_year DESC,\n              ver DESC\n    LIMIT  1 \n    ",
   "bindings": [
      "COR",
      "TAX"
   ],
   "options": {},
   "__knexQueryUid": "i1yTsAC0FaCKGJBQmWTxD"
}
2023-11-09 00:18:29 [info] : ::1 - - [08/Nov/2023:15:18:29 +0000] "POST /ADM/TAX/rate HTTP/1.1" 200 1382 "http://localhost:4000/" "Mozilla/5.0 (Windows NT 10.0; Win64; x64) AppleWebKit/537.36 (KHTML, like Gecko) Chrome/119.0.0.0 Safari/537.36"

2023-11-09 00:18:29 [debug] : {
   "method": "raw",
   "sql": "\n    /* AdminMapper.INSURANCE_RATE_TOP */    \n    SELECT base_year,\n          ver,\n          user_cd,\n          business_cd,\n          insr_st_dt,\n          insr_cncls_dt,\n          days,\n          insurance_nm,\n          contents,\n          insurance_no\n    FROM   tcom0030a\n    WHERE  user_cd = ?\n          AND business_cd = ?\n          AND use_yn = 'Y'\n    ORDER  BY base_year DESC,\n              ver DESC\n    LIMIT  1 \n    ",
   "bindings": [
      "COR",
      "TAX"
   ],
   "options": {},
   "__knexQueryUid": "h0Ye1Gqi8xZm2hBCKo31C"
}
2023-11-09 00:18:29 [info] : ::1 - - [08/Nov/2023:15:18:29 +0000] "POST /ADM/TAX/rate HTTP/1.1" 200 1382 "http://localhost:4000/" "Mozilla/5.0 (Windows NT 10.0; Win64; x64) AppleWebKit/537.36 (KHTML, like Gecko) Chrome/119.0.0.0 Safari/537.36"

2023-11-09 00:18:39 [debug] : {
   "method": "raw",
   "sql": "\n      /* AdminMapper.INSURANCE_LIST */  \n      SELECT A.insurance_uuid\n            , A.business_cd\n            , A.user_cd\n            , A.user_uuid\n            , A.user_nm\n            , A.user_id\n            , A.user_regno\n            , A.corp_cnno\n            , A.insr_year\n            , A.insr_st_dt\n            , A.insr_cncls_dt\n            , A.insr_tot_amt\n            , A.insr_tot_paid_amt\n            , A.insr_tot_unpaid_amt\n            , A.status_cd\n            , B.insurance_no\n            , B.insr_st_dt as base_insr_st_dt\n            , B.insr_cncls_dt as base_insr_cncls_dt\n            , FN_GET_CODENM('COM002', A.user_cd) AS user_cd_nm\n            , FN_GET_CODENM('COM030', A.status_cd) AS status_nm\n            , FN_GET_CODENM('TAX001', A.corp_region_cd) AS corp_region_nm\n            FROM   TTAX0030A A\n      \t\t\tLEFT JOIN TCOM0030A B\n\t\t    ON A.insr_year = B.base_year \n\t\t    AND A.user_cd = B.user_cd \n\t\t    AND A.business_cd = B.business_cd\n      WHERE  A.business_cd =  ?\n         AND (? = '%' or A.user_cd = ?)\n         AND (? = '%' or A.insr_year = ?)\n         AND (? = '%' or A.status_cd = ?)\n         AND ((A.user_nm like CONCAT('%', ?, '%')) OR a.cbr_data like CONCAT('%', ?, '%') )\n        \n      ORDER  BY A.created_at DESC \n    ",
   "bindings": [
      "TAX",
      "COR",
      "COR",
      "%",
      "%",
      "%",
      "%",
      "",
      ""
   ],
   "options": {},
   "__knexQueryUid": "rFrDDBANdowr8PCVLJg4g"
}
2023-11-09 00:18:40 [info] : ::1 - - [08/Nov/2023:15:18:40 +0000] "POST /ADM/TAX/gets HTTP/1.1" 200 828067 "http://localhost:4000/" "Mozilla/5.0 (Windows NT 10.0; Win64; x64) AppleWebKit/537.36 (KHTML, like Gecko) Chrome/119.0.0.0 Safari/537.36"

2023-11-09 00:18:46 [debug] : {
   "method": "raw",
   "sql": "\n      /* AdminMapper.INSURANCE_INFO */    \n      SELECT A.insurance_uuid\n            ,A.insurance_seq\n            ,A.user_uuid\n            ,A.business_cd\n            ,A.user_cd\n            ,A.user_id\n            ,A.user_nm\n            ,A.user_birth\n            ,A.user_regno\n            ,A.corp_type\n            ,A.corp_nm\n            ,A.corp_ceo_nm\n            ,A.corp_bnno\n            ,A.corp_cnno\n            ,A.corp_telno\n            ,A.corp_faxno\n            ,A.corp_cust_nm\n            ,A.corp_cust_hpno\n            ,A.corp_cust_email\n            ,A.corp_post\n            ,A.corp_addr\n            ,A.corp_addr_dtl\n            ,A.corp_region_cd\n            ,A.insr_year\n            ,A.insr_reg_dt\n            ,A.insr_st_dt\n            ,A.insr_cncls_dt\n            ,A.insr_retr_yn\n            ,A.insr_retr_dt\n            ,A.insr_pblc_brdn_rt\n            ,A.insr_clm_lt_amt\n            ,A.insr_year_clm_lt_amt\n            ,A.insr_psnl_brdn_amt\n            ,A.insr_sale_year\n            ,A.insr_sale_rt\n            ,A.insr_pcnt_sale_rt\n            ,A.insr_base_amt\n            ,A.insr_amt\n            ,A.insr_tot_amt\n            ,A.insr_tot_paid_amt\n            ,A.insr_tot_unpaid_amt\n            ,A.cons_join_yn\n            ,A.cons_data\n            ,A.spct_join_yn\n            ,A.spct_data\n            ,A.cbr_data\n            ,A.cbr_cnt\n            ,A.trx_data\n            ,A.erp_amt\n            ,A.erp_dt\n            ,A.erp_st_dt\n            ,A.erp_cncls_dt\n            ,A.active_yn\n            ,A.agr10_yn\n            ,A.agr20_yn\n            ,A.agr30_yn\n            ,A.agr31_yn\n            ,A.agr32_yn\n            ,A.agr33_yn\n            ,A.agr34_yn\n            ,A.agr40_yn\n            ,A.agr41_yn\n            ,A.agr50_yn\n            ,A.status_cd\n            ,A.rmk\n            ,A.change_rmk\n            ,A.change_dt\n            ,FN_GET_CODENM('COM030', A.status_cd) AS status_nm\n            ,FN_GET_CODENM('TAX001', A.corp_region_cd) AS corp_region_nm\n            ,FN_GET_SPLIT(A.corp_telno, '-', 1) as corp_telno1\n            ,FN_GET_SPLIT(A.corp_telno, '-', 2) as corp_telno2\n            ,FN_GET_SPLIT(A.corp_telno, '-', 3) as corp_telno3\n            ,FN_GET_SPLIT(A.corp_faxno, '-', 1) as corp_faxno1\n            ,FN_GET_SPLIT(A.corp_faxno, '-', 2) as corp_faxno2\n            ,FN_GET_SPLIT(A.corp_faxno, '-', 3) as corp_faxno3\n            ,B.insr_st_dt as base_insr_st_dt\n            ,B.insr_cncls_dt as base_insr_cncls_dt\n            ,B.insurance_no\n      FROM   TTAX0030A A\n      \t\t\tLEFT JOIN TCOM0030A B\n\t\t    ON A.insr_year = B.base_year \n\t\t    AND A.user_cd = B.user_cd \n\t\t    AND A.business_cd = B.business_cd\n      WHERE A.insurance_uuid = ? \n            AND A.status_cd not in ('40') -- 이력제외\n      ORDER  BY A.insurance_uuid, A.insurance_seq DESC\n      LIMIT  1 \n    ",
   "bindings": [
      "6505a408dee84f649c3ce67b171a9081"
   ],
   "options": {},
   "__knexQueryUid": "K0wkvVNJF2E_YkSiI7p4y"
}
2023-11-09 00:18:46 [info] : ::1 - - [08/Nov/2023:15:18:46 +0000] "POST /ADM/TAX/get HTTP/1.1" 200 4135 "http://localhost:4000/" "Mozilla/5.0 (Windows NT 10.0; Win64; x64) AppleWebKit/537.36 (KHTML, like Gecko) Chrome/119.0.0.0 Safari/537.36"

2023-11-09 00:18:46 [debug] : {
   "method": "raw",
   "sql": "\n    /* AdminMapper.INSURANCE_RATE_TOP */    \n    SELECT base_year,\n          ver,\n          user_cd,\n          business_cd,\n          insr_st_dt,\n          insr_cncls_dt,\n          days,\n          insurance_nm,\n          contents,\n          insurance_no\n    FROM   tcom0030a\n    WHERE  user_cd = ?\n          AND business_cd = ?\n          AND use_yn = 'Y'\n    ORDER  BY base_year DESC,\n              ver DESC\n    LIMIT  1 \n    ",
   "bindings": [
      "COR",
      "TAX"
   ],
   "options": {},
   "__knexQueryUid": "tBTLyg2QvhhFh9PrQZHH2"
}
2023-11-09 00:18:46 [info] : ::1 - - [08/Nov/2023:15:18:46 +0000] "POST /ADM/TAX/rate HTTP/1.1" 200 1382 "http://localhost:4000/" "Mozilla/5.0 (Windows NT 10.0; Win64; x64) AppleWebKit/537.36 (KHTML, like Gecko) Chrome/119.0.0.0 Safari/537.36"

2023-11-09 00:18:46 [debug] : {
   "method": "raw",
   "sql": "\n      /* AdminMapper.INSURANCE_INFO */    \n      SELECT A.insurance_uuid\n            ,A.insurance_seq\n            ,A.user_uuid\n            ,A.business_cd\n            ,A.user_cd\n            ,A.user_id\n            ,A.user_nm\n            ,A.user_birth\n            ,A.user_regno\n            ,A.corp_type\n            ,A.corp_nm\n            ,A.corp_ceo_nm\n            ,A.corp_bnno\n            ,A.corp_cnno\n            ,A.corp_telno\n            ,A.corp_faxno\n            ,A.corp_cust_nm\n            ,A.corp_cust_hpno\n            ,A.corp_cust_email\n            ,A.corp_post\n            ,A.corp_addr\n            ,A.corp_addr_dtl\n            ,A.corp_region_cd\n            ,A.insr_year\n            ,A.insr_reg_dt\n            ,A.insr_st_dt\n            ,A.insr_cncls_dt\n            ,A.insr_retr_yn\n            ,A.insr_retr_dt\n            ,A.insr_pblc_brdn_rt\n            ,A.insr_clm_lt_amt\n            ,A.insr_year_clm_lt_amt\n            ,A.insr_psnl_brdn_amt\n            ,A.insr_sale_year\n            ,A.insr_sale_rt\n            ,A.insr_pcnt_sale_rt\n            ,A.insr_base_amt\n            ,A.insr_amt\n            ,A.insr_tot_amt\n            ,A.insr_tot_paid_amt\n            ,A.insr_tot_unpaid_amt\n            ,A.cons_join_yn\n            ,A.cons_data\n            ,A.spct_join_yn\n            ,A.spct_data\n            ,A.cbr_data\n            ,A.cbr_cnt\n            ,A.trx_data\n            ,A.erp_amt\n            ,A.erp_dt\n            ,A.erp_st_dt\n            ,A.erp_cncls_dt\n            ,A.active_yn\n            ,A.agr10_yn\n            ,A.agr20_yn\n            ,A.agr30_yn\n            ,A.agr31_yn\n            ,A.agr32_yn\n            ,A.agr33_yn\n            ,A.agr34_yn\n            ,A.agr40_yn\n            ,A.agr41_yn\n            ,A.agr50_yn\n            ,A.status_cd\n            ,A.rmk\n            ,A.change_rmk\n            ,A.change_dt\n            ,FN_GET_CODENM('COM030', A.status_cd) AS status_nm\n            ,FN_GET_CODENM('TAX001', A.corp_region_cd) AS corp_region_nm\n            ,FN_GET_SPLIT(A.corp_telno, '-', 1) as corp_telno1\n            ,FN_GET_SPLIT(A.corp_telno, '-', 2) as corp_telno2\n            ,FN_GET_SPLIT(A.corp_telno, '-', 3) as corp_telno3\n            ,FN_GET_SPLIT(A.corp_faxno, '-', 1) as corp_faxno1\n            ,FN_GET_SPLIT(A.corp_faxno, '-', 2) as corp_faxno2\n            ,FN_GET_SPLIT(A.corp_faxno, '-', 3) as corp_faxno3\n            ,B.insr_st_dt as base_insr_st_dt\n            ,B.insr_cncls_dt as base_insr_cncls_dt\n            ,B.insurance_no\n      FROM   TTAX0030A A\n      \t\t\tLEFT JOIN TCOM0030A B\n\t\t    ON A.insr_year = B.base_year \n\t\t    AND A.user_cd = B.user_cd \n\t\t    AND A.business_cd = B.business_cd\n      WHERE A.insurance_uuid = ? \n            AND A.status_cd not in ('40') -- 이력제외\n      ORDER  BY A.insurance_uuid, A.insurance_seq DESC\n      LIMIT  1 \n    ",
   "bindings": [
      "6505a408dee84f649c3ce67b171a9081"
   ],
   "options": {},
   "__knexQueryUid": "Ut882QFF1AL7lgR7m8Hg1"
}
2023-11-09 00:18:46 [info] : ::1 - - [08/Nov/2023:15:18:46 +0000] "POST /ADM/TAX/get HTTP/1.1" 200 4135 "http://localhost:4000/" "Mozilla/5.0 (Windows NT 10.0; Win64; x64) AppleWebKit/537.36 (KHTML, like Gecko) Chrome/119.0.0.0 Safari/537.36"

2023-11-09 00:18:47 [debug] : {
   "method": "raw",
   "sql": "\n    /* AdminMapper.INSURANCE_RATE_TOP */    \n    SELECT base_year,\n          ver,\n          user_cd,\n          business_cd,\n          insr_st_dt,\n          insr_cncls_dt,\n          days,\n          insurance_nm,\n          contents,\n          insurance_no\n    FROM   tcom0030a\n    WHERE  user_cd = ?\n          AND business_cd = ?\n          AND use_yn = 'Y'\n    ORDER  BY base_year DESC,\n              ver DESC\n    LIMIT  1 \n    ",
   "bindings": [
      "COR",
      "TAX"
   ],
   "options": {},
   "__knexQueryUid": "cikPsLkO9G6THhxeNxiPK"
}
2023-11-09 00:18:47 [info] : ::1 - - [08/Nov/2023:15:18:47 +0000] "POST /ADM/TAX/rate HTTP/1.1" 200 1382 "http://localhost:4000/" "Mozilla/5.0 (Windows NT 10.0; Win64; x64) AppleWebKit/537.36 (KHTML, like Gecko) Chrome/119.0.0.0 Safari/537.36"

2023-11-09 00:20:35 [debug] : {
   "method": "raw",
   "sql": "\n      /* AdminMapper.INSURANCE_INFO */    \n      SELECT A.insurance_uuid\n            ,A.insurance_seq\n            ,A.user_uuid\n            ,A.business_cd\n            ,A.user_cd\n            ,A.user_id\n            ,A.user_nm\n            ,A.user_birth\n            ,A.user_regno\n            ,A.corp_type\n            ,A.corp_nm\n            ,A.corp_ceo_nm\n            ,A.corp_bnno\n            ,A.corp_cnno\n            ,A.corp_telno\n            ,A.corp_faxno\n            ,A.corp_cust_nm\n            ,A.corp_cust_hpno\n            ,A.corp_cust_email\n            ,A.corp_post\n            ,A.corp_addr\n            ,A.corp_addr_dtl\n            ,A.corp_region_cd\n            ,A.insr_year\n            ,A.insr_reg_dt\n            ,A.insr_st_dt\n            ,A.insr_cncls_dt\n            ,A.insr_retr_yn\n            ,A.insr_retr_dt\n            ,A.insr_pblc_brdn_rt\n            ,A.insr_clm_lt_amt\n            ,A.insr_year_clm_lt_amt\n            ,A.insr_psnl_brdn_amt\n            ,A.insr_sale_year\n            ,A.insr_sale_rt\n            ,A.insr_pcnt_sale_rt\n            ,A.insr_base_amt\n            ,A.insr_amt\n            ,A.insr_tot_amt\n            ,A.insr_tot_paid_amt\n            ,A.insr_tot_unpaid_amt\n            ,A.cons_join_yn\n            ,A.cons_data\n            ,A.spct_join_yn\n            ,A.spct_data\n            ,A.cbr_data\n            ,A.cbr_cnt\n            ,A.trx_data\n            ,A.erp_amt\n            ,A.erp_dt\n            ,A.erp_st_dt\n            ,A.erp_cncls_dt\n            ,A.active_yn\n            ,A.agr10_yn\n            ,A.agr20_yn\n            ,A.agr30_yn\n            ,A.agr31_yn\n            ,A.agr32_yn\n            ,A.agr33_yn\n            ,A.agr34_yn\n            ,A.agr40_yn\n            ,A.agr41_yn\n            ,A.agr50_yn\n            ,A.status_cd\n            ,A.rmk\n            ,A.change_rmk\n            ,A.change_dt\n            ,FN_GET_CODENM('COM030', A.status_cd) AS status_nm\n            ,FN_GET_CODENM('TAX001', A.corp_region_cd) AS corp_region_nm\n            ,FN_GET_SPLIT(A.corp_telno, '-', 1) as corp_telno1\n            ,FN_GET_SPLIT(A.corp_telno, '-', 2) as corp_telno2\n            ,FN_GET_SPLIT(A.corp_telno, '-', 3) as corp_telno3\n            ,FN_GET_SPLIT(A.corp_faxno, '-', 1) as corp_faxno1\n            ,FN_GET_SPLIT(A.corp_faxno, '-', 2) as corp_faxno2\n            ,FN_GET_SPLIT(A.corp_faxno, '-', 3) as corp_faxno3\n            ,B.insr_st_dt as base_insr_st_dt\n            ,B.insr_cncls_dt as base_insr_cncls_dt\n            ,B.insurance_no\n      FROM   TTAX0030A A\n      \t\t\tLEFT JOIN TCOM0030A B\n\t\t    ON A.insr_year = B.base_year \n\t\t    AND A.user_cd = B.user_cd \n\t\t    AND A.business_cd = B.business_cd\n      WHERE A.insurance_uuid = ? \n            AND A.status_cd not in ('40') -- 이력제외\n      ORDER  BY A.insurance_uuid, A.insurance_seq DESC\n      LIMIT  1 \n    ",
   "bindings": [
      "b4e4d046ba6344fb81eba4a04923627a"
   ],
   "options": {},
   "__knexQueryUid": "KXicTX6BY3dkposgXeS78"
}
2023-11-09 00:20:35 [info] : ::1 - - [08/Nov/2023:15:20:35 +0000] "POST /ADM/TAX/get HTTP/1.1" 200 2986 "http://localhost:4000/" "Mozilla/5.0 (Windows NT 10.0; Win64; x64) AppleWebKit/537.36 (KHTML, like Gecko) Chrome/119.0.0.0 Safari/537.36"

2023-11-09 00:20:36 [debug] : {
   "method": "raw",
   "sql": "\n    /* AdminMapper.INSURANCE_RATE_TOP */    \n    SELECT base_year,\n          ver,\n          user_cd,\n          business_cd,\n          insr_st_dt,\n          insr_cncls_dt,\n          days,\n          insurance_nm,\n          contents,\n          insurance_no\n    FROM   tcom0030a\n    WHERE  user_cd = ?\n          AND business_cd = ?\n          AND use_yn = 'Y'\n    ORDER  BY base_year DESC,\n              ver DESC\n    LIMIT  1 \n    ",
   "bindings": [
      "COR",
      "TAX"
   ],
   "options": {},
   "__knexQueryUid": "1am0b2SR1cjHRvV-_WVjN"
}
2023-11-09 00:20:36 [info] : ::1 - - [08/Nov/2023:15:20:36 +0000] "POST /ADM/TAX/rate HTTP/1.1" 200 1382 "http://localhost:4000/" "Mozilla/5.0 (Windows NT 10.0; Win64; x64) AppleWebKit/537.36 (KHTML, like Gecko) Chrome/119.0.0.0 Safari/537.36"

2023-11-09 00:20:36 [debug] : {
   "method": "raw",
   "sql": "\n      /* AdminMapper.INSURANCE_INFO */    \n      SELECT A.insurance_uuid\n            ,A.insurance_seq\n            ,A.user_uuid\n            ,A.business_cd\n            ,A.user_cd\n            ,A.user_id\n            ,A.user_nm\n            ,A.user_birth\n            ,A.user_regno\n            ,A.corp_type\n            ,A.corp_nm\n            ,A.corp_ceo_nm\n            ,A.corp_bnno\n            ,A.corp_cnno\n            ,A.corp_telno\n            ,A.corp_faxno\n            ,A.corp_cust_nm\n            ,A.corp_cust_hpno\n            ,A.corp_cust_email\n            ,A.corp_post\n            ,A.corp_addr\n            ,A.corp_addr_dtl\n            ,A.corp_region_cd\n            ,A.insr_year\n            ,A.insr_reg_dt\n            ,A.insr_st_dt\n            ,A.insr_cncls_dt\n            ,A.insr_retr_yn\n            ,A.insr_retr_dt\n            ,A.insr_pblc_brdn_rt\n            ,A.insr_clm_lt_amt\n            ,A.insr_year_clm_lt_amt\n            ,A.insr_psnl_brdn_amt\n            ,A.insr_sale_year\n            ,A.insr_sale_rt\n            ,A.insr_pcnt_sale_rt\n            ,A.insr_base_amt\n            ,A.insr_amt\n            ,A.insr_tot_amt\n            ,A.insr_tot_paid_amt\n            ,A.insr_tot_unpaid_amt\n            ,A.cons_join_yn\n            ,A.cons_data\n            ,A.spct_join_yn\n            ,A.spct_data\n            ,A.cbr_data\n            ,A.cbr_cnt\n            ,A.trx_data\n            ,A.erp_amt\n            ,A.erp_dt\n            ,A.erp_st_dt\n            ,A.erp_cncls_dt\n            ,A.active_yn\n            ,A.agr10_yn\n            ,A.agr20_yn\n            ,A.agr30_yn\n            ,A.agr31_yn\n            ,A.agr32_yn\n            ,A.agr33_yn\n            ,A.agr34_yn\n            ,A.agr40_yn\n            ,A.agr41_yn\n            ,A.agr50_yn\n            ,A.status_cd\n            ,A.rmk\n            ,A.change_rmk\n            ,A.change_dt\n            ,FN_GET_CODENM('COM030', A.status_cd) AS status_nm\n            ,FN_GET_CODENM('TAX001', A.corp_region_cd) AS corp_region_nm\n            ,FN_GET_SPLIT(A.corp_telno, '-', 1) as corp_telno1\n            ,FN_GET_SPLIT(A.corp_telno, '-', 2) as corp_telno2\n            ,FN_GET_SPLIT(A.corp_telno, '-', 3) as corp_telno3\n            ,FN_GET_SPLIT(A.corp_faxno, '-', 1) as corp_faxno1\n            ,FN_GET_SPLIT(A.corp_faxno, '-', 2) as corp_faxno2\n            ,FN_GET_SPLIT(A.corp_faxno, '-', 3) as corp_faxno3\n            ,B.insr_st_dt as base_insr_st_dt\n            ,B.insr_cncls_dt as base_insr_cncls_dt\n            ,B.insurance_no\n      FROM   TTAX0030A A\n      \t\t\tLEFT JOIN TCOM0030A B\n\t\t    ON A.insr_year = B.base_year \n\t\t    AND A.user_cd = B.user_cd \n\t\t    AND A.business_cd = B.business_cd\n      WHERE A.insurance_uuid = ? \n            AND A.status_cd not in ('40') -- 이력제외\n      ORDER  BY A.insurance_uuid, A.insurance_seq DESC\n      LIMIT  1 \n    ",
   "bindings": [
      "6505a408dee84f649c3ce67b171a9081"
   ],
   "options": {},
   "__knexQueryUid": "dmAwVO0lg2zOBWwztbUjC"
}
2023-11-09 00:20:36 [info] : ::1 - - [08/Nov/2023:15:20:36 +0000] "POST /ADM/TAX/get HTTP/1.1" 200 4135 "http://localhost:4000/" "Mozilla/5.0 (Windows NT 10.0; Win64; x64) AppleWebKit/537.36 (KHTML, like Gecko) Chrome/119.0.0.0 Safari/537.36"

2023-11-09 00:20:37 [debug] : {
   "method": "raw",
   "sql": "\n    /* AdminMapper.INSURANCE_RATE_TOP */    \n    SELECT base_year,\n          ver,\n          user_cd,\n          business_cd,\n          insr_st_dt,\n          insr_cncls_dt,\n          days,\n          insurance_nm,\n          contents,\n          insurance_no\n    FROM   tcom0030a\n    WHERE  user_cd = ?\n          AND business_cd = ?\n          AND use_yn = 'Y'\n    ORDER  BY base_year DESC,\n              ver DESC\n    LIMIT  1 \n    ",
   "bindings": [
      "COR",
      "TAX"
   ],
   "options": {},
   "__knexQueryUid": "E2YTygsqpe2C25RKgzzHG"
}
2023-11-09 00:20:37 [info] : ::1 - - [08/Nov/2023:15:20:37 +0000] "POST /ADM/TAX/rate HTTP/1.1" 200 1382 "http://localhost:4000/" "Mozilla/5.0 (Windows NT 10.0; Win64; x64) AppleWebKit/537.36 (KHTML, like Gecko) Chrome/119.0.0.0 Safari/537.36"

2023-11-09 00:25:08 [debug] : {
   "method": "raw",
   "sql": "\n      /* AdminMapper.INSURANCE_INFO */    \n      SELECT A.insurance_uuid\n            ,A.insurance_seq\n            ,A.user_uuid\n            ,A.business_cd\n            ,A.user_cd\n            ,A.user_id\n            ,A.user_nm\n            ,A.user_birth\n            ,A.user_regno\n            ,A.corp_type\n            ,A.corp_nm\n            ,A.corp_ceo_nm\n            ,A.corp_bnno\n            ,A.corp_cnno\n            ,A.corp_telno\n            ,A.corp_faxno\n            ,A.corp_cust_nm\n            ,A.corp_cust_hpno\n            ,A.corp_cust_email\n            ,A.corp_post\n            ,A.corp_addr\n            ,A.corp_addr_dtl\n            ,A.corp_region_cd\n            ,A.insr_year\n            ,A.insr_reg_dt\n            ,A.insr_st_dt\n            ,A.insr_cncls_dt\n            ,A.insr_retr_yn\n            ,A.insr_retr_dt\n            ,A.insr_pblc_brdn_rt\n            ,A.insr_clm_lt_amt\n            ,A.insr_year_clm_lt_amt\n            ,A.insr_psnl_brdn_amt\n            ,A.insr_sale_year\n            ,A.insr_sale_rt\n            ,A.insr_pcnt_sale_rt\n            ,A.insr_base_amt\n            ,A.insr_amt\n            ,A.insr_tot_amt\n            ,A.insr_tot_paid_amt\n            ,A.insr_tot_unpaid_amt\n            ,A.cons_join_yn\n            ,A.cons_data\n            ,A.spct_join_yn\n            ,A.spct_data\n            ,A.cbr_data\n            ,A.cbr_cnt\n            ,A.trx_data\n            ,A.erp_amt\n            ,A.erp_dt\n            ,A.erp_st_dt\n            ,A.erp_cncls_dt\n            ,A.active_yn\n            ,A.agr10_yn\n            ,A.agr20_yn\n            ,A.agr30_yn\n            ,A.agr31_yn\n            ,A.agr32_yn\n            ,A.agr33_yn\n            ,A.agr34_yn\n            ,A.agr40_yn\n            ,A.agr41_yn\n            ,A.agr50_yn\n            ,A.status_cd\n            ,A.rmk\n            ,A.change_rmk\n            ,A.change_dt\n            ,FN_GET_CODENM('COM030', A.status_cd) AS status_nm\n            ,FN_GET_CODENM('TAX001', A.corp_region_cd) AS corp_region_nm\n            ,FN_GET_SPLIT(A.corp_telno, '-', 1) as corp_telno1\n            ,FN_GET_SPLIT(A.corp_telno, '-', 2) as corp_telno2\n            ,FN_GET_SPLIT(A.corp_telno, '-', 3) as corp_telno3\n            ,FN_GET_SPLIT(A.corp_faxno, '-', 1) as corp_faxno1\n            ,FN_GET_SPLIT(A.corp_faxno, '-', 2) as corp_faxno2\n            ,FN_GET_SPLIT(A.corp_faxno, '-', 3) as corp_faxno3\n            ,B.insr_st_dt as base_insr_st_dt\n            ,B.insr_cncls_dt as base_insr_cncls_dt\n            ,B.insurance_no\n      FROM   TTAX0030A A\n      \t\t\tLEFT JOIN TCOM0030A B\n\t\t    ON A.insr_year = B.base_year \n\t\t    AND A.user_cd = B.user_cd \n\t\t    AND A.business_cd = B.business_cd\n      WHERE A.insurance_uuid = ? \n            AND A.status_cd not in ('40') -- 이력제외\n      ORDER  BY A.insurance_uuid, A.insurance_seq DESC\n      LIMIT  1 \n    ",
   "bindings": [
      "b4e4d046ba6344fb81eba4a04923627a"
   ],
   "options": {},
   "__knexQueryUid": "7Ki2R_IVIfb1vSMdrDoU7"
}
2023-11-09 00:25:08 [info] : ::1 - - [08/Nov/2023:15:25:08 +0000] "POST /ADM/TAX/get HTTP/1.1" 200 2986 "http://localhost:4000/" "Mozilla/5.0 (Windows NT 10.0; Win64; x64) AppleWebKit/537.36 (KHTML, like Gecko) Chrome/119.0.0.0 Safari/537.36"

2023-11-09 00:25:09 [debug] : {
   "method": "raw",
   "sql": "\n    /* AdminMapper.INSURANCE_RATE_TOP */    \n    SELECT base_year,\n          ver,\n          user_cd,\n          business_cd,\n          insr_st_dt,\n          insr_cncls_dt,\n          days,\n          insurance_nm,\n          contents,\n          insurance_no\n    FROM   tcom0030a\n    WHERE  user_cd = ?\n          AND business_cd = ?\n          AND use_yn = 'Y'\n    ORDER  BY base_year DESC,\n              ver DESC\n    LIMIT  1 \n    ",
   "bindings": [
      "COR",
      "TAX"
   ],
   "options": {},
   "__knexQueryUid": "uKdRG30YJqIQLln6OXwwe"
}
2023-11-09 00:25:09 [info] : ::1 - - [08/Nov/2023:15:25:09 +0000] "POST /ADM/TAX/rate HTTP/1.1" 200 1382 "http://localhost:4000/" "Mozilla/5.0 (Windows NT 10.0; Win64; x64) AppleWebKit/537.36 (KHTML, like Gecko) Chrome/119.0.0.0 Safari/537.36"

2023-11-09 00:25:10 [debug] : {
   "method": "raw",
   "sql": "\n      /* AdminMapper.INSURANCE_INFO */    \n      SELECT A.insurance_uuid\n            ,A.insurance_seq\n            ,A.user_uuid\n            ,A.business_cd\n            ,A.user_cd\n            ,A.user_id\n            ,A.user_nm\n            ,A.user_birth\n            ,A.user_regno\n            ,A.corp_type\n            ,A.corp_nm\n            ,A.corp_ceo_nm\n            ,A.corp_bnno\n            ,A.corp_cnno\n            ,A.corp_telno\n            ,A.corp_faxno\n            ,A.corp_cust_nm\n            ,A.corp_cust_hpno\n            ,A.corp_cust_email\n            ,A.corp_post\n            ,A.corp_addr\n            ,A.corp_addr_dtl\n            ,A.corp_region_cd\n            ,A.insr_year\n            ,A.insr_reg_dt\n            ,A.insr_st_dt\n            ,A.insr_cncls_dt\n            ,A.insr_retr_yn\n            ,A.insr_retr_dt\n            ,A.insr_pblc_brdn_rt\n            ,A.insr_clm_lt_amt\n            ,A.insr_year_clm_lt_amt\n            ,A.insr_psnl_brdn_amt\n            ,A.insr_sale_year\n            ,A.insr_sale_rt\n            ,A.insr_pcnt_sale_rt\n            ,A.insr_base_amt\n            ,A.insr_amt\n            ,A.insr_tot_amt\n            ,A.insr_tot_paid_amt\n            ,A.insr_tot_unpaid_amt\n            ,A.cons_join_yn\n            ,A.cons_data\n            ,A.spct_join_yn\n            ,A.spct_data\n            ,A.cbr_data\n            ,A.cbr_cnt\n            ,A.trx_data\n            ,A.erp_amt\n            ,A.erp_dt\n            ,A.erp_st_dt\n            ,A.erp_cncls_dt\n            ,A.active_yn\n            ,A.agr10_yn\n            ,A.agr20_yn\n            ,A.agr30_yn\n            ,A.agr31_yn\n            ,A.agr32_yn\n            ,A.agr33_yn\n            ,A.agr34_yn\n            ,A.agr40_yn\n            ,A.agr41_yn\n            ,A.agr50_yn\n            ,A.status_cd\n            ,A.rmk\n            ,A.change_rmk\n            ,A.change_dt\n            ,FN_GET_CODENM('COM030', A.status_cd) AS status_nm\n            ,FN_GET_CODENM('TAX001', A.corp_region_cd) AS corp_region_nm\n            ,FN_GET_SPLIT(A.corp_telno, '-', 1) as corp_telno1\n            ,FN_GET_SPLIT(A.corp_telno, '-', 2) as corp_telno2\n            ,FN_GET_SPLIT(A.corp_telno, '-', 3) as corp_telno3\n            ,FN_GET_SPLIT(A.corp_faxno, '-', 1) as corp_faxno1\n            ,FN_GET_SPLIT(A.corp_faxno, '-', 2) as corp_faxno2\n            ,FN_GET_SPLIT(A.corp_faxno, '-', 3) as corp_faxno3\n            ,B.insr_st_dt as base_insr_st_dt\n            ,B.insr_cncls_dt as base_insr_cncls_dt\n            ,B.insurance_no\n      FROM   TTAX0030A A\n      \t\t\tLEFT JOIN TCOM0030A B\n\t\t    ON A.insr_year = B.base_year \n\t\t    AND A.user_cd = B.user_cd \n\t\t    AND A.business_cd = B.business_cd\n      WHERE A.insurance_uuid = ? \n            AND A.status_cd not in ('40') -- 이력제외\n      ORDER  BY A.insurance_uuid, A.insurance_seq DESC\n      LIMIT  1 \n    ",
   "bindings": [
      "6505a408dee84f649c3ce67b171a9081"
   ],
   "options": {},
   "__knexQueryUid": "ZaCk-wqCrGZaAJ60VH5Pt"
}
2023-11-09 00:25:10 [info] : ::1 - - [08/Nov/2023:15:25:10 +0000] "POST /ADM/TAX/get HTTP/1.1" 200 4135 "http://localhost:4000/" "Mozilla/5.0 (Windows NT 10.0; Win64; x64) AppleWebKit/537.36 (KHTML, like Gecko) Chrome/119.0.0.0 Safari/537.36"

2023-11-09 00:25:10 [debug] : {
   "method": "raw",
   "sql": "\n    /* AdminMapper.INSURANCE_RATE_TOP */    \n    SELECT base_year,\n          ver,\n          user_cd,\n          business_cd,\n          insr_st_dt,\n          insr_cncls_dt,\n          days,\n          insurance_nm,\n          contents,\n          insurance_no\n    FROM   tcom0030a\n    WHERE  user_cd = ?\n          AND business_cd = ?\n          AND use_yn = 'Y'\n    ORDER  BY base_year DESC,\n              ver DESC\n    LIMIT  1 \n    ",
   "bindings": [
      "COR",
      "TAX"
   ],
   "options": {},
   "__knexQueryUid": "pboPXbbSsXMdKDf9Ops3Y"
}
2023-11-09 00:25:10 [info] : ::1 - - [08/Nov/2023:15:25:10 +0000] "POST /ADM/TAX/rate HTTP/1.1" 200 1382 "http://localhost:4000/" "Mozilla/5.0 (Windows NT 10.0; Win64; x64) AppleWebKit/537.36 (KHTML, like Gecko) Chrome/119.0.0.0 Safari/537.36"

2023-11-09 00:26:16 [debug] : {
   "method": "raw",
   "sql": "\n      /* AdminMapper.INSURANCE_LIST */  \n      SELECT A.insurance_uuid\n            , A.business_cd\n            , A.user_cd\n            , A.user_uuid\n            , A.user_nm\n            , A.user_id\n            , A.user_regno\n            , A.corp_cnno\n            , A.insr_year\n            , A.insr_st_dt\n            , A.insr_cncls_dt\n            , A.insr_tot_amt\n            , A.insr_tot_paid_amt\n            , A.insr_tot_unpaid_amt\n            , A.status_cd\n            , B.insurance_no\n            , B.insr_st_dt as base_insr_st_dt\n            , B.insr_cncls_dt as base_insr_cncls_dt\n            , FN_GET_CODENM('COM002', A.user_cd) AS user_cd_nm\n            , FN_GET_CODENM('COM030', A.status_cd) AS status_nm\n            , FN_GET_CODENM('TAX001', A.corp_region_cd) AS corp_region_nm\n            FROM   TTAX0030A A\n      \t\t\tLEFT JOIN TCOM0030A B\n\t\t    ON A.insr_year = B.base_year \n\t\t    AND A.user_cd = B.user_cd \n\t\t    AND A.business_cd = B.business_cd\n      WHERE  A.business_cd =  ?\n         AND (? = '%' or A.user_cd = ?)\n         AND (? = '%' or A.insr_year = ?)\n         AND (? = '%' or A.status_cd = ?)\n         AND ((A.user_nm like CONCAT('%', ?, '%')) OR a.cbr_data like CONCAT('%', ?, '%') )\n        \n      ORDER  BY A.created_at DESC \n    ",
   "bindings": [
      "TAX",
      "COR",
      "COR",
      "%",
      "%",
      "%",
      "%",
      "",
      ""
   ],
   "options": {},
   "__knexQueryUid": "M_smWLwK-W9K7RSSwu1Ha"
}
2023-11-09 00:26:16 [info] : ::1 - - [08/Nov/2023:15:26:16 +0000] "POST /ADM/TAX/gets HTTP/1.1" 200 828067 "http://localhost:4000/" "Mozilla/5.0 (Windows NT 10.0; Win64; x64) AppleWebKit/537.36 (KHTML, like Gecko) Chrome/119.0.0.0 Safari/537.36"

2023-11-09 00:26:19 [debug] : {
   "method": "raw",
   "sql": "\n      /* AdminMapper.INSURANCE_INFO */    \n      SELECT A.insurance_uuid\n            ,A.insurance_seq\n            ,A.user_uuid\n            ,A.business_cd\n            ,A.user_cd\n            ,A.user_id\n            ,A.user_nm\n            ,A.user_birth\n            ,A.user_regno\n            ,A.corp_type\n            ,A.corp_nm\n            ,A.corp_ceo_nm\n            ,A.corp_bnno\n            ,A.corp_cnno\n            ,A.corp_telno\n            ,A.corp_faxno\n            ,A.corp_cust_nm\n            ,A.corp_cust_hpno\n            ,A.corp_cust_email\n            ,A.corp_post\n            ,A.corp_addr\n            ,A.corp_addr_dtl\n            ,A.corp_region_cd\n            ,A.insr_year\n            ,A.insr_reg_dt\n            ,A.insr_st_dt\n            ,A.insr_cncls_dt\n            ,A.insr_retr_yn\n            ,A.insr_retr_dt\n            ,A.insr_pblc_brdn_rt\n            ,A.insr_clm_lt_amt\n            ,A.insr_year_clm_lt_amt\n            ,A.insr_psnl_brdn_amt\n            ,A.insr_sale_year\n            ,A.insr_sale_rt\n            ,A.insr_pcnt_sale_rt\n            ,A.insr_base_amt\n            ,A.insr_amt\n            ,A.insr_tot_amt\n            ,A.insr_tot_paid_amt\n            ,A.insr_tot_unpaid_amt\n            ,A.cons_join_yn\n            ,A.cons_data\n            ,A.spct_join_yn\n            ,A.spct_data\n            ,A.cbr_data\n            ,A.cbr_cnt\n            ,A.trx_data\n            ,A.erp_amt\n            ,A.erp_dt\n            ,A.erp_st_dt\n            ,A.erp_cncls_dt\n            ,A.active_yn\n            ,A.agr10_yn\n            ,A.agr20_yn\n            ,A.agr30_yn\n            ,A.agr31_yn\n            ,A.agr32_yn\n            ,A.agr33_yn\n            ,A.agr34_yn\n            ,A.agr40_yn\n            ,A.agr41_yn\n            ,A.agr50_yn\n            ,A.status_cd\n            ,A.rmk\n            ,A.change_rmk\n            ,A.change_dt\n            ,FN_GET_CODENM('COM030', A.status_cd) AS status_nm\n            ,FN_GET_CODENM('TAX001', A.corp_region_cd) AS corp_region_nm\n            ,FN_GET_SPLIT(A.corp_telno, '-', 1) as corp_telno1\n            ,FN_GET_SPLIT(A.corp_telno, '-', 2) as corp_telno2\n            ,FN_GET_SPLIT(A.corp_telno, '-', 3) as corp_telno3\n            ,FN_GET_SPLIT(A.corp_faxno, '-', 1) as corp_faxno1\n            ,FN_GET_SPLIT(A.corp_faxno, '-', 2) as corp_faxno2\n            ,FN_GET_SPLIT(A.corp_faxno, '-', 3) as corp_faxno3\n            ,B.insr_st_dt as base_insr_st_dt\n            ,B.insr_cncls_dt as base_insr_cncls_dt\n            ,B.insurance_no\n      FROM   TTAX0030A A\n      \t\t\tLEFT JOIN TCOM0030A B\n\t\t    ON A.insr_year = B.base_year \n\t\t    AND A.user_cd = B.user_cd \n\t\t    AND A.business_cd = B.business_cd\n      WHERE A.insurance_uuid = ? \n            AND A.status_cd not in ('40') -- 이력제외\n      ORDER  BY A.insurance_uuid, A.insurance_seq DESC\n      LIMIT  1 \n    ",
   "bindings": [
      "6505a408dee84f649c3ce67b171a9081"
   ],
   "options": {},
   "__knexQueryUid": "m8ybRTfa58ZwV5JSLA36O"
}
2023-11-09 00:26:19 [info] : ::1 - - [08/Nov/2023:15:26:19 +0000] "POST /ADM/TAX/get HTTP/1.1" 200 4135 "http://localhost:4000/" "Mozilla/5.0 (Windows NT 10.0; Win64; x64) AppleWebKit/537.36 (KHTML, like Gecko) Chrome/119.0.0.0 Safari/537.36"

2023-11-09 00:26:19 [debug] : {
   "method": "raw",
   "sql": "\n    /* AdminMapper.INSURANCE_RATE_TOP */    \n    SELECT base_year,\n          ver,\n          user_cd,\n          business_cd,\n          insr_st_dt,\n          insr_cncls_dt,\n          days,\n          insurance_nm,\n          contents,\n          insurance_no\n    FROM   tcom0030a\n    WHERE  user_cd = ?\n          AND business_cd = ?\n          AND use_yn = 'Y'\n    ORDER  BY base_year DESC,\n              ver DESC\n    LIMIT  1 \n    ",
   "bindings": [
      "COR",
      "TAX"
   ],
   "options": {},
   "__knexQueryUid": "cQpZOWvXfZvpSUeDPtO-z"
}
2023-11-09 00:26:19 [info] : ::1 - - [08/Nov/2023:15:26:19 +0000] "POST /ADM/TAX/rate HTTP/1.1" 200 1382 "http://localhost:4000/" "Mozilla/5.0 (Windows NT 10.0; Win64; x64) AppleWebKit/537.36 (KHTML, like Gecko) Chrome/119.0.0.0 Safari/537.36"

2023-11-09 00:29:04 [info] : Server off
