2023-10-23 11:43:26 [debug] : ---------------------------------S query
2023-10-23 11:43:26 [debug] : SQL : SELECT business_cd, user_uuid, user_id, user_pwd, user_nm, user_cd, user_birth, user_regno, corp_cnno, status_cd, login_fail_cnt, login_block_yn FROM TCOM0110A WHERE business_cd = 'ADM' and user_cd = 'IND' and user_id = 'Lkgf03g' and status_cd not in ('90')
2023-10-23 11:43:26 [debug] : ROWS : 
2023-10-23 11:43:26 [debug] : 1---------------------------------E query


2023-10-23 11:43:26 [error] : passport isAuth  : true
2023-10-23 11:43:26 [debug] : ---------------------------------S query
2023-10-23 11:43:26 [debug] : SQL : UPDATE TCOM0110A SET login_fail_cnt = 0
                                            , login_block_yn = 'N'
                         WHERE business_cd = 'ADM' and user_cd = 'IND' and user_id = 'Lkgf03g' and status_cd not in ('90')
2023-10-23 11:43:26 [debug] : ROWS : 
2023-10-23 11:43:26 [debug] : 1---------------------------------E query


2023-10-23 11:43:26 [debug] : {
   "business_cd": "ADM",
   "user_uuid": "8cd7e11d53a441169f638f18b0aac029",
   "user_id": "Lkgf03g",
   "user_pwd": "$2a$10$4VQTzhLPrwBcs77YcdzOCuM3csguBBeuZgWfGVtP4Ro3cBevEeW36",
   "user_nm": "윤자영",
   "user_cd": "IND",
   "user_birth": "",
   "user_regno": "",
   "corp_cnno": "",
   "status_cd": "30",
   "login_fail_cnt": 0,
   "login_block_yn": "N"
}
2023-10-23 11:43:26 [info] : ::1 - - [23/Oct/2023:02:43:26 +0000] "POST /auth/signin HTTP/1.1" 200 556 "http://localhost:4000/" "Mozilla/5.0 (Windows NT 10.0; Win64; x64) AppleWebKit/537.36 (KHTML, like Gecko) Chrome/118.0.0.0 Safari/537.36"

2023-10-23 15:51:36 [debug] : ---------------------------------S query
2023-10-23 15:51:36 [debug] : SQL : SELECT business_cd, user_uuid, user_id, user_pwd, user_nm, user_cd, user_birth, user_regno, corp_cnno, status_cd, login_fail_cnt, login_block_yn FROM TCOM0110A WHERE business_cd = 'ADM' and user_cd = 'IND' and user_id = 'Lkgf03g' and status_cd not in ('90')
2023-10-23 15:51:36 [debug] : ROWS : 
2023-10-23 15:51:36 [debug] : 1---------------------------------E query


2023-10-23 15:51:36 [error] : passport isAuth  : true
2023-10-23 15:51:36 [debug] : ---------------------------------S query
2023-10-23 15:51:36 [debug] : SQL : UPDATE TCOM0110A SET login_fail_cnt = 0
                                            , login_block_yn = 'N'
                         WHERE business_cd = 'ADM' and user_cd = 'IND' and user_id = 'Lkgf03g' and status_cd not in ('90')
2023-10-23 15:51:36 [debug] : ROWS : 
2023-10-23 15:51:36 [debug] : 1---------------------------------E query


2023-10-23 15:51:36 [debug] : {
   "business_cd": "ADM",
   "user_uuid": "8cd7e11d53a441169f638f18b0aac029",
   "user_id": "Lkgf03g",
   "user_pwd": "$2a$10$4VQTzhLPrwBcs77YcdzOCuM3csguBBeuZgWfGVtP4Ro3cBevEeW36",
   "user_nm": "윤자영",
   "user_cd": "IND",
   "user_birth": "",
   "user_regno": "",
   "corp_cnno": "",
   "status_cd": "30",
   "login_fail_cnt": 0,
   "login_block_yn": "N"
}
2023-10-23 15:51:36 [info] : ::1 - - [23/Oct/2023:06:51:36 +0000] "POST /auth/signin HTTP/1.1" 200 556 "http://localhost:4000/" "Mozilla/5.0 (Windows NT 10.0; Win64; x64) AppleWebKit/537.36 (KHTML, like Gecko) Chrome/118.0.0.0 Safari/537.36"

2023-10-23 15:51:41 [debug] : {
   "method": "raw",
   "sql": "\n      /* AdminMapper.INSURANCE_LIST */  \n      SELECT A.insurance_uuid\n            , A.business_cd\n            , A.user_cd\n            , A.user_uuid\n            , A.user_nm\n            , A.user_id\n            , A.user_regno\n            , A.corp_cnno\n            , A.insr_year\n            , A.insr_st_dt\n            , A.insr_cncls_dt\n            , A.insr_tot_amt\n            , A.insr_tot_paid_amt\n            , A.insr_tot_unpaid_amt\n            , A.status_cd\n            , B.insurance_no\n            , B.insr_st_dt as base_insr_st_dt\n            , B.insr_cncls_dt as base_insr_cncls_dt\n            , FN_GET_CODENM('COM002', A.user_cd) AS user_cd_nm\n            , FN_GET_CODENM('COM030', A.status_cd) AS status_nm\n            , FN_GET_CODENM('TAX001', A.corp_region_cd) AS corp_region_nm\n            FROM   TTAX0030A A\n      \t\t\tLEFT JOIN TCOM0030A B\n\t\t    ON A.insr_year = B.base_year \n\t\t    AND A.user_cd = B.user_cd \n\t\t    AND A.business_cd = B.business_cd\n      WHERE  A.business_cd =  ?\n         AND (? = '%' or A.user_cd = ?)\n         AND (? = '%' or A.insr_year = ?)\n         AND (? = '%' or A.status_cd = ?)\n         AND ((A.user_nm like CONCAT('%', ?, '%')) OR a.cbr_data like CONCAT('%', ?, '%') )\n        \n      ORDER  BY A.created_at DESC \n    ",
   "bindings": [
      "TAX",
      "%",
      "%",
      "%",
      "%",
      "%",
      "%",
      "",
      ""
   ],
   "options": {},
   "__knexQueryUid": "nglyLeApgHo_rY2tIHcSY"
}
2023-10-23 15:51:42 [info] : ::1 - - [23/Oct/2023:06:51:42 +0000] "POST /ADM/TAX/gets HTTP/1.1" 200 5999808 "http://localhost:4000/" "Mozilla/5.0 (Windows NT 10.0; Win64; x64) AppleWebKit/537.36 (KHTML, like Gecko) Chrome/118.0.0.0 Safari/537.36"

2023-10-23 15:51:52 [debug] : {
   "method": "raw",
   "sql": "\n      /* AdminMapper.INSURANCE_INFO */    \n      SELECT A.insurance_uuid\n            ,A.insurance_seq\n            ,A.user_uuid\n            ,A.business_cd\n            ,A.user_cd\n            ,A.user_id\n            ,A.user_nm\n            ,A.user_birth\n            ,A.user_regno\n            ,A.corp_type\n            ,A.corp_nm\n            ,A.corp_ceo_nm\n            ,A.corp_bnno\n            ,A.corp_cnno\n            ,A.corp_telno\n            ,A.corp_faxno\n            ,A.corp_cust_nm\n            ,A.corp_cust_hpno\n            ,A.corp_cust_email\n            ,A.corp_post\n            ,A.corp_addr\n            ,A.corp_addr_dtl\n            ,A.corp_region_cd\n            ,A.insr_year\n            ,A.insr_reg_dt\n            ,A.insr_st_dt\n            ,A.insr_cncls_dt\n            ,A.insr_retr_yn\n            ,A.insr_retr_dt\n            ,A.insr_pblc_brdn_rt\n            ,A.insr_clm_lt_amt\n            ,A.insr_year_clm_lt_amt\n            ,A.insr_psnl_brdn_amt\n            ,A.insr_sale_year\n            ,A.insr_sale_rt\n            ,A.insr_pcnt_sale_rt\n            ,A.insr_base_amt\n            ,A.insr_amt\n            ,A.insr_tot_amt\n            ,A.insr_tot_paid_amt\n            ,A.insr_tot_unpaid_amt\n            ,A.cons_join_yn\n            ,A.cons_data\n            ,A.spct_join_yn\n            ,A.spct_data\n            ,A.cbr_data\n            ,A.cbr_cnt\n            ,A.trx_data\n            ,A.erp_amt\n            ,A.erp_dt\n            ,A.erp_st_dt\n            ,A.erp_cncls_dt\n            ,A.active_yn\n            ,A.agr10_yn\n            ,A.agr20_yn\n            ,A.agr30_yn\n            ,A.agr31_yn\n            ,A.agr32_yn\n            ,A.agr33_yn\n            ,A.agr34_yn\n            ,A.agr40_yn\n            ,A.agr41_yn\n            ,A.agr50_yn\n            ,A.status_cd\n            ,A.rmk\n            ,A.change_rmk\n            ,A.change_dt\n            ,FN_GET_CODENM('COM030', A.status_cd) AS status_nm\n            ,FN_GET_CODENM('TAX001', A.corp_region_cd) AS corp_region_nm\n            ,FN_GET_SPLIT(A.corp_telno, '-', 1) as corp_telno1\n            ,FN_GET_SPLIT(A.corp_telno, '-', 2) as corp_telno2\n            ,FN_GET_SPLIT(A.corp_telno, '-', 3) as corp_telno3\n            ,FN_GET_SPLIT(A.corp_faxno, '-', 1) as corp_faxno1\n            ,FN_GET_SPLIT(A.corp_faxno, '-', 2) as corp_faxno2\n            ,FN_GET_SPLIT(A.corp_faxno, '-', 3) as corp_faxno3\n            ,B.insr_st_dt as base_insr_st_dt\n            ,B.insr_cncls_dt as base_insr_cncls_dt\n            ,B.insurance_no\n      FROM   TTAX0030A A\n      \t\t\tLEFT JOIN TCOM0030A B\n\t\t    ON A.insr_year = B.base_year \n\t\t    AND A.user_cd = B.user_cd \n\t\t    AND A.business_cd = B.business_cd\n      WHERE A.insurance_uuid = ? \n            AND A.status_cd not in ('40') -- 이력제외\n      ORDER  BY A.insurance_uuid, A.insurance_seq DESC\n      LIMIT  1 \n    ",
   "bindings": [
      "92417a31b4134364bbdd25d3dba3f40c"
   ],
   "options": {},
   "__knexQueryUid": "Vurwg08pWS8bb6H5ImdTL"
}
2023-10-23 15:51:52 [info] : ::1 - - [23/Oct/2023:06:51:52 +0000] "POST /ADM/TAX/get HTTP/1.1" 200 2588 "http://localhost:4000/" "Mozilla/5.0 (Windows NT 10.0; Win64; x64) AppleWebKit/537.36 (KHTML, like Gecko) Chrome/118.0.0.0 Safari/537.36"

2023-10-23 15:51:52 [debug] : {
   "method": "raw",
   "sql": "\n    /* AdminMapper.INSURANCE_RATE_TOP */    \n    SELECT base_year,\n          ver,\n          user_cd,\n          business_cd,\n          insr_st_dt,\n          insr_cncls_dt,\n          days,\n          insurance_nm,\n          contents,\n          insurance_no\n    FROM   tcom0030a\n    WHERE  user_cd = ?\n          AND business_cd = ?\n          AND use_yn = 'Y'\n    ORDER  BY base_year DESC,\n              ver DESC\n    LIMIT  1 \n    ",
   "bindings": [
      "IND",
      "TAX"
   ],
   "options": {},
   "__knexQueryUid": "TYocoWFd9mhcSRwd1zPMF"
}
2023-10-23 15:51:52 [info] : ::1 - - [23/Oct/2023:06:51:52 +0000] "POST /ADM/TAX/rate HTTP/1.1" 200 1834 "http://localhost:4000/" "Mozilla/5.0 (Windows NT 10.0; Win64; x64) AppleWebKit/537.36 (KHTML, like Gecko) Chrome/118.0.0.0 Safari/537.36"

2023-10-23 15:53:53 [debug] : {
   "method": "raw",
   "sql": "\n      /* AdminMapper.SELECT_INSURANCE_TRX_DATA_LIST */  \n      SELECT A.insurance_uuid\n            , A.business_cd\n            , A.user_cd\n            , A.user_uuid\n            , A.user_nm\n            , A.user_id\n            , A.user_regno\n            , A.corp_cnno\n            , A.insr_year\n            , A.insr_st_dt\n            , A.insr_cncls_dt\n            , A.insr_tot_amt\n            , A.insr_tot_paid_amt\n            , A.insr_tot_unpaid_amt\n            , A.status_cd\n            , A.trx_data\n            , B.insurance_no\n            , B.insr_st_dt as base_insr_st_dt\n            , B.insr_cncls_dt as base_insr_cncls_dt\n            , FN_GET_CODENM('COM002', A.user_cd) AS user_cd_nm\n            , FN_GET_CODENM('COM030', A.status_cd) AS status_nm\n            , FN_GET_CODENM('TAX001', A.corp_region_cd) AS corp_region_nm\n            FROM   TTAX0030A A\n      \t\t\tLEFT JOIN TCOM0030A B\n\t\t    ON A.insr_year = B.base_year \n\t\t    AND A.user_cd = B.user_cd \n\t\t    AND A.business_cd = B.business_cd\n        WHERE  A.business_cd =  ?\n         AND (? = '%' or A.user_cd = ?)\n         AND (? = '%' or A.insr_year = ?)\n         AND (? = '%' or A.status_cd = ?)\n         AND ((A.user_nm like CONCAT('%', ?, '%')) OR a.cbr_data like CONCAT('%', ?, '%') )\n      ORDER  BY A.created_at DESC \n    ",
   "bindings": [
      "TAX",
      "%",
      "%",
      "%",
      "%",
      "%",
      "%",
      "",
      ""
   ],
   "options": {},
   "__knexQueryUid": "haKJ4m3UP8LfWXMx33iPO"
}
2023-10-23 15:53:55 [info] : ::1 - - [23/Oct/2023:06:53:55 +0000] "POST /ADM/TAX/TRX/get HTTP/1.1" 200 7645986 "http://localhost:4000/" "Mozilla/5.0 (Windows NT 10.0; Win64; x64) AppleWebKit/537.36 (KHTML, like Gecko) Chrome/118.0.0.0 Safari/537.36"

2023-10-23 15:54:03 [debug] : {
   "method": "raw",
   "sql": "\n      /* AdminMapper.SELECT_INSURANCE_TRX_DATA_LIST */  \n      SELECT A.insurance_uuid\n            , A.business_cd\n            , A.user_cd\n            , A.user_uuid\n            , A.user_nm\n            , A.user_id\n            , A.user_regno\n            , A.corp_cnno\n            , A.insr_year\n            , A.insr_st_dt\n            , A.insr_cncls_dt\n            , A.insr_tot_amt\n            , A.insr_tot_paid_amt\n            , A.insr_tot_unpaid_amt\n            , A.status_cd\n            , A.trx_data\n            , B.insurance_no\n            , B.insr_st_dt as base_insr_st_dt\n            , B.insr_cncls_dt as base_insr_cncls_dt\n            , FN_GET_CODENM('COM002', A.user_cd) AS user_cd_nm\n            , FN_GET_CODENM('COM030', A.status_cd) AS status_nm\n            , FN_GET_CODENM('TAX001', A.corp_region_cd) AS corp_region_nm\n            FROM   TTAX0030A A\n      \t\t\tLEFT JOIN TCOM0030A B\n\t\t    ON A.insr_year = B.base_year \n\t\t    AND A.user_cd = B.user_cd \n\t\t    AND A.business_cd = B.business_cd\n        WHERE  A.business_cd =  ?\n         AND (? = '%' or A.user_cd = ?)\n         AND (? = '%' or A.insr_year = ?)\n         AND (? = '%' or A.status_cd = ?)\n         AND ((A.user_nm like CONCAT('%', ?, '%')) OR a.cbr_data like CONCAT('%', ?, '%') )\n      ORDER  BY A.created_at DESC \n    ",
   "bindings": [
      "TAX",
      "IND",
      "IND",
      "%",
      "%",
      "%",
      "%",
      "",
      ""
   ],
   "options": {},
   "__knexQueryUid": "b47MlzwzoH9ToFf1BpJCT"
}
2023-10-23 15:54:05 [info] : ::1 - - [23/Oct/2023:06:54:05 +0000] "POST /ADM/TAX/TRX/get HTTP/1.1" 200 6618781 "http://localhost:4000/" "Mozilla/5.0 (Windows NT 10.0; Win64; x64) AppleWebKit/537.36 (KHTML, like Gecko) Chrome/118.0.0.0 Safari/537.36"

2023-10-23 15:54:45 [debug] : {
   "method": "raw",
   "sql": "\n      /* AdminMapper.INSURANCE_LIST */  \n      SELECT A.insurance_uuid\n            , A.business_cd\n            , A.user_cd\n            , A.user_uuid\n            , A.user_nm\n            , A.user_id\n            , A.user_regno\n            , A.corp_cnno\n            , A.insr_year\n            , A.insr_st_dt\n            , A.insr_cncls_dt\n            , A.insr_tot_amt\n            , A.insr_tot_paid_amt\n            , A.insr_tot_unpaid_amt\n            , A.status_cd\n            , B.insurance_no\n            , B.insr_st_dt as base_insr_st_dt\n            , B.insr_cncls_dt as base_insr_cncls_dt\n            , FN_GET_CODENM('COM002', A.user_cd) AS user_cd_nm\n            , FN_GET_CODENM('COM030', A.status_cd) AS status_nm\n            , FN_GET_CODENM('TAX001', A.corp_region_cd) AS corp_region_nm\n            FROM   TTAX0030A A\n      \t\t\tLEFT JOIN TCOM0030A B\n\t\t    ON A.insr_year = B.base_year \n\t\t    AND A.user_cd = B.user_cd \n\t\t    AND A.business_cd = B.business_cd\n      WHERE  A.business_cd =  ?\n         AND (? = '%' or A.user_cd = ?)\n         AND (? = '%' or A.insr_year = ?)\n         AND (? = '%' or A.status_cd = ?)\n         AND ((A.user_nm like CONCAT('%', ?, '%')) OR a.cbr_data like CONCAT('%', ?, '%') )\n        \n      ORDER  BY A.created_at DESC \n    ",
   "bindings": [
      "TAX",
      "%",
      "%",
      "%",
      "%",
      "%",
      "%",
      "",
      ""
   ],
   "options": {},
   "__knexQueryUid": "QMeiEXS7cmL_Ej5pw-TnM"
}
2023-10-23 15:54:47 [info] : ::1 - - [23/Oct/2023:06:54:47 +0000] "POST /ADM/TAX/gets HTTP/1.1" 200 5999808 "http://localhost:4000/" "Mozilla/5.0 (Windows NT 10.0; Win64; x64) AppleWebKit/537.36 (KHTML, like Gecko) Chrome/118.0.0.0 Safari/537.36"

2023-10-23 15:54:55 [debug] : {
   "method": "raw",
   "sql": "\n      /* AdminMapper.INSURANCE_INFO */    \n      SELECT A.insurance_uuid\n            ,A.insurance_seq\n            ,A.user_uuid\n            ,A.business_cd\n            ,A.user_cd\n            ,A.user_id\n            ,A.user_nm\n            ,A.user_birth\n            ,A.user_regno\n            ,A.corp_type\n            ,A.corp_nm\n            ,A.corp_ceo_nm\n            ,A.corp_bnno\n            ,A.corp_cnno\n            ,A.corp_telno\n            ,A.corp_faxno\n            ,A.corp_cust_nm\n            ,A.corp_cust_hpno\n            ,A.corp_cust_email\n            ,A.corp_post\n            ,A.corp_addr\n            ,A.corp_addr_dtl\n            ,A.corp_region_cd\n            ,A.insr_year\n            ,A.insr_reg_dt\n            ,A.insr_st_dt\n            ,A.insr_cncls_dt\n            ,A.insr_retr_yn\n            ,A.insr_retr_dt\n            ,A.insr_pblc_brdn_rt\n            ,A.insr_clm_lt_amt\n            ,A.insr_year_clm_lt_amt\n            ,A.insr_psnl_brdn_amt\n            ,A.insr_sale_year\n            ,A.insr_sale_rt\n            ,A.insr_pcnt_sale_rt\n            ,A.insr_base_amt\n            ,A.insr_amt\n            ,A.insr_tot_amt\n            ,A.insr_tot_paid_amt\n            ,A.insr_tot_unpaid_amt\n            ,A.cons_join_yn\n            ,A.cons_data\n            ,A.spct_join_yn\n            ,A.spct_data\n            ,A.cbr_data\n            ,A.cbr_cnt\n            ,A.trx_data\n            ,A.erp_amt\n            ,A.erp_dt\n            ,A.erp_st_dt\n            ,A.erp_cncls_dt\n            ,A.active_yn\n            ,A.agr10_yn\n            ,A.agr20_yn\n            ,A.agr30_yn\n            ,A.agr31_yn\n            ,A.agr32_yn\n            ,A.agr33_yn\n            ,A.agr34_yn\n            ,A.agr40_yn\n            ,A.agr41_yn\n            ,A.agr50_yn\n            ,A.status_cd\n            ,A.rmk\n            ,A.change_rmk\n            ,A.change_dt\n            ,FN_GET_CODENM('COM030', A.status_cd) AS status_nm\n            ,FN_GET_CODENM('TAX001', A.corp_region_cd) AS corp_region_nm\n            ,FN_GET_SPLIT(A.corp_telno, '-', 1) as corp_telno1\n            ,FN_GET_SPLIT(A.corp_telno, '-', 2) as corp_telno2\n            ,FN_GET_SPLIT(A.corp_telno, '-', 3) as corp_telno3\n            ,FN_GET_SPLIT(A.corp_faxno, '-', 1) as corp_faxno1\n            ,FN_GET_SPLIT(A.corp_faxno, '-', 2) as corp_faxno2\n            ,FN_GET_SPLIT(A.corp_faxno, '-', 3) as corp_faxno3\n            ,B.insr_st_dt as base_insr_st_dt\n            ,B.insr_cncls_dt as base_insr_cncls_dt\n            ,B.insurance_no\n      FROM   TTAX0030A A\n      \t\t\tLEFT JOIN TCOM0030A B\n\t\t    ON A.insr_year = B.base_year \n\t\t    AND A.user_cd = B.user_cd \n\t\t    AND A.business_cd = B.business_cd\n      WHERE A.insurance_uuid = ? \n            AND A.status_cd not in ('40') -- 이력제외\n      ORDER  BY A.insurance_uuid, A.insurance_seq DESC\n      LIMIT  1 \n    ",
   "bindings": [
      "92417a31b4134364bbdd25d3dba3f40c"
   ],
   "options": {},
   "__knexQueryUid": "sZfkwnzulSCZ9nGn_O0hT"
}
2023-10-23 15:54:55 [info] : ::1 - - [23/Oct/2023:06:54:55 +0000] "POST /ADM/TAX/get HTTP/1.1" 200 2588 "http://localhost:4000/" "Mozilla/5.0 (Windows NT 10.0; Win64; x64) AppleWebKit/537.36 (KHTML, like Gecko) Chrome/118.0.0.0 Safari/537.36"

2023-10-23 15:54:56 [debug] : {
   "method": "raw",
   "sql": "\n    /* AdminMapper.INSURANCE_RATE_TOP */    \n    SELECT base_year,\n          ver,\n          user_cd,\n          business_cd,\n          insr_st_dt,\n          insr_cncls_dt,\n          days,\n          insurance_nm,\n          contents,\n          insurance_no\n    FROM   tcom0030a\n    WHERE  user_cd = ?\n          AND business_cd = ?\n          AND use_yn = 'Y'\n    ORDER  BY base_year DESC,\n              ver DESC\n    LIMIT  1 \n    ",
   "bindings": [
      "IND",
      "TAX"
   ],
   "options": {},
   "__knexQueryUid": "FJv9WlRhGtCsRhkkeBsTy"
}
2023-10-23 15:54:56 [info] : ::1 - - [23/Oct/2023:06:54:56 +0000] "POST /ADM/TAX/rate HTTP/1.1" 200 1834 "http://localhost:4000/" "Mozilla/5.0 (Windows NT 10.0; Win64; x64) AppleWebKit/537.36 (KHTML, like Gecko) Chrome/118.0.0.0 Safari/537.36"

2023-10-23 16:56:08 [debug] : ---------------------------------S query
2023-10-23 16:56:08 [debug] : SQL : SELECT business_cd, user_uuid, user_id, user_pwd, user_nm, user_cd, user_birth, user_regno, corp_cnno, status_cd, login_fail_cnt, login_block_yn FROM TCOM0110A WHERE business_cd = 'ADM' and user_cd = 'IND' and user_id = 'Lkgf03g' and status_cd not in ('90')
2023-10-23 16:56:08 [debug] : ROWS : 
2023-10-23 16:56:08 [debug] : 1---------------------------------E query


2023-10-23 16:56:08 [error] : passport isAuth  : true
2023-10-23 16:56:08 [debug] : ---------------------------------S query
2023-10-23 16:56:08 [debug] : SQL : UPDATE TCOM0110A SET login_fail_cnt = 0
                                            , login_block_yn = 'N'
                         WHERE business_cd = 'ADM' and user_cd = 'IND' and user_id = 'Lkgf03g' and status_cd not in ('90')
2023-10-23 16:56:08 [debug] : ROWS : 
2023-10-23 16:56:08 [debug] : 1---------------------------------E query


2023-10-23 16:56:08 [debug] : {
   "business_cd": "ADM",
   "user_uuid": "8cd7e11d53a441169f638f18b0aac029",
   "user_id": "Lkgf03g",
   "user_pwd": "$2a$10$4VQTzhLPrwBcs77YcdzOCuM3csguBBeuZgWfGVtP4Ro3cBevEeW36",
   "user_nm": "윤자영",
   "user_cd": "IND",
   "user_birth": "",
   "user_regno": "",
   "corp_cnno": "",
   "status_cd": "30",
   "login_fail_cnt": 0,
   "login_block_yn": "N"
}
2023-10-23 16:56:08 [info] : ::1 - - [23/Oct/2023:07:56:08 +0000] "POST /auth/signin HTTP/1.1" 200 556 "http://localhost:4000/" "Mozilla/5.0 (Windows NT 10.0; Win64; x64) AppleWebKit/537.36 (KHTML, like Gecko) Chrome/118.0.0.0 Safari/537.36"

2023-10-23 16:56:13 [debug] : {
   "method": "raw",
   "sql": "\n      /* AdminMapper.INSURANCE_LIST */  \n      SELECT A.insurance_uuid\n            , A.business_cd\n            , A.user_cd\n            , A.user_uuid\n            , A.user_nm\n            , A.user_id\n            , A.user_regno\n            , A.corp_cnno\n            , A.insr_year\n            , A.insr_st_dt\n            , A.insr_cncls_dt\n            , A.insr_tot_amt\n            , A.insr_tot_paid_amt\n            , A.insr_tot_unpaid_amt\n            , A.status_cd\n            , B.insurance_no\n            , B.insr_st_dt as base_insr_st_dt\n            , B.insr_cncls_dt as base_insr_cncls_dt\n            , FN_GET_CODENM('COM002', A.user_cd) AS user_cd_nm\n            , FN_GET_CODENM('COM030', A.status_cd) AS status_nm\n            , FN_GET_CODENM('TAX001', A.corp_region_cd) AS corp_region_nm\n            FROM   TTAX0030A A\n      \t\t\tLEFT JOIN TCOM0030A B\n\t\t    ON A.insr_year = B.base_year \n\t\t    AND A.user_cd = B.user_cd \n\t\t    AND A.business_cd = B.business_cd\n      WHERE  A.business_cd =  ?\n         AND (? = '%' or A.user_cd = ?)\n         AND (? = '%' or A.insr_year = ?)\n         AND (? = '%' or A.status_cd = ?)\n         AND ((A.user_nm like CONCAT('%', ?, '%')) OR a.cbr_data like CONCAT('%', ?, '%') )\n        \n      ORDER  BY A.created_at DESC \n    ",
   "bindings": [
      "TAX",
      "%",
      "%",
      "%",
      "%",
      "%",
      "%",
      "",
      ""
   ],
   "options": {},
   "__knexQueryUid": "-MF9xj6DVJudjNXoo_Pjy"
}
2023-10-23 16:56:15 [info] : ::1 - - [23/Oct/2023:07:56:15 +0000] "POST /ADM/TAX/gets HTTP/1.1" 200 5999808 "http://localhost:4000/" "Mozilla/5.0 (Windows NT 10.0; Win64; x64) AppleWebKit/537.36 (KHTML, like Gecko) Chrome/118.0.0.0 Safari/537.36"

2023-10-23 16:56:20 [debug] : {
   "method": "raw",
   "sql": "\n      /* AdminMapper.INSURANCE_INFO */    \n      SELECT A.insurance_uuid\n            ,A.insurance_seq\n            ,A.user_uuid\n            ,A.business_cd\n            ,A.user_cd\n            ,A.user_id\n            ,A.user_nm\n            ,A.user_birth\n            ,A.user_regno\n            ,A.corp_type\n            ,A.corp_nm\n            ,A.corp_ceo_nm\n            ,A.corp_bnno\n            ,A.corp_cnno\n            ,A.corp_telno\n            ,A.corp_faxno\n            ,A.corp_cust_nm\n            ,A.corp_cust_hpno\n            ,A.corp_cust_email\n            ,A.corp_post\n            ,A.corp_addr\n            ,A.corp_addr_dtl\n            ,A.corp_region_cd\n            ,A.insr_year\n            ,A.insr_reg_dt\n            ,A.insr_st_dt\n            ,A.insr_cncls_dt\n            ,A.insr_retr_yn\n            ,A.insr_retr_dt\n            ,A.insr_pblc_brdn_rt\n            ,A.insr_clm_lt_amt\n            ,A.insr_year_clm_lt_amt\n            ,A.insr_psnl_brdn_amt\n            ,A.insr_sale_year\n            ,A.insr_sale_rt\n            ,A.insr_pcnt_sale_rt\n            ,A.insr_base_amt\n            ,A.insr_amt\n            ,A.insr_tot_amt\n            ,A.insr_tot_paid_amt\n            ,A.insr_tot_unpaid_amt\n            ,A.cons_join_yn\n            ,A.cons_data\n            ,A.spct_join_yn\n            ,A.spct_data\n            ,A.cbr_data\n            ,A.cbr_cnt\n            ,A.trx_data\n            ,A.erp_amt\n            ,A.erp_dt\n            ,A.erp_st_dt\n            ,A.erp_cncls_dt\n            ,A.active_yn\n            ,A.agr10_yn\n            ,A.agr20_yn\n            ,A.agr30_yn\n            ,A.agr31_yn\n            ,A.agr32_yn\n            ,A.agr33_yn\n            ,A.agr34_yn\n            ,A.agr40_yn\n            ,A.agr41_yn\n            ,A.agr50_yn\n            ,A.status_cd\n            ,A.rmk\n            ,A.change_rmk\n            ,A.change_dt\n            ,FN_GET_CODENM('COM030', A.status_cd) AS status_nm\n            ,FN_GET_CODENM('TAX001', A.corp_region_cd) AS corp_region_nm\n            ,FN_GET_SPLIT(A.corp_telno, '-', 1) as corp_telno1\n            ,FN_GET_SPLIT(A.corp_telno, '-', 2) as corp_telno2\n            ,FN_GET_SPLIT(A.corp_telno, '-', 3) as corp_telno3\n            ,FN_GET_SPLIT(A.corp_faxno, '-', 1) as corp_faxno1\n            ,FN_GET_SPLIT(A.corp_faxno, '-', 2) as corp_faxno2\n            ,FN_GET_SPLIT(A.corp_faxno, '-', 3) as corp_faxno3\n            ,B.insr_st_dt as base_insr_st_dt\n            ,B.insr_cncls_dt as base_insr_cncls_dt\n            ,B.insurance_no\n      FROM   TTAX0030A A\n      \t\t\tLEFT JOIN TCOM0030A B\n\t\t    ON A.insr_year = B.base_year \n\t\t    AND A.user_cd = B.user_cd \n\t\t    AND A.business_cd = B.business_cd\n      WHERE A.insurance_uuid = ? \n            AND A.status_cd not in ('40') -- 이력제외\n      ORDER  BY A.insurance_uuid, A.insurance_seq DESC\n      LIMIT  1 \n    ",
   "bindings": [
      "92417a31b4134364bbdd25d3dba3f40c"
   ],
   "options": {},
   "__knexQueryUid": "iAzOWUxImSw78PFz01zwY"
}
2023-10-23 16:56:20 [info] : ::1 - - [23/Oct/2023:07:56:20 +0000] "POST /ADM/TAX/get HTTP/1.1" 200 2588 "http://localhost:4000/" "Mozilla/5.0 (Windows NT 10.0; Win64; x64) AppleWebKit/537.36 (KHTML, like Gecko) Chrome/118.0.0.0 Safari/537.36"

2023-10-23 16:56:20 [debug] : {
   "method": "raw",
   "sql": "\n    /* AdminMapper.INSURANCE_RATE_TOP */    \n    SELECT base_year,\n          ver,\n          user_cd,\n          business_cd,\n          insr_st_dt,\n          insr_cncls_dt,\n          days,\n          insurance_nm,\n          contents,\n          insurance_no\n    FROM   tcom0030a\n    WHERE  user_cd = ?\n          AND business_cd = ?\n          AND use_yn = 'Y'\n    ORDER  BY base_year DESC,\n              ver DESC\n    LIMIT  1 \n    ",
   "bindings": [
      "IND",
      "TAX"
   ],
   "options": {},
   "__knexQueryUid": "G0pu9jMGf9xWa7UeBJ1kK"
}
2023-10-23 16:56:20 [info] : ::1 - - [23/Oct/2023:07:56:20 +0000] "POST /ADM/TAX/rate HTTP/1.1" 200 1834 "http://localhost:4000/" "Mozilla/5.0 (Windows NT 10.0; Win64; x64) AppleWebKit/537.36 (KHTML, like Gecko) Chrome/118.0.0.0 Safari/537.36"

2023-10-23 16:56:28 [debug] : {
   "method": "raw",
   "sql": "\n      SELECT A.insurance_uuid\n            , A.business_cd\n            , A.user_cd\n            , A.user_uuid\n            , A.user_nm\n            , A.user_id\n            , A.user_regno\n            , A.corp_cnno\n            , A.insr_year\n            , A.insr_st_dt\n            , A.insr_cncls_dt\n            , A.insr_tot_amt\n            , A.status_cd\n            , B.insurance_no\n            , FN_GET_CODENM('COM002', A.user_cd) AS user_cd_nm\n            , FN_GET_CODENM('COM030', A.status_cd) AS status_nm\n            , FN_GET_CODENM('TAX001', A.corp_region_cd) AS corp_region_nm\n        FROM   TTAX0031A A\n      \t\t\tLEFT JOIN TCOM0030A B\n\t\t    ON A.insr_year = B.base_year \n\t\t    AND A.user_cd = B.user_cd \n\t\t    AND A.business_cd = B.business_cd\n      WHERE  A.business_cd = ?\n         AND (? = '%' or A.user_cd = ?)\n         AND (? = '%' or A.insr_year = ?)\n         AND (? = '%' or A.status_cd = ?)\n         AND ((A.user_nm like CONCAT('%', ?, '%')) OR a.cbr_data like CONCAT('%', ?, '%') )\n      ORDER  BY A.created_at DESC \n    ",
   "bindings": [
      "TAX",
      "%",
      "%",
      "%",
      "%",
      "%",
      "%",
      "",
      ""
   ],
   "options": {},
   "__knexQueryUid": "b1P8YlearJWoNnlMEGugM"
}
2023-10-23 16:56:28 [info] : ::1 - - [23/Oct/2023:07:56:28 +0000] "POST /ADM/TAX/RENEWAL/gets HTTP/1.1" 200 26 "http://localhost:4000/" "Mozilla/5.0 (Windows NT 10.0; Win64; x64) AppleWebKit/537.36 (KHTML, like Gecko) Chrome/118.0.0.0 Safari/537.36"

2023-10-23 16:57:17 [debug] : {
   "method": "raw",
   "sql": "\n      /* AdminMapper.SELECT_INSURANCE_TRX_DATA_LIST */  \n      SELECT A.insurance_uuid\n            , A.business_cd\n            , A.user_cd\n            , A.user_uuid\n            , A.user_nm\n            , A.user_id\n            , A.user_regno\n            , A.corp_cnno\n            , A.insr_year\n            , A.insr_st_dt\n            , A.insr_cncls_dt\n            , A.insr_tot_amt\n            , A.insr_tot_paid_amt\n            , A.insr_tot_unpaid_amt\n            , A.status_cd\n            , A.trx_data\n            , B.insurance_no\n            , B.insr_st_dt as base_insr_st_dt\n            , B.insr_cncls_dt as base_insr_cncls_dt\n            , FN_GET_CODENM('COM002', A.user_cd) AS user_cd_nm\n            , FN_GET_CODENM('COM030', A.status_cd) AS status_nm\n            , FN_GET_CODENM('TAX001', A.corp_region_cd) AS corp_region_nm\n            FROM   TTAX0030A A\n      \t\t\tLEFT JOIN TCOM0030A B\n\t\t    ON A.insr_year = B.base_year \n\t\t    AND A.user_cd = B.user_cd \n\t\t    AND A.business_cd = B.business_cd\n        WHERE  A.business_cd =  ?\n         AND (? = '%' or A.user_cd = ?)\n         AND (? = '%' or A.insr_year = ?)\n         AND (? = '%' or A.status_cd = ?)\n         AND ((A.user_nm like CONCAT('%', ?, '%')) OR a.cbr_data like CONCAT('%', ?, '%') )\n      ORDER  BY A.created_at DESC \n    ",
   "bindings": [
      "TAX",
      "%",
      "%",
      "%",
      "%",
      "%",
      "%",
      "",
      ""
   ],
   "options": {},
   "__knexQueryUid": "rHnrmbFUEHAWDbh1Y2oe-"
}
2023-10-23 16:57:19 [info] : ::1 - - [23/Oct/2023:07:57:19 +0000] "POST /ADM/TAX/TRX/get HTTP/1.1" 200 7645986 "http://localhost:4000/" "Mozilla/5.0 (Windows NT 10.0; Win64; x64) AppleWebKit/537.36 (KHTML, like Gecko) Chrome/118.0.0.0 Safari/537.36"

