2023-11-02 10:40:54 [info] : Server on port 3000 | run
2023-11-02 10:41:58 [debug] : ---------------------------------S query
2023-11-02 10:41:58 [debug] : SQL : SELECT business_cd, user_uuid, user_id, user_pwd, user_nm, user_cd, user_birth, user_regno, corp_cnno, status_cd, login_fail_cnt, login_block_yn FROM TCOM0110A WHERE business_cd = 'ADM' and user_cd = 'IND' and user_id = 'Lkgf03g' and status_cd not in ('90')
2023-11-02 10:41:58 [debug] : ROWS : 
2023-11-02 10:41:58 [debug] : 1---------------------------------E query


2023-11-02 10:41:59 [error] : passport isAuth  : false
2023-11-02 10:41:59 [debug] : ---------------------------------S query
2023-11-02 10:41:59 [debug] : SQL : UPDATE TCOM0110A SET login_fail_cnt = login_fail_cnt + 1
                                            , login_block_yn = CASE WHEN login_fail_cnt >= 5 THEN 'Y' ELSE 'N' END
                         WHERE business_cd = 'ADM' and user_cd = 'IND' and user_id = 'Lkgf03g' and status_cd not in ('90')
2023-11-02 10:41:59 [debug] : ROWS : 
2023-11-02 10:41:59 [debug] : 1---------------------------------E query


2023-11-02 10:41:59 [info] : ::1 - - [02/Nov/2023:01:41:59 +0000] "POST /auth/signin HTTP/1.1" 401 - "http://localhost:4000/" "Mozilla/5.0 (Windows NT 10.0; Win64; x64) AppleWebKit/537.36 (KHTML, like Gecko) Chrome/118.0.0.0 Safari/537.36"

2023-11-02 10:42:03 [debug] : ---------------------------------S query
2023-11-02 10:42:03 [debug] : SQL : SELECT business_cd, user_uuid, user_id, user_pwd, user_nm, user_cd, user_birth, user_regno, corp_cnno, status_cd, login_fail_cnt, login_block_yn FROM TCOM0110A WHERE business_cd = 'ADM' and user_cd = 'IND' and user_id = 'Lkgf03g' and status_cd not in ('90')
2023-11-02 10:42:03 [debug] : ROWS : 
2023-11-02 10:42:03 [debug] : 1---------------------------------E query


2023-11-02 10:42:03 [error] : passport isAuth  : true
2023-11-02 10:42:03 [debug] : ---------------------------------S query
2023-11-02 10:42:03 [debug] : SQL : UPDATE TCOM0110A SET login_fail_cnt = 0
                                            , login_block_yn = 'N'
                         WHERE business_cd = 'ADM' and user_cd = 'IND' and user_id = 'Lkgf03g' and status_cd not in ('90')
2023-11-02 10:42:03 [debug] : ROWS : 
2023-11-02 10:42:03 [debug] : 1---------------------------------E query


2023-11-02 10:42:03 [debug] : {
   "business_cd": "ADM",
   "user_uuid": "8cd7e11d53a441169f638f18b0aac029",
   "user_id": "Lkgf03g",
   "user_pwd": "$2a$10$4VQTzhLPrwBcs77YcdzOCuM3csguBBeuZgWfGVtP4Ro3cBevEeW36",
   "user_nm": "윤자영",
   "user_cd": "IND",
   "user_birth": "",
   "user_regno": "",
   "corp_cnno": "",
   "status_cd": "30",
   "login_fail_cnt": 1,
   "login_block_yn": "N"
}
2023-11-02 10:42:03 [info] : ::1 - - [02/Nov/2023:01:42:03 +0000] "POST /auth/signin HTTP/1.1" 200 556 "http://localhost:4000/" "Mozilla/5.0 (Windows NT 10.0; Win64; x64) AppleWebKit/537.36 (KHTML, like Gecko) Chrome/118.0.0.0 Safari/537.36"

