2023-11-12 20:21:38 [error] : passport isAuth  : true
2023-11-12 20:28:24 [error] : verifyToken error :  Cannot read properties of undefined (reading 'split')
2023-11-12 20:28:27 [error] : verifyToken error :  Cannot read properties of undefined (reading 'split')
2023-11-12 20:28:45 [error] : verifyToken error :  Cannot read properties of undefined (reading 'split')
2023-11-12 20:31:26 [error] : verifyToken error :  Cannot read properties of undefined (reading 'split')
2023-11-12 20:32:21 [error] : verifyToken error :  Cannot read properties of undefined (reading 'split')
2023-11-12 20:34:14 [error] : verifyToken error :  Cannot read properties of undefined (reading 'split')
2023-11-12 20:55:35 [error] : passport isAuth  : true
2023-11-12 20:55:40 [error] : verifyToken error :  Cannot read properties of undefined (reading 'split')
2023-11-12 21:28:08 [error] : jwt expired
2023-11-12 21:28:38 [error] : passport isAuth  : true
2023-11-12 22:16:21 [error] : Undefined binding(s) detected for keys [cbr_data,trx_data,cons_data,spct_data] when compiling RAW query: 
    /* AdminMapper.UPDATE_INSURANCE */    
    UPDATE ttax0030a
    SET    insurance_no = :insurance_no,
          business_cd = ?,
          user_cd = ?,
          user_id = ?,
          user_nm = ?,
          user_birth = ?,
          user_regno = ?,
          corp_type = ?,
          corp_nm = ?,
          corp_ceo_nm = ?,
          corp_bnno = ?,
          corp_cnno = ?,
          corp_telno = ?,
          corp_faxno = ?,
          corp_cust_nm = ?,
          corp_cust_hpno = ?,
          corp_cust_email = ?,
          corp_post = ?,
          corp_addr = ?,
          corp_addr_dtl = ?,
          corp_region_cd = ?,
          insr_year = :insr_year,
          insr_reg_dt = :insr_reg_dt,
          insr_st_dt = :insr_st_dt,
          insr_cncls_dt = :insr_cncls_dt,
          insr_retr_yn = :insr_retr_yn,
          insr_retr_dt = :insr_retr_dt,
          insr_pblc_brdn_rt = :insr_pblc_brdn_rt,
          insr_clm_lt_amt = :insr_clm_lt_amt,
          insr_year_clm_lt_amt = :insr_year_clm_lt_amt,
          insr_psnl_brdn_amt = :insr_psnl_brdn_amt,
          insr_sale_year = :insr_sale_year,
          insr_sale_rt = :insr_sale_rt,
          insr_pcnt_sale_rt = :insr_pcnt_sale_rt,
          insr_base_amt = :insr_base_amt,
          insr_amt = :insr_amt,
          insr_tot_amt = :insr_tot_amt,
          insr_tot_paid_amt = :insr_tot_paid_amt,
          insr_tot_unpaid_amt = :insr_tot_unpaid_amt,
          cbr_cnt = :cbr_cnt,
          cbr_data = :cbr_data,
          trx_data = :trx_data,
          cons_join_yn = :cons_join_yn,
          cons_data = :cons_data,
          spct_join_yn = :spct_join_yn,
          spct_data = :spct_data,
          active_yn = ?,
          agr10_yn = :agr10_yn,
          agr20_yn = :agr20_yn,
          agr30_yn = :agr30_yn,
          agr31_yn = :agr31_yn,
          agr32_yn = :agr32_yn,
          agr33_yn = :agr33_yn,
          agr34_yn = :agr34_yn,
          agr40_yn = :agr40_yn,
          agr41_yn = :agr41_yn,
          agr50_yn = :agr50_yn,
          status_cd = ?,
          rmk = ?,
          erp_amt = :erp_amt,
          erp_dt = :erp_dt,
          erp_st_dt = :erp_st_dt,
          erp_cncls_dt = :erp_cncls_dt,
          change_rmk = :change_rmk,
          change_dt = :change_dt,
          updated_at = Now(),
          updated_id = ?,
          updated_ip = ?
    WHERE  insurance_uuid = :insurance_uuid
    
2023-11-12 22:16:21 [error] : >> 
2023-11-12 22:16:50 [error] : Undefined binding(s) detected for keys [cbr_data,trx_data,cons_data,spct_data] when compiling RAW query: 
    /* AdminMapper.UPDATE_INSURANCE */    
    UPDATE ttax0030a
    SET    insurance_no = :insurance_no,
          business_cd = ?,
          user_cd = ?,
          user_id = ?,
          user_nm = ?,
          user_birth = ?,
          user_regno = ?,
          corp_type = ?,
          corp_nm = ?,
          corp_ceo_nm = ?,
          corp_bnno = ?,
          corp_cnno = ?,
          corp_telno = ?,
          corp_faxno = ?,
          corp_cust_nm = ?,
          corp_cust_hpno = ?,
          corp_cust_email = ?,
          corp_post = ?,
          corp_addr = ?,
          corp_addr_dtl = ?,
          corp_region_cd = ?,
          insr_year = :insr_year,
          insr_reg_dt = :insr_reg_dt,
          insr_st_dt = :insr_st_dt,
          insr_cncls_dt = :insr_cncls_dt,
          insr_retr_yn = :insr_retr_yn,
          insr_retr_dt = :insr_retr_dt,
          insr_pblc_brdn_rt = :insr_pblc_brdn_rt,
          insr_clm_lt_amt = :insr_clm_lt_amt,
          insr_year_clm_lt_amt = :insr_year_clm_lt_amt,
          insr_psnl_brdn_amt = :insr_psnl_brdn_amt,
          insr_sale_year = :insr_sale_year,
          insr_sale_rt = :insr_sale_rt,
          insr_pcnt_sale_rt = :insr_pcnt_sale_rt,
          insr_base_amt = :insr_base_amt,
          insr_amt = :insr_amt,
          insr_tot_amt = :insr_tot_amt,
          insr_tot_paid_amt = :insr_tot_paid_amt,
          insr_tot_unpaid_amt = :insr_tot_unpaid_amt,
          cbr_cnt = :cbr_cnt,
          cbr_data = :cbr_data,
          trx_data = :trx_data,
          cons_join_yn = :cons_join_yn,
          cons_data = :cons_data,
          spct_join_yn = :spct_join_yn,
          spct_data = :spct_data,
          active_yn = ?,
          agr10_yn = :agr10_yn,
          agr20_yn = :agr20_yn,
          agr30_yn = :agr30_yn,
          agr31_yn = :agr31_yn,
          agr32_yn = :agr32_yn,
          agr33_yn = :agr33_yn,
          agr34_yn = :agr34_yn,
          agr40_yn = :agr40_yn,
          agr41_yn = :agr41_yn,
          agr50_yn = :agr50_yn,
          status_cd = ?,
          rmk = ?,
          erp_amt = :erp_amt,
          erp_dt = :erp_dt,
          erp_st_dt = :erp_st_dt,
          erp_cncls_dt = :erp_cncls_dt,
          change_rmk = :change_rmk,
          change_dt = :change_dt,
          updated_at = Now(),
          updated_id = ?,
          updated_ip = ?
    WHERE  insurance_uuid = :insurance_uuid
    
2023-11-12 22:16:50 [error] : >> 
2023-11-12 22:27:32 [error] : Undefined binding(s) detected for keys [cbr_data,trx_data,cons_data,spct_data] when compiling RAW query: 
    /* AdminMapper.UPDATE_INSURANCE */    
    UPDATE ttax0030a
    SET    insurance_no = :insurance_no,
          business_cd = ?,
          user_cd = ?,
          user_id = ?,
          user_nm = ?,
          user_birth = ?,
          user_regno = ?,
          corp_type = ?,
          corp_nm = ?,
          corp_ceo_nm = ?,
          corp_bnno = ?,
          corp_cnno = ?,
          corp_telno = ?,
          corp_faxno = ?,
          corp_cust_nm = ?,
          corp_cust_hpno = ?,
          corp_cust_email = ?,
          corp_post = ?,
          corp_addr = ?,
          corp_addr_dtl = ?,
          corp_region_cd = ?,
          insr_year = :insr_year,
          insr_reg_dt = :insr_reg_dt,
          insr_st_dt = :insr_st_dt,
          insr_cncls_dt = :insr_cncls_dt,
          insr_retr_yn = :insr_retr_yn,
          insr_retr_dt = :insr_retr_dt,
          insr_pblc_brdn_rt = :insr_pblc_brdn_rt,
          insr_clm_lt_amt = :insr_clm_lt_amt,
          insr_year_clm_lt_amt = :insr_year_clm_lt_amt,
          insr_psnl_brdn_amt = :insr_psnl_brdn_amt,
          insr_sale_year = :insr_sale_year,
          insr_sale_rt = :insr_sale_rt,
          insr_pcnt_sale_rt = :insr_pcnt_sale_rt,
          insr_base_amt = :insr_base_amt,
          insr_amt = :insr_amt,
          insr_tot_amt = :insr_tot_amt,
          insr_tot_paid_amt = :insr_tot_paid_amt,
          insr_tot_unpaid_amt = :insr_tot_unpaid_amt,
          cbr_cnt = :cbr_cnt,
          cbr_data = :cbr_data,
          trx_data = :trx_data,
          cons_join_yn = :cons_join_yn,
          cons_data = :cons_data,
          spct_join_yn = :spct_join_yn,
          spct_data = :spct_data,
          active_yn = ?,
          agr10_yn = :agr10_yn,
          agr20_yn = :agr20_yn,
          agr30_yn = :agr30_yn,
          agr31_yn = :agr31_yn,
          agr32_yn = :agr32_yn,
          agr33_yn = :agr33_yn,
          agr34_yn = :agr34_yn,
          agr40_yn = :agr40_yn,
          agr41_yn = :agr41_yn,
          agr50_yn = :agr50_yn,
          status_cd = ?,
          rmk = ?,
          erp_amt = :erp_amt,
          erp_dt = :erp_dt,
          erp_st_dt = :erp_st_dt,
          erp_cncls_dt = :erp_cncls_dt,
          change_rmk = :change_rmk,
          change_dt = :change_dt,
          updated_at = Now(),
          updated_id = ?,
          updated_ip = ?
    WHERE  insurance_uuid = :insurance_uuid
    
2023-11-12 22:27:32 [error] : >> 
2023-11-12 22:30:14 [error] : Undefined binding(s) detected for keys [cbr_data,trx_data,cons_data,spct_data] when compiling RAW query: 
    /* AdminMapper.UPDATE_INSURANCE */    
    UPDATE ttax0030a
    SET    insurance_no = :insurance_no,
          business_cd = ?,
          user_cd = ?,
          user_id = ?,
          user_nm = ?,
          user_birth = ?,
          user_regno = ?,
          corp_type = ?,
          corp_nm = ?,
          corp_ceo_nm = ?,
          corp_bnno = ?,
          corp_cnno = ?,
          corp_telno = ?,
          corp_faxno = ?,
          corp_cust_nm = ?,
          corp_cust_hpno = ?,
          corp_cust_email = ?,
          corp_post = ?,
          corp_addr = ?,
          corp_addr_dtl = ?,
          corp_region_cd = ?,
          insr_year = :insr_year,
          insr_reg_dt = :insr_reg_dt,
          insr_st_dt = :insr_st_dt,
          insr_cncls_dt = :insr_cncls_dt,
          insr_retr_yn = :insr_retr_yn,
          insr_retr_dt = :insr_retr_dt,
          insr_pblc_brdn_rt = :insr_pblc_brdn_rt,
          insr_clm_lt_amt = :insr_clm_lt_amt,
          insr_year_clm_lt_amt = :insr_year_clm_lt_amt,
          insr_psnl_brdn_amt = :insr_psnl_brdn_amt,
          insr_sale_year = :insr_sale_year,
          insr_sale_rt = :insr_sale_rt,
          insr_pcnt_sale_rt = :insr_pcnt_sale_rt,
          insr_base_amt = :insr_base_amt,
          insr_amt = :insr_amt,
          insr_tot_amt = :insr_tot_amt,
          insr_tot_paid_amt = :insr_tot_paid_amt,
          insr_tot_unpaid_amt = :insr_tot_unpaid_amt,
          cbr_cnt = :cbr_cnt,
          cbr_data = :cbr_data,
          trx_data = :trx_data,
          cons_join_yn = :cons_join_yn,
          cons_data = :cons_data,
          spct_join_yn = :spct_join_yn,
          spct_data = :spct_data,
          active_yn = ?,
          agr10_yn = :agr10_yn,
          agr20_yn = :agr20_yn,
          agr30_yn = :agr30_yn,
          agr31_yn = :agr31_yn,
          agr32_yn = :agr32_yn,
          agr33_yn = :agr33_yn,
          agr34_yn = :agr34_yn,
          agr40_yn = :agr40_yn,
          agr41_yn = :agr41_yn,
          agr50_yn = :agr50_yn,
          status_cd = ?,
          rmk = ?,
          erp_amt = :erp_amt,
          erp_dt = :erp_dt,
          erp_st_dt = :erp_st_dt,
          erp_cncls_dt = :erp_cncls_dt,
          change_rmk = :change_rmk,
          change_dt = :change_dt,
          updated_at = Now(),
          updated_id = ?,
          updated_ip = ?
    WHERE  insurance_uuid = :insurance_uuid
    
2023-11-12 22:30:14 [error] : >> 
2023-11-12 22:31:17 [error] : >> 
2023-11-12 22:37:38 [error] : [
   {
      "fieldCount": 0,
      "affectedRows": 1,
      "insertId": 0,
      "info": "Rows matched: 1  Changed: 1  Warnings: 0",
      "serverStatus": 2,
      "warningStatus": 0,
      "changedRows": 1
   },
   null
]
2023-11-12 22:38:02 [error] : [
   {
      "fieldCount": 0,
      "affectedRows": 1,
      "insertId": 0,
      "info": "Rows matched: 1  Changed: 1  Warnings: 0",
      "serverStatus": 2,
      "warningStatus": 0,
      "changedRows": 1
   },
   null
]
2023-11-12 22:42:42 [error] : >> 
2023-11-12 22:45:13 [error] : >> 
2023-11-12 22:49:06 [error] : [
   {
      "fieldCount": 0,
      "affectedRows": 1,
      "insertId": 0,
      "info": "Rows matched: 1  Changed: 1  Warnings: 0",
      "serverStatus": 2,
      "warningStatus": 0,
      "changedRows": 1
   },
   null
]
2023-11-12 22:50:34 [error] : [
   {
      "fieldCount": 0,
      "affectedRows": 1,
      "insertId": 0,
      "info": "Rows matched: 1  Changed: 1  Warnings: 0",
      "serverStatus": 2,
      "warningStatus": 0,
      "changedRows": 1
   },
   null
]
