2023-09-27 14:07:24 [error] : passport isAuth  : true
2023-09-27 14:07:34 [error] : passport isAuth  : false
2023-09-27 14:11:49 [error] : passport isAuth  : false
2023-09-27 14:19:04 [error] : passport isAuth1  : true
2023-09-27 14:23:10 [error] : passport isAuth1  : true
2023-09-27 14:33:24 [error] : passport isAuth1  : false
2023-09-27 15:20:05 [error] : passport isAuth1  : true
2023-09-27 15:20:12 [error] : passport isAuth1  : false
2023-09-27 15:20:41 [error] : passport isAuth1  : false
2023-09-27 15:20:54 [error] : passport isAuth1  : true
2023-09-27 15:21:20 [error] : passport isAuth1  : false
2023-09-27 15:24:56 [error] : passport isAuth1  : false
2023-09-27 15:25:02 [error] : passport isAuth1  : true
2023-09-27 15:25:15 [error] : passport isAuth1  : false
2023-09-27 15:26:09 [error] : passport isAuth1  : false
2023-09-27 15:26:20 [error] : passport isAuth1  : true
2023-09-27 15:43:03 [error] : PASSPORT localVerify Error1 :  Cannot read properties of undefined (reading 'user_pwd')
2023-09-27 15:43:03 [error] : >> 
2023-09-27 15:43:13 [error] : PASSPORT localVerify Error1 :  Cannot read properties of undefined (reading 'user_pwd')
2023-09-27 15:43:13 [error] : >> 
2023-09-27 15:43:14 [error] : PASSPORT localVerify Error1 :  Cannot read properties of undefined (reading 'user_pwd')
2023-09-27 15:43:14 [error] : >> 
2023-09-27 15:43:15 [error] : PASSPORT localVerify Error1 :  Cannot read properties of undefined (reading 'user_pwd')
2023-09-27 15:43:15 [error] : >> 
2023-09-27 15:43:15 [error] : PASSPORT localVerify Error1 :  Cannot read properties of undefined (reading 'user_pwd')
2023-09-27 15:43:15 [error] : >> 
2023-09-27 15:43:15 [error] : PASSPORT localVerify Error1 :  Cannot read properties of undefined (reading 'user_pwd')
2023-09-27 15:43:15 [error] : >> 
2023-09-27 15:43:15 [error] : PASSPORT localVerify Error1 :  Cannot read properties of undefined (reading 'user_pwd')
2023-09-27 15:43:15 [error] : >> 
2023-09-27 15:43:15 [error] : PASSPORT localVerify Error1 :  Cannot read properties of undefined (reading 'user_pwd')
2023-09-27 15:43:15 [error] : >> 
2023-09-27 15:43:16 [error] : PASSPORT localVerify Error1 :  Cannot read properties of undefined (reading 'user_pwd')
2023-09-27 15:43:16 [error] : >> 
2023-09-27 15:43:16 [error] : PASSPORT localVerify Error1 :  Cannot read properties of undefined (reading 'user_pwd')
2023-09-27 15:43:16 [error] : >> 
2023-09-27 15:43:16 [error] : PASSPORT localVerify Error1 :  Cannot read properties of undefined (reading 'user_pwd')
2023-09-27 15:43:16 [error] : >> 
2023-09-27 15:43:17 [error] : PASSPORT localVerify Error1 :  Cannot read properties of undefined (reading 'user_pwd')
2023-09-27 15:43:17 [error] : >> 
2023-09-27 15:43:17 [error] : PASSPORT localVerify Error1 :  Cannot read properties of undefined (reading 'user_pwd')
2023-09-27 15:43:17 [error] : >> 
2023-09-27 15:43:17 [error] : PASSPORT localVerify Error1 :  Cannot read properties of undefined (reading 'user_pwd')
2023-09-27 15:43:17 [error] : >> 
2023-09-27 15:43:17 [error] : PASSPORT localVerify Error1 :  Cannot read properties of undefined (reading 'user_pwd')
2023-09-27 15:43:17 [error] : >> 
2023-09-27 15:43:18 [error] : PASSPORT localVerify Error1 :  Cannot read properties of undefined (reading 'user_pwd')
2023-09-27 15:43:18 [error] : >> 
2023-09-27 15:43:18 [error] : PASSPORT localVerify Error1 :  Cannot read properties of undefined (reading 'user_pwd')
2023-09-27 15:43:18 [error] : >> 
2023-09-27 15:43:18 [error] : PASSPORT localVerify Error1 :  Cannot read properties of undefined (reading 'user_pwd')
2023-09-27 15:43:18 [error] : >> 
